#
# A fatal error has been detected by the Java Runtime Environment:
#
#  SIGSEGV (0xb) at pc=0x00007f779e4da201, pid=6149, tid=140151621666560
#
# JRE version: Java(TM) SE Runtime Environment (7.0_60-b19) (build 1.7.0_60-b19)
# Java VM: Java HotSpot(TM) 64-Bit Server VM (24.60-b09 mixed mode linux-amd64 compressed oops)
# Problematic frame:
# C  [libXt.so.6+0x1e201]  XtDestroyWidget+0x571
#
# Failed to write core dump. Core dumps have been disabled. To enable core dumping, try "ulimit -c unlimited" before starting Java again
#
# If you would like to submit a bug report, please visit:
#   http://bugreport.sun.com/bugreport/crash.jsp
# The crash happened outside the Java Virtual Machine in native code.
# See problematic frame for where to report the bug.
#

---------------  T H R E A D  ---------------

Current thread (0x00007f773c012000):  JavaThread "JNativeHook Native Hook" [_thread_in_native, id=6173, stack(0x00007f77971fc000,0x00007f77979fd000)]

siginfo:si_signo=SIGSEGV: si_errno=0, si_code=1 (SEGV_MAPERR), si_addr=0x00007f7627fff010

Registers:
RAX=0x00007f762803f010, RBX=0x00007f77a84592d0, RCX=0xffffffffffff8000, RDX=0x0000000000008001
RSP=0x00007f77979fbc20, RBP=0x00007f77a8464770, RSI=0x000000000000800c, RDI=0x0000000000000270
R8 =0x0000000000000000, R9 =0x0000000000000000, R10=0x00000000000001fc, R11=0x0000000000000065
R12=0x00007f779ea84378, R13=0x00007f779ea84378, R14=0x00007f77a8464770, R15=0x00007f779ea84378
RIP=0x00007f779e4da201, EFLAGS=0x0000000000010202, CSGSFS=0x0000000000000033, ERR=0x0000000000000006
  TRAPNO=0x000000000000000e

Top of Stack: (sp=0x00007f77979fbc20)
0x00007f77979fbc20:   0000000000000028 00007f77a84592d0
0x00007f77979fbc30:   0000000000000000 0000000000000010
0x00007f77979fbc40:   00007f779ea84378 00007f77a8464770
0x00007f77979fbc50:   00007f77979fbcec 00007f779e4da73a
0x00007f77979fbc60:   00007f779ea8435a 00007f779e7443b0
0x00007f77979fbc70:   00007f7700000000 0000000000000000
0x00007f77979fbc80:   0000000000000000 0000000000000000
0x00007f77979fbc90:   000001fb000001fa 00007f779ec85348
0x00007f77979fbca0:   0000000000000000 0000000000000010
0x00007f77979fbcb0:   0000000000000d12 00007f773c014cc0
0x00007f77979fbcc0:   0000000000000028 00007f779ea7c351
0x00007f77979fbcd0:   00007f77979fbcec 0000000000000000
0x00007f77979fbce0:   00000001979fbe50 0000000000000005
0x00007f77979fbcf0:   0000000000000010 0000000000000005
0x00007f77979fbd00:   00000146d28f4d11 00007f779ea7ca88
0x00007f77979fbd10:   000000000000000b ffffffff979fbd30
0x00007f77979fbd20:   00007f773c002d50 00007f773c001d00
0x00007f77979fbd30:   0000000000000001 ffffffffffffffff
0x00007f77979fbd40:   0000000000000000 000001bd3c001cc0
0x00007f77979fbd50:   0000000000000000 00007f773c001cd8
0x00007f77979fbd60:   0000000000000000 00007f773c0121e8
0x00007f77979fbd70:   00007f773c001cc0 00007f779e0a37ec
0x00007f77979fbd80:   0000000053aaa3a9 0000000000038e4b
0x00007f77979fbd90:   00007f773c001b30 00007f77979fbe50
0x00007f77979fbda0:   00007f773c014cc0 0000000000000020
0x00007f77979fbdb0:   0000000000000020 00007f773c014ae8
0x00007f77979fbdc0:   0000000000000008 00007f779e2b78c3
0x00007f77979fbdd0:   0000000000000060 00007f773c0008c0
0x00007f77979fbde0:   00007f773c014af4 00007f773c0100a0
0x00007f77979fbdf0:   00007f779ea7c700 00007f773c0008c0
0x00007f77979fbe00:   0000000000000003 00007f773c0008c0
0x00007f77979fbe10:   00007f773c0100a0 0000000000000000 

Instructions: (pc=0x00007f779e4da201)
0x00007f779e4da1e1:   0f b7 b6 8e 00 00 00 66 39 f2 0f 8d 47 02 00 00
0x00007f779e4da1f1:   48 8b 43 18 48 0f bf ca 83 c2 01 bf 70 02 00 00
0x00007f779e4da201:   48 89 2c c8 83 83 88 00 00 00 01 66 89 93 8c 00
0x00007f779e4da211:   00 00 c6 83 1d 01 00 00 01 e8 01 38 ff ff 49 89 

Register to memory mapping:

RAX=0x00007f762803f010 is an unknown value
RBX=0x00007f77a84592d0 is an unknown value
RCX=0xffffffffffff8000 is an unknown value
RDX=0x0000000000008001 is an unknown value
RSP=0x00007f77979fbc20 is pointing into the stack for thread: 0x00007f773c012000
RBP=0x00007f77a8464770 is an unknown value
RSI=0x000000000000800c is an unknown value
RDI=0x0000000000000270 is an unknown value
R8 =0x0000000000000000 is an unknown value
R9 =0x0000000000000000 is an unknown value
R10=0x00000000000001fc is an unknown value
R11=0x0000000000000065 is an unknown value
R12=0x00007f779ea84378: <offset 0xb378> in /tmp/libJNativeHook_4539203559854396014.so at 0x00007f779ea79000
R13=0x00007f779ea84378: <offset 0xb378> in /tmp/libJNativeHook_4539203559854396014.so at 0x00007f779ea79000
R14=0x00007f77a8464770 is an unknown value
R15=0x00007f779ea84378: <offset 0xb378> in /tmp/libJNativeHook_4539203559854396014.so at 0x00007f779ea79000


Stack: [0x00007f77971fc000,0x00007f77979fd000],  sp=0x00007f77979fbc20,  free space=8191k
Native frames: (J=compiled Java code, j=interpreted, Vv=VM code, C=native code)
C  [libXt.so.6+0x1e201]  XtDestroyWidget+0x571


---------------  P R O C E S S  ---------------

Java Threads: ( => current thread )
  0x00007f7740006800 JavaThread "RubyThread-8: :1" daemon [_thread_blocked, id=10942, stack(0x00007f779ec86000,0x00007f779ee87000)]
  0x00007f773c015000 JavaThread "JNativeHook Native Dispatch" [_thread_blocked, id=6174, stack(0x00007f779ee87000,0x00007f779f088000)]
  0x00007f77a800a800 JavaThread "DestroyJavaVM" [_thread_blocked, id=6150, stack(0x00007f77afef1000,0x00007f77b00f2000)]
=>0x00007f773c012000 JavaThread "JNativeHook Native Hook" [_thread_in_native, id=6173, stack(0x00007f77971fc000,0x00007f77979fd000)]
  0x00007f77a8520800 JavaThread "Thread-4" daemon [_thread_blocked, id=6171, stack(0x00007f7797bfe000,0x00007f7797dff000)]
  0x00007f77a851e800 JavaThread "AWT-EventQueue-0" [_thread_blocked, id=6170, stack(0x00007f7797dff000,0x00007f7798000000)]
  0x00007f77a851d000 JavaThread "AWT-Shutdown" [_thread_blocked, id=6169, stack(0x00007f779c103000,0x00007f779c304000)]
  0x00007f77a84f8000 JavaThread "AWT-XAWT" daemon [_thread_in_native, id=6168, stack(0x00007f779c304000,0x00007f779c505000)]
  0x00007f77a84eb000 JavaThread "Java2D Disposer" daemon [_thread_blocked, id=6167, stack(0x00007f779c915000,0x00007f779cb16000)]
  0x00007f77a80a3800 JavaThread "Service Thread" daemon [_thread_blocked, id=6163, stack(0x00007f779f71c000,0x00007f779f91d000)]
  0x00007f77a80a1000 JavaThread "C2 CompilerThread1" daemon [_thread_blocked, id=6162, stack(0x00007f77a41f5000,0x00007f77a42f6000)]
  0x00007f77a809e000 JavaThread "C2 CompilerThread0" daemon [_thread_blocked, id=6161, stack(0x00007f77a42f6000,0x00007f77a43f7000)]
  0x00007f77a809c800 JavaThread "Signal Dispatcher" daemon [_thread_blocked, id=6160, stack(0x00007f77a43f7000,0x00007f77a45f8000)]
  0x00007f77a8074800 JavaThread "Finalizer" daemon [_thread_blocked, id=6159, stack(0x00007f77a45f8000,0x00007f77a47f9000)]
  0x00007f77a8072800 JavaThread "Reference Handler" daemon [_thread_blocked, id=6158, stack(0x00007f77a47f9000,0x00007f77a49fa000)]

Other Threads:
  0x00007f77a806e800 VMThread [stack: 0x00007f77a49fa000,0x00007f77a4afb000] [id=6157]
  0x00007f77a80a6000 WatcherThread [stack: 0x00007f77a40f4000,0x00007f77a41f5000] [id=6164]

VM state:not at safepoint (normal execution)

VM Mutex/Monitor currently owned by a thread: None

Heap
 PSYoungGen      total 24064K, used 19431K [0x00000000f5900000, 0x00000000f7180000, 0x0000000100000000)
  eden space 23552K, 81% used [0x00000000f5900000,0x00000000f6bd9f88,0x00000000f7000000)
  from space 512K, 25% used [0x00000000f7100000,0x00000000f7120000,0x00000000f7180000)
  to   space 512K, 0% used [0x00000000f7080000,0x00000000f7080000,0x00000000f7100000)
 ParOldGen       total 82432K, used 41843K [0x00000000e0c00000, 0x00000000e5c80000, 0x00000000f5900000)
  object space 82432K, 50% used [0x00000000e0c00000,0x00000000e34dccb8,0x00000000e5c80000)
 PSPermGen       total 30720K, used 30703K [0x00000000dba00000, 0x00000000dd800000, 0x00000000e0c00000)
  object space 30720K, 99% used [0x00000000dba00000,0x00000000dd7fbc98,0x00000000dd800000)

Card table byte_map: [0x00007f77aed35000,0x00007f77aee59000] byte_map_base: 0x00007f77ae658000

Polling page: 0x00007f77b1e79000

Code Cache  [0x00007f77a5000000, 0x00007f77a5270000, 0x00007f77a8000000)
 total_blobs=1152 nmethods=510 adapters=596 free_code_cache=47486Kb largest_free_block=48579200

Compilation events (10 events):
Event: 9147.470 Thread 0x00007f77a809e000  557   !         org.jruby.internal.runtime.methods.JittedMethod::call (142 bytes)
Event: 9147.486 Thread 0x00007f77a809e000 nmethod 557 0x00007f77a51a2610 code [0x00007f77a51a2800, 0x00007f77a51a2d30]
Event: 9256.511 Thread 0x00007f77a80a1000  558             java.awt.image.ColorModel::hasAlpha (5 bytes)
Event: 9256.511 Thread 0x00007f77a80a1000 nmethod 558 0x00007f77a51a3750 code [0x00007f77a51a3880, 0x00007f77a51a38d8]
Event: 9860.073 Thread 0x00007f77a809e000  559             sun.java2d.StateTrackableDelegate::createInstance (80 bytes)
Event: 9860.075 Thread 0x00007f77a809e000 nmethod 559 0x00007f77a51a2150 code [0x00007f77a51a22c0, 0x00007f77a51a2488]
Event: 9912.478 Thread 0x00007f77a80a1000  560             org.jruby.runtime.callsite.CachingCallSite::call (12 bytes)
Event: 9912.478 Thread 0x00007f77a809e000  561             org.jruby.runtime.callsite.CachingCallSite::callBlock (58 bytes)
Event: 9912.496 Thread 0x00007f77a809e000 nmethod 561 0x00007f77a51a9e10 code [0x00007f77a51aa060, 0x00007f77a51aa8c0]
Event: 9912.497 Thread 0x00007f77a80a1000 nmethod 560 0x00007f77a51a4590 code [0x00007f77a51a4800, 0x00007f77a51a5080]

GC Heap History (10 events):
Event: 9901.810 GC heap before
{Heap before GC invocations=144 (full 0):
 PSYoungGen      total 24064K, used 23560K [0x00000000f5900000, 0x00000000f7180000, 0x0000000100000000)
  eden space 23552K, 99% used [0x00000000f5900000,0x00000000f6fd2180,0x00000000f7000000)
  from space 512K, 37% used [0x00000000f7080000,0x00000000f70b0000,0x00000000f7100000)
  to   space 512K, 0% used [0x00000000f7100000,0x00000000f7100000,0x00000000f7180000)
 ParOldGen       total 82432K, used 41747K [0x00000000e0c00000, 0x00000000e5c80000, 0x00000000f5900000)
  object space 82432K, 50% used [0x00000000e0c00000,0x00000000e34c4cb8,0x00000000e5c80000)
 PSPermGen       total 30720K, used 30703K [0x00000000dba00000, 0x00000000dd800000, 0x00000000e0c00000)
  object space 30720K, 99% used [0x00000000dba00000,0x00000000dd7fbc98,0x00000000dd800000)
Event: 9901.814 GC heap after
Heap after GC invocations=144 (full 0):
 PSYoungGen      total 24064K, used 192K [0x00000000f5900000, 0x00000000f7180000, 0x0000000100000000)
  eden space 23552K, 0% used [0x00000000f5900000,0x00000000f5900000,0x00000000f7000000)
  from space 512K, 37% used [0x00000000f7100000,0x00000000f7130000,0x00000000f7180000)
  to   space 512K, 0% used [0x00000000f7080000,0x00000000f7080000,0x00000000f7100000)
 ParOldGen       total 82432K, used 41779K [0x00000000e0c00000, 0x00000000e5c80000, 0x00000000f5900000)
  object space 82432K, 50% used [0x00000000e0c00000,0x00000000e34cccb8,0x00000000e5c80000)
 PSPermGen       total 30720K, used 30703K [0x00000000dba00000, 0x00000000dd800000, 0x00000000e0c00000)
  object space 30720K, 99% used [0x00000000dba00000,0x00000000dd7fbc98,0x00000000dd800000)
}
Event: 9969.323 GC heap before
{Heap before GC invocations=145 (full 0):
 PSYoungGen      total 24064K, used 23529K [0x00000000f5900000, 0x00000000f7180000, 0x0000000100000000)
  eden space 23552K, 99% used [0x00000000f5900000,0x00000000f6fca498,0x00000000f7000000)
  from space 512K, 37% used [0x00000000f7100000,0x00000000f7130000,0x00000000f7180000)
  to   space 512K, 0% used [0x00000000f7080000,0x00000000f7080000,0x00000000f7100000)
 ParOldGen       total 82432K, used 41779K [0x00000000e0c00000, 0x00000000e5c80000, 0x00000000f5900000)
  object space 82432K, 50% used [0x00000000e0c00000,0x00000000e34cccb8,0x00000000e5c80000)
 PSPermGen       total 30720K, used 30703K [0x00000000dba00000, 0x00000000dd800000, 0x00000000e0c00000)
  object space 30720K, 99% used [0x00000000dba00000,0x00000000dd7fbc98,0x00000000dd800000)
Event: 9969.328 GC heap after
Heap after GC invocations=145 (full 0):
 PSYoungGen      total 24064K, used 192K [0x00000000f5900000, 0x00000000f7180000, 0x0000000100000000)
  eden space 23552K, 0% used [0x00000000f5900000,0x00000000f5900000,0x00000000f7000000)
  from space 512K, 37% used [0x00000000f7080000,0x00000000f70b0000,0x00000000f7100000)
  to   space 512K, 0% used [0x00000000f7100000,0x00000000f7100000,0x00000000f7180000)
 ParOldGen       total 82432K, used 41795K [0x00000000e0c00000, 0x00000000e5c80000, 0x00000000f5900000)
  object space 82432K, 50% used [0x00000000e0c00000,0x00000000e34d0cb8,0x00000000e5c80000)
 PSPermGen       total 30720K, used 30703K [0x00000000dba00000, 0x00000000dd800000, 0x00000000e0c00000)
  object space 30720K, 99% used [0x00000000dba00000,0x00000000dd7fbc98,0x00000000dd800000)
}
Event: 10036.868 GC heap before
{Heap before GC invocations=146 (full 0):
 PSYoungGen      total 24064K, used 23591K [0x00000000f5900000, 0x00000000f7180000, 0x0000000100000000)
  eden space 23552K, 99% used [0x00000000f5900000,0x00000000f6fd9d40,0x00000000f7000000)
  from space 512K, 37% used [0x00000000f7080000,0x00000000f70b0000,0x00000000f7100000)
  to   space 512K, 0% used [0x00000000f7100000,0x00000000f7100000,0x00000000f7180000)
 ParOldGen       total 82432K, used 41795K [0x00000000e0c00000, 0x00000000e5c80000, 0x00000000f5900000)
  object space 82432K, 50% used [0x00000000e0c00000,0x00000000e34d0cb8,0x00000000e5c80000)
 PSPermGen       total 30720K, used 30703K [0x00000000dba00000, 0x00000000dd800000, 0x00000000e0c00000)
  object space 30720K, 99% used [0x00000000dba00000,0x00000000dd7fbc98,0x00000000dd800000)
Event: 10036.873 GC heap after
Heap after GC invocations=146 (full 0):
 PSYoungGen      total 24064K, used 192K [0x00000000f5900000, 0x00000000f7180000, 0x0000000100000000)
  eden space 23552K, 0% used [0x00000000f5900000,0x00000000f5900000,0x00000000f7000000)
  from space 512K, 37% used [0x00000000f7100000,0x00000000f7130000,0x00000000f7180000)
  to   space 512K, 0% used [0x00000000f7080000,0x00000000f7080000,0x00000000f7100000)
 ParOldGen       total 82432K, used 41811K [0x00000000e0c00000, 0x00000000e5c80000, 0x00000000f5900000)
  object space 82432K, 50% used [0x00000000e0c00000,0x00000000e34d4cb8,0x00000000e5c80000)
 PSPermGen       total 30720K, used 30703K [0x00000000dba00000, 0x00000000dd800000, 0x00000000e0c00000)
  object space 30720K, 99% used [0x00000000dba00000,0x00000000dd7fbc98,0x00000000dd800000)
}
Event: 10104.412 GC heap before
{Heap before GC invocations=147 (full 0):
 PSYoungGen      total 24064K, used 23663K [0x00000000f5900000, 0x00000000f7180000, 0x0000000100000000)
  eden space 23552K, 99% used [0x00000000f5900000,0x00000000f6febc40,0x00000000f7000000)
  from space 512K, 37% used [0x00000000f7100000,0x00000000f7130000,0x00000000f7180000)
  to   space 512K, 0% used [0x00000000f7080000,0x00000000f7080000,0x00000000f7100000)
 ParOldGen       total 82432K, used 41811K [0x00000000e0c00000, 0x00000000e5c80000, 0x00000000f5900000)
  object space 82432K, 50% used [0x00000000e0c00000,0x00000000e34d4cb8,0x00000000e5c80000)
 PSPermGen       total 30720K, used 30703K [0x00000000dba00000, 0x00000000dd800000, 0x00000000e0c00000)
  object space 30720K, 99% used [0x00000000dba00000,0x00000000dd7fbc98,0x00000000dd800000)
Event: 10104.417 GC heap after
Heap after GC invocations=147 (full 0):
 PSYoungGen      total 24064K, used 128K [0x00000000f5900000, 0x00000000f7180000, 0x0000000100000000)
  eden space 23552K, 0% used [0x00000000f5900000,0x00000000f5900000,0x00000000f7000000)
  from space 512K, 25% used [0x00000000f7080000,0x00000000f70a0000,0x00000000f7100000)
  to   space 512K, 0% used [0x00000000f7100000,0x00000000f7100000,0x00000000f7180000)
 ParOldGen       total 82432K, used 41835K [0x00000000e0c00000, 0x00000000e5c80000, 0x00000000f5900000)
  object space 82432K, 50% used [0x00000000e0c00000,0x00000000e34dacb8,0x00000000e5c80000)
 PSPermGen       total 30720K, used 30703K [0x00000000dba00000, 0x00000000dd800000, 0x00000000e0c00000)
  object space 30720K, 99% used [0x00000000dba00000,0x00000000dd7fbc98,0x00000000dd800000)
}
Event: 10171.988 GC heap before
{Heap before GC invocations=148 (full 0):
 PSYoungGen      total 24064K, used 23542K [0x00000000f5900000, 0x00000000f7180000, 0x0000000100000000)
  eden space 23552K, 99% used [0x00000000f5900000,0x00000000f6fdd908,0x00000000f7000000)
  from space 512K, 25% used [0x00000000f7080000,0x00000000f70a0000,0x00000000f7100000)
  to   space 512K, 0% used [0x00000000f7100000,0x00000000f7100000,0x00000000f7180000)
 ParOldGen       total 82432K, used 41835K [0x00000000e0c00000, 0x00000000e5c80000, 0x00000000f5900000)
  object space 82432K, 50% used [0x00000000e0c00000,0x00000000e34dacb8,0x00000000e5c80000)
 PSPermGen       total 30720K, used 30703K [0x00000000dba00000, 0x00000000dd800000, 0x00000000e0c00000)
  object space 30720K, 99% used [0x00000000dba00000,0x00000000dd7fbc98,0x00000000dd800000)
Event: 10171.994 GC heap after
Heap after GC invocations=148 (full 0):
 PSYoungGen      total 24064K, used 128K [0x00000000f5900000, 0x00000000f7180000, 0x0000000100000000)
  eden space 23552K, 0% used [0x00000000f5900000,0x00000000f5900000,0x00000000f7000000)
  from space 512K, 25% used [0x00000000f7100000,0x00000000f7120000,0x00000000f7180000)
  to   space 512K, 0% used [0x00000000f7080000,0x00000000f7080000,0x00000000f7100000)
 ParOldGen       total 82432K, used 41843K [0x00000000e0c00000, 0x00000000e5c80000, 0x00000000f5900000)
  object space 82432K, 50% used [0x00000000e0c00000,0x00000000e34dccb8,0x00000000e5c80000)
 PSPermGen       total 30720K, used 30703K [0x00000000dba00000, 0x00000000dd800000, 0x00000000e0c00000)
  object space 30720K, 99% used [0x00000000dba00000,0x00000000dd7fbc98,0x00000000dd800000)
}

Deoptimization events (10 events):
Event: 1686.669 Thread 0x00007f773c015000 Uncommon trap: reason=array_check action=maybe_recompile pc=0x00007f77a50ac028 method=javax.swing.event.EventListenerList.getListeners(Ljava/lang/Class;)[Ljava/util/EventListener; @ 63
Event: 1686.701 Thread 0x00007f773c015000 Uncommon trap: reason=array_check action=maybe_recompile pc=0x00007f77a50ac028 method=javax.swing.event.EventListenerList.getListeners(Ljava/lang/Class;)[Ljava/util/EventListener; @ 63
Event: 1686.701 Thread 0x00007f773c015000 Uncommon trap: reason=array_check action=maybe_recompile pc=0x00007f77a50ac028 method=javax.swing.event.EventListenerList.getListeners(Ljava/lang/Class;)[Ljava/util/EventListener; @ 63
Event: 1686.805 Thread 0x00007f773c015000 Uncommon trap: reason=array_check action=maybe_recompile pc=0x00007f77a50ac028 method=javax.swing.event.EventListenerList.getListeners(Ljava/lang/Class;)[Ljava/util/EventListener; @ 63
Event: 3411.763 Thread 0x00007f77a84f8000 Uncommon trap: reason=null_check action=make_not_entrant pc=0x00007f77a51066b0 method=sun.awt.X11.XToolkit.windowToXWindow(J)Lsun/awt/X11/XBaseWindow; @ 16
Event: 4360.919 Thread 0x00007f7740096000 Uncommon trap: reason=null_assert action=make_not_entrant pc=0x00007f77a508bd84 method=org.jruby.RubyThread.checkMail(Lorg/jruby/runtime/ThreadContext;)V @ 8
Event: 4360.920 Thread 0x00007f7740096000 Uncommon trap: reason=unreached action=reinterpret pc=0x00007f77a5111554 method=java.util.concurrent.locks.ReentrantLock$Sync.isHeldExclusively()Z @ 7
Event: 4362.239 Thread 0x00007f7740006800 Uncommon trap: reason=class_check action=maybe_recompile pc=0x00007f77a51105fc method=org.jruby.ast.DAsgnNode.interpret(Lorg/jruby/Ruby;Lorg/jruby/runtime/ThreadContext;Lorg/jruby/runtime/builtin/IRubyObject;Lorg/jruby/runtime/Block;)Lorg/jruby/runtime/bu
Event: 4439.529 Thread 0x00007f7740006800 Uncommon trap: reason=class_check action=maybe_recompile pc=0x00007f77a50b6930 method=org.jruby.javasupport.JavaUtil.getNumericConverter(Ljava/lang/Class;)Lorg/jruby/javasupport/JavaUtil$NumericConverter; @ 9
Event: 5781.944 Thread 0x00007f7740006800 Uncommon trap: reason=class_check action=maybe_recompile pc=0x00007f77a50b6930 method=org.jruby.javasupport.JavaUtil.getNumericConverter(Ljava/lang/Class;)Lorg/jruby/javasupport/JavaUtil$NumericConverter; @ 9

Internal exceptions (10 events):
Event: 9.559 Thread 0x00007f77a851e800 Threw 0x00000000f6343010 at /HUDSON/workspace/7u-2-build-linux-amd64/jdk7u60/1081/hotspot/src/share/vm/prims/jvm.cpp:1244
Event: 60.639 Thread 0x00007f7740096000 Threw 0x00000000f6785710 at /HUDSON/workspace/7u-2-build-linux-amd64/jdk7u60/1081/hotspot/src/share/vm/prims/jvm.cpp:1244
Event: 60.640 Thread 0x00007f7740096000 Threw 0x00000000f6786be0 at /HUDSON/workspace/7u-2-build-linux-amd64/jdk7u60/1081/hotspot/src/share/vm/prims/jvm.cpp:1244
Event: 768.655 Thread 0x00007f773c015000 Threw 0x00000000f5be9d18 at /HUDSON/workspace/7u-2-build-linux-amd64/jdk7u60/1081/hotspot/src/share/vm/prims/jvm.cpp:1244
Event: 768.656 Thread 0x00007f773c015000 Threw 0x00000000f5beaf60 at /HUDSON/workspace/7u-2-build-linux-amd64/jdk7u60/1081/hotspot/src/share/vm/prims/jvm.cpp:1244
Event: 768.815 Thread 0x00007f773c015000 Threw 0x00000000f5c06fe0 at /HUDSON/workspace/7u-2-build-linux-amd64/jdk7u60/1081/hotspot/src/share/vm/prims/jvm.cpp:1244
Event: 768.816 Thread 0x00007f773c015000 Threw 0x00000000f5c08180 at /HUDSON/workspace/7u-2-build-linux-amd64/jdk7u60/1081/hotspot/src/share/vm/prims/jvm.cpp:1244
Event: 1076.572 Thread 0x00007f773c015000 Threw 0x00000000f5a17ec8 at /HUDSON/workspace/7u-2-build-linux-amd64/jdk7u60/1081/hotspot/src/share/vm/prims/jvm.cpp:1244
Event: 1076.572 Thread 0x00007f773c015000 Threw 0x00000000f5a19018 at /HUDSON/workspace/7u-2-build-linux-amd64/jdk7u60/1081/hotspot/src/share/vm/prims/jvm.cpp:1244
Event: 3411.762 Thread 0x00007f77a84f8000 Implicit null exception at 0x00007f77a5105424 to 0x00007f77a51066a5

Events (10 events):
Event: 9901.809 Executing VM operation: ParallelGCFailedAllocation
Event: 9901.814 Executing VM operation: ParallelGCFailedAllocation done
Event: 9969.322 Executing VM operation: ParallelGCFailedAllocation
Event: 9969.328 Executing VM operation: ParallelGCFailedAllocation done
Event: 10036.868 Executing VM operation: ParallelGCFailedAllocation
Event: 10036.874 Executing VM operation: ParallelGCFailedAllocation done
Event: 10104.412 Executing VM operation: ParallelGCFailedAllocation
Event: 10104.417 Executing VM operation: ParallelGCFailedAllocation done
Event: 10171.987 Executing VM operation: ParallelGCFailedAllocation
Event: 10171.994 Executing VM operation: ParallelGCFailedAllocation done


Dynamic libraries:
00400000-00401000 r-xp 00000000 08:01 23593812                           /usr/lib/jvm/java-7-oracle/jre/bin/java
00600000-00601000 rw-p 00000000 08:01 23593812                           /usr/lib/jvm/java-7-oracle/jre/bin/java
0251d000-0253e000 rw-p 00000000 00:00 0                                  [heap]
dba00000-dd800000 rw-p 00000000 00:00 0 
dd800000-e0c00000 rw-p 00000000 00:00 0 
e0c00000-e5c80000 rw-p 00000000 00:00 0 
e5c80000-f5900000 rw-p 00000000 00:00 0 
f5900000-f7180000 rw-p 00000000 00:00 0 
f7180000-fac00000 ---p 00000000 00:00 0 
fac00000-100000000 rw-p 00000000 00:00 0 
7f762803f000-7f7728000000 rw-p 00000000 00:00 0 
7f7728000000-7f772b04b000 rw-p 00000000 00:00 0 
7f772b04b000-7f772c000000 ---p 00000000 00:00 0 
7f7730000000-7f7730021000 rw-p 00000000 00:00 0 
7f7730021000-7f7734000000 ---p 00000000 00:00 0 
7f7734000000-7f7734021000 rw-p 00000000 00:00 0 
7f7734021000-7f7738000000 ---p 00000000 00:00 0 
7f7738000000-7f7738021000 rw-p 00000000 00:00 0 
7f7738021000-7f773c000000 ---p 00000000 00:00 0 
7f773c000000-7f7740000000 rw-p 00000000 00:00 0 
7f7740000000-7f774009a000 rw-p 00000000 00:00 0 
7f774009a000-7f7744000000 ---p 00000000 00:00 0 
7f7744000000-7f7744021000 rw-p 00000000 00:00 0 
7f7744021000-7f7748000000 ---p 00000000 00:00 0 
7f7748000000-7f7748035000 rw-p 00000000 00:00 0 
7f7748035000-7f774c000000 ---p 00000000 00:00 0 
7f774c000000-7f774c021000 rw-p 00000000 00:00 0 
7f774c021000-7f7750000000 ---p 00000000 00:00 0 
7f7750000000-7f7750498000 rw-p 00000000 00:00 0 
7f7750498000-7f7754000000 ---p 00000000 00:00 0 
7f7754000000-7f7754021000 rw-p 00000000 00:00 0 
7f7754021000-7f7758000000 ---p 00000000 00:00 0 
7f7758000000-7f7758021000 rw-p 00000000 00:00 0 
7f7758021000-7f775c000000 ---p 00000000 00:00 0 
7f775c000000-7f775c029000 rw-p 00000000 00:00 0 
7f775c029000-7f7760000000 ---p 00000000 00:00 0 
7f7760000000-7f7760cc7000 rw-p 00000000 00:00 0 
7f7760cc7000-7f7764000000 ---p 00000000 00:00 0 
7f7764000000-7f7764021000 rw-p 00000000 00:00 0 
7f7764021000-7f7768000000 ---p 00000000 00:00 0 
7f7768000000-7f7768021000 rw-p 00000000 00:00 0 
7f7768021000-7f776c000000 ---p 00000000 00:00 0 
7f776c000000-7f776cced000 rw-p 00000000 00:00 0 
7f776cced000-7f7770000000 ---p 00000000 00:00 0 
7f7770000000-7f7770021000 rw-p 00000000 00:00 0 
7f7770021000-7f7774000000 ---p 00000000 00:00 0 
7f7774000000-7f7774021000 rw-p 00000000 00:00 0 
7f7774021000-7f7778000000 ---p 00000000 00:00 0 
7f7778000000-7f7778021000 rw-p 00000000 00:00 0 
7f7778021000-7f777c000000 ---p 00000000 00:00 0 
7f777c000000-7f777c039000 rw-p 00000000 00:00 0 
7f777c039000-7f7780000000 ---p 00000000 00:00 0 
7f7780000000-7f7780021000 rw-p 00000000 00:00 0 
7f7780021000-7f7784000000 ---p 00000000 00:00 0 
7f7788000000-7f7788021000 rw-p 00000000 00:00 0 
7f7788021000-7f778c000000 ---p 00000000 00:00 0 
7f7790000000-7f7790021000 rw-p 00000000 00:00 0 
7f7790021000-7f7794000000 ---p 00000000 00:00 0 
7f7796ab5000-7f7796ab8000 ---p 00000000 00:00 0 
7f7796ab8000-7f7796aee000 rw-p 00000000 00:00 0 
7f7796aee000-7f7796b56000 r-xp 00000000 08:01 23593285                   /usr/lib/jvm/java-7-oracle/jre/lib/amd64/libt2k.so
7f7796b56000-7f7796d56000 ---p 00068000 08:01 23593285                   /usr/lib/jvm/java-7-oracle/jre/lib/amd64/libt2k.so
7f7796d56000-7f7796d5d000 rw-p 00068000 08:01 23593285                   /usr/lib/jvm/java-7-oracle/jre/lib/amd64/libt2k.so
7f7796d5d000-7f7796d6d000 rw-p 00000000 00:00 0 
7f7796d6d000-7f7796d82000 r-xp 00000000 08:01 4198066                    /lib/x86_64-linux-gnu/libgcc_s.so.1
7f7796d82000-7f7796f81000 ---p 00015000 08:01 4198066                    /lib/x86_64-linux-gnu/libgcc_s.so.1
7f7796f81000-7f7796f82000 r--p 00014000 08:01 4198066                    /lib/x86_64-linux-gnu/libgcc_s.so.1
7f7796f82000-7f7796f83000 rw-p 00015000 08:01 4198066                    /lib/x86_64-linux-gnu/libgcc_s.so.1
7f7796f83000-7f7796fe8000 r-xp 00000000 08:01 23593269                   /usr/lib/jvm/java-7-oracle/jre/lib/amd64/libfontmanager.so
7f7796fe8000-7f77971e7000 ---p 00065000 08:01 23593269                   /usr/lib/jvm/java-7-oracle/jre/lib/amd64/libfontmanager.so
7f77971e7000-7f77971eb000 rw-p 00064000 08:01 23593269                   /usr/lib/jvm/java-7-oracle/jre/lib/amd64/libfontmanager.so
7f77971eb000-7f77971fc000 rw-p 00000000 00:00 0 
7f77971fc000-7f77971ff000 ---p 00000000 00:00 0 
7f77971ff000-7f77979fd000 rw-p 00000000 00:00 0                          [stack:6173]
7f77979fd000-7f7797a00000 ---p 00000000 00:00 0 
7f7797a00000-7f7797bfe000 rw-p 00000000 00:00 0 
7f7797bfe000-7f7797c01000 ---p 00000000 00:00 0 
7f7797c01000-7f7797dff000 rw-p 00000000 00:00 0                          [stack:6171]
7f7797dff000-7f7797e02000 ---p 00000000 00:00 0 
7f7797e02000-7f7798000000 rw-p 00000000 00:00 0                          [stack:6170]
7f7798000000-7f7798021000 rw-p 00000000 00:00 0 
7f7798021000-7f779c000000 ---p 00000000 00:00 0 
7f779c025000-7f779c026000 rw-p 00000000 00:00 0 
7f779c026000-7f779c029000 ---p 00000000 00:00 0 
7f779c029000-7f779c05f000 rw-p 00000000 00:00 0 
7f779c05f000-7f779c062000 ---p 00000000 00:00 0 
7f779c062000-7f779c098000 rw-p 00000000 00:00 0 
7f779c098000-7f779c099000 r--s 00000000 08:01 16255465                   /var/cache/fontconfig/c05880de57d1f5e948fdfacc138775d9-le64.cache-3
7f779c099000-7f779c0a2000 r--s 00000000 08:01 16253151                   /var/cache/fontconfig/945677eb7aeaf62f1d50efc3fb3ec7d8-le64.cache-3
7f779c0a2000-7f779c0a4000 r--s 00000000 08:01 16255460                   /var/cache/fontconfig/99e8ed0e538f840c565b6ed5dad60d56-le64.cache-3
7f779c0a4000-7f779c0ac000 r--s 00000000 08:01 16255459                   /var/cache/fontconfig/a6d8cf8e4ec09cdbc8633c31745a07dd-le64.cache-3
7f779c0ac000-7f779c0b0000 r--s 00000000 08:01 16255456                   /var/cache/fontconfig/2cd17615ca594fa2959ae173292e504c-le64.cache-3
7f779c0b0000-7f779c0b1000 r--s 00000000 08:01 16255455                   /var/cache/fontconfig/e7071f4a29fa870f4323321c154eba04-le64.cache-3
7f779c0b1000-7f779c0b4000 r--s 00000000 08:01 16261108                   /var/cache/fontconfig/b5ea634b0fb353b8ea17632d1f9ef766-le64.cache-3
7f779c0b4000-7f779c0b5000 r--s 00000000 08:01 16255454                   /var/cache/fontconfig/0d8c3b2ac0904cb8a57a757ad11a4a08-le64.cache-3
7f779c0b5000-7f779c0bb000 r--s 00000000 08:01 16255450                   /var/cache/fontconfig/a755afe4a08bf5b97852ceb7400b47bc-le64.cache-3
7f779c0bb000-7f779c0bf000 r--s 00000000 08:01 16255448                   /var/cache/fontconfig/6d41288fd70b0be22e8c3a91e032eec0-le64.cache-3
7f779c0bf000-7f779c0cf000 r--s 00000000 08:01 16255447                   /var/cache/fontconfig/04aabc0a78ac019cf9454389977116d2-le64.cache-3
7f779c0cf000-7f779c0d2000 r--s 00000000 08:01 16255439                   /var/cache/fontconfig/385c0604a188198f04d133e54aba7fe7-le64.cache-3
7f779c0d2000-7f779c0d5000 r--s 00000000 08:01 16255436                   /var/cache/fontconfig/8801497958630a81b71ace7c5f9b32a8-le64.cache-3
7f779c0d5000-7f779c103000 r--s 00000000 08:01 16255435                   /var/cache/fontconfig/365b55f210c0a22e9a19e35191240f32-le64.cache-3
7f779c103000-7f779c106000 ---p 00000000 00:00 0 
7f779c106000-7f779c304000 rw-p 00000000 00:00 0                          [stack:6169]
7f779c304000-7f779c307000 ---p 00000000 00:00 0 
7f779c307000-7f779c505000 rw-p 00000000 00:00 0                          [stack:6168]
7f779c505000-7f779c50a000 r-xp 00000000 08:01 11671515                   /usr/lib/x86_64-linux-gnu/libXfixes.so.3.1.0
7f779c50a000-7f779c709000 ---p 00005000 08:01 11671515                   /usr/lib/x86_64-linux-gnu/libXfixes.so.3.1.0
7f779c709000-7f779c70a000 r--p 00004000 08:01 11671515                   /usr/lib/x86_64-linux-gnu/libXfixes.so.3.1.0
7f779c70a000-7f779c70b000 rw-p 00005000 08:01 11671515                   /usr/lib/x86_64-linux-gnu/libXfixes.so.3.1.0
7f779c70b000-7f779c714000 r-xp 00000000 08:01 11672490                   /usr/lib/x86_64-linux-gnu/libXcursor.so.1.0.2
7f779c714000-7f779c913000 ---p 00009000 08:01 11672490                   /usr/lib/x86_64-linux-gnu/libXcursor.so.1.0.2
7f779c913000-7f779c914000 r--p 00008000 08:01 11672490                   /usr/lib/x86_64-linux-gnu/libXcursor.so.1.0.2
7f779c914000-7f779c915000 rw-p 00009000 08:01 11672490                   /usr/lib/x86_64-linux-gnu/libXcursor.so.1.0.2
7f779c915000-7f779c918000 ---p 00000000 00:00 0 
7f779c918000-7f779cb16000 rw-p 00000000 00:00 0                          [stack:6167]
7f779cb16000-7f779cb25000 r-xp 00000000 08:01 11671521                   /usr/lib/x86_64-linux-gnu/libXi.so.6.1.0
7f779cb25000-7f779cd24000 ---p 0000f000 08:01 11671521                   /usr/lib/x86_64-linux-gnu/libXi.so.6.1.0
7f779cd24000-7f779cd25000 r--p 0000e000 08:01 11671521                   /usr/lib/x86_64-linux-gnu/libXi.so.6.1.0
7f779cd25000-7f779cd26000 rw-p 0000f000 08:01 11671521                   /usr/lib/x86_64-linux-gnu/libXi.so.6.1.0
7f779cd26000-7f779cd2f000 r-xp 00000000 08:01 11672518                   /usr/lib/x86_64-linux-gnu/libXrender.so.1.3.0
7f779cd2f000-7f779cf2e000 ---p 00009000 08:01 11672518                   /usr/lib/x86_64-linux-gnu/libXrender.so.1.3.0
7f779cf2e000-7f779cf2f000 r--p 00008000 08:01 11672518                   /usr/lib/x86_64-linux-gnu/libXrender.so.1.3.0
7f779cf2f000-7f779cf30000 rw-p 00009000 08:01 11672518                   /usr/lib/x86_64-linux-gnu/libXrender.so.1.3.0
7f779cf30000-7f779cf80000 r-xp 00000000 08:01 23593292                   /usr/lib/jvm/java-7-oracle/jre/lib/amd64/xawt/libmawt.so
7f779cf80000-7f779d180000 ---p 00050000 08:01 23593292                   /usr/lib/jvm/java-7-oracle/jre/lib/amd64/xawt/libmawt.so
7f779d180000-7f779d184000 rw-p 00050000 08:01 23593292                   /usr/lib/jvm/java-7-oracle/jre/lib/amd64/xawt/libmawt.so
7f779d184000-7f779d185000 rw-p 00000000 00:00 0 
7f779d185000-7f779d227000 r-xp 00000000 08:01 23593318                   /usr/lib/jvm/java-7-oracle/jre/lib/amd64/libawt.so
7f779d227000-7f779d427000 ---p 000a2000 08:01 23593318                   /usr/lib/jvm/java-7-oracle/jre/lib/amd64/libawt.so
7f779d427000-7f779d433000 rw-p 000a2000 08:01 23593318                   /usr/lib/jvm/java-7-oracle/jre/lib/amd64/libawt.so
7f779d433000-7f779d457000 rw-p 00000000 00:00 0 
7f779d457000-7f779d45b000 r-xp 00000000 08:01 4198152                    /lib/x86_64-linux-gnu/libuuid.so.1.3.0
7f779d45b000-7f779d65a000 ---p 00004000 08:01 4198152                    /lib/x86_64-linux-gnu/libuuid.so.1.3.0
7f779d65a000-7f779d65b000 r--p 00003000 08:01 4198152                    /lib/x86_64-linux-gnu/libuuid.so.1.3.0
7f779d65b000-7f779d65c000 rw-p 00004000 08:01 4198152                    /lib/x86_64-linux-gnu/libuuid.so.1.3.0
7f779d65c000-7f779d661000 r-xp 00000000 08:01 11672494                   /usr/lib/x86_64-linux-gnu/libXdmcp.so.6.0.0
7f779d661000-7f779d860000 ---p 00005000 08:01 11672494                   /usr/lib/x86_64-linux-gnu/libXdmcp.so.6.0.0
7f779d860000-7f779d861000 r--p 00004000 08:01 11672494                   /usr/lib/x86_64-linux-gnu/libXdmcp.so.6.0.0
7f779d861000-7f779d862000 rw-p 00005000 08:01 11672494                   /usr/lib/x86_64-linux-gnu/libXdmcp.so.6.0.0
7f779d862000-7f779d864000 r-xp 00000000 08:01 11672483                   /usr/lib/x86_64-linux-gnu/libXau.so.6.0.0
7f779d864000-7f779da63000 ---p 00002000 08:01 11672483                   /usr/lib/x86_64-linux-gnu/libXau.so.6.0.0
7f779da63000-7f779da64000 r--p 00001000 08:01 11672483                   /usr/lib/x86_64-linux-gnu/libXau.so.6.0.0
7f779da64000-7f779da65000 rw-p 00002000 08:01 11672483                   /usr/lib/x86_64-linux-gnu/libXau.so.6.0.0
7f779da65000-7f779da75000 r-xp 00000000 08:01 11672496                   /usr/lib/x86_64-linux-gnu/libXext.so.6.4.0
7f779da75000-7f779dc74000 ---p 00010000 08:01 11672496                   /usr/lib/x86_64-linux-gnu/libXext.so.6.4.0
7f779dc74000-7f779dc75000 r--p 0000f000 08:01 11672496                   /usr/lib/x86_64-linux-gnu/libXext.so.6.4.0
7f779dc75000-7f779dc76000 rw-p 00010000 08:01 11672496                   /usr/lib/x86_64-linux-gnu/libXext.so.6.4.0
7f779dc76000-7f779dc8c000 r-xp 00000000 08:01 11672436                   /usr/lib/x86_64-linux-gnu/libICE.so.6.3.0
7f779dc8c000-7f779de8b000 ---p 00016000 08:01 11672436                   /usr/lib/x86_64-linux-gnu/libICE.so.6.3.0
7f779de8b000-7f779de8c000 r--p 00015000 08:01 11672436                   /usr/lib/x86_64-linux-gnu/libICE.so.6.3.0
7f779de8c000-7f779de8d000 rw-p 00016000 08:01 11672436                   /usr/lib/x86_64-linux-gnu/libICE.so.6.3.0
7f779de8d000-7f779de90000 rw-p 00000000 00:00 0 
7f779de90000-7f779de97000 r-xp 00000000 08:01 11672477                   /usr/lib/x86_64-linux-gnu/libSM.so.6.0.1
7f779de97000-7f779e096000 ---p 00007000 08:01 11672477                   /usr/lib/x86_64-linux-gnu/libSM.so.6.0.1
7f779e096000-7f779e097000 r--p 00006000 08:01 11672477                   /usr/lib/x86_64-linux-gnu/libSM.so.6.0.1
7f779e097000-7f779e098000 rw-p 00007000 08:01 11672477                   /usr/lib/x86_64-linux-gnu/libSM.so.6.0.1
7f779e098000-7f779e0b5000 r-xp 00000000 08:01 11673090                   /usr/lib/x86_64-linux-gnu/libxcb.so.1.1.0
7f779e0b5000-7f779e2b4000 ---p 0001d000 08:01 11673090                   /usr/lib/x86_64-linux-gnu/libxcb.so.1.1.0
7f779e2b4000-7f779e2b5000 r--p 0001c000 08:01 11673090                   /usr/lib/x86_64-linux-gnu/libxcb.so.1.1.0
7f779e2b5000-7f779e2b6000 rw-p 0001d000 08:01 11673090                   /usr/lib/x86_64-linux-gnu/libxcb.so.1.1.0
7f779e2b6000-7f779e2bb000 r-xp 00000000 08:01 11672522                   /usr/lib/x86_64-linux-gnu/libXtst.so.6.1.0
7f779e2bb000-7f779e4ba000 ---p 00005000 08:01 11672522                   /usr/lib/x86_64-linux-gnu/libXtst.so.6.1.0
7f779e4ba000-7f779e4bb000 r--p 00004000 08:01 11672522                   /usr/lib/x86_64-linux-gnu/libXtst.so.6.1.0
7f779e4bb000-7f779e4bc000 rw-p 00005000 08:01 11672522                   /usr/lib/x86_64-linux-gnu/libXtst.so.6.1.0
7f779e4bc000-7f779e51b000 r-xp 00000000 08:01 11672520                   /usr/lib/x86_64-linux-gnu/libXt.so.6.0.0
7f779e51b000-7f779e71b000 ---p 0005f000 08:01 11672520                   /usr/lib/x86_64-linux-gnu/libXt.so.6.0.0
7f779e71b000-7f779e71c000 r--p 0005f000 08:01 11672520                   /usr/lib/x86_64-linux-gnu/libXt.so.6.0.0
7f779e71c000-7f779e721000 rw-p 00060000 08:01 11672520                   /usr/lib/x86_64-linux-gnu/libXt.so.6.0.0
7f779e721000-7f779e722000 rw-p 00000000 00:00 0 
7f779e722000-7f779e852000 r-xp 00000000 08:01 11667031                   /usr/lib/x86_64-linux-gnu/libX11.so.6.3.0
7f779e852000-7f779ea52000 ---p 00130000 08:01 11667031                   /usr/lib/x86_64-linux-gnu/libX11.so.6.3.0
7f779ea52000-7f779ea53000 r--p 00130000 08:01 11667031                   /usr/lib/x86_64-linux-gnu/libX11.so.6.3.0
7f779ea53000-7f779ea57000 rw-p 00131000 08:01 11667031                   /usr/lib/x86_64-linux-gnu/libX11.so.6.3.0
7f779ea57000-7f779ea5c000 r--s 00000000 08:01 16255434                   /var/cache/fontconfig/3047814df9a2f067bd2d96a2b9c36e5a-le64.cache-3
7f779ea5c000-7f779ea61000 r--s 00000000 08:01 16255431                   /var/cache/fontconfig/b47c4e1ecd0709278f4910c18777a504-le64.cache-3
7f779ea61000-7f779ea69000 r--s 00000000 08:01 16255429                   /var/cache/fontconfig/52f7bdb7ce746bfd7eaa1985bd9cfa93-le64.cache-3
7f779ea69000-7f779ea79000 r--s 00000000 08:01 16255428                   /var/cache/fontconfig/d52a8644073d54c13679302ca1180695-le64.cache-3
7f779ea79000-7f779ea85000 r-xp 00000000 08:01 18617481                   /tmp/libJNativeHook_4539203559854396014.so
7f779ea85000-7f779ec84000 ---p 0000c000 08:01 18617481                   /tmp/libJNativeHook_4539203559854396014.so
7f779ec84000-7f779ec85000 r--p 0000b000 08:01 18617481                   /tmp/libJNativeHook_4539203559854396014.so
7f779ec85000-7f779ec86000 rw-p 0000c000 08:01 18617481                   /tmp/libJNativeHook_4539203559854396014.so
7f779ec86000-7f779ec89000 ---p 00000000 00:00 0 
7f779ec89000-7f779ee87000 rw-p 00000000 00:00 0                          [stack:10942]
7f779ee87000-7f779ee8a000 ---p 00000000 00:00 0 
7f779ee8a000-7f779f088000 rw-p 00000000 00:00 0                          [stack:6174]
7f779f088000-7f779f09a000 r-xp 00000000 08:01 20983419                   /home/vmocuk/.rvm/rubies/jruby-1.7.10/lib/jni/x86_64-Linux/libjffi-1.2.so
7f779f09a000-7f779f299000 ---p 00012000 08:01 20983419                   /home/vmocuk/.rvm/rubies/jruby-1.7.10/lib/jni/x86_64-Linux/libjffi-1.2.so
7f779f299000-7f779f29a000 rw-p 00011000 08:01 20983419                   /home/vmocuk/.rvm/rubies/jruby-1.7.10/lib/jni/x86_64-Linux/libjffi-1.2.so
7f779f29a000-7f779f2aa000 r-xp 00000000 08:01 23593304                   /usr/lib/jvm/java-7-oracle/jre/lib/amd64/libnio.so
7f779f2aa000-7f779f4aa000 ---p 00010000 08:01 23593304                   /usr/lib/jvm/java-7-oracle/jre/lib/amd64/libnio.so
7f779f4aa000-7f779f4ab000 rw-p 00010000 08:01 23593304                   /usr/lib/jvm/java-7-oracle/jre/lib/amd64/libnio.so
7f779f4ab000-7f779f4dc000 rw-p 00000000 00:00 0 
7f779f4dc000-7f779f4f2000 r-xp 00000000 08:01 23593280                   /usr/lib/jvm/java-7-oracle/jre/lib/amd64/libnet.so
7f779f4f2000-7f779f6f2000 ---p 00016000 08:01 23593280                   /usr/lib/jvm/java-7-oracle/jre/lib/amd64/libnet.so
7f779f6f2000-7f779f6f3000 rw-p 00016000 08:01 23593280                   /usr/lib/jvm/java-7-oracle/jre/lib/amd64/libnet.so
7f779f6f3000-7f779f71c000 rw-p 00000000 00:00 0 
7f779f71c000-7f779f71f000 ---p 00000000 00:00 0 
7f779f71f000-7f779f91d000 rw-p 00000000 00:00 0                          [stack:6163]
7f779f91d000-7f77a0000000 r--p 00000000 08:01 11671840                   /usr/lib/locale/locale-archive
7f77a0000000-7f77a0021000 rw-p 00000000 00:00 0 
7f77a0021000-7f77a4000000 ---p 00000000 00:00 0 
7f77a4000000-7f77a400b000 r--s 00000000 08:01 16253148                   /var/cache/fontconfig/e13b20fdb08344e0e664864cc2ede53d-le64.cache-3
7f77a400b000-7f77a40f4000 r--s 00bb9000 08:01 20192340                   /home/vmocuk/.rvm/rubies/jruby-1.7.10/lib/jruby.jar
7f77a40f4000-7f77a40f5000 ---p 00000000 00:00 0 
7f77a40f5000-7f77a41f5000 rw-p 00000000 00:00 0                          [stack:6164]
7f77a41f5000-7f77a41f8000 ---p 00000000 00:00 0 
7f77a41f8000-7f77a42f6000 rw-p 00000000 00:00 0                          [stack:6162]
7f77a42f6000-7f77a42f9000 ---p 00000000 00:00 0 
7f77a42f9000-7f77a43f7000 rw-p 00000000 00:00 0                          [stack:6161]
7f77a43f7000-7f77a43fa000 ---p 00000000 00:00 0 
7f77a43fa000-7f77a45f8000 rw-p 00000000 00:00 0                          [stack:6160]
7f77a45f8000-7f77a45fb000 ---p 00000000 00:00 0 
7f77a45fb000-7f77a47f9000 rw-p 00000000 00:00 0                          [stack:6159]
7f77a47f9000-7f77a47fc000 ---p 00000000 00:00 0 
7f77a47fc000-7f77a49fa000 rw-p 00000000 00:00 0                          [stack:6158]
7f77a49fa000-7f77a49fb000 ---p 00000000 00:00 0 
7f77a49fb000-7f77a5000000 rw-p 00000000 00:00 0                          [stack:6157]
7f77a5000000-7f77a5270000 rwxp 00000000 00:00 0 
7f77a5270000-7f77a8583000 rw-p 00000000 00:00 0 
7f77a8583000-7f77ac000000 ---p 00000000 00:00 0 
7f77ac000000-7f77ac001000 r--s 00000000 08:01 16255437                   /var/cache/fontconfig/4794a0821666d79190d59a36cb4f44b5-le64.cache-3
7f77ac001000-7f77ac002000 r--s 00000000 08:01 16255433                   /var/cache/fontconfig/56cf4f4769d0f4abc89a4895d7bd3ae1-le64.cache-3
7f77ac002000-7f77ac003000 r--s 00000000 08:01 16255432                   /var/cache/fontconfig/b9d506c9ac06c20b433354fa67a72993-le64.cache-3
7f77ac003000-7f77ac004000 r--s 00000000 08:01 16255430                   /var/cache/fontconfig/89034621ae2a8922916bb6bfa5799546-le64.cache-3
7f77ac004000-7f77ac00a000 r--s 00000000 08:01 16255425                   /var/cache/fontconfig/3f7329c5293ffd510edef78f73874cfd-le64.cache-3
7f77ac00a000-7f77ad14c000 rw-p 00000000 00:00 0 
7f77ad14c000-7f77ad30b000 r--s 039e2000 08:01 12590043                   /usr/lib/jvm/java-7-oracle/jre/lib/rt.jar
7f77ad30b000-7f77ae72f000 rw-p 00000000 00:00 0 
7f77ae72f000-7f77ae730000 ---p 00000000 00:00 0 
7f77ae730000-7f77ae830000 rw-p 00000000 00:00 0                          [stack:6156]
7f77ae830000-7f77ae831000 ---p 00000000 00:00 0 
7f77ae831000-7f77ae931000 rw-p 00000000 00:00 0                          [stack:6155]
7f77ae931000-7f77ae932000 ---p 00000000 00:00 0 
7f77ae932000-7f77aea32000 rw-p 00000000 00:00 0                          [stack:6154]
7f77aea32000-7f77aea33000 ---p 00000000 00:00 0 
7f77aea33000-7f77aeb33000 rw-p 00000000 00:00 0                          [stack:6153]
7f77aeb33000-7f77aeb34000 ---p 00000000 00:00 0 
7f77aeb34000-7f77aec34000 rw-p 00000000 00:00 0                          [stack:6152]
7f77aec34000-7f77aec35000 ---p 00000000 00:00 0 
7f77aec35000-7f77aed44000 rw-p 00000000 00:00 0                          [stack:6151]
7f77aed44000-7f77aed5e000 rw-p 00000000 00:00 0 
7f77aed5e000-7f77aed87000 rw-p 00000000 00:00 0 
7f77aed87000-7f77aee04000 rw-p 00000000 00:00 0 
7f77aee04000-7f77aee11000 rw-p 00000000 00:00 0 
7f77aee11000-7f77aee2e000 ---p 00000000 00:00 0 
7f77aee2e000-7f77aee58000 rw-p 00000000 00:00 0 
7f77aee58000-7f77aee59000 rw-p 00000000 00:00 0 
7f77aee59000-7f77aee73000 r-xp 00000000 08:01 23593272                   /usr/lib/jvm/java-7-oracle/jre/lib/amd64/libzip.so
7f77aee73000-7f77af073000 ---p 0001a000 08:01 23593272                   /usr/lib/jvm/java-7-oracle/jre/lib/amd64/libzip.so
7f77af073000-7f77af074000 rw-p 0001a000 08:01 23593272                   /usr/lib/jvm/java-7-oracle/jre/lib/amd64/libzip.so
7f77af074000-7f77af080000 r-xp 00000000 08:01 4194419                    /lib/x86_64-linux-gnu/libnss_files-2.15.so
7f77af080000-7f77af27f000 ---p 0000c000 08:01 4194419                    /lib/x86_64-linux-gnu/libnss_files-2.15.so
7f77af27f000-7f77af280000 r--p 0000b000 08:01 4194419                    /lib/x86_64-linux-gnu/libnss_files-2.15.so
7f77af280000-7f77af281000 rw-p 0000c000 08:01 4194419                    /lib/x86_64-linux-gnu/libnss_files-2.15.so
7f77af281000-7f77af28b000 r-xp 00000000 08:01 4194423                    /lib/x86_64-linux-gnu/libnss_nis-2.15.so
7f77af28b000-7f77af48b000 ---p 0000a000 08:01 4194423                    /lib/x86_64-linux-gnu/libnss_nis-2.15.so
7f77af48b000-7f77af48c000 r--p 0000a000 08:01 4194423                    /lib/x86_64-linux-gnu/libnss_nis-2.15.so
7f77af48c000-7f77af48d000 rw-p 0000b000 08:01 4194423                    /lib/x86_64-linux-gnu/libnss_nis-2.15.so
7f77af48d000-7f77af4a4000 r-xp 00000000 08:01 4198254                    /lib/x86_64-linux-gnu/libnsl-2.15.so
7f77af4a4000-7f77af6a3000 ---p 00017000 08:01 4198254                    /lib/x86_64-linux-gnu/libnsl-2.15.so
7f77af6a3000-7f77af6a4000 r--p 00016000 08:01 4198254                    /lib/x86_64-linux-gnu/libnsl-2.15.so
7f77af6a4000-7f77af6a5000 rw-p 00017000 08:01 4198254                    /lib/x86_64-linux-gnu/libnsl-2.15.so
7f77af6a5000-7f77af6a7000 rw-p 00000000 00:00 0 
7f77af6a7000-7f77af6af000 r-xp 00000000 08:01 4194417                    /lib/x86_64-linux-gnu/libnss_compat-2.15.so
7f77af6af000-7f77af8ae000 ---p 00008000 08:01 4194417                    /lib/x86_64-linux-gnu/libnss_compat-2.15.so
7f77af8ae000-7f77af8af000 r--p 00007000 08:01 4194417                    /lib/x86_64-linux-gnu/libnss_compat-2.15.so
7f77af8af000-7f77af8b0000 rw-p 00008000 08:01 4194417                    /lib/x86_64-linux-gnu/libnss_compat-2.15.so
7f77af8b0000-7f77af8d9000 r-xp 00000000 08:01 23593316                   /usr/lib/jvm/java-7-oracle/jre/lib/amd64/libjava.so
7f77af8d9000-7f77afad9000 ---p 00029000 08:01 23593316                   /usr/lib/jvm/java-7-oracle/jre/lib/amd64/libjava.so
7f77afad9000-7f77afadb000 rw-p 00029000 08:01 23593316                   /usr/lib/jvm/java-7-oracle/jre/lib/amd64/libjava.so
7f77afadb000-7f77afae8000 r-xp 00000000 08:01 23593293                   /usr/lib/jvm/java-7-oracle/jre/lib/amd64/libverify.so
7f77afae8000-7f77afce7000 ---p 0000d000 08:01 23593293                   /usr/lib/jvm/java-7-oracle/jre/lib/amd64/libverify.so
7f77afce7000-7f77afce9000 rw-p 0000c000 08:01 23593293                   /usr/lib/jvm/java-7-oracle/jre/lib/amd64/libverify.so
7f77afce9000-7f77afcf0000 r-xp 00000000 08:01 4194422                    /lib/x86_64-linux-gnu/librt-2.15.so
7f77afcf0000-7f77afeef000 ---p 00007000 08:01 4194422                    /lib/x86_64-linux-gnu/librt-2.15.so
7f77afeef000-7f77afef0000 r--p 00006000 08:01 4194422                    /lib/x86_64-linux-gnu/librt-2.15.so
7f77afef0000-7f77afef1000 rw-p 00007000 08:01 4194422                    /lib/x86_64-linux-gnu/librt-2.15.so
7f77afef1000-7f77afef4000 ---p 00000000 00:00 0 
7f77afef4000-7f77b00f2000 rw-p 00000000 00:00 0                          [stack:6150]
7f77b00f2000-7f77b01ed000 r-xp 00000000 08:01 4194426                    /lib/x86_64-linux-gnu/libm-2.15.so
7f77b01ed000-7f77b03ec000 ---p 000fb000 08:01 4194426                    /lib/x86_64-linux-gnu/libm-2.15.so
7f77b03ec000-7f77b03ed000 r--p 000fa000 08:01 4194426                    /lib/x86_64-linux-gnu/libm-2.15.so
7f77b03ed000-7f77b03ee000 rw-p 000fb000 08:01 4194426                    /lib/x86_64-linux-gnu/libm-2.15.so
7f77b03ee000-7f77b0f5e000 r-xp 00000000 08:01 23593314                   /usr/lib/jvm/java-7-oracle/jre/lib/amd64/server/libjvm.so
7f77b0f5e000-7f77b115d000 ---p 00b70000 08:01 23593314                   /usr/lib/jvm/java-7-oracle/jre/lib/amd64/server/libjvm.so
7f77b115d000-7f77b1221000 rw-p 00b6f000 08:01 23593314                   /usr/lib/jvm/java-7-oracle/jre/lib/amd64/server/libjvm.so
7f77b1221000-7f77b1262000 rw-p 00000000 00:00 0 
7f77b1262000-7f77b1417000 r-xp 00000000 08:01 4194315                    /lib/x86_64-linux-gnu/libc-2.15.so
7f77b1417000-7f77b1617000 ---p 001b5000 08:01 4194315                    /lib/x86_64-linux-gnu/libc-2.15.so
7f77b1617000-7f77b161b000 r--p 001b5000 08:01 4194315                    /lib/x86_64-linux-gnu/libc-2.15.so
7f77b161b000-7f77b161d000 rw-p 001b9000 08:01 4194315                    /lib/x86_64-linux-gnu/libc-2.15.so
7f77b161d000-7f77b1622000 rw-p 00000000 00:00 0 
7f77b1622000-7f77b1624000 r-xp 00000000 08:01 4194430                    /lib/x86_64-linux-gnu/libdl-2.15.so
7f77b1624000-7f77b1824000 ---p 00002000 08:01 4194430                    /lib/x86_64-linux-gnu/libdl-2.15.so
7f77b1824000-7f77b1825000 r--p 00002000 08:01 4194430                    /lib/x86_64-linux-gnu/libdl-2.15.so
7f77b1825000-7f77b1826000 rw-p 00003000 08:01 4194430                    /lib/x86_64-linux-gnu/libdl-2.15.so
7f77b1826000-7f77b183c000 r-xp 00000000 08:01 23593259                   /usr/lib/jvm/java-7-oracle/jre/lib/amd64/jli/libjli.so
7f77b183c000-7f77b1a3c000 ---p 00016000 08:01 23593259                   /usr/lib/jvm/java-7-oracle/jre/lib/amd64/jli/libjli.so
7f77b1a3c000-7f77b1a3d000 rw-p 00016000 08:01 23593259                   /usr/lib/jvm/java-7-oracle/jre/lib/amd64/jli/libjli.so
7f77b1a3d000-7f77b1a55000 r-xp 00000000 08:01 4194424                    /lib/x86_64-linux-gnu/libpthread-2.15.so
7f77b1a55000-7f77b1c54000 ---p 00018000 08:01 4194424                    /lib/x86_64-linux-gnu/libpthread-2.15.so
7f77b1c54000-7f77b1c55000 r--p 00017000 08:01 4194424                    /lib/x86_64-linux-gnu/libpthread-2.15.so
7f77b1c55000-7f77b1c56000 rw-p 00018000 08:01 4194424                    /lib/x86_64-linux-gnu/libpthread-2.15.so
7f77b1c56000-7f77b1c5a000 rw-p 00000000 00:00 0 
7f77b1c5a000-7f77b1c7c000 r-xp 00000000 08:01 4194427                    /lib/x86_64-linux-gnu/ld-2.15.so
7f77b1c7c000-7f77b1c7d000 r--s 00000000 08:01 16255424                   /var/cache/fontconfig/1f901bd019c7d81ebf355e99936ff480-le64.cache-3
7f77b1c7d000-7f77b1c86000 r--s 00000000 08:01 16253022                   /var/cache/fontconfig/cabbd14511b9e8a55e92af97fb3a0461-le64.cache-3
7f77b1c86000-7f77b1c8a000 r--s 00000000 08:01 16261101                   /var/cache/fontconfig/7ef2298fde41cc6eeb7af42e48b7d293-le64.cache-3
7f77b1c8a000-7f77b1c8d000 r--s 00000000 08:01 16255633                   /var/cache/fontconfig/079a1048814713328ba16771e54b0fa3-le64.cache-3
7f77b1c8d000-7f77b1c96000 r--s 00251000 08:01 12590058                   /usr/lib/jvm/java-7-oracle/jre/lib/resources.jar
7f77b1c96000-7f77b1c9a000 r--s 000f7000 08:01 23593230                   /usr/lib/jvm/java-7-oracle/jre/lib/ext/localedata.jar
7f77b1c9a000-7f77b1c9c000 r--s 00024000 08:01 21630799                   /home/vmocuk/projects/robot/JNativeHook.jar
7f77b1c9c000-7f77b1cd3000 rw-p 00000000 00:00 0 
7f77b1cd3000-7f77b1ced000 rw-p 00000000 00:00 0 
7f77b1ced000-7f77b1d16000 rw-p 00000000 00:00 0 
7f77b1d16000-7f77b1d94000 rw-p 00000000 00:00 0 
7f77b1d94000-7f77b1d9e000 rw-p 00000000 00:00 0 
7f77b1d9e000-7f77b1e54000 rw-p 00000000 00:00 0 
7f77b1e54000-7f77b1e58000 rw-p 00000000 00:00 0 
7f77b1e58000-7f77b1e59000 r-xp 00000000 00:00 0 
7f77b1e59000-7f77b1e60000 r--s 00000000 08:01 11935201                   /usr/lib/x86_64-linux-gnu/gconv/gconv-modules.cache
7f77b1e60000-7f77b1e64000 r--s 0008a000 08:01 12590086                   /usr/lib/jvm/java-7-oracle/jre/lib/jsse.jar
7f77b1e64000-7f77b1e70000 rw-p 00000000 00:00 0 
7f77b1e70000-7f77b1e78000 rw-s 00000000 08:01 18617480                   /tmp/hsperfdata_vmocuk/6149
7f77b1e78000-7f77b1e79000 rw-p 00000000 00:00 0 
7f77b1e79000-7f77b1e7a000 r--p 00000000 00:00 0 
7f77b1e7a000-7f77b1e7c000 rw-p 00000000 00:00 0 
7f77b1e7c000-7f77b1e7d000 r--p 00022000 08:01 4194427                    /lib/x86_64-linux-gnu/ld-2.15.so
7f77b1e7d000-7f77b1e7f000 rw-p 00023000 08:01 4194427                    /lib/x86_64-linux-gnu/ld-2.15.so
7fff533b0000-7fff533d2000 rw-p 00000000 00:00 0                          [stack]
7fff533fe000-7fff53400000 r-xp 00000000 00:00 0                          [vdso]
ffffffffff600000-ffffffffff601000 r-xp 00000000 00:00 0                  [vsyscall]

VM Arguments:
jvm_args: -Djdk.home= -Djruby.home=/home/vmocuk/.rvm/rubies/jruby-1.7.10 -Djruby.script=jruby -Djruby.shell=/bin/sh -Djffi.boot.library.path=/home/vmocuk/.rvm/rubies/jruby-1.7.10/lib/jni:/home/vmocuk/.rvm/rubies/jruby-1.7.10/lib/jni/x86_64-Linux:/home/vmocuk/.rvm/rubies/jruby-1.7.10/lib/jni/i386-Linux:/home/vmocuk/.rvm/rubies/jruby-1.7.10/lib/jni/arm-Linux -Xmx500m -Xss2048k -Xbootclasspath/a:/home/vmocuk/.rvm/rubies/jruby-1.7.10/lib/jruby.jar 
java_command: org/jruby/Main main.rb
Launcher Type: SUN_STANDARD

Environment Variables:
PATH=/home/vmocuk/.rvm/gems/jruby-1.7.10/bin:/home/vmocuk/.rvm/gems/jruby-1.7.10@global/bin:/home/vmocuk/.rvm/rubies/jruby-1.7.10/bin:/home/vmocuk/.rvm/bin:/usr/lib/lightdm/lightdm:/usr/local/sbin:/usr/local/bin:/usr/sbin:/usr/bin:/sbin:/bin:/usr/games
SHELL=/bin/bash
DISPLAY=:0.0

Signal Handlers:
SIGSEGV: [libjvm.so+0x99f0f0], sa_mask[0]=0x7ffbfeff, sa_flags=0x10000004
SIGBUS: [libjvm.so+0x99f0f0], sa_mask[0]=0x7ffbfeff, sa_flags=0x10000004
SIGFPE: [libjvm.so+0x81a6d0], sa_mask[0]=0x7ffbfeff, sa_flags=0x10000004
SIGPIPE: [libjvm.so+0x81a6d0], sa_mask[0]=0x7ffbfeff, sa_flags=0x10000004
SIGXFSZ: [libjvm.so+0x81a6d0], sa_mask[0]=0x7ffbfeff, sa_flags=0x10000004
SIGILL: [libjvm.so+0x81a6d0], sa_mask[0]=0x7ffbfeff, sa_flags=0x10000004
SIGUSR1: SIG_DFL, sa_mask[0]=0x00000000, sa_flags=0x00000000
SIGUSR2: [libjvm.so+0x81bed0], sa_mask[0]=0x00000000, sa_flags=0x10000004
SIGHUP: [libjvm.so+0x81cfd0], sa_mask[0]=0x7ffbfeff, sa_flags=0x10000004
SIGINT: [libjvm.so+0x81cfd0], sa_mask[0]=0x7ffbfeff, sa_flags=0x10000004
SIGTERM: [libjvm.so+0x81cfd0], sa_mask[0]=0x7ffbfeff, sa_flags=0x10000004
SIGQUIT: [libjvm.so+0x81cfd0], sa_mask[0]=0x7ffbfeff, sa_flags=0x10000004


---------------  S Y S T E M  ---------------

OS:wheezy/sid

uname:Linux 3.8.0-42-generic #62~precise1-Ubuntu SMP Wed Jun 4 22:04:18 UTC 2014 x86_64
libc:glibc 2.15 NPTL 2.15 
rlimit: STACK 8192k, CORE 0k, NPROC 61142, NOFILE 4096, AS infinity
load average:1.19 1.37 1.30

/proc/meminfo:
MemTotal:        7918268 kB
MemFree:          285224 kB
Buffers:          407020 kB
Cached:          1720304 kB
SwapCached:            0 kB
Active:          5515464 kB
Inactive:        1635276 kB
Active(anon):    4484928 kB
Inactive(anon):   618496 kB
Active(file):    1030536 kB
Inactive(file):  1016780 kB
Unevictable:         136 kB
Mlocked:             136 kB
SwapTotal:       8122364 kB
SwapFree:        8122132 kB
Dirty:               448 kB
Writeback:             0 kB
AnonPages:       5023608 kB
Mapped:           435376 kB
Shmem:             79992 kB
Slab:             285212 kB
SReclaimable:     235072 kB
SUnreclaim:        50140 kB
KernelStack:        9016 kB
PageTables:        91388 kB
NFS_Unstable:          0 kB
Bounce:                0 kB
WritebackTmp:          0 kB
CommitLimit:    12081496 kB
Committed_AS:   27985976 kB
VmallocTotal:   34359738367 kB
VmallocUsed:      295552 kB
VmallocChunk:   34359440532 kB
HardwareCorrupted:     0 kB
AnonHugePages:         0 kB
HugePages_Total:       0
HugePages_Free:        0
HugePages_Rsvd:        0
HugePages_Surp:        0
Hugepagesize:       2048 kB
DirectMap4k:       74176 kB
DirectMap2M:     1759232 kB
DirectMap1G:     6291456 kB


CPU:total 6 (6 cores per cpu, 1 threads per core) family 16 model 10 stepping 0, cmov, cx8, fxsr, mmx, sse, sse2, sse3, popcnt, mmxext, 3dnowpref, lzcnt, sse4a, tsc, tscinvbit, tscinv

/proc/cpuinfo:
processor	: 0
vendor_id	: AuthenticAMD
cpu family	: 16
model		: 10
model name	: AMD Phenom(tm) II X6 1055T Processor
stepping	: 0
microcode	: 0x10000dc
cpu MHz		: 800.000
cache size	: 512 KB
physical id	: 0
siblings	: 6
core id		: 0
cpu cores	: 6
apicid		: 0
initial apicid	: 0
fpu		: yes
fpu_exception	: yes
cpuid level	: 6
wp		: yes
flags		: fpu vme de pse tsc msr pae mce cx8 apic sep mtrr pge mca cmov pat pse36 clflush mmx fxsr sse sse2 ht syscall nx mmxext fxsr_opt pdpe1gb rdtscp lm 3dnowext 3dnow constant_tsc rep_good nopl nonstop_tsc extd_apicid aperfmperf pni monitor cx16 popcnt lahf_lm cmp_legacy svm extapic cr8_legacy abm sse4a misalignsse 3dnowprefetch osvw ibs skinit wdt cpb hw_pstate npt lbrv svm_lock nrip_save pausefilter
bogomips	: 5625.03
TLB size	: 1024 4K pages
clflush size	: 64
cache_alignment	: 64
address sizes	: 48 bits physical, 48 bits virtual
power management: ts ttp tm stc 100mhzsteps hwpstate cpb

processor	: 1
vendor_id	: AuthenticAMD
cpu family	: 16
model		: 10
model name	: AMD Phenom(tm) II X6 1055T Processor
stepping	: 0
microcode	: 0x10000dc
cpu MHz		: 800.000
cache size	: 512 KB
physical id	: 0
siblings	: 6
core id		: 1
cpu cores	: 6
apicid		: 1
initial apicid	: 1
fpu		: yes
fpu_exception	: yes
cpuid level	: 6
wp		: yes
flags		: fpu vme de pse tsc msr pae mce cx8 apic sep mtrr pge mca cmov pat pse36 clflush mmx fxsr sse sse2 ht syscall nx mmxext fxsr_opt pdpe1gb rdtscp lm 3dnowext 3dnow constant_tsc rep_good nopl nonstop_tsc extd_apicid aperfmperf pni monitor cx16 popcnt lahf_lm cmp_legacy svm extapic cr8_legacy abm sse4a misalignsse 3dnowprefetch osvw ibs skinit wdt cpb hw_pstate npt lbrv svm_lock nrip_save pausefilter
bogomips	: 5625.03
TLB size	: 1024 4K pages
clflush size	: 64
cache_alignment	: 64
address sizes	: 48 bits physical, 48 bits virtual
power management: ts ttp tm stc 100mhzsteps hwpstate cpb

processor	: 2
vendor_id	: AuthenticAMD
cpu family	: 16
model		: 10
model name	: AMD Phenom(tm) II X6 1055T Processor
stepping	: 0
microcode	: 0x10000dc
cpu MHz		: 800.000
cache size	: 512 KB
physical id	: 0
siblings	: 6
core id		: 2
cpu cores	: 6
apicid		: 2
initial apicid	: 2
fpu		: yes
fpu_exception	: yes
cpuid level	: 6
wp		: yes
flags		: fpu vme de pse tsc msr pae mce cx8 apic sep mtrr pge mca cmov pat pse36 clflush mmx fxsr sse sse2 ht syscall nx mmxext fxsr_opt pdpe1gb rdtscp lm 3dnowext 3dnow constant_tsc rep_good nopl nonstop_tsc extd_apicid aperfmperf pni monitor cx16 popcnt lahf_lm cmp_legacy svm extapic cr8_legacy abm sse4a misalignsse 3dnowprefetch osvw ibs skinit wdt cpb hw_pstate npt lbrv svm_lock nrip_save pausefilter
bogomips	: 5625.03
TLB size	: 1024 4K pages
clflush size	: 64
cache_alignment	: 64
address sizes	: 48 bits physical, 48 bits virtual
power management: ts ttp tm stc 100mhzsteps hwpstate cpb

processor	: 3
vendor_id	: AuthenticAMD
cpu family	: 16
model		: 10
model name	: AMD Phenom(tm) II X6 1055T Processor
stepping	: 0
microcode	: 0x10000dc
cpu MHz		: 800.000
cache size	: 512 KB
physical id	: 0
siblings	: 6
core id		: 3
cpu cores	: 6
apicid		: 3
initial apicid	: 3
fpu		: yes
fpu_exception	: yes
cpuid level	: 6
wp		: yes
flags		: fpu vme de pse tsc msr pae mce cx8 apic sep mtrr pge mca cmov pat pse36 clflush mmx fxsr sse sse2 ht syscall nx mmxext fxsr_opt pdpe1gb rdtscp lm 3dnowext 3dnow constant_tsc rep_good nopl nonstop_tsc extd_apicid aperfmperf pni monitor cx16 popcnt lahf_lm cmp_legacy svm extapic cr8_legacy abm sse4a misalignsse 3dnowprefetch osvw ibs skinit wdt cpb hw_pstate npt lbrv svm_lock nrip_save pausefilter
bogomips	: 5625.03
TLB size	: 1024 4K pages
clflush size	: 64
cache_alignment	: 64
address sizes	: 48 bits physical, 48 bits virtual
power management: ts ttp tm stc 100mhzsteps hwpstate cpb

processor	: 4
vendor_id	: AuthenticAMD
cpu family	: 16
model		: 10
model name	: AMD Phenom(tm) II X6 1055T Processor
stepping	: 0
microcode	: 0x10000dc
cpu MHz		: 800.000
cache size	: 512 KB
physical id	: 0
siblings	: 6
core id		: 4
cpu cores	: 6
apicid		: 4
initial apicid	: 4
fpu		: yes
fpu_exception	: yes
cpuid level	: 6
wp		: yes
flags		: fpu vme de pse tsc msr pae mce cx8 apic sep mtrr pge mca cmov pat pse36 clflush mmx fxsr sse sse2 ht syscall nx mmxext fxsr_opt pdpe1gb rdtscp lm 3dnowext 3dnow constant_tsc rep_good nopl nonstop_tsc extd_apicid aperfmperf pni monitor cx16 popcnt lahf_lm cmp_legacy svm extapic cr8_legacy abm sse4a misalignsse 3dnowprefetch osvw ibs skinit wdt cpb hw_pstate npt lbrv svm_lock nrip_save pausefilter
bogomips	: 5625.03
TLB size	: 1024 4K pages
clflush size	: 64
cache_alignment	: 64
address sizes	: 48 bits physical, 48 bits virtual
power management: ts ttp tm stc 100mhzsteps hwpstate cpb

processor	: 5
vendor_id	: AuthenticAMD
cpu family	: 16
model		: 10
model name	: AMD Phenom(tm) II X6 1055T Processor
stepping	: 0
microcode	: 0x10000dc
cpu MHz		: 800.000
cache size	: 512 KB
physical id	: 0
siblings	: 6
core id		: 5
cpu cores	: 6
apicid		: 5
initial apicid	: 5
fpu		: yes
fpu_exception	: yes
cpuid level	: 6
wp		: yes
flags		: fpu vme de pse tsc msr pae mce cx8 apic sep mtrr pge mca cmov pat pse36 clflush mmx fxsr sse sse2 ht syscall nx mmxext fxsr_opt pdpe1gb rdtscp lm 3dnowext 3dnow constant_tsc rep_good nopl nonstop_tsc extd_apicid aperfmperf pni monitor cx16 popcnt lahf_lm cmp_legacy svm extapic cr8_legacy abm sse4a misalignsse 3dnowprefetch osvw ibs skinit wdt cpb hw_pstate npt lbrv svm_lock nrip_save pausefilter
bogomips	: 5625.03
TLB size	: 1024 4K pages
clflush size	: 64
cache_alignment	: 64
address sizes	: 48 bits physical, 48 bits virtual
power management: ts ttp tm stc 100mhzsteps hwpstate cpb



Memory: 4k page, physical 7918268k(285224k free), swap 8122364k(8122132k free)

vm_info: Java HotSpot(TM) 64-Bit Server VM (24.60-b09) for linux-amd64 JRE (1.7.0_60-b19), built on May  7 2014 13:18:30 by "java_re" with gcc 4.3.0 20080428 (Red Hat 4.3.0-8)

time: Wed Jun 25 13:25:45 2014
elapsed time: 10228 seconds

