#
# A fatal error has been detected by the Java Runtime Environment:
#
#  SIGSEGV (0xb) at pc=0x00007fe50df30201, pid=6986, tid=140621647927040
#
# JRE version: Java(TM) SE Runtime Environment (7.0_60-b19) (build 1.7.0_60-b19)
# Java VM: Java HotSpot(TM) 64-Bit Server VM (24.60-b09 mixed mode linux-amd64 compressed oops)
# Problematic frame:
# C  [libXt.so.6+0x1e201]  XtDestroyWidget+0x571
#
# Failed to write core dump. Core dumps have been disabled. To enable core dumping, try "ulimit -c unlimited" before starting Java again
#
# If you would like to submit a bug report, please visit:
#   http://bugreport.sun.com/bugreport/crash.jsp
# The crash happened outside the Java Virtual Machine in native code.
# See problematic frame for where to report the bug.
#

---------------  T H R E A D  ---------------

Current thread (0x00007fe4a8012000):  JavaThread "JNativeHook Native Hook" [_thread_in_native, id=7011, stack(0x00007fe506df5000,0x00007fe5075f6000)]

siginfo:si_signo=SIGSEGV: si_errno=0, si_code=1 (SEGV_MAPERR), si_addr=0x00007fe397fff010

Registers:
RAX=0x00007fe39803f010, RBX=0x00007fe518467250, RCX=0xffffffffffff8000, RDX=0x0000000000008001
RSP=0x00007fe5075f4c20, RBP=0x00007fe518472690, RSI=0x000000000000800c, RDI=0x0000000000000270
R8 =0x0000000000000000, R9 =0x0000000000000000, R10=0x00000000000001fc, R11=0x0000000000000065
R12=0x00007fe50e4da378, R13=0x00007fe50e4da378, R14=0x00007fe518472690, R15=0x00007fe50e4da378
RIP=0x00007fe50df30201, EFLAGS=0x0000000000010202, CSGSFS=0x0000000000000033, ERR=0x0000000000000006
  TRAPNO=0x000000000000000e

Top of Stack: (sp=0x00007fe5075f4c20)
0x00007fe5075f4c20:   0000000000000006 00007fe518467250
0x00007fe5075f4c30:   0000000000000000 0000000000000010
0x00007fe5075f4c40:   00007fe50e4da378 00007fe518472690
0x00007fe5075f4c50:   00007fe5075f4cec 00007fe50df3073a
0x00007fe5075f4c60:   00007fe50e4da35a 00007fe50e19a3b0
0x00007fe5075f4c70:   0000000000000000 0000000000000000
0x00007fe5075f4c80:   0000000000000000 0000000000000000
0x00007fe5075f4c90:   000001fb000001fa 00007fe50e6db348
0x00007fe5075f4ca0:   0000000000000000 0000000000000010
0x00007fe5075f4cb0:   0000000000000342 00007fe4a801cd90
0x00007fe5075f4cc0:   0000000000000006 00007fe50e4d2351
0x00007fe5075f4cd0:   00007fe5075f4cec 0000000000000000
0x00007fe5075f4ce0:   00000001075f4e50 0000000000000000
0x00007fe5075f4cf0:   0000000000000010 00000000000000c4
0x00007fe5075f4d00:   00000146d820a7ef 00007fe50e4d2cdb
0x00007fe5075f4d10:   000000000000000b ffffffff075f4d30
0x00007fe5075f4d20:   00007fe4a8002d50 00007fe4a8001d00
0x00007fe5075f4d30:   0000000000000001 ffffffffffffffff
0x00007fe5075f4d40:   0000000000000000 0000002fa8001cc0
0x00007fe5075f4d50:   0000000000000000 00007fe4a8001cd8
0x00007fe5075f4d60:   0000000000000000 00007fe4a80121e8
0x00007fe5075f4d70:   00007fe4a8001cc0 00007fe50daf97ec
0x00007fe5075f4d80:   0000000053ac108d 0000000000048233
0x00007fe5075f4d90:   00007fe4a8001b30 00007fe5075f4e50
0x00007fe5075f4da0:   00007fe4a801cd90 0000000000000020
0x00007fe5075f4db0:   0000000000000020 00007fe4a8014ae8
0x00007fe5075f4dc0:   0000000000000008 00007fe50dd0d8c3
0x00007fe5075f4dd0:   0000000000000060 00007fe4a80008c0
0x00007fe5075f4de0:   00007fe4a8014af4 00007fe4a80100a0
0x00007fe5075f4df0:   00007fe50e4d2700 00007fe4a80008c0
0x00007fe5075f4e00:   0000000000000003 00007fe4a80008c0
0x00007fe5075f4e10:   00007fe4a80100a0 0000000000000000 

Instructions: (pc=0x00007fe50df30201)
0x00007fe50df301e1:   0f b7 b6 8e 00 00 00 66 39 f2 0f 8d 47 02 00 00
0x00007fe50df301f1:   48 8b 43 18 48 0f bf ca 83 c2 01 bf 70 02 00 00
0x00007fe50df30201:   48 89 2c c8 83 83 88 00 00 00 01 66 89 93 8c 00
0x00007fe50df30211:   00 00 c6 83 1d 01 00 00 01 e8 01 38 ff ff 49 89 

Register to memory mapping:

RAX=0x00007fe39803f010 is an unknown value
RBX=0x00007fe518467250 is an unknown value
RCX=0xffffffffffff8000 is an unknown value
RDX=0x0000000000008001 is an unknown value
RSP=0x00007fe5075f4c20 is pointing into the stack for thread: 0x00007fe4a8012000
RBP=0x00007fe518472690 is an unknown value
RSI=0x000000000000800c is an unknown value
RDI=0x0000000000000270 is an unknown value
R8 =0x0000000000000000 is an unknown value
R9 =0x0000000000000000 is an unknown value
R10=0x00000000000001fc is an unknown value
R11=0x0000000000000065 is an unknown value
R12=0x00007fe50e4da378: <offset 0xb378> in /tmp/libJNativeHook_787386839828007130.so at 0x00007fe50e4cf000
R13=0x00007fe50e4da378: <offset 0xb378> in /tmp/libJNativeHook_787386839828007130.so at 0x00007fe50e4cf000
R14=0x00007fe518472690 is an unknown value
R15=0x00007fe50e4da378: <offset 0xb378> in /tmp/libJNativeHook_787386839828007130.so at 0x00007fe50e4cf000


Stack: [0x00007fe506df5000,0x00007fe5075f6000],  sp=0x00007fe5075f4c20,  free space=8191k
Native frames: (J=compiled Java code, j=interpreted, Vv=VM code, C=native code)
C  [libXt.so.6+0x1e201]  XtDestroyWidget+0x571


---------------  P R O C E S S  ---------------

Java Threads: ( => current thread )
  0x00007fe4b00b5000 JavaThread "RubyThread-7: :1" daemon [_thread_blocked, id=7014, stack(0x00007fe50e8dd000,0x00007fe50eade000)]
  0x00007fe4a801d000 JavaThread "JNativeHook Native Dispatch" [_thread_blocked, id=7013, stack(0x00007fe50e6dc000,0x00007fe50e8dd000)]
  0x00007fe51800a800 JavaThread "DestroyJavaVM" [_thread_blocked, id=6987, stack(0x00007fe51f954000,0x00007fe51fb55000)]
=>0x00007fe4a8012000 JavaThread "JNativeHook Native Hook" [_thread_in_native, id=7011, stack(0x00007fe506df5000,0x00007fe5075f6000)]
  0x00007fe518544000 JavaThread "Thread-4" daemon [_thread_blocked, id=7010, stack(0x00007fe5075f6000,0x00007fe5077f7000)]
  0x00007fe518542000 JavaThread "AWT-EventQueue-0" [_thread_blocked, id=7009, stack(0x00007fe5077f7000,0x00007fe5079f8000)]
  0x00007fe518540800 JavaThread "AWT-Shutdown" [_thread_blocked, id=7008, stack(0x00007fe5079f8000,0x00007fe507bf9000)]
  0x00007fe51851e000 JavaThread "AWT-XAWT" daemon [_thread_in_native, id=7007, stack(0x00007fe507bf9000,0x00007fe507dfa000)]
  0x00007fe518511000 JavaThread "Java2D Disposer" daemon [_thread_blocked, id=7006, stack(0x00007fe50c36b000,0x00007fe50c56c000)]
  0x00007fe5180a3800 JavaThread "Service Thread" daemon [_thread_blocked, id=7000, stack(0x00007fe50f219000,0x00007fe50f41a000)]
  0x00007fe5180a1000 JavaThread "C2 CompilerThread1" daemon [_thread_blocked, id=6999, stack(0x00007fe50f41a000,0x00007fe50f51b000)]
  0x00007fe51809e000 JavaThread "C2 CompilerThread0" daemon [_thread_blocked, id=6998, stack(0x00007fe5140f2000,0x00007fe5141f3000)]
  0x00007fe51809c800 JavaThread "Signal Dispatcher" daemon [_thread_blocked, id=6997, stack(0x00007fe50f51b000,0x00007fe50f71c000)]
  0x00007fe518074800 JavaThread "Finalizer" daemon [_thread_blocked, id=6996, stack(0x00007fe50fdff000,0x00007fe510000000)]
  0x00007fe518072800 JavaThread "Reference Handler" daemon [_thread_blocked, id=6995, stack(0x00007fe5141f3000,0x00007fe5143f4000)]

Other Threads:
  0x00007fe51806e800 VMThread [stack: 0x00007fe5143f4000,0x00007fe5144f5000] [id=6994]
  0x00007fe5180b6000 WatcherThread [stack: 0x00007fe50f118000,0x00007fe50f219000] [id=7001]

VM state:not at safepoint (normal execution)

VM Mutex/Monitor currently owned by a thread: None

Heap
 PSYoungGen      total 24064K, used 16723K [0x00000000f5900000, 0x00000000f7180000, 0x0000000100000000)
  eden space 23552K, 70% used [0x00000000f5900000,0x00000000f692ce60,0x00000000f7000000)
  from space 512K, 31% used [0x00000000f7100000,0x00000000f7128000,0x00000000f7180000)
  to   space 512K, 0% used [0x00000000f7080000,0x00000000f7080000,0x00000000f7100000)
 ParOldGen       total 82432K, used 26597K [0x00000000e0c00000, 0x00000000e5c80000, 0x00000000f5900000)
  object space 82432K, 32% used [0x00000000e0c00000,0x00000000e25f9730,0x00000000e5c80000)
 PSPermGen       total 30720K, used 30673K [0x00000000dba00000, 0x00000000dd800000, 0x00000000e0c00000)
  object space 30720K, 99% used [0x00000000dba00000,0x00000000dd7f4620,0x00000000dd800000)

Card table byte_map: [0x00007fe51e798000,0x00007fe51e8bc000] byte_map_base: 0x00007fe51e0bb000

Polling page: 0x00007fe5218dc000

Code Cache  [0x00007fe515000000, 0x00007fe515270000, 0x00007fe518000000)
 total_blobs=1182 nmethods=540 adapters=596 free_code_cache=47437Kb largest_free_block=48507712

Compilation events (10 events):
Event: 13674.069 Thread 0x00007fe5180a1000  590             org.jruby.runtime.Frame::getVisibility (5 bytes)
Event: 13674.070 Thread 0x00007fe5180a1000 nmethod 590 0x00007fe5151b4490 code [0x00007fe5151b45c0, 0x00007fe5151b4618]
Event: 13709.842 Thread 0x00007fe51809e000  591             java.awt.Point::<init> (15 bytes)
Event: 13709.842 Thread 0x00007fe51809e000 nmethod 591 0x00007fe5151b4290 code [0x00007fe5151b43c0, 0x00007fe5151b4418]
Event: 13721.400 Thread 0x00007fe5180a1000  592   !         org.jruby.RubyKernel::sleep (182 bytes)
Event: 13721.454 Thread 0x00007fe5180a1000 nmethod 592 0x00007fe5150f1010 code [0x00007fe5150f1480, 0x00007fe5150f30c8]
Event: 13786.429 Thread 0x00007fe51809e000  593             org.jruby.java.proxies.ConcreteJavaProxy::toJava (153 bytes)
Event: 13786.442 Thread 0x00007fe51809e000 nmethod 593 0x00007fe5151b8050 code [0x00007fe5151b81e0, 0x00007fe5151b84c8]
Event: 13793.831 Thread 0x00007fe5180a1000  594             java.lang.Boolean::booleanValue (5 bytes)
Event: 13793.832 Thread 0x00007fe5180a1000 nmethod 594 0x00007fe5151b7e50 code [0x00007fe5151b7f80, 0x00007fe5151b7fd8]

GC Heap History (10 events):
Event: 13201.247 GC heap before
{Heap before GC invocations=98 (full 0):
 PSYoungGen      total 24064K, used 23565K [0x00000000f5900000, 0x00000000f7180000, 0x0000000100000000)
  eden space 23552K, 99% used [0x00000000f5900000,0x00000000f6fdb7f8,0x00000000f7000000)
  from space 512K, 31% used [0x00000000f7080000,0x00000000f70a8000,0x00000000f7100000)
  to   space 512K, 0% used [0x00000000f7100000,0x00000000f7100000,0x00000000f7180000)
 ParOldGen       total 82432K, used 26493K [0x00000000e0c00000, 0x00000000e5c80000, 0x00000000f5900000)
  object space 82432K, 32% used [0x00000000e0c00000,0x00000000e25df730,0x00000000e5c80000)
 PSPermGen       total 30720K, used 30672K [0x00000000dba00000, 0x00000000dd800000, 0x00000000e0c00000)
  object space 30720K, 99% used [0x00000000dba00000,0x00000000dd7f4258,0x00000000dd800000)
Event: 13201.252 GC heap after
Heap after GC invocations=98 (full 0):
 PSYoungGen      total 24064K, used 192K [0x00000000f5900000, 0x00000000f7180000, 0x0000000100000000)
  eden space 23552K, 0% used [0x00000000f5900000,0x00000000f5900000,0x00000000f7000000)
  from space 512K, 37% used [0x00000000f7100000,0x00000000f7130000,0x00000000f7180000)
  to   space 512K, 0% used [0x00000000f7080000,0x00000000f7080000,0x00000000f7100000)
 ParOldGen       total 82432K, used 26517K [0x00000000e0c00000, 0x00000000e5c80000, 0x00000000f5900000)
  object space 82432K, 32% used [0x00000000e0c00000,0x00000000e25e5730,0x00000000e5c80000)
 PSPermGen       total 30720K, used 30672K [0x00000000dba00000, 0x00000000dd800000, 0x00000000e0c00000)
  object space 30720K, 99% used [0x00000000dba00000,0x00000000dd7f4258,0x00000000dd800000)
}
Event: 13333.625 GC heap before
{Heap before GC invocations=99 (full 0):
 PSYoungGen      total 24064K, used 23671K [0x00000000f5900000, 0x00000000f7180000, 0x0000000100000000)
  eden space 23552K, 99% used [0x00000000f5900000,0x00000000f6fedc70,0x00000000f7000000)
  from space 512K, 37% used [0x00000000f7100000,0x00000000f7130000,0x00000000f7180000)
  to   space 512K, 0% used [0x00000000f7080000,0x00000000f7080000,0x00000000f7100000)
 ParOldGen       total 82432K, used 26517K [0x00000000e0c00000, 0x00000000e5c80000, 0x00000000f5900000)
  object space 82432K, 32% used [0x00000000e0c00000,0x00000000e25e5730,0x00000000e5c80000)
 PSPermGen       total 30720K, used 30672K [0x00000000dba00000, 0x00000000dd800000, 0x00000000e0c00000)
  object space 30720K, 99% used [0x00000000dba00000,0x00000000dd7f4258,0x00000000dd800000)
Event: 13333.630 GC heap after
Heap after GC invocations=99 (full 0):
 PSYoungGen      total 24064K, used 160K [0x00000000f5900000, 0x00000000f7180000, 0x0000000100000000)
  eden space 23552K, 0% used [0x00000000f5900000,0x00000000f5900000,0x00000000f7000000)
  from space 512K, 31% used [0x00000000f7080000,0x00000000f70a8000,0x00000000f7100000)
  to   space 512K, 0% used [0x00000000f7100000,0x00000000f7100000,0x00000000f7180000)
 ParOldGen       total 82432K, used 26525K [0x00000000e0c00000, 0x00000000e5c80000, 0x00000000f5900000)
  object space 82432K, 32% used [0x00000000e0c00000,0x00000000e25e7730,0x00000000e5c80000)
 PSPermGen       total 30720K, used 30672K [0x00000000dba00000, 0x00000000dd800000, 0x00000000e0c00000)
  object space 30720K, 99% used [0x00000000dba00000,0x00000000dd7f4258,0x00000000dd800000)
}
Event: 13468.055 GC heap before
{Heap before GC invocations=100 (full 0):
 PSYoungGen      total 24064K, used 23576K [0x00000000f5900000, 0x00000000f7180000, 0x0000000100000000)
  eden space 23552K, 99% used [0x00000000f5900000,0x00000000f6fde110,0x00000000f7000000)
  from space 512K, 31% used [0x00000000f7080000,0x00000000f70a8000,0x00000000f7100000)
  to   space 512K, 0% used [0x00000000f7100000,0x00000000f7100000,0x00000000f7180000)
 ParOldGen       total 82432K, used 26525K [0x00000000e0c00000, 0x00000000e5c80000, 0x00000000f5900000)
  object space 82432K, 32% used [0x00000000e0c00000,0x00000000e25e7730,0x00000000e5c80000)
 PSPermGen       total 30720K, used 30672K [0x00000000dba00000, 0x00000000dd800000, 0x00000000e0c00000)
  object space 30720K, 99% used [0x00000000dba00000,0x00000000dd7f4258,0x00000000dd800000)
Event: 13468.060 GC heap after
Heap after GC invocations=100 (full 0):
 PSYoungGen      total 24064K, used 160K [0x00000000f5900000, 0x00000000f7180000, 0x0000000100000000)
  eden space 23552K, 0% used [0x00000000f5900000,0x00000000f5900000,0x00000000f7000000)
  from space 512K, 31% used [0x00000000f7100000,0x00000000f7128000,0x00000000f7180000)
  to   space 512K, 0% used [0x00000000f7080000,0x00000000f7080000,0x00000000f7100000)
 ParOldGen       total 82432K, used 26549K [0x00000000e0c00000, 0x00000000e5c80000, 0x00000000f5900000)
  object space 82432K, 32% used [0x00000000e0c00000,0x00000000e25ed730,0x00000000e5c80000)
 PSPermGen       total 30720K, used 30672K [0x00000000dba00000, 0x00000000dd800000, 0x00000000e0c00000)
  object space 30720K, 99% used [0x00000000dba00000,0x00000000dd7f4258,0x00000000dd800000)
}
Event: 13602.627 GC heap before
{Heap before GC invocations=101 (full 0):
 PSYoungGen      total 24064K, used 23602K [0x00000000f5900000, 0x00000000f7180000, 0x0000000100000000)
  eden space 23552K, 99% used [0x00000000f5900000,0x00000000f6fe4860,0x00000000f7000000)
  from space 512K, 31% used [0x00000000f7100000,0x00000000f7128000,0x00000000f7180000)
  to   space 512K, 0% used [0x00000000f7080000,0x00000000f7080000,0x00000000f7100000)
 ParOldGen       total 82432K, used 26549K [0x00000000e0c00000, 0x00000000e5c80000, 0x00000000f5900000)
  object space 82432K, 32% used [0x00000000e0c00000,0x00000000e25ed730,0x00000000e5c80000)
 PSPermGen       total 30720K, used 30672K [0x00000000dba00000, 0x00000000dd800000, 0x00000000e0c00000)
  object space 30720K, 99% used [0x00000000dba00000,0x00000000dd7f4258,0x00000000dd800000)
Event: 13602.632 GC heap after
Heap after GC invocations=101 (full 0):
 PSYoungGen      total 24064K, used 192K [0x00000000f5900000, 0x00000000f7180000, 0x0000000100000000)
  eden space 23552K, 0% used [0x00000000f5900000,0x00000000f5900000,0x00000000f7000000)
  from space 512K, 37% used [0x00000000f7080000,0x00000000f70b0000,0x00000000f7100000)
  to   space 512K, 0% used [0x00000000f7100000,0x00000000f7100000,0x00000000f7180000)
 ParOldGen       total 82432K, used 26565K [0x00000000e0c00000, 0x00000000e5c80000, 0x00000000f5900000)
  object space 82432K, 32% used [0x00000000e0c00000,0x00000000e25f1730,0x00000000e5c80000)
 PSPermGen       total 30720K, used 30672K [0x00000000dba00000, 0x00000000dd800000, 0x00000000e0c00000)
  object space 30720K, 99% used [0x00000000dba00000,0x00000000dd7f4258,0x00000000dd800000)
}
Event: 13734.999 GC heap before
{Heap before GC invocations=102 (full 0):
 PSYoungGen      total 24064K, used 23677K [0x00000000f5900000, 0x00000000f7180000, 0x0000000100000000)
  eden space 23552K, 99% used [0x00000000f5900000,0x00000000f6fef428,0x00000000f7000000)
  from space 512K, 37% used [0x00000000f7080000,0x00000000f70b0000,0x00000000f7100000)
  to   space 512K, 0% used [0x00000000f7100000,0x00000000f7100000,0x00000000f7180000)
 ParOldGen       total 82432K, used 26565K [0x00000000e0c00000, 0x00000000e5c80000, 0x00000000f5900000)
  object space 82432K, 32% used [0x00000000e0c00000,0x00000000e25f1730,0x00000000e5c80000)
 PSPermGen       total 30720K, used 30673K [0x00000000dba00000, 0x00000000dd800000, 0x00000000e0c00000)
  object space 30720K, 99% used [0x00000000dba00000,0x00000000dd7f4620,0x00000000dd800000)
Event: 13735.004 GC heap after
Heap after GC invocations=102 (full 0):
 PSYoungGen      total 24064K, used 160K [0x00000000f5900000, 0x00000000f7180000, 0x0000000100000000)
  eden space 23552K, 0% used [0x00000000f5900000,0x00000000f5900000,0x00000000f7000000)
  from space 512K, 31% used [0x00000000f7100000,0x00000000f7128000,0x00000000f7180000)
  to   space 512K, 0% used [0x00000000f7080000,0x00000000f7080000,0x00000000f7100000)
 ParOldGen       total 82432K, used 26597K [0x00000000e0c00000, 0x00000000e5c80000, 0x00000000f5900000)
  object space 82432K, 32% used [0x00000000e0c00000,0x00000000e25f9730,0x00000000e5c80000)
 PSPermGen       total 30720K, used 30673K [0x00000000dba00000, 0x00000000dd800000, 0x00000000e0c00000)
  object space 30720K, 99% used [0x00000000dba00000,0x00000000dd7f4620,0x00000000dd800000)
}

Deoptimization events (10 events):
Event: 1029.897 Thread 0x00007fe4cc028000 Uncommon trap: reason=null_check action=make_not_entrant pc=0x00007fe515092b90 method=java.util.concurrent.ThreadPoolExecutor.getTask()Ljava/lang/Runnable; @ 146
Event: 1029.957 Thread 0x00007fe4cc029800 Uncommon trap: reason=null_check action=make_not_entrant pc=0x00007fe5150c7064 method=java.util.concurrent.ThreadPoolExecutor.getTask()Ljava/lang/Runnable; @ 146
Event: 1445.029 Thread 0x00007fe4b00b5000 Uncommon trap: reason=class_check action=maybe_recompile pc=0x00007fe515088e54 method=org.jruby.javasupport.JavaUtil.getNumericConverter(Ljava/lang/Class;)Lorg/jruby/javasupport/JavaUtil$NumericConverter; @ 9
Event: 1445.030 Thread 0x00007fe4b00b5000 Uncommon trap: reason=bimorphic action=maybe_recompile pc=0x00007fe5150d433c method=org.jruby.javasupport.JavaUtil.convertJavaToUsableRubyObjectWithConverter(Lorg/jruby/Ruby;Ljava/lang/Object;Lorg/jruby/javasupport/JavaUtil$JavaConverter;)Lorg/jruby/runti
Event: 1764.482 Thread 0x00007fe51851e000 Uncommon trap: reason=unreached action=reinterpret pc=0x00007fe5150684b0 method=java.util.concurrent.locks.AbstractQueuedSynchronizer.acquireQueued(Ljava/util/concurrent/locks/AbstractQueuedSynchronizer$Node;I)Z @ 17
Event: 2396.159 Thread 0x00007fe4b00b5000 Uncommon trap: reason=class_check action=maybe_recompile pc=0x00007fe515088e54 method=org.jruby.javasupport.JavaUtil.getNumericConverter(Ljava/lang/Class;)Lorg/jruby/javasupport/JavaUtil$NumericConverter; @ 9
Event: 2396.159 Thread 0x00007fe4b00b5000 Uncommon trap: reason=bimorphic action=maybe_recompile pc=0x00007fe5150d433c method=org.jruby.javasupport.JavaUtil.convertJavaToUsableRubyObjectWithConverter(Lorg/jruby/Ruby;Ljava/lang/Object;Lorg/jruby/javasupport/JavaUtil$JavaConverter;)Lorg/jruby/runti
Event: 3648.493 Thread 0x00007fe51851e000 Uncommon trap: reason=null_check action=make_not_entrant pc=0x00007fe5150eda5c method=sun.awt.X11.XToolkit.windowToXWindow(J)Lsun/awt/X11/XBaseWindow; @ 16
Event: 10304.344 Thread 0x00007fe4b00b5000 Uncommon trap: reason=range_check action=make_not_entrant pc=0x00007fe5151a7dc4 method=java.awt.image.DirectColorModel.getsRGBComponentFromsRGB(II)I @ 6
Event: 12168.602 Thread 0x00007fe4a801d000 Uncommon trap: reason=unreached action=reinterpret pc=0x00007fe51509f390 method=java.util.concurrent.locks.AbstractQueuedSynchronizer.isOnSyncQueue(Ljava/util/concurrent/locks/AbstractQueuedSynchronizer$Node;)Z @ 13

Internal exceptions (10 events):
Event: 46.030 Thread 0x00007fe4a801d000 Threw 0x00000000f6c44bc0 at /HUDSON/workspace/7u-2-build-linux-amd64/jdk7u60/1081/hotspot/src/share/vm/prims/jvm.cpp:1244
Event: 58.983 Thread 0x00007fe4b00b5000 Threw 0x00000000f6e95570 at /HUDSON/workspace/7u-2-build-linux-amd64/jdk7u60/1081/hotspot/src/share/vm/prims/jvm.cpp:1244
Event: 58.984 Thread 0x00007fe4b00b5000 Threw 0x00000000f6e96a40 at /HUDSON/workspace/7u-2-build-linux-amd64/jdk7u60/1081/hotspot/src/share/vm/prims/jvm.cpp:1244
Event: 151.961 Thread 0x00007fe4a801d000 Threw 0x00000000f5ffdb80 at /HUDSON/workspace/7u-2-build-linux-amd64/jdk7u60/1081/hotspot/src/share/vm/prims/jvm.cpp:1244
Event: 151.961 Thread 0x00007fe4a801d000 Threw 0x00000000f5ffecd0 at /HUDSON/workspace/7u-2-build-linux-amd64/jdk7u60/1081/hotspot/src/share/vm/prims/jvm.cpp:1244
Event: 236.367 Thread 0x00007fe4a801d000 Implicit null exception at 0x00007fe5150a0e4b to 0x00007fe5150a1255
Event: 1029.888 Thread 0x00007fe4cc02a800 Implicit null exception at 0x00007fe5150c6d5b to 0x00007fe5150c7047
Event: 1029.897 Thread 0x00007fe4cc028000 Implicit null exception at 0x00007fe515092a7f to 0x00007fe515092b85
Event: 1029.957 Thread 0x00007fe4cc029800 Implicit null exception at 0x00007fe5150c6d5b to 0x00007fe5150c7047
Event: 3648.493 Thread 0x00007fe51851e000 Implicit null exception at 0x00007fe5150eb1c4 to 0x00007fe5150eda49

Events (10 events):
Event: 13201.252 Executing VM operation: ParallelGCFailedAllocation done
Event: 13333.624 Executing VM operation: ParallelGCFailedAllocation
Event: 13333.631 Executing VM operation: ParallelGCFailedAllocation done
Event: 13391.444 Thread 0x00007fe5180a1000 flushing nmethod 0x00007fe5150ea090
Event: 13468.055 Executing VM operation: ParallelGCFailedAllocation
Event: 13468.061 Executing VM operation: ParallelGCFailedAllocation done
Event: 13602.627 Executing VM operation: ParallelGCFailedAllocation
Event: 13602.633 Executing VM operation: ParallelGCFailedAllocation done
Event: 13734.998 Executing VM operation: ParallelGCFailedAllocation
Event: 13735.004 Executing VM operation: ParallelGCFailedAllocation done


Dynamic libraries:
00400000-00401000 r-xp 00000000 08:01 23593812                           /usr/lib/jvm/java-7-oracle/jre/bin/java
00600000-00601000 rw-p 00000000 08:01 23593812                           /usr/lib/jvm/java-7-oracle/jre/bin/java
00873000-00894000 rw-p 00000000 00:00 0                                  [heap]
dba00000-dd800000 rw-p 00000000 00:00 0 
dd800000-e0c00000 rw-p 00000000 00:00 0 
e0c00000-e5c80000 rw-p 00000000 00:00 0 
e5c80000-f5900000 rw-p 00000000 00:00 0 
f5900000-f7180000 rw-p 00000000 00:00 0 
f7180000-f9f00000 ---p 00000000 00:00 0 
f9f00000-100000000 rw-p 00000000 00:00 0 
7fe39803f000-7fe498000000 rw-p 00000000 00:00 0 
7fe498000000-7fe49b048000 rw-p 00000000 00:00 0 
7fe49b048000-7fe49c000000 ---p 00000000 00:00 0 
7fe4a0000000-7fe4a0021000 rw-p 00000000 00:00 0 
7fe4a0021000-7fe4a4000000 ---p 00000000 00:00 0 
7fe4a4000000-7fe4a4021000 rw-p 00000000 00:00 0 
7fe4a4021000-7fe4a8000000 ---p 00000000 00:00 0 
7fe4a8000000-7fe4ac000000 rw-p 00000000 00:00 0 
7fe4ac000000-7fe4ac021000 rw-p 00000000 00:00 0 
7fe4ac021000-7fe4b0000000 ---p 00000000 00:00 0 
7fe4b0000000-7fe4b00b9000 rw-p 00000000 00:00 0 
7fe4b00b9000-7fe4b4000000 ---p 00000000 00:00 0 
7fe4b4000000-7fe4b4021000 rw-p 00000000 00:00 0 
7fe4b4021000-7fe4b8000000 ---p 00000000 00:00 0 
7fe4b8000000-7fe4b8038000 rw-p 00000000 00:00 0 
7fe4b8038000-7fe4bc000000 ---p 00000000 00:00 0 
7fe4bc000000-7fe4bc021000 rw-p 00000000 00:00 0 
7fe4bc021000-7fe4c0000000 ---p 00000000 00:00 0 
7fe4c0000000-7fe4c0021000 rw-p 00000000 00:00 0 
7fe4c0021000-7fe4c4000000 ---p 00000000 00:00 0 
7fe4c4000000-7fe4c4021000 rw-p 00000000 00:00 0 
7fe4c4021000-7fe4c8000000 ---p 00000000 00:00 0 
7fe4c8000000-7fe4c8021000 rw-p 00000000 00:00 0 
7fe4c8021000-7fe4cc000000 ---p 00000000 00:00 0 
7fe4cc000000-7fe4cc5b5000 rw-p 00000000 00:00 0 
7fe4cc5b5000-7fe4d0000000 ---p 00000000 00:00 0 
7fe4d0000000-7fe4d0cb0000 rw-p 00000000 00:00 0 
7fe4d0cb0000-7fe4d4000000 ---p 00000000 00:00 0 
7fe4d4000000-7fe4d4021000 rw-p 00000000 00:00 0 
7fe4d4021000-7fe4d8000000 ---p 00000000 00:00 0 
7fe4d8000000-7fe4d8021000 rw-p 00000000 00:00 0 
7fe4d8021000-7fe4dc000000 ---p 00000000 00:00 0 
7fe4dc000000-7fe4dcc07000 rw-p 00000000 00:00 0 
7fe4dcc07000-7fe4e0000000 ---p 00000000 00:00 0 
7fe4e0000000-7fe4e0021000 rw-p 00000000 00:00 0 
7fe4e0021000-7fe4e4000000 ---p 00000000 00:00 0 
7fe4e4000000-7fe4e4021000 rw-p 00000000 00:00 0 
7fe4e4021000-7fe4e8000000 ---p 00000000 00:00 0 
7fe4e8000000-7fe4e8021000 rw-p 00000000 00:00 0 
7fe4e8021000-7fe4ec000000 ---p 00000000 00:00 0 
7fe4ec000000-7fe4ec021000 rw-p 00000000 00:00 0 
7fe4ec021000-7fe4f0000000 ---p 00000000 00:00 0 
7fe4f0000000-7fe4f0021000 rw-p 00000000 00:00 0 
7fe4f0021000-7fe4f4000000 ---p 00000000 00:00 0 
7fe4f8000000-7fe4f8021000 rw-p 00000000 00:00 0 
7fe4f8021000-7fe4fc000000 ---p 00000000 00:00 0 
7fe500000000-7fe500021000 rw-p 00000000 00:00 0 
7fe500021000-7fe504000000 ---p 00000000 00:00 0 
7fe5064e6000-7fe50654e000 r-xp 00000000 08:01 23593285                   /usr/lib/jvm/java-7-oracle/jre/lib/amd64/libt2k.so
7fe50654e000-7fe50674e000 ---p 00068000 08:01 23593285                   /usr/lib/jvm/java-7-oracle/jre/lib/amd64/libt2k.so
7fe50674e000-7fe506755000 rw-p 00068000 08:01 23593285                   /usr/lib/jvm/java-7-oracle/jre/lib/amd64/libt2k.so
7fe506755000-7fe506765000 rw-p 00000000 00:00 0 
7fe506765000-7fe50677a000 r-xp 00000000 08:01 4198066                    /lib/x86_64-linux-gnu/libgcc_s.so.1
7fe50677a000-7fe506979000 ---p 00015000 08:01 4198066                    /lib/x86_64-linux-gnu/libgcc_s.so.1
7fe506979000-7fe50697a000 r--p 00014000 08:01 4198066                    /lib/x86_64-linux-gnu/libgcc_s.so.1
7fe50697a000-7fe50697b000 rw-p 00015000 08:01 4198066                    /lib/x86_64-linux-gnu/libgcc_s.so.1
7fe50697b000-7fe5069e0000 r-xp 00000000 08:01 23593269                   /usr/lib/jvm/java-7-oracle/jre/lib/amd64/libfontmanager.so
7fe5069e0000-7fe506bdf000 ---p 00065000 08:01 23593269                   /usr/lib/jvm/java-7-oracle/jre/lib/amd64/libfontmanager.so
7fe506bdf000-7fe506be3000 rw-p 00064000 08:01 23593269                   /usr/lib/jvm/java-7-oracle/jre/lib/amd64/libfontmanager.so
7fe506be3000-7fe506bf4000 rw-p 00000000 00:00 0 
7fe506bf4000-7fe506bf7000 ---p 00000000 00:00 0 
7fe506bf7000-7fe506df5000 rw-p 00000000 00:00 0 
7fe506df5000-7fe506df8000 ---p 00000000 00:00 0 
7fe506df8000-7fe5075f6000 rw-p 00000000 00:00 0                          [stack:7011]
7fe5075f6000-7fe5075f9000 ---p 00000000 00:00 0 
7fe5075f9000-7fe5077f7000 rw-p 00000000 00:00 0                          [stack:7010]
7fe5077f7000-7fe5077fa000 ---p 00000000 00:00 0 
7fe5077fa000-7fe5079f8000 rw-p 00000000 00:00 0                          [stack:7009]
7fe5079f8000-7fe5079fb000 ---p 00000000 00:00 0 
7fe5079fb000-7fe507bf9000 rw-p 00000000 00:00 0                          [stack:7008]
7fe507bf9000-7fe507bfc000 ---p 00000000 00:00 0 
7fe507bfc000-7fe507dfa000 rw-p 00000000 00:00 0                          [stack:7007]
7fe507dfa000-7fe507dff000 r-xp 00000000 08:01 11671515                   /usr/lib/x86_64-linux-gnu/libXfixes.so.3.1.0
7fe507dff000-7fe507ffe000 ---p 00005000 08:01 11671515                   /usr/lib/x86_64-linux-gnu/libXfixes.so.3.1.0
7fe507ffe000-7fe507fff000 r--p 00004000 08:01 11671515                   /usr/lib/x86_64-linux-gnu/libXfixes.so.3.1.0
7fe507fff000-7fe508000000 rw-p 00005000 08:01 11671515                   /usr/lib/x86_64-linux-gnu/libXfixes.so.3.1.0
7fe508000000-7fe508021000 rw-p 00000000 00:00 0 
7fe508021000-7fe50c000000 ---p 00000000 00:00 0 
7fe50c057000-7fe50c058000 rw-p 00000000 00:00 0 
7fe50c058000-7fe50c05b000 ---p 00000000 00:00 0 
7fe50c05b000-7fe50c091000 rw-p 00000000 00:00 0 
7fe50c091000-7fe50c094000 ---p 00000000 00:00 0 
7fe50c094000-7fe50c0ca000 rw-p 00000000 00:00 0 
7fe50c0ca000-7fe50c0cd000 ---p 00000000 00:00 0 
7fe50c0cd000-7fe50c103000 rw-p 00000000 00:00 0 
7fe50c103000-7fe50c10c000 r--s 00000000 08:01 16253151                   /var/cache/fontconfig/945677eb7aeaf62f1d50efc3fb3ec7d8-le64.cache-3
7fe50c10c000-7fe50c10e000 r--s 00000000 08:01 16255460                   /var/cache/fontconfig/99e8ed0e538f840c565b6ed5dad60d56-le64.cache-3
7fe50c10e000-7fe50c116000 r--s 00000000 08:01 16255459                   /var/cache/fontconfig/a6d8cf8e4ec09cdbc8633c31745a07dd-le64.cache-3
7fe50c116000-7fe50c11a000 r--s 00000000 08:01 16255456                   /var/cache/fontconfig/2cd17615ca594fa2959ae173292e504c-le64.cache-3
7fe50c11a000-7fe50c11d000 r--s 00000000 08:01 16261108                   /var/cache/fontconfig/b5ea634b0fb353b8ea17632d1f9ef766-le64.cache-3
7fe50c11d000-7fe50c123000 r--s 00000000 08:01 16255450                   /var/cache/fontconfig/a755afe4a08bf5b97852ceb7400b47bc-le64.cache-3
7fe50c123000-7fe50c133000 r--s 00000000 08:01 16255447                   /var/cache/fontconfig/04aabc0a78ac019cf9454389977116d2-le64.cache-3
7fe50c133000-7fe50c161000 r--s 00000000 08:01 16255435                   /var/cache/fontconfig/365b55f210c0a22e9a19e35191240f32-le64.cache-3
7fe50c161000-7fe50c16a000 r-xp 00000000 08:01 11672490                   /usr/lib/x86_64-linux-gnu/libXcursor.so.1.0.2
7fe50c16a000-7fe50c369000 ---p 00009000 08:01 11672490                   /usr/lib/x86_64-linux-gnu/libXcursor.so.1.0.2
7fe50c369000-7fe50c36a000 r--p 00008000 08:01 11672490                   /usr/lib/x86_64-linux-gnu/libXcursor.so.1.0.2
7fe50c36a000-7fe50c36b000 rw-p 00009000 08:01 11672490                   /usr/lib/x86_64-linux-gnu/libXcursor.so.1.0.2
7fe50c36b000-7fe50c36e000 ---p 00000000 00:00 0 
7fe50c36e000-7fe50c56c000 rw-p 00000000 00:00 0                          [stack:7006]
7fe50c56c000-7fe50c57b000 r-xp 00000000 08:01 11671521                   /usr/lib/x86_64-linux-gnu/libXi.so.6.1.0
7fe50c57b000-7fe50c77a000 ---p 0000f000 08:01 11671521                   /usr/lib/x86_64-linux-gnu/libXi.so.6.1.0
7fe50c77a000-7fe50c77b000 r--p 0000e000 08:01 11671521                   /usr/lib/x86_64-linux-gnu/libXi.so.6.1.0
7fe50c77b000-7fe50c77c000 rw-p 0000f000 08:01 11671521                   /usr/lib/x86_64-linux-gnu/libXi.so.6.1.0
7fe50c77c000-7fe50c785000 r-xp 00000000 08:01 11672518                   /usr/lib/x86_64-linux-gnu/libXrender.so.1.3.0
7fe50c785000-7fe50c984000 ---p 00009000 08:01 11672518                   /usr/lib/x86_64-linux-gnu/libXrender.so.1.3.0
7fe50c984000-7fe50c985000 r--p 00008000 08:01 11672518                   /usr/lib/x86_64-linux-gnu/libXrender.so.1.3.0
7fe50c985000-7fe50c986000 rw-p 00009000 08:01 11672518                   /usr/lib/x86_64-linux-gnu/libXrender.so.1.3.0
7fe50c986000-7fe50c9d6000 r-xp 00000000 08:01 23593292                   /usr/lib/jvm/java-7-oracle/jre/lib/amd64/xawt/libmawt.so
7fe50c9d6000-7fe50cbd6000 ---p 00050000 08:01 23593292                   /usr/lib/jvm/java-7-oracle/jre/lib/amd64/xawt/libmawt.so
7fe50cbd6000-7fe50cbda000 rw-p 00050000 08:01 23593292                   /usr/lib/jvm/java-7-oracle/jre/lib/amd64/xawt/libmawt.so
7fe50cbda000-7fe50cbdb000 rw-p 00000000 00:00 0 
7fe50cbdb000-7fe50cc7d000 r-xp 00000000 08:01 23593318                   /usr/lib/jvm/java-7-oracle/jre/lib/amd64/libawt.so
7fe50cc7d000-7fe50ce7d000 ---p 000a2000 08:01 23593318                   /usr/lib/jvm/java-7-oracle/jre/lib/amd64/libawt.so
7fe50ce7d000-7fe50ce89000 rw-p 000a2000 08:01 23593318                   /usr/lib/jvm/java-7-oracle/jre/lib/amd64/libawt.so
7fe50ce89000-7fe50cead000 rw-p 00000000 00:00 0 
7fe50cead000-7fe50ceb1000 r-xp 00000000 08:01 4197989                    /lib/x86_64-linux-gnu/libuuid.so.1.3.0
7fe50ceb1000-7fe50d0b0000 ---p 00004000 08:01 4197989                    /lib/x86_64-linux-gnu/libuuid.so.1.3.0
7fe50d0b0000-7fe50d0b1000 r--p 00003000 08:01 4197989                    /lib/x86_64-linux-gnu/libuuid.so.1.3.0
7fe50d0b1000-7fe50d0b2000 rw-p 00004000 08:01 4197989                    /lib/x86_64-linux-gnu/libuuid.so.1.3.0
7fe50d0b2000-7fe50d0b7000 r-xp 00000000 08:01 11672494                   /usr/lib/x86_64-linux-gnu/libXdmcp.so.6.0.0
7fe50d0b7000-7fe50d2b6000 ---p 00005000 08:01 11672494                   /usr/lib/x86_64-linux-gnu/libXdmcp.so.6.0.0
7fe50d2b6000-7fe50d2b7000 r--p 00004000 08:01 11672494                   /usr/lib/x86_64-linux-gnu/libXdmcp.so.6.0.0
7fe50d2b7000-7fe50d2b8000 rw-p 00005000 08:01 11672494                   /usr/lib/x86_64-linux-gnu/libXdmcp.so.6.0.0
7fe50d2b8000-7fe50d2ba000 r-xp 00000000 08:01 11672483                   /usr/lib/x86_64-linux-gnu/libXau.so.6.0.0
7fe50d2ba000-7fe50d4b9000 ---p 00002000 08:01 11672483                   /usr/lib/x86_64-linux-gnu/libXau.so.6.0.0
7fe50d4b9000-7fe50d4ba000 r--p 00001000 08:01 11672483                   /usr/lib/x86_64-linux-gnu/libXau.so.6.0.0
7fe50d4ba000-7fe50d4bb000 rw-p 00002000 08:01 11672483                   /usr/lib/x86_64-linux-gnu/libXau.so.6.0.0
7fe50d4bb000-7fe50d4cb000 r-xp 00000000 08:01 11672496                   /usr/lib/x86_64-linux-gnu/libXext.so.6.4.0
7fe50d4cb000-7fe50d6ca000 ---p 00010000 08:01 11672496                   /usr/lib/x86_64-linux-gnu/libXext.so.6.4.0
7fe50d6ca000-7fe50d6cb000 r--p 0000f000 08:01 11672496                   /usr/lib/x86_64-linux-gnu/libXext.so.6.4.0
7fe50d6cb000-7fe50d6cc000 rw-p 00010000 08:01 11672496                   /usr/lib/x86_64-linux-gnu/libXext.so.6.4.0
7fe50d6cc000-7fe50d6e2000 r-xp 00000000 08:01 11672436                   /usr/lib/x86_64-linux-gnu/libICE.so.6.3.0
7fe50d6e2000-7fe50d8e1000 ---p 00016000 08:01 11672436                   /usr/lib/x86_64-linux-gnu/libICE.so.6.3.0
7fe50d8e1000-7fe50d8e2000 r--p 00015000 08:01 11672436                   /usr/lib/x86_64-linux-gnu/libICE.so.6.3.0
7fe50d8e2000-7fe50d8e3000 rw-p 00016000 08:01 11672436                   /usr/lib/x86_64-linux-gnu/libICE.so.6.3.0
7fe50d8e3000-7fe50d8e6000 rw-p 00000000 00:00 0 
7fe50d8e6000-7fe50d8ed000 r-xp 00000000 08:01 11672477                   /usr/lib/x86_64-linux-gnu/libSM.so.6.0.1
7fe50d8ed000-7fe50daec000 ---p 00007000 08:01 11672477                   /usr/lib/x86_64-linux-gnu/libSM.so.6.0.1
7fe50daec000-7fe50daed000 r--p 00006000 08:01 11672477                   /usr/lib/x86_64-linux-gnu/libSM.so.6.0.1
7fe50daed000-7fe50daee000 rw-p 00007000 08:01 11672477                   /usr/lib/x86_64-linux-gnu/libSM.so.6.0.1
7fe50daee000-7fe50db0b000 r-xp 00000000 08:01 11673090                   /usr/lib/x86_64-linux-gnu/libxcb.so.1.1.0
7fe50db0b000-7fe50dd0a000 ---p 0001d000 08:01 11673090                   /usr/lib/x86_64-linux-gnu/libxcb.so.1.1.0
7fe50dd0a000-7fe50dd0b000 r--p 0001c000 08:01 11673090                   /usr/lib/x86_64-linux-gnu/libxcb.so.1.1.0
7fe50dd0b000-7fe50dd0c000 rw-p 0001d000 08:01 11673090                   /usr/lib/x86_64-linux-gnu/libxcb.so.1.1.0
7fe50dd0c000-7fe50dd11000 r-xp 00000000 08:01 11672522                   /usr/lib/x86_64-linux-gnu/libXtst.so.6.1.0
7fe50dd11000-7fe50df10000 ---p 00005000 08:01 11672522                   /usr/lib/x86_64-linux-gnu/libXtst.so.6.1.0
7fe50df10000-7fe50df11000 r--p 00004000 08:01 11672522                   /usr/lib/x86_64-linux-gnu/libXtst.so.6.1.0
7fe50df11000-7fe50df12000 rw-p 00005000 08:01 11672522                   /usr/lib/x86_64-linux-gnu/libXtst.so.6.1.0
7fe50df12000-7fe50df71000 r-xp 00000000 08:01 11672520                   /usr/lib/x86_64-linux-gnu/libXt.so.6.0.0
7fe50df71000-7fe50e171000 ---p 0005f000 08:01 11672520                   /usr/lib/x86_64-linux-gnu/libXt.so.6.0.0
7fe50e171000-7fe50e172000 r--p 0005f000 08:01 11672520                   /usr/lib/x86_64-linux-gnu/libXt.so.6.0.0
7fe50e172000-7fe50e177000 rw-p 00060000 08:01 11672520                   /usr/lib/x86_64-linux-gnu/libXt.so.6.0.0
7fe50e177000-7fe50e178000 rw-p 00000000 00:00 0 
7fe50e178000-7fe50e2a8000 r-xp 00000000 08:01 11667031                   /usr/lib/x86_64-linux-gnu/libX11.so.6.3.0
7fe50e2a8000-7fe50e4a8000 ---p 00130000 08:01 11667031                   /usr/lib/x86_64-linux-gnu/libX11.so.6.3.0
7fe50e4a8000-7fe50e4a9000 r--p 00130000 08:01 11667031                   /usr/lib/x86_64-linux-gnu/libX11.so.6.3.0
7fe50e4a9000-7fe50e4ad000 rw-p 00131000 08:01 11667031                   /usr/lib/x86_64-linux-gnu/libX11.so.6.3.0
7fe50e4ad000-7fe50e4ae000 r--s 00000000 08:01 16255465                   /var/cache/fontconfig/c05880de57d1f5e948fdfacc138775d9-le64.cache-3
7fe50e4ae000-7fe50e4af000 r--s 00000000 08:01 16255455                   /var/cache/fontconfig/e7071f4a29fa870f4323321c154eba04-le64.cache-3
7fe50e4af000-7fe50e4b0000 r--s 00000000 08:01 16255454                   /var/cache/fontconfig/0d8c3b2ac0904cb8a57a757ad11a4a08-le64.cache-3
7fe50e4b0000-7fe50e4b4000 r--s 00000000 08:01 16255448                   /var/cache/fontconfig/6d41288fd70b0be22e8c3a91e032eec0-le64.cache-3
7fe50e4b4000-7fe50e4b7000 r--s 00000000 08:01 16255439                   /var/cache/fontconfig/385c0604a188198f04d133e54aba7fe7-le64.cache-3
7fe50e4b7000-7fe50e4ba000 r--s 00000000 08:01 16255436                   /var/cache/fontconfig/8801497958630a81b71ace7c5f9b32a8-le64.cache-3
7fe50e4ba000-7fe50e4bf000 r--s 00000000 08:01 16255434                   /var/cache/fontconfig/3047814df9a2f067bd2d96a2b9c36e5a-le64.cache-3
7fe50e4bf000-7fe50e4cf000 r--s 00000000 08:01 16255428                   /var/cache/fontconfig/d52a8644073d54c13679302ca1180695-le64.cache-3
7fe50e4cf000-7fe50e4db000 r-xp 00000000 08:01 18612245                   /tmp/libJNativeHook_787386839828007130.so
7fe50e4db000-7fe50e6da000 ---p 0000c000 08:01 18612245                   /tmp/libJNativeHook_787386839828007130.so
7fe50e6da000-7fe50e6db000 r--p 0000b000 08:01 18612245                   /tmp/libJNativeHook_787386839828007130.so
7fe50e6db000-7fe50e6dc000 rw-p 0000c000 08:01 18612245                   /tmp/libJNativeHook_787386839828007130.so
7fe50e6dc000-7fe50e6df000 ---p 00000000 00:00 0 
7fe50e6df000-7fe50e8dd000 rw-p 00000000 00:00 0                          [stack:7013]
7fe50e8dd000-7fe50e8e0000 ---p 00000000 00:00 0 
7fe50e8e0000-7fe50eade000 rw-p 00000000 00:00 0                          [stack:7014]
7fe50eade000-7fe50eaf0000 r-xp 00000000 08:01 20983419                   /home/vmocuk/.rvm/rubies/jruby-1.7.10/lib/jni/x86_64-Linux/libjffi-1.2.so
7fe50eaf0000-7fe50ecef000 ---p 00012000 08:01 20983419                   /home/vmocuk/.rvm/rubies/jruby-1.7.10/lib/jni/x86_64-Linux/libjffi-1.2.so
7fe50ecef000-7fe50ecf0000 rw-p 00011000 08:01 20983419                   /home/vmocuk/.rvm/rubies/jruby-1.7.10/lib/jni/x86_64-Linux/libjffi-1.2.so
7fe50ecf0000-7fe50ed00000 r-xp 00000000 08:01 23593304                   /usr/lib/jvm/java-7-oracle/jre/lib/amd64/libnio.so
7fe50ed00000-7fe50ef00000 ---p 00010000 08:01 23593304                   /usr/lib/jvm/java-7-oracle/jre/lib/amd64/libnio.so
7fe50ef00000-7fe50ef01000 rw-p 00010000 08:01 23593304                   /usr/lib/jvm/java-7-oracle/jre/lib/amd64/libnio.so
7fe50ef01000-7fe50ef17000 r-xp 00000000 08:01 23593280                   /usr/lib/jvm/java-7-oracle/jre/lib/amd64/libnet.so
7fe50ef17000-7fe50f117000 ---p 00016000 08:01 23593280                   /usr/lib/jvm/java-7-oracle/jre/lib/amd64/libnet.so
7fe50f117000-7fe50f118000 rw-p 00016000 08:01 23593280                   /usr/lib/jvm/java-7-oracle/jre/lib/amd64/libnet.so
7fe50f118000-7fe50f119000 ---p 00000000 00:00 0 
7fe50f119000-7fe50f219000 rw-p 00000000 00:00 0                          [stack:7001]
7fe50f219000-7fe50f21c000 ---p 00000000 00:00 0 
7fe50f21c000-7fe50f41a000 rw-p 00000000 00:00 0                          [stack:7000]
7fe50f41a000-7fe50f41d000 ---p 00000000 00:00 0 
7fe50f41d000-7fe50f51b000 rw-p 00000000 00:00 0                          [stack:6999]
7fe50f51b000-7fe50f51e000 ---p 00000000 00:00 0 
7fe50f51e000-7fe50f71c000 rw-p 00000000 00:00 0                          [stack:6997]
7fe50f71c000-7fe50fdff000 r--p 00000000 08:01 11671840                   /usr/lib/locale/locale-archive
7fe50fdff000-7fe50fe02000 ---p 00000000 00:00 0 
7fe50fe02000-7fe510000000 rw-p 00000000 00:00 0                          [stack:6996]
7fe510000000-7fe510021000 rw-p 00000000 00:00 0 
7fe510021000-7fe514000000 ---p 00000000 00:00 0 
7fe514000000-7fe514001000 r--s 00000000 08:01 16255437                   /var/cache/fontconfig/4794a0821666d79190d59a36cb4f44b5-le64.cache-3
7fe514001000-7fe514002000 r--s 00000000 08:01 16255433                   /var/cache/fontconfig/56cf4f4769d0f4abc89a4895d7bd3ae1-le64.cache-3
7fe514002000-7fe514003000 r--s 00000000 08:01 16255432                   /var/cache/fontconfig/b9d506c9ac06c20b433354fa67a72993-le64.cache-3
7fe514003000-7fe514008000 r--s 00000000 08:01 16255431                   /var/cache/fontconfig/b47c4e1ecd0709278f4910c18777a504-le64.cache-3
7fe514008000-7fe514009000 r--s 00000000 08:01 16255430                   /var/cache/fontconfig/89034621ae2a8922916bb6bfa5799546-le64.cache-3
7fe514009000-7fe5140f2000 r--s 00bb9000 08:01 20192340                   /home/vmocuk/.rvm/rubies/jruby-1.7.10/lib/jruby.jar
7fe5140f2000-7fe5140f5000 ---p 00000000 00:00 0 
7fe5140f5000-7fe5141f3000 rw-p 00000000 00:00 0                          [stack:6998]
7fe5141f3000-7fe5141f6000 ---p 00000000 00:00 0 
7fe5141f6000-7fe5143f4000 rw-p 00000000 00:00 0                          [stack:6995]
7fe5143f4000-7fe5143f5000 ---p 00000000 00:00 0 
7fe5143f5000-7fe515000000 rw-p 00000000 00:00 0                          [stack:6994]
7fe515000000-7fe515270000 rwxp 00000000 00:00 0 
7fe515270000-7fe5185c7000 rw-p 00000000 00:00 0 
7fe5185c7000-7fe51c000000 ---p 00000000 00:00 0 
7fe51c000000-7fe51c008000 r--s 00000000 08:01 16255429                   /var/cache/fontconfig/52f7bdb7ce746bfd7eaa1985bd9cfa93-le64.cache-3
7fe51c008000-7fe51c00e000 r--s 00000000 08:01 16255425                   /var/cache/fontconfig/3f7329c5293ffd510edef78f73874cfd-le64.cache-3
7fe51c00e000-7fe51c019000 r--s 00000000 08:01 16253148                   /var/cache/fontconfig/e13b20fdb08344e0e664864cc2ede53d-le64.cache-3
7fe51c019000-7fe51cbaf000 rw-p 00000000 00:00 0 
7fe51cbaf000-7fe51cd6e000 r--s 039e2000 08:01 12590043                   /usr/lib/jvm/java-7-oracle/jre/lib/rt.jar
7fe51cd6e000-7fe51e192000 rw-p 00000000 00:00 0 
7fe51e192000-7fe51e193000 ---p 00000000 00:00 0 
7fe51e193000-7fe51e293000 rw-p 00000000 00:00 0                          [stack:6993]
7fe51e293000-7fe51e294000 ---p 00000000 00:00 0 
7fe51e294000-7fe51e394000 rw-p 00000000 00:00 0                          [stack:6992]
7fe51e394000-7fe51e395000 ---p 00000000 00:00 0 
7fe51e395000-7fe51e495000 rw-p 00000000 00:00 0                          [stack:6991]
7fe51e495000-7fe51e496000 ---p 00000000 00:00 0 
7fe51e496000-7fe51e596000 rw-p 00000000 00:00 0                          [stack:6990]
7fe51e596000-7fe51e597000 ---p 00000000 00:00 0 
7fe51e597000-7fe51e697000 rw-p 00000000 00:00 0                          [stack:6989]
7fe51e697000-7fe51e698000 ---p 00000000 00:00 0 
7fe51e698000-7fe51e7a7000 rw-p 00000000 00:00 0                          [stack:6988]
7fe51e7a7000-7fe51e7c1000 rw-p 00000000 00:00 0 
7fe51e7c1000-7fe51e7ea000 rw-p 00000000 00:00 0 
7fe51e7ea000-7fe51e867000 rw-p 00000000 00:00 0 
7fe51e867000-7fe51e874000 rw-p 00000000 00:00 0 
7fe51e874000-7fe51e88b000 ---p 00000000 00:00 0 
7fe51e88b000-7fe51e8bb000 rw-p 00000000 00:00 0 
7fe51e8bb000-7fe51e8bc000 rw-p 00000000 00:00 0 
7fe51e8bc000-7fe51e8d6000 r-xp 00000000 08:01 23593272                   /usr/lib/jvm/java-7-oracle/jre/lib/amd64/libzip.so
7fe51e8d6000-7fe51ead6000 ---p 0001a000 08:01 23593272                   /usr/lib/jvm/java-7-oracle/jre/lib/amd64/libzip.so
7fe51ead6000-7fe51ead7000 rw-p 0001a000 08:01 23593272                   /usr/lib/jvm/java-7-oracle/jre/lib/amd64/libzip.so
7fe51ead7000-7fe51eae3000 r-xp 00000000 08:01 4194419                    /lib/x86_64-linux-gnu/libnss_files-2.15.so
7fe51eae3000-7fe51ece2000 ---p 0000c000 08:01 4194419                    /lib/x86_64-linux-gnu/libnss_files-2.15.so
7fe51ece2000-7fe51ece3000 r--p 0000b000 08:01 4194419                    /lib/x86_64-linux-gnu/libnss_files-2.15.so
7fe51ece3000-7fe51ece4000 rw-p 0000c000 08:01 4194419                    /lib/x86_64-linux-gnu/libnss_files-2.15.so
7fe51ece4000-7fe51ecee000 r-xp 00000000 08:01 4194423                    /lib/x86_64-linux-gnu/libnss_nis-2.15.so
7fe51ecee000-7fe51eeee000 ---p 0000a000 08:01 4194423                    /lib/x86_64-linux-gnu/libnss_nis-2.15.so
7fe51eeee000-7fe51eeef000 r--p 0000a000 08:01 4194423                    /lib/x86_64-linux-gnu/libnss_nis-2.15.so
7fe51eeef000-7fe51eef0000 rw-p 0000b000 08:01 4194423                    /lib/x86_64-linux-gnu/libnss_nis-2.15.so
7fe51eef0000-7fe51ef07000 r-xp 00000000 08:01 4198254                    /lib/x86_64-linux-gnu/libnsl-2.15.so
7fe51ef07000-7fe51f106000 ---p 00017000 08:01 4198254                    /lib/x86_64-linux-gnu/libnsl-2.15.so
7fe51f106000-7fe51f107000 r--p 00016000 08:01 4198254                    /lib/x86_64-linux-gnu/libnsl-2.15.so
7fe51f107000-7fe51f108000 rw-p 00017000 08:01 4198254                    /lib/x86_64-linux-gnu/libnsl-2.15.so
7fe51f108000-7fe51f10a000 rw-p 00000000 00:00 0 
7fe51f10a000-7fe51f112000 r-xp 00000000 08:01 4194417                    /lib/x86_64-linux-gnu/libnss_compat-2.15.so
7fe51f112000-7fe51f311000 ---p 00008000 08:01 4194417                    /lib/x86_64-linux-gnu/libnss_compat-2.15.so
7fe51f311000-7fe51f312000 r--p 00007000 08:01 4194417                    /lib/x86_64-linux-gnu/libnss_compat-2.15.so
7fe51f312000-7fe51f313000 rw-p 00008000 08:01 4194417                    /lib/x86_64-linux-gnu/libnss_compat-2.15.so
7fe51f313000-7fe51f33c000 r-xp 00000000 08:01 23593316                   /usr/lib/jvm/java-7-oracle/jre/lib/amd64/libjava.so
7fe51f33c000-7fe51f53c000 ---p 00029000 08:01 23593316                   /usr/lib/jvm/java-7-oracle/jre/lib/amd64/libjava.so
7fe51f53c000-7fe51f53e000 rw-p 00029000 08:01 23593316                   /usr/lib/jvm/java-7-oracle/jre/lib/amd64/libjava.so
7fe51f53e000-7fe51f54b000 r-xp 00000000 08:01 23593293                   /usr/lib/jvm/java-7-oracle/jre/lib/amd64/libverify.so
7fe51f54b000-7fe51f74a000 ---p 0000d000 08:01 23593293                   /usr/lib/jvm/java-7-oracle/jre/lib/amd64/libverify.so
7fe51f74a000-7fe51f74c000 rw-p 0000c000 08:01 23593293                   /usr/lib/jvm/java-7-oracle/jre/lib/amd64/libverify.so
7fe51f74c000-7fe51f753000 r-xp 00000000 08:01 4194422                    /lib/x86_64-linux-gnu/librt-2.15.so
7fe51f753000-7fe51f952000 ---p 00007000 08:01 4194422                    /lib/x86_64-linux-gnu/librt-2.15.so
7fe51f952000-7fe51f953000 r--p 00006000 08:01 4194422                    /lib/x86_64-linux-gnu/librt-2.15.so
7fe51f953000-7fe51f954000 rw-p 00007000 08:01 4194422                    /lib/x86_64-linux-gnu/librt-2.15.so
7fe51f954000-7fe51f957000 ---p 00000000 00:00 0 
7fe51f957000-7fe51fb55000 rw-p 00000000 00:00 0                          [stack:6987]
7fe51fb55000-7fe51fc50000 r-xp 00000000 08:01 4194426                    /lib/x86_64-linux-gnu/libm-2.15.so
7fe51fc50000-7fe51fe4f000 ---p 000fb000 08:01 4194426                    /lib/x86_64-linux-gnu/libm-2.15.so
7fe51fe4f000-7fe51fe50000 r--p 000fa000 08:01 4194426                    /lib/x86_64-linux-gnu/libm-2.15.so
7fe51fe50000-7fe51fe51000 rw-p 000fb000 08:01 4194426                    /lib/x86_64-linux-gnu/libm-2.15.so
7fe51fe51000-7fe5209c1000 r-xp 00000000 08:01 23593314                   /usr/lib/jvm/java-7-oracle/jre/lib/amd64/server/libjvm.so
7fe5209c1000-7fe520bc0000 ---p 00b70000 08:01 23593314                   /usr/lib/jvm/java-7-oracle/jre/lib/amd64/server/libjvm.so
7fe520bc0000-7fe520c84000 rw-p 00b6f000 08:01 23593314                   /usr/lib/jvm/java-7-oracle/jre/lib/amd64/server/libjvm.so
7fe520c84000-7fe520cc5000 rw-p 00000000 00:00 0 
7fe520cc5000-7fe520e7a000 r-xp 00000000 08:01 4194315                    /lib/x86_64-linux-gnu/libc-2.15.so
7fe520e7a000-7fe52107a000 ---p 001b5000 08:01 4194315                    /lib/x86_64-linux-gnu/libc-2.15.so
7fe52107a000-7fe52107e000 r--p 001b5000 08:01 4194315                    /lib/x86_64-linux-gnu/libc-2.15.so
7fe52107e000-7fe521080000 rw-p 001b9000 08:01 4194315                    /lib/x86_64-linux-gnu/libc-2.15.so
7fe521080000-7fe521085000 rw-p 00000000 00:00 0 
7fe521085000-7fe521087000 r-xp 00000000 08:01 4194430                    /lib/x86_64-linux-gnu/libdl-2.15.so
7fe521087000-7fe521287000 ---p 00002000 08:01 4194430                    /lib/x86_64-linux-gnu/libdl-2.15.so
7fe521287000-7fe521288000 r--p 00002000 08:01 4194430                    /lib/x86_64-linux-gnu/libdl-2.15.so
7fe521288000-7fe521289000 rw-p 00003000 08:01 4194430                    /lib/x86_64-linux-gnu/libdl-2.15.so
7fe521289000-7fe52129f000 r-xp 00000000 08:01 23593259                   /usr/lib/jvm/java-7-oracle/jre/lib/amd64/jli/libjli.so
7fe52129f000-7fe52149f000 ---p 00016000 08:01 23593259                   /usr/lib/jvm/java-7-oracle/jre/lib/amd64/jli/libjli.so
7fe52149f000-7fe5214a0000 rw-p 00016000 08:01 23593259                   /usr/lib/jvm/java-7-oracle/jre/lib/amd64/jli/libjli.so
7fe5214a0000-7fe5214b8000 r-xp 00000000 08:01 4194424                    /lib/x86_64-linux-gnu/libpthread-2.15.so
7fe5214b8000-7fe5216b7000 ---p 00018000 08:01 4194424                    /lib/x86_64-linux-gnu/libpthread-2.15.so
7fe5216b7000-7fe5216b8000 r--p 00017000 08:01 4194424                    /lib/x86_64-linux-gnu/libpthread-2.15.so
7fe5216b8000-7fe5216b9000 rw-p 00018000 08:01 4194424                    /lib/x86_64-linux-gnu/libpthread-2.15.so
7fe5216b9000-7fe5216bd000 rw-p 00000000 00:00 0 
7fe5216bd000-7fe5216df000 r-xp 00000000 08:01 4194427                    /lib/x86_64-linux-gnu/ld-2.15.so
7fe5216df000-7fe5216e0000 r--s 00000000 08:01 16255424                   /var/cache/fontconfig/1f901bd019c7d81ebf355e99936ff480-le64.cache-3
7fe5216e0000-7fe5216e9000 r--s 00000000 08:01 16253022                   /var/cache/fontconfig/cabbd14511b9e8a55e92af97fb3a0461-le64.cache-3
7fe5216e9000-7fe5216ed000 r--s 00000000 08:01 16261101                   /var/cache/fontconfig/7ef2298fde41cc6eeb7af42e48b7d293-le64.cache-3
7fe5216ed000-7fe5216f0000 r--s 00000000 08:01 16255633                   /var/cache/fontconfig/079a1048814713328ba16771e54b0fa3-le64.cache-3
7fe5216f0000-7fe5216f9000 r--s 00251000 08:01 12590058                   /usr/lib/jvm/java-7-oracle/jre/lib/resources.jar
7fe5216f9000-7fe5216fd000 r--s 000f7000 08:01 23593230                   /usr/lib/jvm/java-7-oracle/jre/lib/ext/localedata.jar
7fe5216fd000-7fe5216ff000 r--s 00024000 08:01 21630799                   /home/vmocuk/projects/robot/JNativeHook.jar
7fe5216ff000-7fe521736000 rw-p 00000000 00:00 0 
7fe521736000-7fe521750000 rw-p 00000000 00:00 0 
7fe521750000-7fe521779000 rw-p 00000000 00:00 0 
7fe521779000-7fe5217f7000 rw-p 00000000 00:00 0 
7fe5217f7000-7fe521801000 rw-p 00000000 00:00 0 
7fe521801000-7fe5218b7000 rw-p 00000000 00:00 0 
7fe5218b7000-7fe5218bb000 rw-p 00000000 00:00 0 
7fe5218bb000-7fe5218bc000 r-xp 00000000 00:00 0 
7fe5218bc000-7fe5218c3000 r--s 00000000 08:01 11935201                   /usr/lib/x86_64-linux-gnu/gconv/gconv-modules.cache
7fe5218c3000-7fe5218c7000 r--s 0008a000 08:01 12590086                   /usr/lib/jvm/java-7-oracle/jre/lib/jsse.jar
7fe5218c7000-7fe5218d3000 rw-p 00000000 00:00 0 
7fe5218d3000-7fe5218db000 rw-s 00000000 08:01 19531093                   /tmp/hsperfdata_vmocuk/6986
7fe5218db000-7fe5218dc000 rw-p 00000000 00:00 0 
7fe5218dc000-7fe5218dd000 r--p 00000000 00:00 0 
7fe5218dd000-7fe5218df000 rw-p 00000000 00:00 0 
7fe5218df000-7fe5218e0000 r--p 00022000 08:01 4194427                    /lib/x86_64-linux-gnu/ld-2.15.so
7fe5218e0000-7fe5218e2000 rw-p 00023000 08:01 4194427                    /lib/x86_64-linux-gnu/ld-2.15.so
7fffd36b0000-7fffd36d2000 rw-p 00000000 00:00 0                          [stack]
7fffd37a4000-7fffd37a6000 r-xp 00000000 00:00 0                          [vdso]
ffffffffff600000-ffffffffff601000 r-xp 00000000 00:00 0                  [vsyscall]

VM Arguments:
jvm_args: -Djdk.home= -Djruby.home=/home/vmocuk/.rvm/rubies/jruby-1.7.10 -Djruby.script=jruby -Djruby.shell=/bin/sh -Djffi.boot.library.path=/home/vmocuk/.rvm/rubies/jruby-1.7.10/lib/jni:/home/vmocuk/.rvm/rubies/jruby-1.7.10/lib/jni/x86_64-Linux:/home/vmocuk/.rvm/rubies/jruby-1.7.10/lib/jni/i386-Linux:/home/vmocuk/.rvm/rubies/jruby-1.7.10/lib/jni/arm-Linux -Xmx500m -Xss2048k -Xbootclasspath/a:/home/vmocuk/.rvm/rubies/jruby-1.7.10/lib/jruby.jar 
java_command: org/jruby/Main main.rb
Launcher Type: SUN_STANDARD

Environment Variables:
PATH=/home/vmocuk/.rvm/gems/jruby-1.7.10/bin:/home/vmocuk/.rvm/gems/jruby-1.7.10@global/bin:/home/vmocuk/.rvm/rubies/jruby-1.7.10/bin:/home/vmocuk/.rvm/bin:/usr/lib/lightdm/lightdm:/usr/local/sbin:/usr/local/bin:/usr/sbin:/usr/bin:/sbin:/bin:/usr/games
SHELL=/bin/bash
DISPLAY=:0.0

Signal Handlers:
SIGSEGV: [libjvm.so+0x99f0f0], sa_mask[0]=0x7ffbfeff, sa_flags=0x10000004
SIGBUS: [libjvm.so+0x99f0f0], sa_mask[0]=0x7ffbfeff, sa_flags=0x10000004
SIGFPE: [libjvm.so+0x81a6d0], sa_mask[0]=0x7ffbfeff, sa_flags=0x10000004
SIGPIPE: [libjvm.so+0x81a6d0], sa_mask[0]=0x7ffbfeff, sa_flags=0x10000004
SIGXFSZ: [libjvm.so+0x81a6d0], sa_mask[0]=0x7ffbfeff, sa_flags=0x10000004
SIGILL: [libjvm.so+0x81a6d0], sa_mask[0]=0x7ffbfeff, sa_flags=0x10000004
SIGUSR1: SIG_DFL, sa_mask[0]=0x00000000, sa_flags=0x00000000
SIGUSR2: [libjvm.so+0x81bed0], sa_mask[0]=0x00000000, sa_flags=0x10000004
SIGHUP: [libjvm.so+0x81cfd0], sa_mask[0]=0x7ffbfeff, sa_flags=0x10000004
SIGINT: [libjvm.so+0x81cfd0], sa_mask[0]=0x7ffbfeff, sa_flags=0x10000004
SIGTERM: [libjvm.so+0x81cfd0], sa_mask[0]=0x7ffbfeff, sa_flags=0x10000004
SIGQUIT: [libjvm.so+0x81cfd0], sa_mask[0]=0x7ffbfeff, sa_flags=0x10000004


---------------  S Y S T E M  ---------------

OS:wheezy/sid

uname:Linux 3.8.0-42-generic #62~precise1-Ubuntu SMP Wed Jun 4 22:04:18 UTC 2014 x86_64
libc:glibc 2.15 NPTL 2.15 
rlimit: STACK 8192k, CORE 0k, NPROC 61142, NOFILE 4096, AS infinity
load average:1.42 1.23 1.25

/proc/meminfo:
MemTotal:        7918268 kB
MemFree:          209612 kB
Buffers:           42972 kB
Cached:           774996 kB
SwapCached:         2192 kB
Active:          3755568 kB
Inactive:        1450268 kB
Active(anon):    3384984 kB
Inactive(anon):  1083072 kB
Active(file):     370584 kB
Inactive(file):   367196 kB
Unevictable:         208 kB
Mlocked:             208 kB
SwapTotal:       8122364 kB
SwapFree:        8110852 kB
Dirty:              1196 kB
Writeback:             0 kB
AnonPages:       4386056 kB
Mapped:          2588544 kB
Shmem:             80104 kB
Slab:             153504 kB
SReclaimable:      84112 kB
SUnreclaim:        69392 kB
KernelStack:        9448 kB
PageTables:        94528 kB
NFS_Unstable:          0 kB
Bounce:                0 kB
WritebackTmp:          0 kB
CommitLimit:    12081496 kB
Committed_AS:   22525532 kB
VmallocTotal:   34359738367 kB
VmallocUsed:      301048 kB
VmallocChunk:   34359433980 kB
HardwareCorrupted:     0 kB
AnonHugePages:         0 kB
HugePages_Total:       0
HugePages_Free:        0
HugePages_Rsvd:        0
HugePages_Surp:        0
Hugepagesize:       2048 kB
DirectMap4k:       76224 kB
DirectMap2M:     1757184 kB
DirectMap1G:     6291456 kB


CPU:total 6 (6 cores per cpu, 1 threads per core) family 16 model 10 stepping 0, cmov, cx8, fxsr, mmx, sse, sse2, sse3, popcnt, mmxext, 3dnowpref, lzcnt, sse4a, tsc, tscinvbit, tscinv

/proc/cpuinfo:
processor	: 0
vendor_id	: AuthenticAMD
cpu family	: 16
model		: 10
model name	: AMD Phenom(tm) II X6 1055T Processor
stepping	: 0
microcode	: 0x10000dc
cpu MHz		: 800.000
cache size	: 512 KB
physical id	: 0
siblings	: 6
core id		: 0
cpu cores	: 6
apicid		: 0
initial apicid	: 0
fpu		: yes
fpu_exception	: yes
cpuid level	: 6
wp		: yes
flags		: fpu vme de pse tsc msr pae mce cx8 apic sep mtrr pge mca cmov pat pse36 clflush mmx fxsr sse sse2 ht syscall nx mmxext fxsr_opt pdpe1gb rdtscp lm 3dnowext 3dnow constant_tsc rep_good nopl nonstop_tsc extd_apicid aperfmperf pni monitor cx16 popcnt lahf_lm cmp_legacy svm extapic cr8_legacy abm sse4a misalignsse 3dnowprefetch osvw ibs skinit wdt cpb hw_pstate npt lbrv svm_lock nrip_save pausefilter
bogomips	: 5625.21
TLB size	: 1024 4K pages
clflush size	: 64
cache_alignment	: 64
address sizes	: 48 bits physical, 48 bits virtual
power management: ts ttp tm stc 100mhzsteps hwpstate cpb

processor	: 1
vendor_id	: AuthenticAMD
cpu family	: 16
model		: 10
model name	: AMD Phenom(tm) II X6 1055T Processor
stepping	: 0
microcode	: 0x10000dc
cpu MHz		: 800.000
cache size	: 512 KB
physical id	: 0
siblings	: 6
core id		: 1
cpu cores	: 6
apicid		: 1
initial apicid	: 1
fpu		: yes
fpu_exception	: yes
cpuid level	: 6
wp		: yes
flags		: fpu vme de pse tsc msr pae mce cx8 apic sep mtrr pge mca cmov pat pse36 clflush mmx fxsr sse sse2 ht syscall nx mmxext fxsr_opt pdpe1gb rdtscp lm 3dnowext 3dnow constant_tsc rep_good nopl nonstop_tsc extd_apicid aperfmperf pni monitor cx16 popcnt lahf_lm cmp_legacy svm extapic cr8_legacy abm sse4a misalignsse 3dnowprefetch osvw ibs skinit wdt cpb hw_pstate npt lbrv svm_lock nrip_save pausefilter
bogomips	: 5625.21
TLB size	: 1024 4K pages
clflush size	: 64
cache_alignment	: 64
address sizes	: 48 bits physical, 48 bits virtual
power management: ts ttp tm stc 100mhzsteps hwpstate cpb

processor	: 2
vendor_id	: AuthenticAMD
cpu family	: 16
model		: 10
model name	: AMD Phenom(tm) II X6 1055T Processor
stepping	: 0
microcode	: 0x10000dc
cpu MHz		: 800.000
cache size	: 512 KB
physical id	: 0
siblings	: 6
core id		: 2
cpu cores	: 6
apicid		: 2
initial apicid	: 2
fpu		: yes
fpu_exception	: yes
cpuid level	: 6
wp		: yes
flags		: fpu vme de pse tsc msr pae mce cx8 apic sep mtrr pge mca cmov pat pse36 clflush mmx fxsr sse sse2 ht syscall nx mmxext fxsr_opt pdpe1gb rdtscp lm 3dnowext 3dnow constant_tsc rep_good nopl nonstop_tsc extd_apicid aperfmperf pni monitor cx16 popcnt lahf_lm cmp_legacy svm extapic cr8_legacy abm sse4a misalignsse 3dnowprefetch osvw ibs skinit wdt cpb hw_pstate npt lbrv svm_lock nrip_save pausefilter
bogomips	: 5625.21
TLB size	: 1024 4K pages
clflush size	: 64
cache_alignment	: 64
address sizes	: 48 bits physical, 48 bits virtual
power management: ts ttp tm stc 100mhzsteps hwpstate cpb

processor	: 3
vendor_id	: AuthenticAMD
cpu family	: 16
model		: 10
model name	: AMD Phenom(tm) II X6 1055T Processor
stepping	: 0
microcode	: 0x10000dc
cpu MHz		: 2800.000
cache size	: 512 KB
physical id	: 0
siblings	: 6
core id		: 3
cpu cores	: 6
apicid		: 3
initial apicid	: 3
fpu		: yes
fpu_exception	: yes
cpuid level	: 6
wp		: yes
flags		: fpu vme de pse tsc msr pae mce cx8 apic sep mtrr pge mca cmov pat pse36 clflush mmx fxsr sse sse2 ht syscall nx mmxext fxsr_opt pdpe1gb rdtscp lm 3dnowext 3dnow constant_tsc rep_good nopl nonstop_tsc extd_apicid aperfmperf pni monitor cx16 popcnt lahf_lm cmp_legacy svm extapic cr8_legacy abm sse4a misalignsse 3dnowprefetch osvw ibs skinit wdt cpb hw_pstate npt lbrv svm_lock nrip_save pausefilter
bogomips	: 5625.21
TLB size	: 1024 4K pages
clflush size	: 64
cache_alignment	: 64
address sizes	: 48 bits physical, 48 bits virtual
power management: ts ttp tm stc 100mhzsteps hwpstate cpb

processor	: 4
vendor_id	: AuthenticAMD
cpu family	: 16
model		: 10
model name	: AMD Phenom(tm) II X6 1055T Processor
stepping	: 0
microcode	: 0x10000dc
cpu MHz		: 800.000
cache size	: 512 KB
physical id	: 0
siblings	: 6
core id		: 4
cpu cores	: 6
apicid		: 4
initial apicid	: 4
fpu		: yes
fpu_exception	: yes
cpuid level	: 6
wp		: yes
flags		: fpu vme de pse tsc msr pae mce cx8 apic sep mtrr pge mca cmov pat pse36 clflush mmx fxsr sse sse2 ht syscall nx mmxext fxsr_opt pdpe1gb rdtscp lm 3dnowext 3dnow constant_tsc rep_good nopl nonstop_tsc extd_apicid aperfmperf pni monitor cx16 popcnt lahf_lm cmp_legacy svm extapic cr8_legacy abm sse4a misalignsse 3dnowprefetch osvw ibs skinit wdt cpb hw_pstate npt lbrv svm_lock nrip_save pausefilter
bogomips	: 5625.21
TLB size	: 1024 4K pages
clflush size	: 64
cache_alignment	: 64
address sizes	: 48 bits physical, 48 bits virtual
power management: ts ttp tm stc 100mhzsteps hwpstate cpb

processor	: 5
vendor_id	: AuthenticAMD
cpu family	: 16
model		: 10
model name	: AMD Phenom(tm) II X6 1055T Processor
stepping	: 0
microcode	: 0x10000dc
cpu MHz		: 800.000
cache size	: 512 KB
physical id	: 0
siblings	: 6
core id		: 5
cpu cores	: 6
apicid		: 5
initial apicid	: 5
fpu		: yes
fpu_exception	: yes
cpuid level	: 6
wp		: yes
flags		: fpu vme de pse tsc msr pae mce cx8 apic sep mtrr pge mca cmov pat pse36 clflush mmx fxsr sse sse2 ht syscall nx mmxext fxsr_opt pdpe1gb rdtscp lm 3dnowext 3dnow constant_tsc rep_good nopl nonstop_tsc extd_apicid aperfmperf pni monitor cx16 popcnt lahf_lm cmp_legacy svm extapic cr8_legacy abm sse4a misalignsse 3dnowprefetch osvw ibs skinit wdt cpb hw_pstate npt lbrv svm_lock nrip_save pausefilter
bogomips	: 5625.21
TLB size	: 1024 4K pages
clflush size	: 64
cache_alignment	: 64
address sizes	: 48 bits physical, 48 bits virtual
power management: ts ttp tm stc 100mhzsteps hwpstate cpb



Memory: 4k page, physical 7918268k(209612k free), swap 8122364k(8110852k free)

vm_info: Java HotSpot(TM) 64-Bit Server VM (24.60-b09) for linux-amd64 JRE (1.7.0_60-b19), built on May  7 2014 13:18:30 by "java_re" with gcc 4.3.0 20080428 (Red Hat 4.3.0-8)

time: Thu Jun 26 15:22:37 2014
elapsed time: 13825 seconds

