#
# A fatal error has been detected by the Java Runtime Environment:
#
#  SIGSEGV (0xb) at pc=0x00007f18f4d4f201, pid=14140, tid=139745053763328
#
# JRE version: Java(TM) SE Runtime Environment (7.0_60-b19) (build 1.7.0_60-b19)
# Java VM: Java HotSpot(TM) 64-Bit Server VM (24.60-b09 mixed mode linux-amd64 compressed oops)
# Problematic frame:
# C  [libXt.so.6+0x1e201]  XtDestroyWidget+0x571
#
# Failed to write core dump. Core dumps have been disabled. To enable core dumping, try "ulimit -c unlimited" before starting Java again
#
# If you would like to submit a bug report, please visit:
#   http://bugreport.sun.com/bugreport/crash.jsp
# The crash happened outside the Java Virtual Machine in native code.
# See problematic frame for where to report the bug.
#

---------------  T H R E A D  ---------------

Current thread (0x00007f1894012000):  JavaThread "JNativeHook Native Hook" [_thread_in_native, id=14163, stack(0x00007f18edc9e000,0x00007f18ee49f000)]

siginfo:si_signo=SIGSEGV: si_errno=0, si_code=1 (SEGV_MAPERR), si_addr=0x00007f1787fff010

Registers:
RAX=0x00007f178803f010, RBX=0x00007f19004fbd00, RCX=0xffffffffffff8000, RDX=0x0000000000008001
RSP=0x00007f18ee49dc20, RBP=0x00007f19004fdbe0, RSI=0x000000000000800c, RDI=0x0000000000000270
R8 =0x0000000000000000, R9 =0x0000000000000000, R10=0x00000000000001fc, R11=0x0000000000000065
R12=0x00007f18f52d7378, R13=0x00007f18f52d7378, R14=0x00007f19004fdbe0, R15=0x00007f18f52d7378
RIP=0x00007f18f4d4f201, EFLAGS=0x0000000000010202, CSGSFS=0x0000000000000033, ERR=0x0000000000000006
  TRAPNO=0x000000000000000e

Top of Stack: (sp=0x00007f18ee49dc20)
0x00007f18ee49dc20:   0000000000000006 00007f19004fbd00
0x00007f18ee49dc30:   0000000000000000 0000000000000010
0x00007f18ee49dc40:   00007f18f52d7378 00007f19004fdbe0
0x00007f18ee49dc50:   00007f18ee49dcec 00007f18f4d4f73a
0x00007f18ee49dc60:   00007f18f52d735a 00007f18f4fb93b0
0x00007f18ee49dc70:   00007f1800000000 0000000000000000
0x00007f18ee49dc80:   0000000000000000 0000000000000000
0x00007f18ee49dc90:   000001fb000001fa 00007f18f54d8348
0x00007f18ee49dca0:   0000000000000000 0000000000000010
0x00007f18ee49dcb0:   000000000000008e 00007f1894014e40
0x00007f18ee49dcc0:   0000000000000006 00007f18f52cf351
0x00007f18ee49dcd0:   00007f18ee49dcec 0000000000000000
0x00007f18ee49dce0:   00000001ee49de50 0000000000000000
0x00007f18ee49dcf0:   0000000000000010 0000000000000013
0x00007f18ee49dd00:   00000146fbd3560c 00007f18f52cfcdb
0x00007f18ee49dd10:   000000000000000b ffffffffee49dd30
0x00007f18ee49dd20:   00007f1894002d50 00007f1894001d00
0x00007f18ee49dd30:   0000000000000001 ffffffffffffffff
0x00007f18ee49dd40:   0000000000000000 0000038c94001cc0
0x00007f18ee49dd50:   0000000000000000 00007f1894001cd8
0x00007f18ee49dd60:   0000000000000000 00007f18940121e8
0x00007f18ee49dd70:   00007f1894001cc0 00007f18f49187ec
0x00007f18ee49dd80:   0000000053b5340d 00000000000cc583
0x00007f18ee49dd90:   00007f1894001b30 00007f18ee49de50
0x00007f18ee49dda0:   00007f1894014e40 0000000000000020
0x00007f18ee49ddb0:   0000000000000020 00007f1894014e08
0x00007f18ee49ddc0:   0000000000000008 00007f18f4b2c8c3
0x00007f18ee49ddd0:   0000000000000080 00007f18940008c0
0x00007f18ee49dde0:   00007f1894014e14 00007f18940100a0
0x00007f18ee49ddf0:   00007f18f52cf700 00007f18940008c0
0x00007f18ee49de00:   0000000000000003 00007f18940008c0
0x00007f18ee49de10:   00007f18940100a0 0000000000000000 

Instructions: (pc=0x00007f18f4d4f201)
0x00007f18f4d4f1e1:   0f b7 b6 8e 00 00 00 66 39 f2 0f 8d 47 02 00 00
0x00007f18f4d4f1f1:   48 8b 43 18 48 0f bf ca 83 c2 01 bf 70 02 00 00
0x00007f18f4d4f201:   48 89 2c c8 83 83 88 00 00 00 01 66 89 93 8c 00
0x00007f18f4d4f211:   00 00 c6 83 1d 01 00 00 01 e8 01 38 ff ff 49 89 

Register to memory mapping:

RAX=0x00007f178803f010 is an unknown value
RBX=0x00007f19004fbd00 is an unknown value
RCX=0xffffffffffff8000 is an unknown value
RDX=0x0000000000008001 is an unknown value
RSP=0x00007f18ee49dc20 is pointing into the stack for thread: 0x00007f1894012000
RBP=0x00007f19004fdbe0 is an unknown value
RSI=0x000000000000800c is an unknown value
RDI=0x0000000000000270 is an unknown value
R8 =0x0000000000000000 is an unknown value
R9 =0x0000000000000000 is an unknown value
R10=0x00000000000001fc is an unknown value
R11=0x0000000000000065 is an unknown value
R12=0x00007f18f52d7378: <offset 0xb378> in /tmp/libJNativeHook_921995606647937891.so at 0x00007f18f52cc000
R13=0x00007f18f52d7378: <offset 0xb378> in /tmp/libJNativeHook_921995606647937891.so at 0x00007f18f52cc000
R14=0x00007f19004fdbe0 is an unknown value
R15=0x00007f18f52d7378: <offset 0xb378> in /tmp/libJNativeHook_921995606647937891.so at 0x00007f18f52cc000


Stack: [0x00007f18edc9e000,0x00007f18ee49f000],  sp=0x00007f18ee49dc20,  free space=8191k
Native frames: (J=compiled Java code, j=interpreted, Vv=VM code, C=native code)
C  [libXt.so.6+0x1e201]  XtDestroyWidget+0x571


---------------  P R O C E S S  ---------------

Java Threads: ( => current thread )
  0x00007f1894015800 JavaThread "JNativeHook Native Dispatch" [_thread_blocked, id=14165, stack(0x00007f18f564d000,0x00007f18f584e000)]
  0x00007f190000a000 JavaThread "DestroyJavaVM" [_thread_blocked, id=14141, stack(0x00007f1906a13000,0x00007f1906c14000)]
=>0x00007f1894012000 JavaThread "JNativeHook Native Hook" [_thread_in_native, id=14163, stack(0x00007f18edc9e000,0x00007f18ee49f000)]
  0x00007f19005b0000 JavaThread "Thread-4" daemon [_thread_blocked, id=14162, stack(0x00007f18ee49f000,0x00007f18ee6a0000)]
  0x00007f19005ab800 JavaThread "AWT-EventQueue-0" [_thread_blocked, id=14161, stack(0x00007f18ee6a0000,0x00007f18ee8a1000)]
  0x00007f19005a9800 JavaThread "AWT-Shutdown" [_thread_blocked, id=14160, stack(0x00007f18ee8a1000,0x00007f18eeaa2000)]
  0x00007f1900589800 JavaThread "AWT-XAWT" daemon [_thread_in_native, id=14159, stack(0x00007f18eeaa2000,0x00007f18eeca3000)]
  0x00007f190057a000 JavaThread "Java2D Disposer" daemon [_thread_blocked, id=14158, stack(0x00007f18ef0b3000,0x00007f18ef2b4000)]
  0x00007f19000ab000 JavaThread "Service Thread" daemon [_thread_blocked, id=14154, stack(0x00007f18f640c000,0x00007f18f660d000)]
  0x00007f19000a9000 JavaThread "C2 CompilerThread1" daemon [_thread_blocked, id=14153, stack(0x00007f18f660d000,0x00007f18f670e000)]
  0x00007f19000a6000 JavaThread "C2 CompilerThread0" daemon [_thread_blocked, id=14152, stack(0x00007f18f670e000,0x00007f18f680f000)]
  0x00007f19000a4000 JavaThread "Signal Dispatcher" daemon [_thread_blocked, id=14151, stack(0x00007f18f680f000,0x00007f18f6a10000)]
  0x00007f1900074800 JavaThread "Finalizer" daemon [_thread_blocked, id=14150, stack(0x00007f18f70f3000,0x00007f18f72f4000)]
  0x00007f1900072800 JavaThread "Reference Handler" daemon [_thread_blocked, id=14149, stack(0x00007f18f72f4000,0x00007f18f74f5000)]

Other Threads:
  0x00007f190006e000 VMThread [stack: 0x00007f18f74f5000,0x00007f18f75f6000] [id=14148]
  0x00007f19000b6000 WatcherThread [stack: 0x00007f18f630b000,0x00007f18f640c000] [id=14155]

VM state:not at safepoint (normal execution)

VM Mutex/Monitor currently owned by a thread: None

Heap
 PSYoungGen      total 52736K, used 22031K [0x00000000f5900000, 0x00000000fa480000, 0x0000000100000000)
  eden space 29184K, 71% used [0x00000000f5900000,0x00000000f6d73f48,0x00000000f7580000)
  from space 23552K, 4% used [0x00000000f8d80000,0x00000000f8e90000,0x00000000fa480000)
  to   space 24064K, 0% used [0x00000000f7580000,0x00000000f7580000,0x00000000f8d00000)
 ParOldGen       total 82432K, used 38590K [0x00000000e0c00000, 0x00000000e5c80000, 0x00000000f5900000)
  object space 82432K, 46% used [0x00000000e0c00000,0x00000000e31afbc0,0x00000000e5c80000)
 PSPermGen       total 30720K, used 30457K [0x00000000dba00000, 0x00000000dd800000, 0x00000000e0c00000)
  object space 30720K, 99% used [0x00000000dba00000,0x00000000dd7be610,0x00000000dd800000)

Card table byte_map: [0x00007f1905857000,0x00007f190597b000] byte_map_base: 0x00007f190517a000

Polling page: 0x00007f190899b000

Code Cache  [0x00007f18fd000000, 0x00007f18fd270000, 0x00007f1900000000)
 total_blobs=1139 nmethods=496 adapters=597 free_code_cache=47559Kb largest_free_block=48629184

Compilation events (10 events):
Event: 7817.074 Thread 0x00007f19000a6000  540             org.jruby.runtime.Helpers::checkArgumentCount (9 bytes)
Event: 7817.074 Thread 0x00007f19000a9000  541             org.jruby.runtime.Helpers::checkArgumentCount (42 bytes)
Event: 7817.077 Thread 0x00007f19000a9000 nmethod 541 0x00007f18fd0f6050 code [0x00007f18fd0f61a0, 0x00007f18fd0f6268]
Event: 7817.077 Thread 0x00007f19000a6000 nmethod 540 0x00007f18fd0f5cd0 code [0x00007f18fd0f5e20, 0x00007f18fd0f5ee8]
Event: 7818.755 Thread 0x00007f19000a9000  542 % !         sun.awt.X11.XToolkit::run @ 59 (410 bytes)
Event: 7818.867 Thread 0x00007f19000a9000 nmethod 542% 0x00007f18fd11d710 code [0x00007f18fd11dec0, 0x00007f18fd120de8]
Event: 11831.822 Thread 0x00007f19000a6000  543             org.jruby.internal.runtime.GlobalVariable::getAccessor (5 bytes)
Event: 11831.823 Thread 0x00007f19000a6000 nmethod 543 0x00007f18fd0f8390 code [0x00007f18fd0f84c0, 0x00007f18fd0f8518]
Event: 13168.808 Thread 0x00007f19000a9000  544  s          org.jruby.runtime.opto.ObjectIdentityInvalidator::invalidate (12 bytes)
Event: 13168.809 Thread 0x00007f19000a9000 nmethod 544 0x00007f18fd11b710 code [0x00007f18fd11b860, 0x00007f18fd11bbd8]

GC Heap History (10 events):
Event: 477.652 GC heap before
{Heap before GC invocations=4 (full 0):
 PSYoungGen      total 36352K, used 36162K [0x00000000f5900000, 0x00000000f9b80000, 0x0000000100000000)
  eden space 31232K, 99% used [0x00000000f5900000,0x00000000f77572e8,0x00000000f7780000)
  from space 5120K, 99% used [0x00000000f7780000,0x00000000f7c79518,0x00000000f7c80000)
  to   space 5120K, 0% used [0x00000000f9680000,0x00000000f9680000,0x00000000f9b80000)
 ParOldGen       total 82432K, used 13656K [0x00000000e0c00000, 0x00000000e5c80000, 0x00000000f5900000)
  object space 82432K, 16% used [0x00000000e0c00000,0x00000000e19562e8,0x00000000e5c80000)
 PSPermGen       total 30720K, used 30384K [0x00000000dba00000, 0x00000000dd800000, 0x00000000e0c00000)
  object space 30720K, 98% used [0x00000000dba00000,0x00000000dd7ac260,0x00000000dd800000)
Event: 477.670 GC heap after
Heap after GC invocations=4 (full 0):
 PSYoungGen      total 36352K, used 5093K [0x00000000f5900000, 0x00000000f9b80000, 0x0000000100000000)
  eden space 31232K, 0% used [0x00000000f5900000,0x00000000f5900000,0x00000000f7780000)
  from space 5120K, 99% used [0x00000000f9680000,0x00000000f9b79518,0x00000000f9b80000)
  to   space 5120K, 0% used [0x00000000f7780000,0x00000000f7780000,0x00000000f7c80000)
 ParOldGen       total 82432K, used 16396K [0x00000000e0c00000, 0x00000000e5c80000, 0x00000000f5900000)
  object space 82432K, 19% used [0x00000000e0c00000,0x00000000e1c033d8,0x00000000e5c80000)
 PSPermGen       total 30720K, used 30384K [0x00000000dba00000, 0x00000000dd800000, 0x00000000e0c00000)
  object space 30720K, 98% used [0x00000000dba00000,0x00000000dd7ac260,0x00000000dd800000)
}
Event: 1903.164 GC heap before
{Heap before GC invocations=5 (full 0):
 PSYoungGen      total 36352K, used 36325K [0x00000000f5900000, 0x00000000f9b80000, 0x0000000100000000)
  eden space 31232K, 100% used [0x00000000f5900000,0x00000000f7780000,0x00000000f7780000)
  from space 5120K, 99% used [0x00000000f9680000,0x00000000f9b79518,0x00000000f9b80000)
  to   space 5120K, 0% used [0x00000000f7780000,0x00000000f7780000,0x00000000f7c80000)
 ParOldGen       total 82432K, used 16396K [0x00000000e0c00000, 0x00000000e5c80000, 0x00000000f5900000)
  object space 82432K, 19% used [0x00000000e0c00000,0x00000000e1c033d8,0x00000000e5c80000)
 PSPermGen       total 30720K, used 30423K [0x00000000dba00000, 0x00000000dd800000, 0x00000000e0c00000)
  object space 30720K, 99% used [0x00000000dba00000,0x00000000dd7b5fd8,0x00000000dd800000)
Event: 1903.182 GC heap after
Heap after GC invocations=5 (full 0):
 PSYoungGen      total 35840K, used 5111K [0x00000000f5900000, 0x00000000fa500000, 0x0000000100000000)
  eden space 30720K, 0% used [0x00000000f5900000,0x00000000f5900000,0x00000000f7700000)
  from space 5120K, 99% used [0x00000000f7780000,0x00000000f7c7dd38,0x00000000f7c80000)
  to   space 23552K, 0% used [0x00000000f8e00000,0x00000000f8e00000,0x00000000fa500000)
 ParOldGen       total 82432K, used 33894K [0x00000000e0c00000, 0x00000000e5c80000, 0x00000000f5900000)
  object space 82432K, 41% used [0x00000000e0c00000,0x00000000e2d19a18,0x00000000e5c80000)
 PSPermGen       total 30720K, used 30423K [0x00000000dba00000, 0x00000000dd800000, 0x00000000e0c00000)
  object space 30720K, 99% used [0x00000000dba00000,0x00000000dd7b5fd8,0x00000000dd800000)
}
Event: 2071.372 GC heap before
{Heap before GC invocations=6 (full 0):
 PSYoungGen      total 35840K, used 35699K [0x00000000f5900000, 0x00000000fa500000, 0x0000000100000000)
  eden space 30720K, 99% used [0x00000000f5900000,0x00000000f76def08,0x00000000f7700000)
  from space 5120K, 99% used [0x00000000f7780000,0x00000000f7c7dd38,0x00000000f7c80000)
  to   space 23552K, 0% used [0x00000000f8e00000,0x00000000f8e00000,0x00000000fa500000)
 ParOldGen       total 82432K, used 33894K [0x00000000e0c00000, 0x00000000e5c80000, 0x00000000f5900000)
  object space 82432K, 41% used [0x00000000e0c00000,0x00000000e2d19a18,0x00000000e5c80000)
 PSPermGen       total 30720K, used 30431K [0x00000000dba00000, 0x00000000dd800000, 0x00000000e0c00000)
  object space 30720K, 99% used [0x00000000dba00000,0x00000000dd7b7e88,0x00000000dd800000)
Event: 2071.390 GC heap after
Heap after GC invocations=6 (full 0):
 PSYoungGen      total 53248K, used 4853K [0x00000000f5900000, 0x00000000fa480000, 0x0000000100000000)
  eden space 30208K, 0% used [0x00000000f5900000,0x00000000f5900000,0x00000000f7680000)
  from space 23040K, 21% used [0x00000000f8e00000,0x00000000f92bd528,0x00000000fa480000)
  to   space 23552K, 0% used [0x00000000f7680000,0x00000000f7680000,0x00000000f8d80000)
 ParOldGen       total 82432K, used 33894K [0x00000000e0c00000, 0x00000000e5c80000, 0x00000000f5900000)
  object space 82432K, 41% used [0x00000000e0c00000,0x00000000e2d19a18,0x00000000e5c80000)
 PSPermGen       total 30720K, used 30431K [0x00000000dba00000, 0x00000000dd800000, 0x00000000e0c00000)
  object space 30720K, 99% used [0x00000000dba00000,0x00000000dd7b7e88,0x00000000dd800000)
}
Event: 2248.670 GC heap before
{Heap before GC invocations=7 (full 0):
 PSYoungGen      total 53248K, used 34929K [0x00000000f5900000, 0x00000000fa480000, 0x0000000100000000)
  eden space 30208K, 99% used [0x00000000f5900000,0x00000000f765f008,0x00000000f7680000)
  from space 23040K, 21% used [0x00000000f8e00000,0x00000000f92bd528,0x00000000fa480000)
  to   space 23552K, 0% used [0x00000000f7680000,0x00000000f7680000,0x00000000f8d80000)
 ParOldGen       total 82432K, used 33894K [0x00000000e0c00000, 0x00000000e5c80000, 0x00000000f5900000)
  object space 82432K, 41% used [0x00000000e0c00000,0x00000000e2d19a18,0x00000000e5c80000)
 PSPermGen       total 30720K, used 30433K [0x00000000dba00000, 0x00000000dd800000, 0x00000000e0c00000)
  object space 30720K, 99% used [0x00000000dba00000,0x00000000dd7b8538,0x00000000dd800000)
Event: 2248.690 GC heap after
Heap after GC invocations=7 (full 0):
 PSYoungGen      total 53248K, used 224K [0x00000000f5900000, 0x00000000fa500000, 0x0000000100000000)
  eden space 29696K, 0% used [0x00000000f5900000,0x00000000f5900000,0x00000000f7600000)
  from space 23552K, 0% used [0x00000000f7680000,0x00000000f76b8000,0x00000000f8d80000)
  to   space 24064K, 0% used [0x00000000f8d80000,0x00000000f8d80000,0x00000000fa500000)
 ParOldGen       total 82432K, used 38558K [0x00000000e0c00000, 0x00000000e5c80000, 0x00000000f5900000)
  object space 82432K, 46% used [0x00000000e0c00000,0x00000000e31a7bc0,0x00000000e5c80000)
 PSPermGen       total 30720K, used 30433K [0x00000000dba00000, 0x00000000dd800000, 0x00000000e0c00000)
  object space 30720K, 99% used [0x00000000dba00000,0x00000000dd7b8538,0x00000000dd800000)
}
Event: 7494.566 GC heap before
{Heap before GC invocations=8 (full 0):
 PSYoungGen      total 53248K, used 29920K [0x00000000f5900000, 0x00000000fa500000, 0x0000000100000000)
  eden space 29696K, 100% used [0x00000000f5900000,0x00000000f7600000,0x00000000f7600000)
  from space 23552K, 0% used [0x00000000f7680000,0x00000000f76b8000,0x00000000f8d80000)
  to   space 24064K, 0% used [0x00000000f8d80000,0x00000000f8d80000,0x00000000fa500000)
 ParOldGen       total 82432K, used 38558K [0x00000000e0c00000, 0x00000000e5c80000, 0x00000000f5900000)
  object space 82432K, 46% used [0x00000000e0c00000,0x00000000e31a7bc0,0x00000000e5c80000)
 PSPermGen       total 30720K, used 30456K [0x00000000dba00000, 0x00000000dd800000, 0x00000000e0c00000)
  object space 30720K, 99% used [0x00000000dba00000,0x00000000dd7be0a0,0x00000000dd800000)
Event: 7494.575 GC heap after
Heap after GC invocations=8 (full 0):
 PSYoungGen      total 52736K, used 1088K [0x00000000f5900000, 0x00000000fa480000, 0x0000000100000000)
  eden space 29184K, 0% used [0x00000000f5900000,0x00000000f5900000,0x00000000f7580000)
  from space 23552K, 4% used [0x00000000f8d80000,0x00000000f8e90000,0x00000000fa480000)
  to   space 24064K, 0% used [0x00000000f7580000,0x00000000f7580000,0x00000000f8d00000)
 ParOldGen       total 82432K, used 38590K [0x00000000e0c00000, 0x00000000e5c80000, 0x00000000f5900000)
  object space 82432K, 46% used [0x00000000e0c00000,0x00000000e31afbc0,0x00000000e5c80000)
 PSPermGen       total 30720K, used 30456K [0x00000000dba00000, 0x00000000dd800000, 0x00000000e0c00000)
  object space 30720K, 99% used [0x00000000dba00000,0x00000000dd7be0a0,0x00000000dd800000)
}

Deoptimization events (10 events):
Event: 513.002 Thread 0x00007f1894015800 Uncommon trap: reason=array_check action=maybe_recompile pc=0x00007f18fd0a81e8 method=javax.swing.event.EventListenerList.getListeners(Ljava/lang/Class;)[Ljava/util/EventListener; @ 63
Event: 513.002 Thread 0x00007f1894015800 Uncommon trap: reason=array_check action=maybe_recompile pc=0x00007f18fd0a81e8 method=javax.swing.event.EventListenerList.getListeners(Ljava/lang/Class;)[Ljava/util/EventListener; @ 63
Event: 513.129 Thread 0x00007f1894015800 Uncommon trap: reason=array_check action=maybe_recompile pc=0x00007f18fd0a81e8 method=javax.swing.event.EventListenerList.getListeners(Ljava/lang/Class;)[Ljava/util/EventListener; @ 63
Event: 623.284 Thread 0x00007f189c052000 Uncommon trap: reason=unreached action=reinterpret pc=0x00007f18fd142e50 method=java.lang.reflect.Method.invoke(Ljava/lang/Object;[Ljava/lang/Object;)Ljava/lang/Object; @ 46
Event: 623.287 Thread 0x00007f189c052000 Uncommon trap: reason=unreached action=reinterpret pc=0x00007f18fd0f4b8c method=org.jruby.javasupport.JavaMethod.convertReturn(Ljava/lang/Object;)Lorg/jruby/runtime/builtin/IRubyObject; @ 12
Event: 624.384 Thread 0x00007f189c052000 Uncommon trap: reason=unreached action=reinterpret pc=0x00007f18fd06d8d4 method=java.util.concurrent.locks.ReentrantLock$Sync.isHeldExclusively()Z @ 7
Event: 1903.053 Thread 0x00007f189c006800 Uncommon trap: reason=bimorphic action=maybe_recompile pc=0x00007f18fd0c8d48 method=org.jruby.javasupport.JavaUtil.convertJavaToUsableRubyObjectWithConverter(Lorg/jruby/Ruby;Ljava/lang/Object;Lorg/jruby/javasupport/JavaUtil$JavaConverter;)Lorg/jruby/runti
Event: 1903.053 Thread 0x00007f189c006800 Uncommon trap: reason=bimorphic action=maybe_recompile pc=0x00007f18fd0c8d48 method=org.jruby.javasupport.JavaUtil.convertJavaToUsableRubyObjectWithConverter(Lorg/jruby/Ruby;Ljava/lang/Object;Lorg/jruby/javasupport/JavaUtil$JavaConverter;)Lorg/jruby/runti
Event: 6259.318 Thread 0x00007f1900589800 Uncommon trap: reason=null_check action=make_not_entrant pc=0x00007f18fd0dec5c method=sun.awt.X11.XToolkit.windowToXWindow(J)Lsun/awt/X11/XBaseWindow; @ 16
Event: 7310.398 Thread 0x00007f1900589800 Uncommon trap: reason=null_check action=make_not_entrant pc=0x00007f18fd12780c method=sun.awt.X11.XToolkit.dispatchEvent(Lsun/awt/X11/XEvent;)V @ 99

Internal exceptions (10 events):
Event: 60.125 Thread 0x00007f189c052000 Threw 0x00000000f6e3c630 at /HUDSON/workspace/7u-2-build-linux-amd64/jdk7u60/1081/hotspot/src/share/vm/prims/jvm.cpp:1244
Event: 436.126 Thread 0x00007f1894015800 Threw 0x00000000f6e26140 at /HUDSON/workspace/7u-2-build-linux-amd64/jdk7u60/1081/hotspot/src/share/vm/prims/jvm.cpp:1244
Event: 436.126 Thread 0x00007f1894015800 Threw 0x00000000f6e27390 at /HUDSON/workspace/7u-2-build-linux-amd64/jdk7u60/1081/hotspot/src/share/vm/prims/jvm.cpp:1244
Event: 436.197 Thread 0x00007f1894015800 Threw 0x00000000f70325b0 at /HUDSON/workspace/7u-2-build-linux-amd64/jdk7u60/1081/hotspot/src/share/vm/prims/jvm.cpp:1244
Event: 436.198 Thread 0x00007f1894015800 Threw 0x00000000f7033760 at /HUDSON/workspace/7u-2-build-linux-amd64/jdk7u60/1081/hotspot/src/share/vm/prims/jvm.cpp:1244
Event: 542.762 Thread 0x00007f1894015800 Threw 0x00000000f5f2d068 at /HUDSON/workspace/7u-2-build-linux-amd64/jdk7u60/1081/hotspot/src/share/vm/prims/jvm.cpp:1244
Event: 542.762 Thread 0x00007f1894015800 Threw 0x00000000f5f2e1b8 at /HUDSON/workspace/7u-2-build-linux-amd64/jdk7u60/1081/hotspot/src/share/vm/prims/jvm.cpp:1244
Event: 623.283 Thread 0x00007f189c052000 Implicit null exception at 0x00007f18fd142db6 to 0x00007f18fd142e41
Event: 6259.318 Thread 0x00007f1900589800 Implicit null exception at 0x00007f18fd0dcc91 to 0x00007f18fd0dec49
Event: 7310.398 Thread 0x00007f1900589800 Implicit null exception at 0x00007f18fd125e07 to 0x00007f18fd127801

Events (10 events):
Event: 7494.581 Executing VM operation: RevokeBias done
Event: 7494.581 Executing VM operation: RevokeBias
Event: 7494.581 Executing VM operation: RevokeBias done
Event: 7494.581 Executing VM operation: RevokeBias
Event: 7494.581 Executing VM operation: RevokeBias done
Event: 7494.581 Executing VM operation: RevokeBias
Event: 7494.581 Executing VM operation: RevokeBias done
Event: 7494.581 Executing VM operation: RevokeBias
Event: 7494.582 Executing VM operation: RevokeBias done
Event: 11831.823 Thread 0x00007f19000a6000 flushing nmethod 0x00007f18fd0f49d0


Dynamic libraries:
00400000-00401000 r-xp 00000000 08:01 17564501                           /usr/lib/jvm/jre1.7.0_60/bin/java
00600000-00601000 rw-p 00000000 08:01 17564501                           /usr/lib/jvm/jre1.7.0_60/bin/java
00743000-00764000 rw-p 00000000 00:00 0                                  [heap]
dba00000-dd800000 rw-p 00000000 00:00 0 
dd800000-e0c00000 rw-p 00000000 00:00 0 
e0c00000-e5c80000 rw-p 00000000 00:00 0 
e5c80000-f5900000 rw-p 00000000 00:00 0 
f5900000-fa480000 rw-p 00000000 00:00 0 
fa480000-fa500000 ---p 00000000 00:00 0 
fa500000-100000000 rw-p 00000000 00:00 0 
7f178803f000-7f1888000000 rw-p 00000000 00:00 0 
7f1888000000-7f18880f8000 rw-p 00000000 00:00 0 
7f18880f8000-7f188c000000 ---p 00000000 00:00 0 
7f188c000000-7f188f04b000 rw-p 00000000 00:00 0 
7f188f04b000-7f1890000000 ---p 00000000 00:00 0 
7f1890000000-7f1890021000 rw-p 00000000 00:00 0 
7f1890021000-7f1894000000 ---p 00000000 00:00 0 
7f1894000000-7f1898000000 rw-p 00000000 00:00 0 
7f1898000000-7f1898021000 rw-p 00000000 00:00 0 
7f1898021000-7f189c000000 ---p 00000000 00:00 0 
7f189c000000-7f189c055000 rw-p 00000000 00:00 0 
7f189c055000-7f18a0000000 ---p 00000000 00:00 0 
7f18a0000000-7f18a0021000 rw-p 00000000 00:00 0 
7f18a0021000-7f18a4000000 ---p 00000000 00:00 0 
7f18a4000000-7f18a4035000 rw-p 00000000 00:00 0 
7f18a4035000-7f18a8000000 ---p 00000000 00:00 0 
7f18a8000000-7f18a80d2000 rw-p 00000000 00:00 0 
7f18a80d2000-7f18ac000000 ---p 00000000 00:00 0 
7f18ac000000-7f18ac021000 rw-p 00000000 00:00 0 
7f18ac021000-7f18b0000000 ---p 00000000 00:00 0 
7f18b0000000-7f18b0021000 rw-p 00000000 00:00 0 
7f18b0021000-7f18b4000000 ---p 00000000 00:00 0 
7f18b4000000-7f18b4021000 rw-p 00000000 00:00 0 
7f18b4021000-7f18b8000000 ---p 00000000 00:00 0 
7f18b8000000-7f18b8db6000 rw-p 00000000 00:00 0 
7f18b8db6000-7f18bc000000 ---p 00000000 00:00 0 
7f18bc000000-7f18bcdcd000 rw-p 00000000 00:00 0 
7f18bcdcd000-7f18c0000000 ---p 00000000 00:00 0 
7f18c0000000-7f18c0021000 rw-p 00000000 00:00 0 
7f18c0021000-7f18c4000000 ---p 00000000 00:00 0 
7f18c4000000-7f18c4021000 rw-p 00000000 00:00 0 
7f18c4021000-7f18c8000000 ---p 00000000 00:00 0 
7f18c8000000-7f18c8021000 rw-p 00000000 00:00 0 
7f18c8021000-7f18cc000000 ---p 00000000 00:00 0 
7f18cc000000-7f18cc021000 rw-p 00000000 00:00 0 
7f18cc021000-7f18d0000000 ---p 00000000 00:00 0 
7f18d0000000-7f18d0021000 rw-p 00000000 00:00 0 
7f18d0021000-7f18d4000000 ---p 00000000 00:00 0 
7f18d8000000-7f18d8021000 rw-p 00000000 00:00 0 
7f18d8021000-7f18dc000000 ---p 00000000 00:00 0 
7f18e0000000-7f18e0021000 rw-p 00000000 00:00 0 
7f18e0021000-7f18e4000000 ---p 00000000 00:00 0 
7f18e8000000-7f18e8021000 rw-p 00000000 00:00 0 
7f18e8021000-7f18ec000000 ---p 00000000 00:00 0 
7f18ed38f000-7f18ed3f7000 r-xp 00000000 08:01 12323810                   /usr/lib/jvm/jre1.7.0_60/lib/amd64/libt2k.so
7f18ed3f7000-7f18ed5f7000 ---p 00068000 08:01 12323810                   /usr/lib/jvm/jre1.7.0_60/lib/amd64/libt2k.so
7f18ed5f7000-7f18ed5fe000 rw-p 00068000 08:01 12323810                   /usr/lib/jvm/jre1.7.0_60/lib/amd64/libt2k.so
7f18ed5fe000-7f18ed60e000 rw-p 00000000 00:00 0 
7f18ed60e000-7f18ed623000 r-xp 00000000 08:01 4198066                    /lib/x86_64-linux-gnu/libgcc_s.so.1
7f18ed623000-7f18ed822000 ---p 00015000 08:01 4198066                    /lib/x86_64-linux-gnu/libgcc_s.so.1
7f18ed822000-7f18ed823000 r--p 00014000 08:01 4198066                    /lib/x86_64-linux-gnu/libgcc_s.so.1
7f18ed823000-7f18ed824000 rw-p 00015000 08:01 4198066                    /lib/x86_64-linux-gnu/libgcc_s.so.1
7f18ed824000-7f18ed889000 r-xp 00000000 08:01 12323790                   /usr/lib/jvm/jre1.7.0_60/lib/amd64/libfontmanager.so
7f18ed889000-7f18eda88000 ---p 00065000 08:01 12323790                   /usr/lib/jvm/jre1.7.0_60/lib/amd64/libfontmanager.so
7f18eda88000-7f18eda8c000 rw-p 00064000 08:01 12323790                   /usr/lib/jvm/jre1.7.0_60/lib/amd64/libfontmanager.so
7f18eda8c000-7f18eda9d000 rw-p 00000000 00:00 0 
7f18eda9d000-7f18edaa0000 ---p 00000000 00:00 0 
7f18edaa0000-7f18edc9e000 rw-p 00000000 00:00 0 
7f18edc9e000-7f18edca1000 ---p 00000000 00:00 0 
7f18edca1000-7f18ee49f000 rw-p 00000000 00:00 0                          [stack:14163]
7f18ee49f000-7f18ee4a2000 ---p 00000000 00:00 0 
7f18ee4a2000-7f18ee6a0000 rw-p 00000000 00:00 0                          [stack:14162]
7f18ee6a0000-7f18ee6a3000 ---p 00000000 00:00 0 
7f18ee6a3000-7f18ee8a1000 rw-p 00000000 00:00 0                          [stack:14161]
7f18ee8a1000-7f18ee8a4000 ---p 00000000 00:00 0 
7f18ee8a4000-7f18eeaa2000 rw-p 00000000 00:00 0                          [stack:14160]
7f18eeaa2000-7f18eeaa5000 ---p 00000000 00:00 0 
7f18eeaa5000-7f18eeca3000 rw-p 00000000 00:00 0                          [stack:14159]
7f18eeca3000-7f18eeca8000 r-xp 00000000 08:01 11671515                   /usr/lib/x86_64-linux-gnu/libXfixes.so.3.1.0
7f18eeca8000-7f18eeea7000 ---p 00005000 08:01 11671515                   /usr/lib/x86_64-linux-gnu/libXfixes.so.3.1.0
7f18eeea7000-7f18eeea8000 r--p 00004000 08:01 11671515                   /usr/lib/x86_64-linux-gnu/libXfixes.so.3.1.0
7f18eeea8000-7f18eeea9000 rw-p 00005000 08:01 11671515                   /usr/lib/x86_64-linux-gnu/libXfixes.so.3.1.0
7f18eeea9000-7f18eeeb2000 r-xp 00000000 08:01 11672490                   /usr/lib/x86_64-linux-gnu/libXcursor.so.1.0.2
7f18eeeb2000-7f18ef0b1000 ---p 00009000 08:01 11672490                   /usr/lib/x86_64-linux-gnu/libXcursor.so.1.0.2
7f18ef0b1000-7f18ef0b2000 r--p 00008000 08:01 11672490                   /usr/lib/x86_64-linux-gnu/libXcursor.so.1.0.2
7f18ef0b2000-7f18ef0b3000 rw-p 00009000 08:01 11672490                   /usr/lib/x86_64-linux-gnu/libXcursor.so.1.0.2
7f18ef0b3000-7f18ef0b6000 ---p 00000000 00:00 0 
7f18ef0b6000-7f18ef2b4000 rw-p 00000000 00:00 0                          [stack:14158]
7f18ef2b4000-7f18ef2c3000 r-xp 00000000 08:01 11671521                   /usr/lib/x86_64-linux-gnu/libXi.so.6.1.0
7f18ef2c3000-7f18ef4c2000 ---p 0000f000 08:01 11671521                   /usr/lib/x86_64-linux-gnu/libXi.so.6.1.0
7f18ef4c2000-7f18ef4c3000 r--p 0000e000 08:01 11671521                   /usr/lib/x86_64-linux-gnu/libXi.so.6.1.0
7f18ef4c3000-7f18ef4c4000 rw-p 0000f000 08:01 11671521                   /usr/lib/x86_64-linux-gnu/libXi.so.6.1.0
7f18ef4c4000-7f18ef4cd000 r-xp 00000000 08:01 11672518                   /usr/lib/x86_64-linux-gnu/libXrender.so.1.3.0
7f18ef4cd000-7f18ef6cc000 ---p 00009000 08:01 11672518                   /usr/lib/x86_64-linux-gnu/libXrender.so.1.3.0
7f18ef6cc000-7f18ef6cd000 r--p 00008000 08:01 11672518                   /usr/lib/x86_64-linux-gnu/libXrender.so.1.3.0
7f18ef6cd000-7f18ef6ce000 rw-p 00009000 08:01 11672518                   /usr/lib/x86_64-linux-gnu/libXrender.so.1.3.0
7f18ef6ce000-7f18ef71e000 r-xp 00000000 08:01 12323809                   /usr/lib/jvm/jre1.7.0_60/lib/amd64/xawt/libmawt.so
7f18ef71e000-7f18ef91e000 ---p 00050000 08:01 12323809                   /usr/lib/jvm/jre1.7.0_60/lib/amd64/xawt/libmawt.so
7f18ef91e000-7f18ef922000 rw-p 00050000 08:01 12323809                   /usr/lib/jvm/jre1.7.0_60/lib/amd64/xawt/libmawt.so
7f18ef922000-7f18ef923000 rw-p 00000000 00:00 0 
7f18ef923000-7f18ef9c5000 r-xp 00000000 08:01 12323789                   /usr/lib/jvm/jre1.7.0_60/lib/amd64/libawt.so
7f18ef9c5000-7f18efbc5000 ---p 000a2000 08:01 12323789                   /usr/lib/jvm/jre1.7.0_60/lib/amd64/libawt.so
7f18efbc5000-7f18efbd1000 rw-p 000a2000 08:01 12323789                   /usr/lib/jvm/jre1.7.0_60/lib/amd64/libawt.so
7f18efbd1000-7f18efbf5000 rw-p 00000000 00:00 0 
7f18efbf5000-7f18efbf9000 r-xp 00000000 08:01 4197989                    /lib/x86_64-linux-gnu/libuuid.so.1.3.0
7f18efbf9000-7f18efdf8000 ---p 00004000 08:01 4197989                    /lib/x86_64-linux-gnu/libuuid.so.1.3.0
7f18efdf8000-7f18efdf9000 r--p 00003000 08:01 4197989                    /lib/x86_64-linux-gnu/libuuid.so.1.3.0
7f18efdf9000-7f18efdfa000 rw-p 00004000 08:01 4197989                    /lib/x86_64-linux-gnu/libuuid.so.1.3.0
7f18efdfa000-7f18efdff000 r-xp 00000000 08:01 11672494                   /usr/lib/x86_64-linux-gnu/libXdmcp.so.6.0.0
7f18efdff000-7f18efffe000 ---p 00005000 08:01 11672494                   /usr/lib/x86_64-linux-gnu/libXdmcp.so.6.0.0
7f18efffe000-7f18effff000 r--p 00004000 08:01 11672494                   /usr/lib/x86_64-linux-gnu/libXdmcp.so.6.0.0
7f18effff000-7f18f0000000 rw-p 00005000 08:01 11672494                   /usr/lib/x86_64-linux-gnu/libXdmcp.so.6.0.0
7f18f0000000-7f18f0021000 rw-p 00000000 00:00 0 
7f18f0021000-7f18f4000000 ---p 00000000 00:00 0 
7f18f40d7000-7f18f40d9000 r-xp 00000000 08:01 11672483                   /usr/lib/x86_64-linux-gnu/libXau.so.6.0.0
7f18f40d9000-7f18f42d8000 ---p 00002000 08:01 11672483                   /usr/lib/x86_64-linux-gnu/libXau.so.6.0.0
7f18f42d8000-7f18f42d9000 r--p 00001000 08:01 11672483                   /usr/lib/x86_64-linux-gnu/libXau.so.6.0.0
7f18f42d9000-7f18f42da000 rw-p 00002000 08:01 11672483                   /usr/lib/x86_64-linux-gnu/libXau.so.6.0.0
7f18f42da000-7f18f42ea000 r-xp 00000000 08:01 11672496                   /usr/lib/x86_64-linux-gnu/libXext.so.6.4.0
7f18f42ea000-7f18f44e9000 ---p 00010000 08:01 11672496                   /usr/lib/x86_64-linux-gnu/libXext.so.6.4.0
7f18f44e9000-7f18f44ea000 r--p 0000f000 08:01 11672496                   /usr/lib/x86_64-linux-gnu/libXext.so.6.4.0
7f18f44ea000-7f18f44eb000 rw-p 00010000 08:01 11672496                   /usr/lib/x86_64-linux-gnu/libXext.so.6.4.0
7f18f44eb000-7f18f4501000 r-xp 00000000 08:01 11672436                   /usr/lib/x86_64-linux-gnu/libICE.so.6.3.0
7f18f4501000-7f18f4700000 ---p 00016000 08:01 11672436                   /usr/lib/x86_64-linux-gnu/libICE.so.6.3.0
7f18f4700000-7f18f4701000 r--p 00015000 08:01 11672436                   /usr/lib/x86_64-linux-gnu/libICE.so.6.3.0
7f18f4701000-7f18f4702000 rw-p 00016000 08:01 11672436                   /usr/lib/x86_64-linux-gnu/libICE.so.6.3.0
7f18f4702000-7f18f4705000 rw-p 00000000 00:00 0 
7f18f4705000-7f18f470c000 r-xp 00000000 08:01 11672477                   /usr/lib/x86_64-linux-gnu/libSM.so.6.0.1
7f18f470c000-7f18f490b000 ---p 00007000 08:01 11672477                   /usr/lib/x86_64-linux-gnu/libSM.so.6.0.1
7f18f490b000-7f18f490c000 r--p 00006000 08:01 11672477                   /usr/lib/x86_64-linux-gnu/libSM.so.6.0.1
7f18f490c000-7f18f490d000 rw-p 00007000 08:01 11672477                   /usr/lib/x86_64-linux-gnu/libSM.so.6.0.1
7f18f490d000-7f18f492a000 r-xp 00000000 08:01 11673090                   /usr/lib/x86_64-linux-gnu/libxcb.so.1.1.0
7f18f492a000-7f18f4b29000 ---p 0001d000 08:01 11673090                   /usr/lib/x86_64-linux-gnu/libxcb.so.1.1.0
7f18f4b29000-7f18f4b2a000 r--p 0001c000 08:01 11673090                   /usr/lib/x86_64-linux-gnu/libxcb.so.1.1.0
7f18f4b2a000-7f18f4b2b000 rw-p 0001d000 08:01 11673090                   /usr/lib/x86_64-linux-gnu/libxcb.so.1.1.0
7f18f4b2b000-7f18f4b30000 r-xp 00000000 08:01 11672522                   /usr/lib/x86_64-linux-gnu/libXtst.so.6.1.0
7f18f4b30000-7f18f4d2f000 ---p 00005000 08:01 11672522                   /usr/lib/x86_64-linux-gnu/libXtst.so.6.1.0
7f18f4d2f000-7f18f4d30000 r--p 00004000 08:01 11672522                   /usr/lib/x86_64-linux-gnu/libXtst.so.6.1.0
7f18f4d30000-7f18f4d31000 rw-p 00005000 08:01 11672522                   /usr/lib/x86_64-linux-gnu/libXtst.so.6.1.0
7f18f4d31000-7f18f4d90000 r-xp 00000000 08:01 11672520                   /usr/lib/x86_64-linux-gnu/libXt.so.6.0.0
7f18f4d90000-7f18f4f90000 ---p 0005f000 08:01 11672520                   /usr/lib/x86_64-linux-gnu/libXt.so.6.0.0
7f18f4f90000-7f18f4f91000 r--p 0005f000 08:01 11672520                   /usr/lib/x86_64-linux-gnu/libXt.so.6.0.0
7f18f4f91000-7f18f4f96000 rw-p 00060000 08:01 11672520                   /usr/lib/x86_64-linux-gnu/libXt.so.6.0.0
7f18f4f96000-7f18f4f97000 rw-p 00000000 00:00 0 
7f18f4f97000-7f18f50c7000 r-xp 00000000 08:01 11667031                   /usr/lib/x86_64-linux-gnu/libX11.so.6.3.0
7f18f50c7000-7f18f52c7000 ---p 00130000 08:01 11667031                   /usr/lib/x86_64-linux-gnu/libX11.so.6.3.0
7f18f52c7000-7f18f52c8000 r--p 00130000 08:01 11667031                   /usr/lib/x86_64-linux-gnu/libX11.so.6.3.0
7f18f52c8000-7f18f52cc000 rw-p 00131000 08:01 11667031                   /usr/lib/x86_64-linux-gnu/libX11.so.6.3.0
7f18f52cc000-7f18f52d8000 r-xp 00000000 08:01 18617619                   /tmp/libJNativeHook_921995606647937891.so
7f18f52d8000-7f18f54d7000 ---p 0000c000 08:01 18617619                   /tmp/libJNativeHook_921995606647937891.so
7f18f54d7000-7f18f54d8000 r--p 0000b000 08:01 18617619                   /tmp/libJNativeHook_921995606647937891.so
7f18f54d8000-7f18f54d9000 rw-p 0000c000 08:01 18617619                   /tmp/libJNativeHook_921995606647937891.so
7f18f564d000-7f18f5650000 ---p 00000000 00:00 0 
7f18f5650000-7f18f584e000 rw-p 00000000 00:00 0                          [stack:14165]
7f18f584e000-7f18f5851000 ---p 00000000 00:00 0 
7f18f5851000-7f18f5a4f000 rw-p 00000000 00:00 0 
7f18f5a4f000-7f18f5a61000 r-xp 00000000 08:01 20983419                   /home/vmocuk/.rvm/rubies/jruby-1.7.10/lib/jni/x86_64-Linux/libjffi-1.2.so
7f18f5a61000-7f18f5c60000 ---p 00012000 08:01 20983419                   /home/vmocuk/.rvm/rubies/jruby-1.7.10/lib/jni/x86_64-Linux/libjffi-1.2.so
7f18f5c60000-7f18f5c61000 rw-p 00011000 08:01 20983419                   /home/vmocuk/.rvm/rubies/jruby-1.7.10/lib/jni/x86_64-Linux/libjffi-1.2.so
7f18f5d90000-7f18f5d93000 ---p 00000000 00:00 0 
7f18f5d93000-7f18f5dc9000 rw-p 00000000 00:00 0 
7f18f5dc9000-7f18f5dd9000 r-xp 00000000 08:01 12323824                   /usr/lib/jvm/jre1.7.0_60/lib/amd64/libnio.so
7f18f5dd9000-7f18f5fd9000 ---p 00010000 08:01 12323824                   /usr/lib/jvm/jre1.7.0_60/lib/amd64/libnio.so
7f18f5fd9000-7f18f5fda000 rw-p 00010000 08:01 12323824                   /usr/lib/jvm/jre1.7.0_60/lib/amd64/libnio.so
7f18f5fda000-7f18f600b000 rw-p 00000000 00:00 0 
7f18f600b000-7f18f6021000 r-xp 00000000 08:01 12323786                   /usr/lib/jvm/jre1.7.0_60/lib/amd64/libnet.so
7f18f6021000-7f18f6221000 ---p 00016000 08:01 12323786                   /usr/lib/jvm/jre1.7.0_60/lib/amd64/libnet.so
7f18f6221000-7f18f6222000 rw-p 00016000 08:01 12323786                   /usr/lib/jvm/jre1.7.0_60/lib/amd64/libnet.so
7f18f6222000-7f18f630b000 r--s 00bb9000 08:01 20192340                   /home/vmocuk/.rvm/rubies/jruby-1.7.10/lib/jruby.jar
7f18f630b000-7f18f630c000 ---p 00000000 00:00 0 
7f18f630c000-7f18f640c000 rw-p 00000000 00:00 0                          [stack:14155]
7f18f640c000-7f18f640f000 ---p 00000000 00:00 0 
7f18f640f000-7f18f660d000 rw-p 00000000 00:00 0                          [stack:14154]
7f18f660d000-7f18f6610000 ---p 00000000 00:00 0 
7f18f6610000-7f18f670e000 rw-p 00000000 00:00 0                          [stack:14153]
7f18f670e000-7f18f6711000 ---p 00000000 00:00 0 
7f18f6711000-7f18f680f000 rw-p 00000000 00:00 0                          [stack:14152]
7f18f680f000-7f18f6812000 ---p 00000000 00:00 0 
7f18f6812000-7f18f6a10000 rw-p 00000000 00:00 0                          [stack:14151]
7f18f6a10000-7f18f70f3000 r--p 00000000 08:01 11671840                   /usr/lib/locale/locale-archive
7f18f70f3000-7f18f70f6000 ---p 00000000 00:00 0 
7f18f70f6000-7f18f72f4000 rw-p 00000000 00:00 0                          [stack:14150]
7f18f72f4000-7f18f72f7000 ---p 00000000 00:00 0 
7f18f72f7000-7f18f74f5000 rw-p 00000000 00:00 0                          [stack:14149]
7f18f74f5000-7f18f74f6000 ---p 00000000 00:00 0 
7f18f74f6000-7f18f8000000 rw-p 00000000 00:00 0                          [stack:14148]
7f18f8000000-7f18f8021000 rw-p 00000000 00:00 0 
7f18f8021000-7f18fc000000 ---p 00000000 00:00 0 
7f18fc019000-7f18fc01a000 rw-p 00000000 00:00 0 
7f18fc01a000-7f18fc023000 r--s 00251000 08:01 12192924                   /usr/lib/jvm/jre1.7.0_60/lib/resources.jar
7f18fc023000-7f18fc026000 r--s 000f5000 08:01 12190357                   /usr/lib/jvm/jre1.7.0_60/lib/ext/localedata.jar
7f18fc026000-7f18fc028000 r--s 00024000 08:01 21630799                   /home/vmocuk/projects/robot/JNativeHook.jar
7f18fc028000-7f18fc029000 r-xp 00000000 00:00 0 
7f18fc029000-7f18fcc4d000 rw-p 00000000 00:00 0 
7f18fcc4d000-7f18fce0c000 r--s 031c1000 08:01 12192935                   /usr/lib/jvm/jre1.7.0_60/lib/rt.jar
7f18fce0c000-7f18fd000000 rw-p 00000000 00:00 0 
7f18fd000000-7f18fd270000 rwxp 00000000 00:00 0 
7f18fd270000-7f19005c9000 rw-p 00000000 00:00 0 
7f19005c9000-7f1904000000 ---p 00000000 00:00 0 
7f1904000000-7f1905251000 rw-p 00000000 00:00 0 
7f1905251000-7f1905252000 ---p 00000000 00:00 0 
7f1905252000-7f1905352000 rw-p 00000000 00:00 0                          [stack:14147]
7f1905352000-7f1905353000 ---p 00000000 00:00 0 
7f1905353000-7f1905453000 rw-p 00000000 00:00 0                          [stack:14146]
7f1905453000-7f1905454000 ---p 00000000 00:00 0 
7f1905454000-7f1905554000 rw-p 00000000 00:00 0                          [stack:14145]
7f1905554000-7f1905555000 ---p 00000000 00:00 0 
7f1905555000-7f1905655000 rw-p 00000000 00:00 0                          [stack:14144]
7f1905655000-7f1905656000 ---p 00000000 00:00 0 
7f1905656000-7f1905756000 rw-p 00000000 00:00 0                          [stack:14143]
7f1905756000-7f1905757000 ---p 00000000 00:00 0 
7f1905757000-7f1905866000 rw-p 00000000 00:00 0                          [stack:14142]
7f1905866000-7f1905880000 rw-p 00000000 00:00 0 
7f1905880000-7f19058a9000 rw-p 00000000 00:00 0 
7f19058a9000-7f1905926000 rw-p 00000000 00:00 0 
7f1905926000-7f190594d000 rw-p 00000000 00:00 0 
7f190594d000-7f190597a000 rw-p 00000000 00:00 0 
7f190597a000-7f190597b000 rw-p 00000000 00:00 0 
7f190597b000-7f1905995000 r-xp 00000000 08:01 12323838                   /usr/lib/jvm/jre1.7.0_60/lib/amd64/libzip.so
7f1905995000-7f1905b95000 ---p 0001a000 08:01 12323838                   /usr/lib/jvm/jre1.7.0_60/lib/amd64/libzip.so
7f1905b95000-7f1905b96000 rw-p 0001a000 08:01 12323838                   /usr/lib/jvm/jre1.7.0_60/lib/amd64/libzip.so
7f1905b96000-7f1905ba2000 r-xp 00000000 08:01 4194419                    /lib/x86_64-linux-gnu/libnss_files-2.15.so
7f1905ba2000-7f1905da1000 ---p 0000c000 08:01 4194419                    /lib/x86_64-linux-gnu/libnss_files-2.15.so
7f1905da1000-7f1905da2000 r--p 0000b000 08:01 4194419                    /lib/x86_64-linux-gnu/libnss_files-2.15.so
7f1905da2000-7f1905da3000 rw-p 0000c000 08:01 4194419                    /lib/x86_64-linux-gnu/libnss_files-2.15.so
7f1905da3000-7f1905dad000 r-xp 00000000 08:01 4194423                    /lib/x86_64-linux-gnu/libnss_nis-2.15.so
7f1905dad000-7f1905fad000 ---p 0000a000 08:01 4194423                    /lib/x86_64-linux-gnu/libnss_nis-2.15.so
7f1905fad000-7f1905fae000 r--p 0000a000 08:01 4194423                    /lib/x86_64-linux-gnu/libnss_nis-2.15.so
7f1905fae000-7f1905faf000 rw-p 0000b000 08:01 4194423                    /lib/x86_64-linux-gnu/libnss_nis-2.15.so
7f1905faf000-7f1905fc6000 r-xp 00000000 08:01 4198254                    /lib/x86_64-linux-gnu/libnsl-2.15.so
7f1905fc6000-7f19061c5000 ---p 00017000 08:01 4198254                    /lib/x86_64-linux-gnu/libnsl-2.15.so
7f19061c5000-7f19061c6000 r--p 00016000 08:01 4198254                    /lib/x86_64-linux-gnu/libnsl-2.15.so
7f19061c6000-7f19061c7000 rw-p 00017000 08:01 4198254                    /lib/x86_64-linux-gnu/libnsl-2.15.so
7f19061c7000-7f19061c9000 rw-p 00000000 00:00 0 
7f19061c9000-7f19061d1000 r-xp 00000000 08:01 4194417                    /lib/x86_64-linux-gnu/libnss_compat-2.15.so
7f19061d1000-7f19063d0000 ---p 00008000 08:01 4194417                    /lib/x86_64-linux-gnu/libnss_compat-2.15.so
7f19063d0000-7f19063d1000 r--p 00007000 08:01 4194417                    /lib/x86_64-linux-gnu/libnss_compat-2.15.so
7f19063d1000-7f19063d2000 rw-p 00008000 08:01 4194417                    /lib/x86_64-linux-gnu/libnss_compat-2.15.so
7f19063d2000-7f19063fb000 r-xp 00000000 08:01 12323821                   /usr/lib/jvm/jre1.7.0_60/lib/amd64/libjava.so
7f19063fb000-7f19065fb000 ---p 00029000 08:01 12323821                   /usr/lib/jvm/jre1.7.0_60/lib/amd64/libjava.so
7f19065fb000-7f19065fd000 rw-p 00029000 08:01 12323821                   /usr/lib/jvm/jre1.7.0_60/lib/amd64/libjava.so
7f19065fd000-7f190660a000 r-xp 00000000 08:01 12323785                   /usr/lib/jvm/jre1.7.0_60/lib/amd64/libverify.so
7f190660a000-7f1906809000 ---p 0000d000 08:01 12323785                   /usr/lib/jvm/jre1.7.0_60/lib/amd64/libverify.so
7f1906809000-7f190680b000 rw-p 0000c000 08:01 12323785                   /usr/lib/jvm/jre1.7.0_60/lib/amd64/libverify.so
7f190680b000-7f1906812000 r-xp 00000000 08:01 4194422                    /lib/x86_64-linux-gnu/librt-2.15.so
7f1906812000-7f1906a11000 ---p 00007000 08:01 4194422                    /lib/x86_64-linux-gnu/librt-2.15.so
7f1906a11000-7f1906a12000 r--p 00006000 08:01 4194422                    /lib/x86_64-linux-gnu/librt-2.15.so
7f1906a12000-7f1906a13000 rw-p 00007000 08:01 4194422                    /lib/x86_64-linux-gnu/librt-2.15.so
7f1906a13000-7f1906a16000 ---p 00000000 00:00 0 
7f1906a16000-7f1906c14000 rw-p 00000000 00:00 0                          [stack:14141]
7f1906c14000-7f1906d0f000 r-xp 00000000 08:01 4194426                    /lib/x86_64-linux-gnu/libm-2.15.so
7f1906d0f000-7f1906f0e000 ---p 000fb000 08:01 4194426                    /lib/x86_64-linux-gnu/libm-2.15.so
7f1906f0e000-7f1906f0f000 r--p 000fa000 08:01 4194426                    /lib/x86_64-linux-gnu/libm-2.15.so
7f1906f0f000-7f1906f10000 rw-p 000fb000 08:01 4194426                    /lib/x86_64-linux-gnu/libm-2.15.so
7f1906f10000-7f1907a80000 r-xp 00000000 08:01 12323798                   /usr/lib/jvm/jre1.7.0_60/lib/amd64/server/libjvm.so
7f1907a80000-7f1907c7f000 ---p 00b70000 08:01 12323798                   /usr/lib/jvm/jre1.7.0_60/lib/amd64/server/libjvm.so
7f1907c7f000-7f1907d43000 rw-p 00b6f000 08:01 12323798                   /usr/lib/jvm/jre1.7.0_60/lib/amd64/server/libjvm.so
7f1907d43000-7f1907d84000 rw-p 00000000 00:00 0 
7f1907d84000-7f1907f39000 r-xp 00000000 08:01 4194315                    /lib/x86_64-linux-gnu/libc-2.15.so
7f1907f39000-7f1908139000 ---p 001b5000 08:01 4194315                    /lib/x86_64-linux-gnu/libc-2.15.so
7f1908139000-7f190813d000 r--p 001b5000 08:01 4194315                    /lib/x86_64-linux-gnu/libc-2.15.so
7f190813d000-7f190813f000 rw-p 001b9000 08:01 4194315                    /lib/x86_64-linux-gnu/libc-2.15.so
7f190813f000-7f1908144000 rw-p 00000000 00:00 0 
7f1908144000-7f1908146000 r-xp 00000000 08:01 4194430                    /lib/x86_64-linux-gnu/libdl-2.15.so
7f1908146000-7f1908346000 ---p 00002000 08:01 4194430                    /lib/x86_64-linux-gnu/libdl-2.15.so
7f1908346000-7f1908347000 r--p 00002000 08:01 4194430                    /lib/x86_64-linux-gnu/libdl-2.15.so
7f1908347000-7f1908348000 rw-p 00003000 08:01 4194430                    /lib/x86_64-linux-gnu/libdl-2.15.so
7f1908348000-7f190835e000 r-xp 00000000 08:01 12323813                   /usr/lib/jvm/jre1.7.0_60/lib/amd64/jli/libjli.so
7f190835e000-7f190855e000 ---p 00016000 08:01 12323813                   /usr/lib/jvm/jre1.7.0_60/lib/amd64/jli/libjli.so
7f190855e000-7f190855f000 rw-p 00016000 08:01 12323813                   /usr/lib/jvm/jre1.7.0_60/lib/amd64/jli/libjli.so
7f190855f000-7f1908577000 r-xp 00000000 08:01 4194424                    /lib/x86_64-linux-gnu/libpthread-2.15.so
7f1908577000-7f1908776000 ---p 00018000 08:01 4194424                    /lib/x86_64-linux-gnu/libpthread-2.15.so
7f1908776000-7f1908777000 r--p 00017000 08:01 4194424                    /lib/x86_64-linux-gnu/libpthread-2.15.so
7f1908777000-7f1908778000 rw-p 00018000 08:01 4194424                    /lib/x86_64-linux-gnu/libpthread-2.15.so
7f1908778000-7f190877c000 rw-p 00000000 00:00 0 
7f190877c000-7f190879e000 r-xp 00000000 08:01 4194427                    /lib/x86_64-linux-gnu/ld-2.15.so
7f190879e000-7f19087f6000 rw-p 00000000 00:00 0 
7f19087f6000-7f1908810000 rw-p 00000000 00:00 0 
7f1908810000-7f1908839000 rw-p 00000000 00:00 0 
7f1908839000-7f19088b7000 rw-p 00000000 00:00 0 
7f19088b7000-7f19088c1000 rw-p 00000000 00:00 0 
7f19088c1000-7f1908977000 rw-p 00000000 00:00 0 
7f1908977000-7f190897b000 rw-p 00000000 00:00 0 
7f190897b000-7f1908982000 r--s 00000000 08:01 11935201                   /usr/lib/x86_64-linux-gnu/gconv/gconv-modules.cache
7f1908982000-7f1908986000 r--s 0007d000 08:01 12192943                   /usr/lib/jvm/jre1.7.0_60/lib/jsse.jar
7f1908986000-7f1908992000 rw-p 00000000 00:00 0 
7f1908992000-7f190899a000 rw-s 00000000 08:01 18617618                   /tmp/hsperfdata_vmocuk/14140
7f190899a000-7f190899b000 rw-p 00000000 00:00 0 
7f190899b000-7f190899c000 r--p 00000000 00:00 0 
7f190899c000-7f190899e000 rw-p 00000000 00:00 0 
7f190899e000-7f190899f000 r--p 00022000 08:01 4194427                    /lib/x86_64-linux-gnu/ld-2.15.so
7f190899f000-7f19089a1000 rw-p 00023000 08:01 4194427                    /lib/x86_64-linux-gnu/ld-2.15.so
7fffaa054000-7fffaa076000 rw-p 00000000 00:00 0                          [stack]
7fffaa123000-7fffaa125000 r-xp 00000000 00:00 0                          [vdso]
ffffffffff600000-ffffffffff601000 r-xp 00000000 00:00 0                  [vsyscall]

VM Arguments:
jvm_args: -Djdk.home= -Djruby.home=/home/vmocuk/.rvm/rubies/jruby-1.7.10 -Djruby.script=jruby -Djruby.shell=/bin/sh -Djffi.boot.library.path=/home/vmocuk/.rvm/rubies/jruby-1.7.10/lib/jni:/home/vmocuk/.rvm/rubies/jruby-1.7.10/lib/jni/x86_64-Linux:/home/vmocuk/.rvm/rubies/jruby-1.7.10/lib/jni/i386-Linux:/home/vmocuk/.rvm/rubies/jruby-1.7.10/lib/jni/arm-Linux -Xmx500m -Xss2048k -Xbootclasspath/a:/home/vmocuk/.rvm/rubies/jruby-1.7.10/lib/jruby.jar 
java_command: org/jruby/Main main.rb
Launcher Type: SUN_STANDARD

Environment Variables:
JAVA_HOME=/usr/lib/jvm/jre1.7.0_60
PATH=/home/vmocuk/.rvm/gems/jruby-1.7.10/bin:/home/vmocuk/.rvm/gems/jruby-1.7.10@global/bin:/home/vmocuk/.rvm/rubies/jruby-1.7.10/bin:/home/vmocuk/.rvm/bin:/usr/lib/lightdm/lightdm:/usr/local/sbin:/usr/local/bin:/usr/sbin:/usr/bin:/sbin:/bin:/usr/games:/usr/lib/jvm/jre1.7.0_60
SHELL=/bin/bash
DISPLAY=:0.0

Signal Handlers:
SIGSEGV: [libjvm.so+0x99f0f0], sa_mask[0]=0x7ffbfeff, sa_flags=0x10000004
SIGBUS: [libjvm.so+0x99f0f0], sa_mask[0]=0x7ffbfeff, sa_flags=0x10000004
SIGFPE: [libjvm.so+0x81a6d0], sa_mask[0]=0x7ffbfeff, sa_flags=0x10000004
SIGPIPE: [libjvm.so+0x81a6d0], sa_mask[0]=0x7ffbfeff, sa_flags=0x10000004
SIGXFSZ: [libjvm.so+0x81a6d0], sa_mask[0]=0x7ffbfeff, sa_flags=0x10000004
SIGILL: [libjvm.so+0x81a6d0], sa_mask[0]=0x7ffbfeff, sa_flags=0x10000004
SIGUSR1: SIG_DFL, sa_mask[0]=0x00000000, sa_flags=0x00000000
SIGUSR2: [libjvm.so+0x81bed0], sa_mask[0]=0x00000000, sa_flags=0x10000004
SIGHUP: [libjvm.so+0x81cfd0], sa_mask[0]=0x7ffbfeff, sa_flags=0x10000004
SIGINT: [libjvm.so+0x81cfd0], sa_mask[0]=0x7ffbfeff, sa_flags=0x10000004
SIGTERM: [libjvm.so+0x81cfd0], sa_mask[0]=0x7ffbfeff, sa_flags=0x10000004
SIGQUIT: [libjvm.so+0x81cfd0], sa_mask[0]=0x7ffbfeff, sa_flags=0x10000004


---------------  S Y S T E M  ---------------

OS:wheezy/sid

uname:Linux 3.8.0-42-generic #62~precise1-Ubuntu SMP Wed Jun 4 22:04:18 UTC 2014 x86_64
libc:glibc 2.15 NPTL 2.15 
rlimit: STACK 8192k, CORE 0k, NPROC 61142, NOFILE 4096, AS infinity
load average:0.66 0.76 0.90

/proc/meminfo:
MemTotal:        7918268 kB
MemFree:         1277968 kB
Buffers:           84620 kB
Cached:           939296 kB
SwapCached:         2148 kB
Active:          4524948 kB
Inactive:        1579156 kB
Active(anon):    4033884 kB
Inactive(anon):  1146036 kB
Active(file):     491064 kB
Inactive(file):   433120 kB
Unevictable:         140 kB
Mlocked:             140 kB
SwapTotal:       8122364 kB
SwapFree:        8100160 kB
Dirty:              5284 kB
Writeback:             0 kB
AnonPages:       5078344 kB
Mapped:           391656 kB
Shmem:             99660 kB
Slab:             278108 kB
SReclaimable:     213328 kB
SUnreclaim:        64780 kB
KernelStack:        9792 kB
PageTables:       106180 kB
NFS_Unstable:          0 kB
Bounce:                0 kB
WritebackTmp:          0 kB
CommitLimit:    12081496 kB
Committed_AS:   24990152 kB
VmallocTotal:   34359738367 kB
VmallocUsed:      295768 kB
VmallocChunk:   34359421056 kB
HardwareCorrupted:     0 kB
AnonHugePages:         0 kB
HugePages_Total:       0
HugePages_Free:        0
HugePages_Rsvd:        0
HugePages_Surp:        0
Hugepagesize:       2048 kB
DirectMap4k:       76224 kB
DirectMap2M:     1757184 kB
DirectMap1G:     6291456 kB


CPU:total 6 (6 cores per cpu, 1 threads per core) family 16 model 10 stepping 0, cmov, cx8, fxsr, mmx, sse, sse2, sse3, popcnt, mmxext, 3dnowpref, lzcnt, sse4a, tsc, tscinvbit, tscinv

/proc/cpuinfo:
processor	: 0
vendor_id	: AuthenticAMD
cpu family	: 16
model		: 10
model name	: AMD Phenom(tm) II X6 1055T Processor
stepping	: 0
microcode	: 0x10000bf
cpu MHz		: 800.000
cache size	: 512 KB
physical id	: 0
siblings	: 6
core id		: 0
cpu cores	: 6
apicid		: 0
initial apicid	: 0
fpu		: yes
fpu_exception	: yes
cpuid level	: 6
wp		: yes
flags		: fpu vme de pse tsc msr pae mce cx8 apic sep mtrr pge mca cmov pat pse36 clflush mmx fxsr sse sse2 ht syscall nx mmxext fxsr_opt pdpe1gb rdtscp lm 3dnowext 3dnow constant_tsc rep_good nopl nonstop_tsc extd_apicid aperfmperf pni monitor cx16 popcnt lahf_lm cmp_legacy svm extapic cr8_legacy abm sse4a misalignsse 3dnowprefetch osvw ibs skinit wdt cpb hw_pstate npt lbrv svm_lock nrip_save pausefilter
bogomips	: 5625.25
TLB size	: 1024 4K pages
clflush size	: 64
cache_alignment	: 64
address sizes	: 48 bits physical, 48 bits virtual
power management: ts ttp tm stc 100mhzsteps hwpstate cpb

processor	: 1
vendor_id	: AuthenticAMD
cpu family	: 16
model		: 10
model name	: AMD Phenom(tm) II X6 1055T Processor
stepping	: 0
microcode	: 0x10000bf
cpu MHz		: 800.000
cache size	: 512 KB
physical id	: 0
siblings	: 6
core id		: 1
cpu cores	: 6
apicid		: 1
initial apicid	: 1
fpu		: yes
fpu_exception	: yes
cpuid level	: 6
wp		: yes
flags		: fpu vme de pse tsc msr pae mce cx8 apic sep mtrr pge mca cmov pat pse36 clflush mmx fxsr sse sse2 ht syscall nx mmxext fxsr_opt pdpe1gb rdtscp lm 3dnowext 3dnow constant_tsc rep_good nopl nonstop_tsc extd_apicid aperfmperf pni monitor cx16 popcnt lahf_lm cmp_legacy svm extapic cr8_legacy abm sse4a misalignsse 3dnowprefetch osvw ibs skinit wdt cpb hw_pstate npt lbrv svm_lock nrip_save pausefilter
bogomips	: 5625.25
TLB size	: 1024 4K pages
clflush size	: 64
cache_alignment	: 64
address sizes	: 48 bits physical, 48 bits virtual
power management: ts ttp tm stc 100mhzsteps hwpstate cpb

processor	: 2
vendor_id	: AuthenticAMD
cpu family	: 16
model		: 10
model name	: AMD Phenom(tm) II X6 1055T Processor
stepping	: 0
microcode	: 0x10000bf
cpu MHz		: 800.000
cache size	: 512 KB
physical id	: 0
siblings	: 6
core id		: 2
cpu cores	: 6
apicid		: 2
initial apicid	: 2
fpu		: yes
fpu_exception	: yes
cpuid level	: 6
wp		: yes
flags		: fpu vme de pse tsc msr pae mce cx8 apic sep mtrr pge mca cmov pat pse36 clflush mmx fxsr sse sse2 ht syscall nx mmxext fxsr_opt pdpe1gb rdtscp lm 3dnowext 3dnow constant_tsc rep_good nopl nonstop_tsc extd_apicid aperfmperf pni monitor cx16 popcnt lahf_lm cmp_legacy svm extapic cr8_legacy abm sse4a misalignsse 3dnowprefetch osvw ibs skinit wdt cpb hw_pstate npt lbrv svm_lock nrip_save pausefilter
bogomips	: 5625.25
TLB size	: 1024 4K pages
clflush size	: 64
cache_alignment	: 64
address sizes	: 48 bits physical, 48 bits virtual
power management: ts ttp tm stc 100mhzsteps hwpstate cpb

processor	: 3
vendor_id	: AuthenticAMD
cpu family	: 16
model		: 10
model name	: AMD Phenom(tm) II X6 1055T Processor
stepping	: 0
microcode	: 0x10000bf
cpu MHz		: 800.000
cache size	: 512 KB
physical id	: 0
siblings	: 6
core id		: 3
cpu cores	: 6
apicid		: 3
initial apicid	: 3
fpu		: yes
fpu_exception	: yes
cpuid level	: 6
wp		: yes
flags		: fpu vme de pse tsc msr pae mce cx8 apic sep mtrr pge mca cmov pat pse36 clflush mmx fxsr sse sse2 ht syscall nx mmxext fxsr_opt pdpe1gb rdtscp lm 3dnowext 3dnow constant_tsc rep_good nopl nonstop_tsc extd_apicid aperfmperf pni monitor cx16 popcnt lahf_lm cmp_legacy svm extapic cr8_legacy abm sse4a misalignsse 3dnowprefetch osvw ibs skinit wdt cpb hw_pstate npt lbrv svm_lock nrip_save pausefilter
bogomips	: 5625.25
TLB size	: 1024 4K pages
clflush size	: 64
cache_alignment	: 64
address sizes	: 48 bits physical, 48 bits virtual
power management: ts ttp tm stc 100mhzsteps hwpstate cpb

processor	: 4
vendor_id	: AuthenticAMD
cpu family	: 16
model		: 10
model name	: AMD Phenom(tm) II X6 1055T Processor
stepping	: 0
microcode	: 0x10000bf
cpu MHz		: 800.000
cache size	: 512 KB
physical id	: 0
siblings	: 6
core id		: 4
cpu cores	: 6
apicid		: 4
initial apicid	: 4
fpu		: yes
fpu_exception	: yes
cpuid level	: 6
wp		: yes
flags		: fpu vme de pse tsc msr pae mce cx8 apic sep mtrr pge mca cmov pat pse36 clflush mmx fxsr sse sse2 ht syscall nx mmxext fxsr_opt pdpe1gb rdtscp lm 3dnowext 3dnow constant_tsc rep_good nopl nonstop_tsc extd_apicid aperfmperf pni monitor cx16 popcnt lahf_lm cmp_legacy svm extapic cr8_legacy abm sse4a misalignsse 3dnowprefetch osvw ibs skinit wdt cpb hw_pstate npt lbrv svm_lock nrip_save pausefilter
bogomips	: 5625.25
TLB size	: 1024 4K pages
clflush size	: 64
cache_alignment	: 64
address sizes	: 48 bits physical, 48 bits virtual
power management: ts ttp tm stc 100mhzsteps hwpstate cpb

processor	: 5
vendor_id	: AuthenticAMD
cpu family	: 16
model		: 10
model name	: AMD Phenom(tm) II X6 1055T Processor
stepping	: 0
microcode	: 0x10000bf
cpu MHz		: 800.000
cache size	: 512 KB
physical id	: 0
siblings	: 6
core id		: 5
cpu cores	: 6
apicid		: 5
initial apicid	: 5
fpu		: yes
fpu_exception	: yes
cpuid level	: 6
wp		: yes
flags		: fpu vme de pse tsc msr pae mce cx8 apic sep mtrr pge mca cmov pat pse36 clflush mmx fxsr sse sse2 ht syscall nx mmxext fxsr_opt pdpe1gb rdtscp lm 3dnowext 3dnow constant_tsc rep_good nopl nonstop_tsc extd_apicid aperfmperf pni monitor cx16 popcnt lahf_lm cmp_legacy svm extapic cr8_legacy abm sse4a misalignsse 3dnowprefetch osvw ibs skinit wdt cpb hw_pstate npt lbrv svm_lock nrip_save pausefilter
bogomips	: 5625.25
TLB size	: 1024 4K pages
clflush size	: 64
cache_alignment	: 64
address sizes	: 48 bits physical, 48 bits virtual
power management: ts ttp tm stc 100mhzsteps hwpstate cpb



Memory: 4k page, physical 7918268k(1277968k free), swap 8122364k(8100160k free)

vm_info: Java HotSpot(TM) 64-Bit Server VM (24.60-b09) for linux-amd64 JRE (1.7.0_60-b19), built on May  7 2014 13:18:30 by "java_re" with gcc 4.3.0 20080428 (Red Hat 4.3.0-8)

time: Thu Jul  3 13:44:29 2014
elapsed time: 13337 seconds

