#
# A fatal error has been detected by the Java Runtime Environment:
#
#  SIGSEGV (0xb) at pc=0x00007fcd7c8e4201, pid=16684, tid=140520425301760
#
# JRE version: Java(TM) SE Runtime Environment (7.0_60-b19) (build 1.7.0_60-b19)
# Java VM: Java HotSpot(TM) 64-Bit Server VM (24.60-b09 mixed mode linux-amd64 compressed oops)
# Problematic frame:
# C  [libXt.so.6+0x1e201]  XtDestroyWidget+0x571
#
# Failed to write core dump. Core dumps have been disabled. To enable core dumping, try "ulimit -c unlimited" before starting Java again
#
# If you would like to submit a bug report, please visit:
#   http://bugreport.sun.com/bugreport/crash.jsp
# The crash happened outside the Java Virtual Machine in native code.
# See problematic frame for where to report the bug.
#

---------------  T H R E A D  ---------------

Current thread (0x00007fcd1c012000):  JavaThread "JNativeHook Native Hook" [_thread_in_native, id=16707, stack(0x00007fcd7588a000,0x00007fcd7608b000)]

siginfo:si_signo=SIGSEGV: si_errno=0, si_code=1 (SEGV_MAPERR), si_addr=0x00007fcbfffff010

Registers:
RAX=0x00007fcc0003f010, RBX=0x00007fcd883d0f60, RCX=0xffffffffffff8000, RDX=0x0000000000008001
RSP=0x00007fcd76089c20, RBP=0x00007fcd883dc3b0, RSI=0x000000000000800c, RDI=0x0000000000000270
R8 =0x0000000000000000, R9 =0x0000000000000000, R10=0x00000000000001fc, R11=0x0000000000000065
R12=0x00007fcd7ce8e378, R13=0x00007fcd7ce8e378, R14=0x00007fcd883dc3b0, R15=0x00007fcd7ce8e378
RIP=0x00007fcd7c8e4201, EFLAGS=0x0000000000010202, CSGSFS=0x0000000000000033, ERR=0x0000000000000006
  TRAPNO=0x000000000000000e

Top of Stack: (sp=0x00007fcd76089c20)
0x00007fcd76089c20:   0000000000000006 00007fcd883d0f60
0x00007fcd76089c30:   0000000000000000 0000000000000010
0x00007fcd76089c40:   00007fcd7ce8e378 00007fcd883dc3b0
0x00007fcd76089c50:   00007fcd76089cec 00007fcd7c8e473a
0x00007fcd76089c60:   00007fcd7ce8e35a 00007fcd7cb4e3b0
0x00007fcd76089c70:   00007fcd00000000 0000000000000000
0x00007fcd76089c80:   0000000000000000 0000000000000000
0x00007fcd76089c90:   000001fb000001fa 00007fcd7d08f348
0x00007fcd76089ca0:   0000000000000000 0000000000000010
0x00007fcd76089cb0:   000000000000008f 00007fcd1c015180
0x00007fcd76089cc0:   0000000000000006 00007fcd7ce86351
0x00007fcd76089cd0:   00007fcd76089cec 0000000000000000
0x00007fcd76089ce0:   0000000176089e50 0000000000000000
0x00007fcd76089cf0:   0000000000000010 000000000000006f
0x00007fcd76089d00:   00000146dc4cb33d 00007fcd7ce86cdb
0x00007fcd76089d10:   000000000000000b ffffffff76089d30
0x00007fcd76089d20:   00007fcd1c002d50 00007fcd1c001d00
0x00007fcd76089d30:   0000000000000001 ffffffffffffffff
0x00007fcd76089d40:   0000000000000000 000004171c001cc0
0x00007fcd76089d50:   0000000000000000 00007fcd1c001cd8
0x00007fcd76089d60:   0000000000000000 00007fcd1c0121e8
0x00007fcd76089d70:   00007fcd1c001cc0 00007fcd7c4ad7ec
0x00007fcd76089d80:   0000000053ad21f8 000000000009bc07
0x00007fcd76089d90:   00007fcd1c001b30 00007fcd76089e50
0x00007fcd76089da0:   00007fcd1c015180 0000000000000020
0x00007fcd76089db0:   0000000000000020 00007fcd1c014cd8
0x00007fcd76089dc0:   0000000000000008 00007fcd7c6c18c3
0x00007fcd76089dd0:   0000000000000060 00007fcd1c0008c0
0x00007fcd76089de0:   00007fcd1c014ce4 00007fcd1c0100a0
0x00007fcd76089df0:   00007fcd7ce86700 00007fcd1c0008c0
0x00007fcd76089e00:   0000000000000003 00007fcd1c0008c0
0x00007fcd76089e10:   00007fcd1c0100a0 0000000000000000 

Instructions: (pc=0x00007fcd7c8e4201)
0x00007fcd7c8e41e1:   0f b7 b6 8e 00 00 00 66 39 f2 0f 8d 47 02 00 00
0x00007fcd7c8e41f1:   48 8b 43 18 48 0f bf ca 83 c2 01 bf 70 02 00 00
0x00007fcd7c8e4201:   48 89 2c c8 83 83 88 00 00 00 01 66 89 93 8c 00
0x00007fcd7c8e4211:   00 00 c6 83 1d 01 00 00 01 e8 01 38 ff ff 49 89 

Register to memory mapping:

RAX=0x00007fcc0003f010 is an unknown value
RBX=0x00007fcd883d0f60 is an unknown value
RCX=0xffffffffffff8000 is an unknown value
RDX=0x0000000000008001 is an unknown value
RSP=0x00007fcd76089c20 is pointing into the stack for thread: 0x00007fcd1c012000
RBP=0x00007fcd883dc3b0 is an unknown value
RSI=0x000000000000800c is an unknown value
RDI=0x0000000000000270 is an unknown value
R8 =0x0000000000000000 is an unknown value
R9 =0x0000000000000000 is an unknown value
R10=0x00000000000001fc is an unknown value
R11=0x0000000000000065 is an unknown value
R12=0x00007fcd7ce8e378: <offset 0xb378> in /tmp/libJNativeHook_4851171801089454722.so at 0x00007fcd7ce83000
R13=0x00007fcd7ce8e378: <offset 0xb378> in /tmp/libJNativeHook_4851171801089454722.so at 0x00007fcd7ce83000
R14=0x00007fcd883dc3b0 is an unknown value
R15=0x00007fcd7ce8e378: <offset 0xb378> in /tmp/libJNativeHook_4851171801089454722.so at 0x00007fcd7ce83000


Stack: [0x00007fcd7588a000,0x00007fcd7608b000],  sp=0x00007fcd76089c20,  free space=8191k
Native frames: (J=compiled Java code, j=interpreted, Vv=VM code, C=native code)
C  [libXt.so.6+0x1e201]  XtDestroyWidget+0x571


---------------  P R O C E S S  ---------------

Java Threads: ( => current thread )
  0x00007fcd24015800 JavaThread "RubyThread-8: :1" daemon [_thread_blocked, id=23291, stack(0x00007fcd7d090000,0x00007fcd7d291000)]
  0x00007fcd24081000 JavaThread "RubyThread-7: :1" daemon [_thread_blocked, id=18412, stack(0x00007fcd75689000,0x00007fcd7588a000)]
  0x00007fcd1c015800 JavaThread "JNativeHook Native Dispatch" [_thread_blocked, id=16709, stack(0x00007fcd7d291000,0x00007fcd7d492000)]
  0x00007fcd8800a800 JavaThread "DestroyJavaVM" [_thread_blocked, id=16685, stack(0x00007fcd8e2f5000,0x00007fcd8e4f6000)]
=>0x00007fcd1c012000 JavaThread "JNativeHook Native Hook" [_thread_in_native, id=16707, stack(0x00007fcd7588a000,0x00007fcd7608b000)]
  0x00007fcd882c2000 JavaThread "Thread-4" daemon [_thread_blocked, id=16706, stack(0x00007fcd7608b000,0x00007fcd7628c000)]
  0x00007fcd88304000 JavaThread "AWT-EventQueue-0" [_thread_blocked, id=16705, stack(0x00007fcd7628c000,0x00007fcd7648d000)]
  0x00007fcd88302800 JavaThread "AWT-Shutdown" [_thread_blocked, id=16704, stack(0x00007fcd7648d000,0x00007fcd7668e000)]
  0x00007fcd88192800 JavaThread "AWT-XAWT" daemon [_thread_in_native, id=16703, stack(0x00007fcd7668e000,0x00007fcd7688f000)]
  0x00007fcd88224800 JavaThread "Java2D Disposer" daemon [_thread_blocked, id=16702, stack(0x00007fcd76c9f000,0x00007fcd76ea0000)]
  0x00007fcd880ab800 JavaThread "Service Thread" daemon [_thread_blocked, id=16698, stack(0x00007fcd7dce7000,0x00007fcd7dee8000)]
  0x00007fcd880a9000 JavaThread "C2 CompilerThread1" daemon [_thread_blocked, id=16697, stack(0x00007fcd7dee8000,0x00007fcd7dfe9000)]
  0x00007fcd880a6000 JavaThread "C2 CompilerThread0" daemon [_thread_blocked, id=16696, stack(0x00007fcd7dfe9000,0x00007fcd7e0ea000)]
  0x00007fcd880a4800 JavaThread "Signal Dispatcher" daemon [_thread_blocked, id=16695, stack(0x00007fcd7e0ea000,0x00007fcd7e2eb000)]
  0x00007fcd88074800 JavaThread "Finalizer" daemon [_thread_blocked, id=16694, stack(0x00007fcd7e9ce000,0x00007fcd7ebcf000)]
  0x00007fcd88072800 JavaThread "Reference Handler" daemon [_thread_blocked, id=16693, stack(0x00007fcd7ebcf000,0x00007fcd7edd0000)]

Other Threads:
  0x00007fcd8806e800 VMThread [stack: 0x00007fcd8402b000,0x00007fcd8412c000] [id=16692]
  0x00007fcd880b6000 WatcherThread [stack: 0x00007fcd7dbe6000,0x00007fcd7dce7000] [id=16699]

VM state:not at safepoint (normal execution)

VM Mutex/Monitor currently owned by a thread: None

Heap
 PSYoungGen      total 24064K, used 9828K [0x00000000f5900000, 0x00000000f7180000, 0x0000000100000000)
  eden space 23040K, 40% used [0x00000000f5900000,0x00000000f620f010,0x00000000f6f80000)
  from space 1024K, 53% used [0x00000000f6f80000,0x00000000f700a020,0x00000000f7080000)
  to   space 1024K, 0% used [0x00000000f7080000,0x00000000f7080000,0x00000000f7180000)
 ParOldGen       total 82432K, used 40854K [0x00000000e0c00000, 0x00000000e5c80000, 0x00000000f5900000)
  object space 82432K, 49% used [0x00000000e0c00000,0x00000000e33e5a48,0x00000000e5c80000)
 PSPermGen       total 30720K, used 30684K [0x00000000dba00000, 0x00000000dd800000, 0x00000000e0c00000)
  object space 30720K, 99% used [0x00000000dba00000,0x00000000dd7f7078,0x00000000dd800000)

Card table byte_map: [0x00007fcd8d139000,0x00007fcd8d25d000] byte_map_base: 0x00007fcd8ca5c000

Polling page: 0x00007fcd9027d000

Code Cache  [0x00007fcd85000000, 0x00007fcd85270000, 0x00007fcd88000000)
 total_blobs=1200 nmethods=558 adapters=596 free_code_cache=47402Kb largest_free_block=48498112

Compilation events (10 events):
Event: 67009.273 Thread 0x00007fcd880a6000  614             org.jruby.runtime.Binding::getSelf (5 bytes)
Event: 67009.273 Thread 0x00007fcd880a9000  615             org.jruby.runtime.Binding::getKlass (5 bytes)
Event: 67009.274 Thread 0x00007fcd880a9000 nmethod 615 0x00007fcd85108610 code [0x00007fcd85108740, 0x00007fcd85108798]
Event: 67009.274 Thread 0x00007fcd880a6000 nmethod 614 0x00007fcd85104650 code [0x00007fcd85104780, 0x00007fcd851047d8]
Event: 67009.274 Thread 0x00007fcd880a6000  616             org.jruby.runtime.Binding::getVisibility (5 bytes)
Event: 67009.275 Thread 0x00007fcd880a6000 nmethod 616 0x00007fcd85104450 code [0x00007fcd85104580, 0x00007fcd851045d8]
Event: 67010.400 Thread 0x00007fcd880a9000  617             org.jruby.runtime.Binding::getDynamicScope (5 bytes)
Event: 67010.401 Thread 0x00007fcd880a9000 nmethod 617 0x00007fcd85104250 code [0x00007fcd85104380, 0x00007fcd851043d8]
Event: 67015.687 Thread 0x00007fcd880a6000  618             org.jruby.runtime.Binding::getMethod (8 bytes)
Event: 67015.688 Thread 0x00007fcd880a6000 nmethod 618 0x00007fcd85104010 code [0x00007fcd85104140, 0x00007fcd851041b8]

GC Heap History (10 events):
Event: 66879.143 GC heap before
{Heap before GC invocations=99 (full 0):
 PSYoungGen      total 24064K, used 23465K [0x00000000f5900000, 0x00000000f7200000, 0x0000000100000000)
  eden space 23040K, 99% used [0x00000000f5900000,0x00000000f6f60648,0x00000000f6f80000)
  from space 1024K, 53% used [0x00000000f7100000,0x00000000f718a020,0x00000000f7200000)
  to   space 1024K, 0% used [0x00000000f7000000,0x00000000f7000000,0x00000000f7100000)
 ParOldGen       total 82432K, used 38026K [0x00000000e0c00000, 0x00000000e5c80000, 0x00000000f5900000)
  object space 82432K, 46% used [0x00000000e0c00000,0x00000000e3122958,0x00000000e5c80000)
 PSPermGen       total 30720K, used 30677K [0x00000000dba00000, 0x00000000dd800000, 0x00000000e0c00000)
  object space 30720K, 99% used [0x00000000dba00000,0x00000000dd7f5620,0x00000000dd800000)
Event: 66879.149 GC heap after
Heap after GC invocations=99 (full 0):
 PSYoungGen      total 24064K, used 732K [0x00000000f5900000, 0x00000000f7180000, 0x0000000100000000)
  eden space 23040K, 0% used [0x00000000f5900000,0x00000000f5900000,0x00000000f6f80000)
  from space 1024K, 71% used [0x00000000f7000000,0x00000000f70b7030,0x00000000f7100000)
  to   space 512K, 0% used [0x00000000f7100000,0x00000000f7100000,0x00000000f7180000)
 ParOldGen       total 82432K, used 38598K [0x00000000e0c00000, 0x00000000e5c80000, 0x00000000f5900000)
  object space 82432K, 46% used [0x00000000e0c00000,0x00000000e31b1988,0x00000000e5c80000)
 PSPermGen       total 30720K, used 30677K [0x00000000dba00000, 0x00000000dd800000, 0x00000000e0c00000)
  object space 30720K, 99% used [0x00000000dba00000,0x00000000dd7f5620,0x00000000dd800000)
}
Event: 66945.073 GC heap before
{Heap before GC invocations=100 (full 0):
 PSYoungGen      total 24064K, used 23772K [0x00000000f5900000, 0x00000000f7180000, 0x0000000100000000)
  eden space 23040K, 100% used [0x00000000f5900000,0x00000000f6f80000,0x00000000f6f80000)
  from space 1024K, 71% used [0x00000000f7000000,0x00000000f70b7030,0x00000000f7100000)
  to   space 512K, 0% used [0x00000000f7100000,0x00000000f7100000,0x00000000f7180000)
 ParOldGen       total 82432K, used 38598K [0x00000000e0c00000, 0x00000000e5c80000, 0x00000000f5900000)
  object space 82432K, 46% used [0x00000000e0c00000,0x00000000e31b1988,0x00000000e5c80000)
 PSPermGen       total 30720K, used 30683K [0x00000000dba00000, 0x00000000dd800000, 0x00000000e0c00000)
  object space 30720K, 99% used [0x00000000dba00000,0x00000000dd7f6e90,0x00000000dd800000)
Event: 66945.079 GC heap after
Heap after GC invocations=100 (full 0):
 PSYoungGen      total 23552K, used 340K [0x00000000f5900000, 0x00000000f7180000, 0x0000000100000000)
  eden space 23040K, 0% used [0x00000000f5900000,0x00000000f5900000,0x00000000f6f80000)
  from space 512K, 66% used [0x00000000f7100000,0x00000000f7155010,0x00000000f7180000)
  to   space 1024K, 0% used [0x00000000f6f80000,0x00000000f6f80000,0x00000000f7080000)
 ParOldGen       total 82432K, used 39514K [0x00000000e0c00000, 0x00000000e5c80000, 0x00000000f5900000)
  object space 82432K, 47% used [0x00000000e0c00000,0x00000000e32969d8,0x00000000e5c80000)
 PSPermGen       total 30720K, used 30683K [0x00000000dba00000, 0x00000000dd800000, 0x00000000e0c00000)
  object space 30720K, 99% used [0x00000000dba00000,0x00000000dd7f6e90,0x00000000dd800000)
}
Event: 67010.348 GC heap before
{Heap before GC invocations=101 (full 0):
 PSYoungGen      total 23552K, used 23251K [0x00000000f5900000, 0x00000000f7180000, 0x0000000100000000)
  eden space 23040K, 99% used [0x00000000f5900000,0x00000000f6f5fd50,0x00000000f6f80000)
  from space 512K, 66% used [0x00000000f7100000,0x00000000f7155010,0x00000000f7180000)
  to   space 1024K, 0% used [0x00000000f6f80000,0x00000000f6f80000,0x00000000f7080000)
 ParOldGen       total 82432K, used 39514K [0x00000000e0c00000, 0x00000000e5c80000, 0x00000000f5900000)
  object space 82432K, 47% used [0x00000000e0c00000,0x00000000e32969d8,0x00000000e5c80000)
 PSPermGen       total 30720K, used 30683K [0x00000000dba00000, 0x00000000dd800000, 0x00000000e0c00000)
  object space 30720K, 99% used [0x00000000dba00000,0x00000000dd7f6e90,0x00000000dd800000)
Event: 67010.350 GC heap after
Heap after GC invocations=101 (full 0):
 PSYoungGen      total 24064K, used 488K [0x00000000f5900000, 0x00000000f7180000, 0x0000000100000000)
  eden space 23040K, 0% used [0x00000000f5900000,0x00000000f5900000,0x00000000f6f80000)
  from space 1024K, 47% used [0x00000000f6f80000,0x00000000f6ffa020,0x00000000f7080000)
  to   space 1024K, 0% used [0x00000000f7080000,0x00000000f7080000,0x00000000f7180000)
 ParOldGen       total 82432K, used 39718K [0x00000000e0c00000, 0x00000000e5c80000, 0x00000000f5900000)
  object space 82432K, 48% used [0x00000000e0c00000,0x00000000e32c99e8,0x00000000e5c80000)
 PSPermGen       total 30720K, used 30683K [0x00000000dba00000, 0x00000000dd800000, 0x00000000e0c00000)
  object space 30720K, 99% used [0x00000000dba00000,0x00000000dd7f6e90,0x00000000dd800000)
}
Event: 67075.502 GC heap before
{Heap before GC invocations=102 (full 0):
 PSYoungGen      total 24064K, used 23391K [0x00000000f5900000, 0x00000000f7180000, 0x0000000100000000)
  eden space 23040K, 99% used [0x00000000f5900000,0x00000000f6f5dd30,0x00000000f6f80000)
  from space 1024K, 47% used [0x00000000f6f80000,0x00000000f6ffa020,0x00000000f7080000)
  to   space 1024K, 0% used [0x00000000f7080000,0x00000000f7080000,0x00000000f7180000)
 ParOldGen       total 82432K, used 39718K [0x00000000e0c00000, 0x00000000e5c80000, 0x00000000f5900000)
  object space 82432K, 48% used [0x00000000e0c00000,0x00000000e32c99e8,0x00000000e5c80000)
 PSPermGen       total 30720K, used 30683K [0x00000000dba00000, 0x00000000dd800000, 0x00000000e0c00000)
  object space 30720K, 99% used [0x00000000dba00000,0x00000000dd7f6e90,0x00000000dd800000)
Event: 67075.509 GC heap after
Heap after GC invocations=102 (full 0):
 PSYoungGen      total 24064K, used 732K [0x00000000f5900000, 0x00000000f7180000, 0x0000000100000000)
  eden space 23040K, 0% used [0x00000000f5900000,0x00000000f5900000,0x00000000f6f80000)
  from space 1024K, 71% used [0x00000000f7080000,0x00000000f7137030,0x00000000f7180000)
  to   space 1024K, 0% used [0x00000000f6f80000,0x00000000f6f80000,0x00000000f7080000)
 ParOldGen       total 82432K, used 40282K [0x00000000e0c00000, 0x00000000e5c80000, 0x00000000f5900000)
  object space 82432K, 48% used [0x00000000e0c00000,0x00000000e3356a18,0x00000000e5c80000)
 PSPermGen       total 30720K, used 30683K [0x00000000dba00000, 0x00000000dd800000, 0x00000000e0c00000)
  object space 30720K, 99% used [0x00000000dba00000,0x00000000dd7f6e90,0x00000000dd800000)
}
Event: 67141.712 GC heap before
{Heap before GC invocations=103 (full 0):
 PSYoungGen      total 24064K, used 23748K [0x00000000f5900000, 0x00000000f7180000, 0x0000000100000000)
  eden space 23040K, 99% used [0x00000000f5900000,0x00000000f6f7a320,0x00000000f6f80000)
  from space 1024K, 71% used [0x00000000f7080000,0x00000000f7137030,0x00000000f7180000)
  to   space 1024K, 0% used [0x00000000f6f80000,0x00000000f6f80000,0x00000000f7080000)
 ParOldGen       total 82432K, used 40282K [0x00000000e0c00000, 0x00000000e5c80000, 0x00000000f5900000)
  object space 82432K, 48% used [0x00000000e0c00000,0x00000000e3356a18,0x00000000e5c80000)
 PSPermGen       total 30720K, used 30684K [0x00000000dba00000, 0x00000000dd800000, 0x00000000e0c00000)
  object space 30720K, 99% used [0x00000000dba00000,0x00000000dd7f7078,0x00000000dd800000)
Event: 67141.717 GC heap after
Heap after GC invocations=103 (full 0):
 PSYoungGen      total 24064K, used 552K [0x00000000f5900000, 0x00000000f7180000, 0x0000000100000000)
  eden space 23040K, 0% used [0x00000000f5900000,0x00000000f5900000,0x00000000f6f80000)
  from space 1024K, 53% used [0x00000000f6f80000,0x00000000f700a020,0x00000000f7080000)
  to   space 1024K, 0% used [0x00000000f7080000,0x00000000f7080000,0x00000000f7180000)
 ParOldGen       total 82432K, used 40854K [0x00000000e0c00000, 0x00000000e5c80000, 0x00000000f5900000)
  object space 82432K, 49% used [0x00000000e0c00000,0x00000000e33e5a48,0x00000000e5c80000)
 PSPermGen       total 30720K, used 30684K [0x00000000dba00000, 0x00000000dd800000, 0x00000000e0c00000)
  object space 30720K, 99% used [0x00000000dba00000,0x00000000dd7f7078,0x00000000dd800000)
}

Deoptimization events (10 events):
Event: 5595.511 Thread 0x00007fcd88192800 Uncommon trap: reason=null_check action=make_not_entrant pc=0x00007fcd85105e20 method=sun.awt.X11.XToolkit.windowToXWindow(J)Lsun/awt/X11/XBaseWindow; @ 16
Event: 5684.394 Thread 0x00007fcd24081000 Uncommon trap: reason=unreached action=reinterpret pc=0x00007fcd850951c0 method=java.util.concurrent.locks.AbstractQueuedSynchronizer.unparkSuccessor(Ljava/util/concurrent/locks/AbstractQueuedSynchronizer$Node;)V @ 22
Event: 5684.394 Thread 0x00007fcd24081000 Uncommon trap: reason=unreached action=reinterpret pc=0x00007fcd85196560 method=java.util.concurrent.locks.LockSupport.unpark(Ljava/lang/Thread;)V @ 1
Event: 8027.256 Thread 0x00007fcd88192800 Uncommon trap: reason=unreached action=reinterpret pc=0x00007fcd850d0670 method=java.util.concurrent.locks.AbstractQueuedSynchronizer.acquireQueued(Ljava/util/concurrent/locks/AbstractQueuedSynchronizer$Node;I)Z @ 17
Event: 62961.807 Thread 0x00007fcd24015800 Uncommon trap: reason=class_check action=maybe_recompile pc=0x00007fcd8519c63c method=org.jruby.ast.DAsgnNode.interpret(Lorg/jruby/Ruby;Lorg/jruby/runtime/ThreadContext;Lorg/jruby/runtime/builtin/IRubyObject;Lorg/jruby/runtime/Block;)Lorg/jruby/runtime/bu
Event: 63042.865 Thread 0x00007fcd24015800 Uncommon trap: reason=range_check action=make_not_entrant pc=0x00007fcd850d4db0 method=java.awt.image.DirectColorModel.getsRGBComponentFromsRGB(II)I @ 6
Event: 63042.865 Thread 0x00007fcd24015800 Uncommon trap: reason=range_check action=make_not_entrant pc=0x00007fcd850bced0 method=java.awt.image.DirectColorModel.getsRGBComponentFromsRGB(II)I @ 6
Event: 63042.865 Thread 0x00007fcd24015800 Uncommon trap: reason=range_check action=make_not_entrant pc=0x00007fcd850da3d0 method=java.awt.image.DirectColorModel.getsRGBComponentFromsRGB(II)I @ 6
Event: 63043.871 Thread 0x00007fcd24081000 Uncommon trap: reason=range_check action=make_not_entrant pc=0x00007fcd851adf24 method=java.awt.image.DirectColorModel.getsRGBComponentFromsRGB(II)I @ 6
Event: 63043.930 Thread 0x00007fcd24015800 Uncommon trap: reason=range_check action=make_not_entrant pc=0x00007fcd851acfd0 method=java.awt.image.DirectColorModel.getsRGBComponentFromsRGB(II)I @ 6

Internal exceptions (10 events):
Event: 2938.049 Thread 0x00007fcd88304000 Threw 0x00000000f71e4b90 at /HUDSON/workspace/7u-2-build-linux-amd64/jdk7u60/1081/hotspot/src/share/vm/prims/jvm.cpp:1244
Event: 2938.049 Thread 0x00007fcd88304000 Threw 0x00000000f71e5150 at /HUDSON/workspace/7u-2-build-linux-amd64/jdk7u60/1081/hotspot/src/share/vm/prims/jvm.cpp:1244
Event: 2938.049 Thread 0x00007fcd88304000 Threw 0x00000000f71e56a8 at /HUDSON/workspace/7u-2-build-linux-amd64/jdk7u60/1081/hotspot/src/share/vm/prims/jvm.cpp:1244
Event: 2989.235 Thread 0x00007fcd24081000 Threw 0x00000000f598a2b8 at /HUDSON/workspace/7u-2-build-linux-amd64/jdk7u60/1081/hotspot/src/share/vm/prims/jvm.cpp:1244
Event: 2989.236 Thread 0x00007fcd24081000 Threw 0x00000000f598b788 at /HUDSON/workspace/7u-2-build-linux-amd64/jdk7u60/1081/hotspot/src/share/vm/prims/jvm.cpp:1244
Event: 3014.553 Thread 0x00007fcd1000d000 Implicit null exception at 0x00007fcd850b713f to 0x00007fcd850b7245
Event: 3014.601 Thread 0x00007fcd10015000 Implicit null exception at 0x00007fcd850bcec3 to 0x00007fcd850bd16f
Event: 3014.720 Thread 0x00007fcd10016000 Implicit null exception at 0x00007fcd850bcec3 to 0x00007fcd850bd16f
Event: 5595.511 Thread 0x00007fcd88192800 Implicit null exception at 0x00007fcd851047a9 to 0x00007fcd85105dfd
Event: 5684.393 Thread 0x00007fcd24081000 Implicit null exception at 0x00007fcd850950db to 0x00007fcd850951a9

Events (10 events):
Event: 67141.720 Executing VM operation: BulkRevokeBias done
Event: 67149.578 Executing VM operation: RevokeBias
Event: 67149.579 Executing VM operation: RevokeBias done
Event: 67149.579 Thread 0x00007fcd14246800 Thread exited: 0x00007fcd14246800
Event: 67149.636 Executing VM operation: RevokeBias
Event: 67149.636 Executing VM operation: RevokeBias done
Event: 67149.636 Thread 0x00007fcd14245800 Thread exited: 0x00007fcd14245800
Event: 67149.648 Executing VM operation: RevokeBias
Event: 67149.648 Executing VM operation: RevokeBias done
Event: 67149.648 Thread 0x00007fcd14244000 Thread exited: 0x00007fcd14244000


Dynamic libraries:
00400000-00401000 r-xp 00000000 08:01 23593812                           /usr/lib/jvm/java-7-oracle/jre/bin/java
00600000-00601000 rw-p 00000000 08:01 23593812                           /usr/lib/jvm/java-7-oracle/jre/bin/java
00ece000-00eef000 rw-p 00000000 00:00 0                                  [heap]
dba00000-dd800000 rw-p 00000000 00:00 0 
dd800000-e0c00000 rw-p 00000000 00:00 0 
e0c00000-e5c80000 rw-p 00000000 00:00 0 
e5c80000-f5900000 rw-p 00000000 00:00 0 
f5900000-f7180000 rw-p 00000000 00:00 0 
f7180000-f8d00000 ---p 00000000 00:00 0 
f8d00000-100000000 rw-p 00000000 00:00 0 
7fcc0003f000-7fcd00000000 rw-p 00000000 00:00 0 
7fcd00000000-7fcd00021000 rw-p 00000000 00:00 0 
7fcd00021000-7fcd04000000 ---p 00000000 00:00 0 
7fcd08000000-7fcd08021000 rw-p 00000000 00:00 0 
7fcd08021000-7fcd0c000000 ---p 00000000 00:00 0 
7fcd0c000000-7fcd0f04a000 rw-p 00000000 00:00 0 
7fcd0f04a000-7fcd10000000 ---p 00000000 00:00 0 
7fcd10000000-7fcd105dc000 rw-p 00000000 00:00 0 
7fcd105dc000-7fcd14000000 ---p 00000000 00:00 0 
7fcd14000000-7fcd143a3000 rw-p 00000000 00:00 0 
7fcd143a3000-7fcd18000000 ---p 00000000 00:00 0 
7fcd18000000-7fcd18021000 rw-p 00000000 00:00 0 
7fcd18021000-7fcd1c000000 ---p 00000000 00:00 0 
7fcd1c000000-7fcd20000000 rw-p 00000000 00:00 0 
7fcd20000000-7fcd20021000 rw-p 00000000 00:00 0 
7fcd20021000-7fcd24000000 ---p 00000000 00:00 0 
7fcd24000000-7fcd24085000 rw-p 00000000 00:00 0 
7fcd24085000-7fcd28000000 ---p 00000000 00:00 0 
7fcd28000000-7fcd28021000 rw-p 00000000 00:00 0 
7fcd28021000-7fcd2c000000 ---p 00000000 00:00 0 
7fcd2c000000-7fcd2c02f000 rw-p 00000000 00:00 0 
7fcd2c02f000-7fcd30000000 ---p 00000000 00:00 0 
7fcd30000000-7fcd30029000 rw-p 00000000 00:00 0 
7fcd30029000-7fcd34000000 ---p 00000000 00:00 0 
7fcd34000000-7fcd34022000 rw-p 00000000 00:00 0 
7fcd34022000-7fcd38000000 ---p 00000000 00:00 0 
7fcd38000000-7fcd38021000 rw-p 00000000 00:00 0 
7fcd38021000-7fcd3c000000 ---p 00000000 00:00 0 
7fcd3c000000-7fcd3c021000 rw-p 00000000 00:00 0 
7fcd3c021000-7fcd40000000 ---p 00000000 00:00 0 
7fcd40000000-7fcd40b33000 rw-p 00000000 00:00 0 
7fcd40b33000-7fcd44000000 ---p 00000000 00:00 0 
7fcd44000000-7fcd44cf4000 rw-p 00000000 00:00 0 
7fcd44cf4000-7fcd48000000 ---p 00000000 00:00 0 
7fcd48000000-7fcd48021000 rw-p 00000000 00:00 0 
7fcd48021000-7fcd4c000000 ---p 00000000 00:00 0 
7fcd4c000000-7fcd4c021000 rw-p 00000000 00:00 0 
7fcd4c021000-7fcd50000000 ---p 00000000 00:00 0 
7fcd50000000-7fcd50039000 rw-p 00000000 00:00 0 
7fcd50039000-7fcd54000000 ---p 00000000 00:00 0 
7fcd54000000-7fcd54021000 rw-p 00000000 00:00 0 
7fcd54021000-7fcd58000000 ---p 00000000 00:00 0 
7fcd58000000-7fcd58021000 rw-p 00000000 00:00 0 
7fcd58021000-7fcd5c000000 ---p 00000000 00:00 0 
7fcd60000000-7fcd60021000 rw-p 00000000 00:00 0 
7fcd60021000-7fcd64000000 ---p 00000000 00:00 0 
7fcd68000000-7fcd68021000 rw-p 00000000 00:00 0 
7fcd68021000-7fcd6c000000 ---p 00000000 00:00 0 
7fcd70000000-7fcd70021000 rw-p 00000000 00:00 0 
7fcd70021000-7fcd74000000 ---p 00000000 00:00 0 
7fcd74ed0000-7fcd74ed3000 ---p 00000000 00:00 0 
7fcd74ed3000-7fcd74f09000 rw-p 00000000 00:00 0 
7fcd74f09000-7fcd74f0c000 ---p 00000000 00:00 0 
7fcd74f0c000-7fcd74f42000 rw-p 00000000 00:00 0 
7fcd74f42000-7fcd74f45000 ---p 00000000 00:00 0 
7fcd74f45000-7fcd74f7b000 rw-p 00000000 00:00 0 
7fcd74f7b000-7fcd74fe3000 r-xp 00000000 08:01 23593285                   /usr/lib/jvm/java-7-oracle/jre/lib/amd64/libt2k.so
7fcd74fe3000-7fcd751e3000 ---p 00068000 08:01 23593285                   /usr/lib/jvm/java-7-oracle/jre/lib/amd64/libt2k.so
7fcd751e3000-7fcd751ea000 rw-p 00068000 08:01 23593285                   /usr/lib/jvm/java-7-oracle/jre/lib/amd64/libt2k.so
7fcd751ea000-7fcd751fa000 rw-p 00000000 00:00 0 
7fcd751fa000-7fcd7520f000 r-xp 00000000 08:01 4198066                    /lib/x86_64-linux-gnu/libgcc_s.so.1
7fcd7520f000-7fcd7540e000 ---p 00015000 08:01 4198066                    /lib/x86_64-linux-gnu/libgcc_s.so.1
7fcd7540e000-7fcd7540f000 r--p 00014000 08:01 4198066                    /lib/x86_64-linux-gnu/libgcc_s.so.1
7fcd7540f000-7fcd75410000 rw-p 00015000 08:01 4198066                    /lib/x86_64-linux-gnu/libgcc_s.so.1
7fcd75410000-7fcd75475000 r-xp 00000000 08:01 23593269                   /usr/lib/jvm/java-7-oracle/jre/lib/amd64/libfontmanager.so
7fcd75475000-7fcd75674000 ---p 00065000 08:01 23593269                   /usr/lib/jvm/java-7-oracle/jre/lib/amd64/libfontmanager.so
7fcd75674000-7fcd75678000 rw-p 00064000 08:01 23593269                   /usr/lib/jvm/java-7-oracle/jre/lib/amd64/libfontmanager.so
7fcd75678000-7fcd75689000 rw-p 00000000 00:00 0 
7fcd75689000-7fcd7568c000 ---p 00000000 00:00 0 
7fcd7568c000-7fcd7588a000 rw-p 00000000 00:00 0                          [stack:18412]
7fcd7588a000-7fcd7588d000 ---p 00000000 00:00 0 
7fcd7588d000-7fcd7608b000 rw-p 00000000 00:00 0                          [stack:16707]
7fcd7608b000-7fcd7608e000 ---p 00000000 00:00 0 
7fcd7608e000-7fcd7628c000 rw-p 00000000 00:00 0                          [stack:16706]
7fcd7628c000-7fcd7628f000 ---p 00000000 00:00 0 
7fcd7628f000-7fcd7648d000 rw-p 00000000 00:00 0                          [stack:16705]
7fcd7648d000-7fcd76490000 ---p 00000000 00:00 0 
7fcd76490000-7fcd7668e000 rw-p 00000000 00:00 0                          [stack:16704]
7fcd7668e000-7fcd76691000 ---p 00000000 00:00 0 
7fcd76691000-7fcd7688f000 rw-p 00000000 00:00 0                          [stack:16703]
7fcd7688f000-7fcd76894000 r-xp 00000000 08:01 11671515                   /usr/lib/x86_64-linux-gnu/libXfixes.so.3.1.0
7fcd76894000-7fcd76a93000 ---p 00005000 08:01 11671515                   /usr/lib/x86_64-linux-gnu/libXfixes.so.3.1.0
7fcd76a93000-7fcd76a94000 r--p 00004000 08:01 11671515                   /usr/lib/x86_64-linux-gnu/libXfixes.so.3.1.0
7fcd76a94000-7fcd76a95000 rw-p 00005000 08:01 11671515                   /usr/lib/x86_64-linux-gnu/libXfixes.so.3.1.0
7fcd76a95000-7fcd76a9e000 r-xp 00000000 08:01 11672490                   /usr/lib/x86_64-linux-gnu/libXcursor.so.1.0.2
7fcd76a9e000-7fcd76c9d000 ---p 00009000 08:01 11672490                   /usr/lib/x86_64-linux-gnu/libXcursor.so.1.0.2
7fcd76c9d000-7fcd76c9e000 r--p 00008000 08:01 11672490                   /usr/lib/x86_64-linux-gnu/libXcursor.so.1.0.2
7fcd76c9e000-7fcd76c9f000 rw-p 00009000 08:01 11672490                   /usr/lib/x86_64-linux-gnu/libXcursor.so.1.0.2
7fcd76c9f000-7fcd76ca2000 ---p 00000000 00:00 0 
7fcd76ca2000-7fcd76ea0000 rw-p 00000000 00:00 0                          [stack:16702]
7fcd76ea0000-7fcd76eaf000 r-xp 00000000 08:01 11671521                   /usr/lib/x86_64-linux-gnu/libXi.so.6.1.0
7fcd76eaf000-7fcd770ae000 ---p 0000f000 08:01 11671521                   /usr/lib/x86_64-linux-gnu/libXi.so.6.1.0
7fcd770ae000-7fcd770af000 r--p 0000e000 08:01 11671521                   /usr/lib/x86_64-linux-gnu/libXi.so.6.1.0
7fcd770af000-7fcd770b0000 rw-p 0000f000 08:01 11671521                   /usr/lib/x86_64-linux-gnu/libXi.so.6.1.0
7fcd770b0000-7fcd770b9000 r-xp 00000000 08:01 11672518                   /usr/lib/x86_64-linux-gnu/libXrender.so.1.3.0
7fcd770b9000-7fcd772b8000 ---p 00009000 08:01 11672518                   /usr/lib/x86_64-linux-gnu/libXrender.so.1.3.0
7fcd772b8000-7fcd772b9000 r--p 00008000 08:01 11672518                   /usr/lib/x86_64-linux-gnu/libXrender.so.1.3.0
7fcd772b9000-7fcd772ba000 rw-p 00009000 08:01 11672518                   /usr/lib/x86_64-linux-gnu/libXrender.so.1.3.0
7fcd772ba000-7fcd7730a000 r-xp 00000000 08:01 23593292                   /usr/lib/jvm/java-7-oracle/jre/lib/amd64/xawt/libmawt.so
7fcd7730a000-7fcd7750a000 ---p 00050000 08:01 23593292                   /usr/lib/jvm/java-7-oracle/jre/lib/amd64/xawt/libmawt.so
7fcd7750a000-7fcd7750e000 rw-p 00050000 08:01 23593292                   /usr/lib/jvm/java-7-oracle/jre/lib/amd64/xawt/libmawt.so
7fcd7750e000-7fcd7750f000 rw-p 00000000 00:00 0 
7fcd7750f000-7fcd775b1000 r-xp 00000000 08:01 23593318                   /usr/lib/jvm/java-7-oracle/jre/lib/amd64/libawt.so
7fcd775b1000-7fcd777b1000 ---p 000a2000 08:01 23593318                   /usr/lib/jvm/java-7-oracle/jre/lib/amd64/libawt.so
7fcd777b1000-7fcd777bd000 rw-p 000a2000 08:01 23593318                   /usr/lib/jvm/java-7-oracle/jre/lib/amd64/libawt.so
7fcd777bd000-7fcd777e1000 rw-p 00000000 00:00 0 
7fcd777e1000-7fcd777e5000 r-xp 00000000 08:01 4197989                    /lib/x86_64-linux-gnu/libuuid.so.1.3.0
7fcd777e5000-7fcd779e4000 ---p 00004000 08:01 4197989                    /lib/x86_64-linux-gnu/libuuid.so.1.3.0
7fcd779e4000-7fcd779e5000 r--p 00003000 08:01 4197989                    /lib/x86_64-linux-gnu/libuuid.so.1.3.0
7fcd779e5000-7fcd779e6000 rw-p 00004000 08:01 4197989                    /lib/x86_64-linux-gnu/libuuid.so.1.3.0
7fcd779e6000-7fcd779eb000 r-xp 00000000 08:01 11672494                   /usr/lib/x86_64-linux-gnu/libXdmcp.so.6.0.0
7fcd779eb000-7fcd77bea000 ---p 00005000 08:01 11672494                   /usr/lib/x86_64-linux-gnu/libXdmcp.so.6.0.0
7fcd77bea000-7fcd77beb000 r--p 00004000 08:01 11672494                   /usr/lib/x86_64-linux-gnu/libXdmcp.so.6.0.0
7fcd77beb000-7fcd77bec000 rw-p 00005000 08:01 11672494                   /usr/lib/x86_64-linux-gnu/libXdmcp.so.6.0.0
7fcd77bec000-7fcd77bee000 r-xp 00000000 08:01 11672483                   /usr/lib/x86_64-linux-gnu/libXau.so.6.0.0
7fcd77bee000-7fcd77ded000 ---p 00002000 08:01 11672483                   /usr/lib/x86_64-linux-gnu/libXau.so.6.0.0
7fcd77ded000-7fcd77dee000 r--p 00001000 08:01 11672483                   /usr/lib/x86_64-linux-gnu/libXau.so.6.0.0
7fcd77dee000-7fcd77def000 rw-p 00002000 08:01 11672483                   /usr/lib/x86_64-linux-gnu/libXau.so.6.0.0
7fcd77def000-7fcd77dff000 r-xp 00000000 08:01 11672496                   /usr/lib/x86_64-linux-gnu/libXext.so.6.4.0
7fcd77dff000-7fcd77ffe000 ---p 00010000 08:01 11672496                   /usr/lib/x86_64-linux-gnu/libXext.so.6.4.0
7fcd77ffe000-7fcd77fff000 r--p 0000f000 08:01 11672496                   /usr/lib/x86_64-linux-gnu/libXext.so.6.4.0
7fcd77fff000-7fcd78000000 rw-p 00010000 08:01 11672496                   /usr/lib/x86_64-linux-gnu/libXext.so.6.4.0
7fcd78000000-7fcd78021000 rw-p 00000000 00:00 0 
7fcd78021000-7fcd7c000000 ---p 00000000 00:00 0 
7fcd7c00e000-7fcd7c00f000 rw-p 00000000 00:00 0 
7fcd7c00f000-7fcd7c010000 r--s 00000000 08:01 16255465                   /var/cache/fontconfig/c05880de57d1f5e948fdfacc138775d9-le64.cache-3
7fcd7c010000-7fcd7c019000 r--s 00000000 08:01 16253151                   /var/cache/fontconfig/945677eb7aeaf62f1d50efc3fb3ec7d8-le64.cache-3
7fcd7c019000-7fcd7c01b000 r--s 00000000 08:01 16255460                   /var/cache/fontconfig/99e8ed0e538f840c565b6ed5dad60d56-le64.cache-3
7fcd7c01b000-7fcd7c023000 r--s 00000000 08:01 16255459                   /var/cache/fontconfig/a6d8cf8e4ec09cdbc8633c31745a07dd-le64.cache-3
7fcd7c023000-7fcd7c027000 r--s 00000000 08:01 16255456                   /var/cache/fontconfig/2cd17615ca594fa2959ae173292e504c-le64.cache-3
7fcd7c027000-7fcd7c028000 r--s 00000000 08:01 16255455                   /var/cache/fontconfig/e7071f4a29fa870f4323321c154eba04-le64.cache-3
7fcd7c028000-7fcd7c02b000 r--s 00000000 08:01 16261108                   /var/cache/fontconfig/b5ea634b0fb353b8ea17632d1f9ef766-le64.cache-3
7fcd7c02b000-7fcd7c031000 r--s 00000000 08:01 16255450                   /var/cache/fontconfig/a755afe4a08bf5b97852ceb7400b47bc-le64.cache-3
7fcd7c031000-7fcd7c035000 r--s 00000000 08:01 16255448                   /var/cache/fontconfig/6d41288fd70b0be22e8c3a91e032eec0-le64.cache-3
7fcd7c035000-7fcd7c045000 r--s 00000000 08:01 16255447                   /var/cache/fontconfig/04aabc0a78ac019cf9454389977116d2-le64.cache-3
7fcd7c045000-7fcd7c048000 r--s 00000000 08:01 16255439                   /var/cache/fontconfig/385c0604a188198f04d133e54aba7fe7-le64.cache-3
7fcd7c048000-7fcd7c076000 r--s 00000000 08:01 16255435                   /var/cache/fontconfig/365b55f210c0a22e9a19e35191240f32-le64.cache-3
7fcd7c076000-7fcd7c07b000 r--s 00000000 08:01 16255434                   /var/cache/fontconfig/3047814df9a2f067bd2d96a2b9c36e5a-le64.cache-3
7fcd7c07b000-7fcd7c080000 r--s 00000000 08:01 16255431                   /var/cache/fontconfig/b47c4e1ecd0709278f4910c18777a504-le64.cache-3
7fcd7c080000-7fcd7c096000 r-xp 00000000 08:01 11672436                   /usr/lib/x86_64-linux-gnu/libICE.so.6.3.0
7fcd7c096000-7fcd7c295000 ---p 00016000 08:01 11672436                   /usr/lib/x86_64-linux-gnu/libICE.so.6.3.0
7fcd7c295000-7fcd7c296000 r--p 00015000 08:01 11672436                   /usr/lib/x86_64-linux-gnu/libICE.so.6.3.0
7fcd7c296000-7fcd7c297000 rw-p 00016000 08:01 11672436                   /usr/lib/x86_64-linux-gnu/libICE.so.6.3.0
7fcd7c297000-7fcd7c29a000 rw-p 00000000 00:00 0 
7fcd7c29a000-7fcd7c2a1000 r-xp 00000000 08:01 11672477                   /usr/lib/x86_64-linux-gnu/libSM.so.6.0.1
7fcd7c2a1000-7fcd7c4a0000 ---p 00007000 08:01 11672477                   /usr/lib/x86_64-linux-gnu/libSM.so.6.0.1
7fcd7c4a0000-7fcd7c4a1000 r--p 00006000 08:01 11672477                   /usr/lib/x86_64-linux-gnu/libSM.so.6.0.1
7fcd7c4a1000-7fcd7c4a2000 rw-p 00007000 08:01 11672477                   /usr/lib/x86_64-linux-gnu/libSM.so.6.0.1
7fcd7c4a2000-7fcd7c4bf000 r-xp 00000000 08:01 11673090                   /usr/lib/x86_64-linux-gnu/libxcb.so.1.1.0
7fcd7c4bf000-7fcd7c6be000 ---p 0001d000 08:01 11673090                   /usr/lib/x86_64-linux-gnu/libxcb.so.1.1.0
7fcd7c6be000-7fcd7c6bf000 r--p 0001c000 08:01 11673090                   /usr/lib/x86_64-linux-gnu/libxcb.so.1.1.0
7fcd7c6bf000-7fcd7c6c0000 rw-p 0001d000 08:01 11673090                   /usr/lib/x86_64-linux-gnu/libxcb.so.1.1.0
7fcd7c6c0000-7fcd7c6c5000 r-xp 00000000 08:01 11672522                   /usr/lib/x86_64-linux-gnu/libXtst.so.6.1.0
7fcd7c6c5000-7fcd7c8c4000 ---p 00005000 08:01 11672522                   /usr/lib/x86_64-linux-gnu/libXtst.so.6.1.0
7fcd7c8c4000-7fcd7c8c5000 r--p 00004000 08:01 11672522                   /usr/lib/x86_64-linux-gnu/libXtst.so.6.1.0
7fcd7c8c5000-7fcd7c8c6000 rw-p 00005000 08:01 11672522                   /usr/lib/x86_64-linux-gnu/libXtst.so.6.1.0
7fcd7c8c6000-7fcd7c925000 r-xp 00000000 08:01 11672520                   /usr/lib/x86_64-linux-gnu/libXt.so.6.0.0
7fcd7c925000-7fcd7cb25000 ---p 0005f000 08:01 11672520                   /usr/lib/x86_64-linux-gnu/libXt.so.6.0.0
7fcd7cb25000-7fcd7cb26000 r--p 0005f000 08:01 11672520                   /usr/lib/x86_64-linux-gnu/libXt.so.6.0.0
7fcd7cb26000-7fcd7cb2b000 rw-p 00060000 08:01 11672520                   /usr/lib/x86_64-linux-gnu/libXt.so.6.0.0
7fcd7cb2b000-7fcd7cb2c000 rw-p 00000000 00:00 0 
7fcd7cb2c000-7fcd7cc5c000 r-xp 00000000 08:01 11667031                   /usr/lib/x86_64-linux-gnu/libX11.so.6.3.0
7fcd7cc5c000-7fcd7ce5c000 ---p 00130000 08:01 11667031                   /usr/lib/x86_64-linux-gnu/libX11.so.6.3.0
7fcd7ce5c000-7fcd7ce5d000 r--p 00130000 08:01 11667031                   /usr/lib/x86_64-linux-gnu/libX11.so.6.3.0
7fcd7ce5d000-7fcd7ce61000 rw-p 00131000 08:01 11667031                   /usr/lib/x86_64-linux-gnu/libX11.so.6.3.0
7fcd7ce61000-7fcd7ce62000 r--s 00000000 08:01 16255454                   /var/cache/fontconfig/0d8c3b2ac0904cb8a57a757ad11a4a08-le64.cache-3
7fcd7ce62000-7fcd7ce65000 r--s 00000000 08:01 16255436                   /var/cache/fontconfig/8801497958630a81b71ace7c5f9b32a8-le64.cache-3
7fcd7ce65000-7fcd7ce6d000 r--s 00000000 08:01 16255429                   /var/cache/fontconfig/52f7bdb7ce746bfd7eaa1985bd9cfa93-le64.cache-3
7fcd7ce6d000-7fcd7ce7d000 r--s 00000000 08:01 16255428                   /var/cache/fontconfig/d52a8644073d54c13679302ca1180695-le64.cache-3
7fcd7ce7d000-7fcd7ce83000 r--s 00000000 08:01 16255425                   /var/cache/fontconfig/3f7329c5293ffd510edef78f73874cfd-le64.cache-3
7fcd7ce83000-7fcd7ce8f000 r-xp 00000000 08:01 18617184                   /tmp/libJNativeHook_4851171801089454722.so
7fcd7ce8f000-7fcd7d08e000 ---p 0000c000 08:01 18617184                   /tmp/libJNativeHook_4851171801089454722.so
7fcd7d08e000-7fcd7d08f000 r--p 0000b000 08:01 18617184                   /tmp/libJNativeHook_4851171801089454722.so
7fcd7d08f000-7fcd7d090000 rw-p 0000c000 08:01 18617184                   /tmp/libJNativeHook_4851171801089454722.so
7fcd7d090000-7fcd7d093000 ---p 00000000 00:00 0 
7fcd7d093000-7fcd7d291000 rw-p 00000000 00:00 0                          [stack:23291]
7fcd7d291000-7fcd7d294000 ---p 00000000 00:00 0 
7fcd7d294000-7fcd7d492000 rw-p 00000000 00:00 0                          [stack:16709]
7fcd7d492000-7fcd7d4a4000 r-xp 00000000 08:01 20983419                   /home/vmocuk/.rvm/rubies/jruby-1.7.10/lib/jni/x86_64-Linux/libjffi-1.2.so
7fcd7d4a4000-7fcd7d6a3000 ---p 00012000 08:01 20983419                   /home/vmocuk/.rvm/rubies/jruby-1.7.10/lib/jni/x86_64-Linux/libjffi-1.2.so
7fcd7d6a3000-7fcd7d6a4000 rw-p 00011000 08:01 20983419                   /home/vmocuk/.rvm/rubies/jruby-1.7.10/lib/jni/x86_64-Linux/libjffi-1.2.so
7fcd7d6a4000-7fcd7d6b4000 r-xp 00000000 08:01 23593304                   /usr/lib/jvm/java-7-oracle/jre/lib/amd64/libnio.so
7fcd7d6b4000-7fcd7d8b4000 ---p 00010000 08:01 23593304                   /usr/lib/jvm/java-7-oracle/jre/lib/amd64/libnio.so
7fcd7d8b4000-7fcd7d8b5000 rw-p 00010000 08:01 23593304                   /usr/lib/jvm/java-7-oracle/jre/lib/amd64/libnio.so
7fcd7d8b5000-7fcd7d8e6000 rw-p 00000000 00:00 0 
7fcd7d8e6000-7fcd7d8fc000 r-xp 00000000 08:01 23593280                   /usr/lib/jvm/java-7-oracle/jre/lib/amd64/libnet.so
7fcd7d8fc000-7fcd7dafc000 ---p 00016000 08:01 23593280                   /usr/lib/jvm/java-7-oracle/jre/lib/amd64/libnet.so
7fcd7dafc000-7fcd7dafd000 rw-p 00016000 08:01 23593280                   /usr/lib/jvm/java-7-oracle/jre/lib/amd64/libnet.so
7fcd7dafd000-7fcd7dbe6000 r--s 00bb9000 08:01 20192340                   /home/vmocuk/.rvm/rubies/jruby-1.7.10/lib/jruby.jar
7fcd7dbe6000-7fcd7dbe7000 ---p 00000000 00:00 0 
7fcd7dbe7000-7fcd7dce7000 rw-p 00000000 00:00 0                          [stack:16699]
7fcd7dce7000-7fcd7dcea000 ---p 00000000 00:00 0 
7fcd7dcea000-7fcd7dee8000 rw-p 00000000 00:00 0                          [stack:16698]
7fcd7dee8000-7fcd7deeb000 ---p 00000000 00:00 0 
7fcd7deeb000-7fcd7dfe9000 rw-p 00000000 00:00 0                          [stack:16697]
7fcd7dfe9000-7fcd7dfec000 ---p 00000000 00:00 0 
7fcd7dfec000-7fcd7e0ea000 rw-p 00000000 00:00 0                          [stack:16696]
7fcd7e0ea000-7fcd7e0ed000 ---p 00000000 00:00 0 
7fcd7e0ed000-7fcd7e2eb000 rw-p 00000000 00:00 0                          [stack:16695]
7fcd7e2eb000-7fcd7e9ce000 r--p 00000000 08:01 11671840                   /usr/lib/locale/locale-archive
7fcd7e9ce000-7fcd7e9d1000 ---p 00000000 00:00 0 
7fcd7e9d1000-7fcd7ebcf000 rw-p 00000000 00:00 0                          [stack:16694]
7fcd7ebcf000-7fcd7ebd2000 ---p 00000000 00:00 0 
7fcd7ebd2000-7fcd80000000 rw-p 00000000 00:00 0                          [stack:16693]
7fcd80000000-7fcd80021000 rw-p 00000000 00:00 0 
7fcd80021000-7fcd84000000 ---p 00000000 00:00 0 
7fcd84000000-7fcd84001000 r--s 00000000 08:01 16255437                   /var/cache/fontconfig/4794a0821666d79190d59a36cb4f44b5-le64.cache-3.NEW (deleted)
7fcd84001000-7fcd84002000 r--s 00000000 08:01 16255433                   /var/cache/fontconfig/56cf4f4769d0f4abc89a4895d7bd3ae1-le64.cache-3
7fcd84002000-7fcd8402b000 rw-p 00000000 00:00 0 
7fcd8402b000-7fcd8402c000 ---p 00000000 00:00 0 
7fcd8402c000-7fcd85000000 rw-p 00000000 00:00 0                          [stack:16692]
7fcd85000000-7fcd85270000 rwxp 00000000 00:00 0 
7fcd85270000-7fcd8846f000 rw-p 00000000 00:00 0 
7fcd8846f000-7fcd8c000000 ---p 00000000 00:00 0 
7fcd8c000000-7fcd8c001000 r--s 00000000 08:01 16255432                   /var/cache/fontconfig/b9d506c9ac06c20b433354fa67a72993-le64.cache-3
7fcd8c001000-7fcd8c002000 r--s 00000000 08:01 16255430                   /var/cache/fontconfig/89034621ae2a8922916bb6bfa5799546-le64.cache-3
7fcd8c002000-7fcd8c00d000 r--s 00000000 08:01 16253148                   /var/cache/fontconfig/e13b20fdb08344e0e664864cc2ede53d-le64.cache-3
7fcd8c00d000-7fcd8c780000 rw-p 00000000 00:00 0 
7fcd8c780000-7fcd8c93f000 r--s 039e2000 08:01 12590043                   /usr/lib/jvm/java-7-oracle/jre/lib/rt.jar
7fcd8c93f000-7fcd8cb33000 rw-p 00000000 00:00 0 
7fcd8cb33000-7fcd8cb34000 ---p 00000000 00:00 0 
7fcd8cb34000-7fcd8cc34000 rw-p 00000000 00:00 0                          [stack:16691]
7fcd8cc34000-7fcd8cc35000 ---p 00000000 00:00 0 
7fcd8cc35000-7fcd8cd35000 rw-p 00000000 00:00 0                          [stack:16690]
7fcd8cd35000-7fcd8cd36000 ---p 00000000 00:00 0 
7fcd8cd36000-7fcd8ce36000 rw-p 00000000 00:00 0                          [stack:16689]
7fcd8ce36000-7fcd8ce37000 ---p 00000000 00:00 0 
7fcd8ce37000-7fcd8cf37000 rw-p 00000000 00:00 0                          [stack:16688]
7fcd8cf37000-7fcd8cf38000 ---p 00000000 00:00 0 
7fcd8cf38000-7fcd8d038000 rw-p 00000000 00:00 0                          [stack:16687]
7fcd8d038000-7fcd8d039000 ---p 00000000 00:00 0 
7fcd8d039000-7fcd8d148000 rw-p 00000000 00:00 0                          [stack:16686]
7fcd8d148000-7fcd8d162000 rw-p 00000000 00:00 0 
7fcd8d162000-7fcd8d18b000 rw-p 00000000 00:00 0 
7fcd8d18b000-7fcd8d208000 rw-p 00000000 00:00 0 
7fcd8d208000-7fcd8d215000 rw-p 00000000 00:00 0 
7fcd8d215000-7fcd8d223000 ---p 00000000 00:00 0 
7fcd8d223000-7fcd8d25c000 rw-p 00000000 00:00 0 
7fcd8d25c000-7fcd8d25d000 rw-p 00000000 00:00 0 
7fcd8d25d000-7fcd8d277000 r-xp 00000000 08:01 23593272                   /usr/lib/jvm/java-7-oracle/jre/lib/amd64/libzip.so
7fcd8d277000-7fcd8d477000 ---p 0001a000 08:01 23593272                   /usr/lib/jvm/java-7-oracle/jre/lib/amd64/libzip.so
7fcd8d477000-7fcd8d478000 rw-p 0001a000 08:01 23593272                   /usr/lib/jvm/java-7-oracle/jre/lib/amd64/libzip.so
7fcd8d478000-7fcd8d484000 r-xp 00000000 08:01 4194419                    /lib/x86_64-linux-gnu/libnss_files-2.15.so
7fcd8d484000-7fcd8d683000 ---p 0000c000 08:01 4194419                    /lib/x86_64-linux-gnu/libnss_files-2.15.so
7fcd8d683000-7fcd8d684000 r--p 0000b000 08:01 4194419                    /lib/x86_64-linux-gnu/libnss_files-2.15.so
7fcd8d684000-7fcd8d685000 rw-p 0000c000 08:01 4194419                    /lib/x86_64-linux-gnu/libnss_files-2.15.so
7fcd8d685000-7fcd8d68f000 r-xp 00000000 08:01 4194423                    /lib/x86_64-linux-gnu/libnss_nis-2.15.so
7fcd8d68f000-7fcd8d88f000 ---p 0000a000 08:01 4194423                    /lib/x86_64-linux-gnu/libnss_nis-2.15.so
7fcd8d88f000-7fcd8d890000 r--p 0000a000 08:01 4194423                    /lib/x86_64-linux-gnu/libnss_nis-2.15.so
7fcd8d890000-7fcd8d891000 rw-p 0000b000 08:01 4194423                    /lib/x86_64-linux-gnu/libnss_nis-2.15.so
7fcd8d891000-7fcd8d8a8000 r-xp 00000000 08:01 4198254                    /lib/x86_64-linux-gnu/libnsl-2.15.so
7fcd8d8a8000-7fcd8daa7000 ---p 00017000 08:01 4198254                    /lib/x86_64-linux-gnu/libnsl-2.15.so
7fcd8daa7000-7fcd8daa8000 r--p 00016000 08:01 4198254                    /lib/x86_64-linux-gnu/libnsl-2.15.so
7fcd8daa8000-7fcd8daa9000 rw-p 00017000 08:01 4198254                    /lib/x86_64-linux-gnu/libnsl-2.15.so
7fcd8daa9000-7fcd8daab000 rw-p 00000000 00:00 0 
7fcd8daab000-7fcd8dab3000 r-xp 00000000 08:01 4194417                    /lib/x86_64-linux-gnu/libnss_compat-2.15.so
7fcd8dab3000-7fcd8dcb2000 ---p 00008000 08:01 4194417                    /lib/x86_64-linux-gnu/libnss_compat-2.15.so
7fcd8dcb2000-7fcd8dcb3000 r--p 00007000 08:01 4194417                    /lib/x86_64-linux-gnu/libnss_compat-2.15.so
7fcd8dcb3000-7fcd8dcb4000 rw-p 00008000 08:01 4194417                    /lib/x86_64-linux-gnu/libnss_compat-2.15.so
7fcd8dcb4000-7fcd8dcdd000 r-xp 00000000 08:01 23593316                   /usr/lib/jvm/java-7-oracle/jre/lib/amd64/libjava.so
7fcd8dcdd000-7fcd8dedd000 ---p 00029000 08:01 23593316                   /usr/lib/jvm/java-7-oracle/jre/lib/amd64/libjava.so
7fcd8dedd000-7fcd8dedf000 rw-p 00029000 08:01 23593316                   /usr/lib/jvm/java-7-oracle/jre/lib/amd64/libjava.so
7fcd8dedf000-7fcd8deec000 r-xp 00000000 08:01 23593293                   /usr/lib/jvm/java-7-oracle/jre/lib/amd64/libverify.so
7fcd8deec000-7fcd8e0eb000 ---p 0000d000 08:01 23593293                   /usr/lib/jvm/java-7-oracle/jre/lib/amd64/libverify.so
7fcd8e0eb000-7fcd8e0ed000 rw-p 0000c000 08:01 23593293                   /usr/lib/jvm/java-7-oracle/jre/lib/amd64/libverify.so
7fcd8e0ed000-7fcd8e0f4000 r-xp 00000000 08:01 4194422                    /lib/x86_64-linux-gnu/librt-2.15.so
7fcd8e0f4000-7fcd8e2f3000 ---p 00007000 08:01 4194422                    /lib/x86_64-linux-gnu/librt-2.15.so
7fcd8e2f3000-7fcd8e2f4000 r--p 00006000 08:01 4194422                    /lib/x86_64-linux-gnu/librt-2.15.so
7fcd8e2f4000-7fcd8e2f5000 rw-p 00007000 08:01 4194422                    /lib/x86_64-linux-gnu/librt-2.15.so
7fcd8e2f5000-7fcd8e2f8000 ---p 00000000 00:00 0 
7fcd8e2f8000-7fcd8e4f6000 rw-p 00000000 00:00 0                          [stack:16685]
7fcd8e4f6000-7fcd8e5f1000 r-xp 00000000 08:01 4194426                    /lib/x86_64-linux-gnu/libm-2.15.so
7fcd8e5f1000-7fcd8e7f0000 ---p 000fb000 08:01 4194426                    /lib/x86_64-linux-gnu/libm-2.15.so
7fcd8e7f0000-7fcd8e7f1000 r--p 000fa000 08:01 4194426                    /lib/x86_64-linux-gnu/libm-2.15.so
7fcd8e7f1000-7fcd8e7f2000 rw-p 000fb000 08:01 4194426                    /lib/x86_64-linux-gnu/libm-2.15.so
7fcd8e7f2000-7fcd8f362000 r-xp 00000000 08:01 23593314                   /usr/lib/jvm/java-7-oracle/jre/lib/amd64/server/libjvm.so
7fcd8f362000-7fcd8f561000 ---p 00b70000 08:01 23593314                   /usr/lib/jvm/java-7-oracle/jre/lib/amd64/server/libjvm.so
7fcd8f561000-7fcd8f625000 rw-p 00b6f000 08:01 23593314                   /usr/lib/jvm/java-7-oracle/jre/lib/amd64/server/libjvm.so
7fcd8f625000-7fcd8f666000 rw-p 00000000 00:00 0 
7fcd8f666000-7fcd8f81b000 r-xp 00000000 08:01 4194315                    /lib/x86_64-linux-gnu/libc-2.15.so
7fcd8f81b000-7fcd8fa1b000 ---p 001b5000 08:01 4194315                    /lib/x86_64-linux-gnu/libc-2.15.so
7fcd8fa1b000-7fcd8fa1f000 r--p 001b5000 08:01 4194315                    /lib/x86_64-linux-gnu/libc-2.15.so
7fcd8fa1f000-7fcd8fa21000 rw-p 001b9000 08:01 4194315                    /lib/x86_64-linux-gnu/libc-2.15.so
7fcd8fa21000-7fcd8fa26000 rw-p 00000000 00:00 0 
7fcd8fa26000-7fcd8fa28000 r-xp 00000000 08:01 4194430                    /lib/x86_64-linux-gnu/libdl-2.15.so
7fcd8fa28000-7fcd8fc28000 ---p 00002000 08:01 4194430                    /lib/x86_64-linux-gnu/libdl-2.15.so
7fcd8fc28000-7fcd8fc29000 r--p 00002000 08:01 4194430                    /lib/x86_64-linux-gnu/libdl-2.15.so
7fcd8fc29000-7fcd8fc2a000 rw-p 00003000 08:01 4194430                    /lib/x86_64-linux-gnu/libdl-2.15.so
7fcd8fc2a000-7fcd8fc40000 r-xp 00000000 08:01 23593259                   /usr/lib/jvm/java-7-oracle/jre/lib/amd64/jli/libjli.so
7fcd8fc40000-7fcd8fe40000 ---p 00016000 08:01 23593259                   /usr/lib/jvm/java-7-oracle/jre/lib/amd64/jli/libjli.so
7fcd8fe40000-7fcd8fe41000 rw-p 00016000 08:01 23593259                   /usr/lib/jvm/java-7-oracle/jre/lib/amd64/jli/libjli.so
7fcd8fe41000-7fcd8fe59000 r-xp 00000000 08:01 4194424                    /lib/x86_64-linux-gnu/libpthread-2.15.so
7fcd8fe59000-7fcd90058000 ---p 00018000 08:01 4194424                    /lib/x86_64-linux-gnu/libpthread-2.15.so
7fcd90058000-7fcd90059000 r--p 00017000 08:01 4194424                    /lib/x86_64-linux-gnu/libpthread-2.15.so
7fcd90059000-7fcd9005a000 rw-p 00018000 08:01 4194424                    /lib/x86_64-linux-gnu/libpthread-2.15.so
7fcd9005a000-7fcd9005e000 rw-p 00000000 00:00 0 
7fcd9005e000-7fcd90080000 r-xp 00000000 08:01 4194427                    /lib/x86_64-linux-gnu/ld-2.15.so
7fcd90080000-7fcd90081000 r--s 00000000 08:01 16255424                   /var/cache/fontconfig/1f901bd019c7d81ebf355e99936ff480-le64.cache-3
7fcd90081000-7fcd9008a000 r--s 00000000 08:01 16253022                   /var/cache/fontconfig/cabbd14511b9e8a55e92af97fb3a0461-le64.cache-3
7fcd9008a000-7fcd9008e000 r--s 00000000 08:01 16261101                   /var/cache/fontconfig/7ef2298fde41cc6eeb7af42e48b7d293-le64.cache-3
7fcd9008e000-7fcd90091000 r--s 00000000 08:01 16255633                   /var/cache/fontconfig/079a1048814713328ba16771e54b0fa3-le64.cache-3
7fcd90091000-7fcd9009a000 r--s 00251000 08:01 12590058                   /usr/lib/jvm/java-7-oracle/jre/lib/resources.jar
7fcd9009a000-7fcd9009e000 r--s 000f7000 08:01 23593230                   /usr/lib/jvm/java-7-oracle/jre/lib/ext/localedata.jar
7fcd9009e000-7fcd900a0000 r--s 00024000 08:01 21630799                   /home/vmocuk/projects/robot/JNativeHook.jar
7fcd900a0000-7fcd900d7000 rw-p 00000000 00:00 0 
7fcd900d7000-7fcd900f1000 rw-p 00000000 00:00 0 
7fcd900f1000-7fcd9011a000 rw-p 00000000 00:00 0 
7fcd9011a000-7fcd90198000 rw-p 00000000 00:00 0 
7fcd90198000-7fcd901a2000 rw-p 00000000 00:00 0 
7fcd901a2000-7fcd90258000 rw-p 00000000 00:00 0 
7fcd90258000-7fcd9025c000 rw-p 00000000 00:00 0 
7fcd9025c000-7fcd9025d000 r-xp 00000000 00:00 0 
7fcd9025d000-7fcd90264000 r--s 00000000 08:01 11935201                   /usr/lib/x86_64-linux-gnu/gconv/gconv-modules.cache
7fcd90264000-7fcd90268000 r--s 0008a000 08:01 12590086                   /usr/lib/jvm/java-7-oracle/jre/lib/jsse.jar
7fcd90268000-7fcd90274000 rw-p 00000000 00:00 0 
7fcd90274000-7fcd9027c000 rw-s 00000000 08:01 19531093                   /tmp/hsperfdata_vmocuk/16684
7fcd9027c000-7fcd9027d000 rw-p 00000000 00:00 0 
7fcd9027d000-7fcd9027e000 r--p 00000000 00:00 0 
7fcd9027e000-7fcd90280000 rw-p 00000000 00:00 0 
7fcd90280000-7fcd90281000 r--p 00022000 08:01 4194427                    /lib/x86_64-linux-gnu/ld-2.15.so
7fcd90281000-7fcd90283000 rw-p 00023000 08:01 4194427                    /lib/x86_64-linux-gnu/ld-2.15.so
7fff0c745000-7fff0c767000 rw-p 00000000 00:00 0                          [stack]
7fff0c79d000-7fff0c79f000 r-xp 00000000 00:00 0                          [vdso]
ffffffffff600000-ffffffffff601000 r-xp 00000000 00:00 0                  [vsyscall]

VM Arguments:
jvm_args: -Djdk.home= -Djruby.home=/home/vmocuk/.rvm/rubies/jruby-1.7.10 -Djruby.script=jruby -Djruby.shell=/bin/sh -Djffi.boot.library.path=/home/vmocuk/.rvm/rubies/jruby-1.7.10/lib/jni:/home/vmocuk/.rvm/rubies/jruby-1.7.10/lib/jni/x86_64-Linux:/home/vmocuk/.rvm/rubies/jruby-1.7.10/lib/jni/i386-Linux:/home/vmocuk/.rvm/rubies/jruby-1.7.10/lib/jni/arm-Linux -Xmx500m -Xss2048k -Xbootclasspath/a:/home/vmocuk/.rvm/rubies/jruby-1.7.10/lib/jruby.jar 
java_command: org/jruby/Main main.rb
Launcher Type: SUN_STANDARD

Environment Variables:
PATH=/home/vmocuk/.rvm/gems/jruby-1.7.10/bin:/home/vmocuk/.rvm/gems/jruby-1.7.10@global/bin:/home/vmocuk/.rvm/rubies/jruby-1.7.10/bin:/home/vmocuk/.rvm/bin:/usr/lib/lightdm/lightdm:/usr/local/sbin:/usr/local/bin:/usr/sbin:/usr/bin:/sbin:/bin:/usr/games
SHELL=/bin/bash
DISPLAY=:0.0

Signal Handlers:
SIGSEGV: [libjvm.so+0x99f0f0], sa_mask[0]=0x7ffbfeff, sa_flags=0x10000004
SIGBUS: [libjvm.so+0x99f0f0], sa_mask[0]=0x7ffbfeff, sa_flags=0x10000004
SIGFPE: [libjvm.so+0x81a6d0], sa_mask[0]=0x7ffbfeff, sa_flags=0x10000004
SIGPIPE: [libjvm.so+0x81a6d0], sa_mask[0]=0x7ffbfeff, sa_flags=0x10000004
SIGXFSZ: [libjvm.so+0x81a6d0], sa_mask[0]=0x7ffbfeff, sa_flags=0x10000004
SIGILL: [libjvm.so+0x81a6d0], sa_mask[0]=0x7ffbfeff, sa_flags=0x10000004
SIGUSR1: SIG_DFL, sa_mask[0]=0x00000000, sa_flags=0x00000000
SIGUSR2: [libjvm.so+0x81bed0], sa_mask[0]=0x00000000, sa_flags=0x10000004
SIGHUP: [libjvm.so+0x81cfd0], sa_mask[0]=0x7ffbfeff, sa_flags=0x10000004
SIGINT: [libjvm.so+0x81cfd0], sa_mask[0]=0x7ffbfeff, sa_flags=0x10000004
SIGTERM: [libjvm.so+0x81cfd0], sa_mask[0]=0x7ffbfeff, sa_flags=0x10000004
SIGQUIT: [libjvm.so+0x81cfd0], sa_mask[0]=0x7ffbfeff, sa_flags=0x10000004


---------------  S Y S T E M  ---------------

OS:wheezy/sid

uname:Linux 3.8.0-42-generic #62~precise1-Ubuntu SMP Wed Jun 4 22:04:18 UTC 2014 x86_64
libc:glibc 2.15 NPTL 2.15 
rlimit: STACK 8192k, CORE 0k, NPROC 61142, NOFILE 4096, AS infinity
load average:0.90 1.10 0.98

/proc/meminfo:
MemTotal:        7918268 kB
MemFree:          682520 kB
Buffers:          445124 kB
Cached:          2188476 kB
SwapCached:        17236 kB
Active:          4419504 kB
Inactive:        2281028 kB
Active(anon):    3333696 kB
Inactive(anon):   811128 kB
Active(file):    1085808 kB
Inactive(file):  1469900 kB
Unevictable:         208 kB
Mlocked:             208 kB
SwapTotal:       8122364 kB
SwapFree:        8089888 kB
Dirty:              1444 kB
Writeback:             0 kB
AnonPages:       4051152 kB
Mapped:           313896 kB
Shmem:             78040 kB
Slab:             331560 kB
SReclaimable:     279680 kB
SUnreclaim:        51880 kB
KernelStack:        8704 kB
PageTables:        81436 kB
NFS_Unstable:          0 kB
Bounce:                0 kB
WritebackTmp:          0 kB
CommitLimit:    12081496 kB
Committed_AS:   15947520 kB
VmallocTotal:   34359738367 kB
VmallocUsed:      295632 kB
VmallocChunk:   34359414328 kB
HardwareCorrupted:     0 kB
AnonHugePages:         0 kB
HugePages_Total:       0
HugePages_Free:        0
HugePages_Rsvd:        0
HugePages_Surp:        0
Hugepagesize:       2048 kB
DirectMap4k:       76224 kB
DirectMap2M:     1757184 kB
DirectMap1G:     6291456 kB


CPU:total 6 (6 cores per cpu, 1 threads per core) family 16 model 10 stepping 0, cmov, cx8, fxsr, mmx, sse, sse2, sse3, popcnt, mmxext, 3dnowpref, lzcnt, sse4a, tsc, tscinvbit, tscinv

/proc/cpuinfo:
processor	: 0
vendor_id	: AuthenticAMD
cpu family	: 16
model		: 10
model name	: AMD Phenom(tm) II X6 1055T Processor
stepping	: 0
microcode	: 0x10000dc
cpu MHz		: 800.000
cache size	: 512 KB
physical id	: 0
siblings	: 6
core id		: 0
cpu cores	: 6
apicid		: 0
initial apicid	: 0
fpu		: yes
fpu_exception	: yes
cpuid level	: 6
wp		: yes
flags		: fpu vme de pse tsc msr pae mce cx8 apic sep mtrr pge mca cmov pat pse36 clflush mmx fxsr sse sse2 ht syscall nx mmxext fxsr_opt pdpe1gb rdtscp lm 3dnowext 3dnow constant_tsc rep_good nopl nonstop_tsc extd_apicid aperfmperf pni monitor cx16 popcnt lahf_lm cmp_legacy svm extapic cr8_legacy abm sse4a misalignsse 3dnowprefetch osvw ibs skinit wdt cpb hw_pstate npt lbrv svm_lock nrip_save pausefilter
bogomips	: 5625.21
TLB size	: 1024 4K pages
clflush size	: 64
cache_alignment	: 64
address sizes	: 48 bits physical, 48 bits virtual
power management: ts ttp tm stc 100mhzsteps hwpstate cpb

processor	: 1
vendor_id	: AuthenticAMD
cpu family	: 16
model		: 10
model name	: AMD Phenom(tm) II X6 1055T Processor
stepping	: 0
microcode	: 0x10000dc
cpu MHz		: 800.000
cache size	: 512 KB
physical id	: 0
siblings	: 6
core id		: 1
cpu cores	: 6
apicid		: 1
initial apicid	: 1
fpu		: yes
fpu_exception	: yes
cpuid level	: 6
wp		: yes
flags		: fpu vme de pse tsc msr pae mce cx8 apic sep mtrr pge mca cmov pat pse36 clflush mmx fxsr sse sse2 ht syscall nx mmxext fxsr_opt pdpe1gb rdtscp lm 3dnowext 3dnow constant_tsc rep_good nopl nonstop_tsc extd_apicid aperfmperf pni monitor cx16 popcnt lahf_lm cmp_legacy svm extapic cr8_legacy abm sse4a misalignsse 3dnowprefetch osvw ibs skinit wdt cpb hw_pstate npt lbrv svm_lock nrip_save pausefilter
bogomips	: 5625.21
TLB size	: 1024 4K pages
clflush size	: 64
cache_alignment	: 64
address sizes	: 48 bits physical, 48 bits virtual
power management: ts ttp tm stc 100mhzsteps hwpstate cpb

processor	: 2
vendor_id	: AuthenticAMD
cpu family	: 16
model		: 10
model name	: AMD Phenom(tm) II X6 1055T Processor
stepping	: 0
microcode	: 0x10000dc
cpu MHz		: 800.000
cache size	: 512 KB
physical id	: 0
siblings	: 6
core id		: 2
cpu cores	: 6
apicid		: 2
initial apicid	: 2
fpu		: yes
fpu_exception	: yes
cpuid level	: 6
wp		: yes
flags		: fpu vme de pse tsc msr pae mce cx8 apic sep mtrr pge mca cmov pat pse36 clflush mmx fxsr sse sse2 ht syscall nx mmxext fxsr_opt pdpe1gb rdtscp lm 3dnowext 3dnow constant_tsc rep_good nopl nonstop_tsc extd_apicid aperfmperf pni monitor cx16 popcnt lahf_lm cmp_legacy svm extapic cr8_legacy abm sse4a misalignsse 3dnowprefetch osvw ibs skinit wdt cpb hw_pstate npt lbrv svm_lock nrip_save pausefilter
bogomips	: 5625.21
TLB size	: 1024 4K pages
clflush size	: 64
cache_alignment	: 64
address sizes	: 48 bits physical, 48 bits virtual
power management: ts ttp tm stc 100mhzsteps hwpstate cpb

processor	: 3
vendor_id	: AuthenticAMD
cpu family	: 16
model		: 10
model name	: AMD Phenom(tm) II X6 1055T Processor
stepping	: 0
microcode	: 0x10000dc
cpu MHz		: 2800.000
cache size	: 512 KB
physical id	: 0
siblings	: 6
core id		: 3
cpu cores	: 6
apicid		: 3
initial apicid	: 3
fpu		: yes
fpu_exception	: yes
cpuid level	: 6
wp		: yes
flags		: fpu vme de pse tsc msr pae mce cx8 apic sep mtrr pge mca cmov pat pse36 clflush mmx fxsr sse sse2 ht syscall nx mmxext fxsr_opt pdpe1gb rdtscp lm 3dnowext 3dnow constant_tsc rep_good nopl nonstop_tsc extd_apicid aperfmperf pni monitor cx16 popcnt lahf_lm cmp_legacy svm extapic cr8_legacy abm sse4a misalignsse 3dnowprefetch osvw ibs skinit wdt cpb hw_pstate npt lbrv svm_lock nrip_save pausefilter
bogomips	: 5625.21
TLB size	: 1024 4K pages
clflush size	: 64
cache_alignment	: 64
address sizes	: 48 bits physical, 48 bits virtual
power management: ts ttp tm stc 100mhzsteps hwpstate cpb

processor	: 4
vendor_id	: AuthenticAMD
cpu family	: 16
model		: 10
model name	: AMD Phenom(tm) II X6 1055T Processor
stepping	: 0
microcode	: 0x10000dc
cpu MHz		: 800.000
cache size	: 512 KB
physical id	: 0
siblings	: 6
core id		: 4
cpu cores	: 6
apicid		: 4
initial apicid	: 4
fpu		: yes
fpu_exception	: yes
cpuid level	: 6
wp		: yes
flags		: fpu vme de pse tsc msr pae mce cx8 apic sep mtrr pge mca cmov pat pse36 clflush mmx fxsr sse sse2 ht syscall nx mmxext fxsr_opt pdpe1gb rdtscp lm 3dnowext 3dnow constant_tsc rep_good nopl nonstop_tsc extd_apicid aperfmperf pni monitor cx16 popcnt lahf_lm cmp_legacy svm extapic cr8_legacy abm sse4a misalignsse 3dnowprefetch osvw ibs skinit wdt cpb hw_pstate npt lbrv svm_lock nrip_save pausefilter
bogomips	: 5625.21
TLB size	: 1024 4K pages
clflush size	: 64
cache_alignment	: 64
address sizes	: 48 bits physical, 48 bits virtual
power management: ts ttp tm stc 100mhzsteps hwpstate cpb

processor	: 5
vendor_id	: AuthenticAMD
cpu family	: 16
model		: 10
model name	: AMD Phenom(tm) II X6 1055T Processor
stepping	: 0
microcode	: 0x10000dc
cpu MHz		: 800.000
cache size	: 512 KB
physical id	: 0
siblings	: 6
core id		: 5
cpu cores	: 6
apicid		: 5
initial apicid	: 5
fpu		: yes
fpu_exception	: yes
cpuid level	: 6
wp		: yes
flags		: fpu vme de pse tsc msr pae mce cx8 apic sep mtrr pge mca cmov pat pse36 clflush mmx fxsr sse sse2 ht syscall nx mmxext fxsr_opt pdpe1gb rdtscp lm 3dnowext 3dnow constant_tsc rep_good nopl nonstop_tsc extd_apicid aperfmperf pni monitor cx16 popcnt lahf_lm cmp_legacy svm extapic cr8_legacy abm sse4a misalignsse 3dnowprefetch osvw ibs skinit wdt cpb hw_pstate npt lbrv svm_lock nrip_save pausefilter
bogomips	: 5625.21
TLB size	: 1024 4K pages
clflush size	: 64
cache_alignment	: 64
address sizes	: 48 bits physical, 48 bits virtual
power management: ts ttp tm stc 100mhzsteps hwpstate cpb



Memory: 4k page, physical 7918268k(682520k free), swap 8122364k(8089888k free)

vm_info: Java HotSpot(TM) 64-Bit Server VM (24.60-b09) for linux-amd64 JRE (1.7.0_60-b19), built on May  7 2014 13:18:30 by "java_re" with gcc 4.3.0 20080428 (Red Hat 4.3.0-8)

time: Fri Jun 27 10:49:12 2014
elapsed time: 67168 seconds

