#
# A fatal error has been detected by the Java Runtime Environment:
#
#  SIGSEGV (0xb) at pc=0x00007f5385d68201, pid=32060, tid=139996591728384
#
# JRE version: Java(TM) SE Runtime Environment (7.0_60-b19) (build 1.7.0_60-b19)
# Java VM: Java HotSpot(TM) 64-Bit Server VM (24.60-b09 mixed mode linux-amd64 compressed oops)
# Problematic frame:
# C  [libXt.so.6+0x1e201]  XtDestroyWidget+0x571
#
# Failed to write core dump. Core dumps have been disabled. To enable core dumping, try "ulimit -c unlimited" before starting Java again
#
# If you would like to submit a bug report, please visit:
#   http://bugreport.sun.com/bugreport/crash.jsp
# The crash happened outside the Java Virtual Machine in native code.
# See problematic frame for where to report the bug.
#

---------------  T H R E A D  ---------------

Current thread (0x00007f5324012000):  JavaThread "JNativeHook Native Hook" [_thread_in_native, id=32084, stack(0x00007f537e9ea000,0x00007f537f1eb000)]

siginfo:si_signo=SIGSEGV: si_errno=0, si_code=1 (SEGV_MAPERR), si_addr=0x00007f5217fff010

Registers:
RAX=0x00007f521803f010, RBX=0x00007f5390470ec0, RCX=0xffffffffffff8000, RDX=0x0000000000008001
RSP=0x00007f537f1e9c20, RBP=0x00007f5390475a10, RSI=0x000000000000800c, RDI=0x0000000000000270
R8 =0x0000000000000000, R9 =0x0000000000000000, R10=0x00000000000001f8, R11=0x0000000000000065
R12=0x00007f53862f0378, R13=0x00007f53862f0378, R14=0x00007f5390475a10, R15=0x00007f53862f0378
RIP=0x00007f5385d68201, EFLAGS=0x0000000000010202, CSGSFS=0x0000000000000033, ERR=0x0000000000000006
  TRAPNO=0x000000000000000e

Top of Stack: (sp=0x00007f537f1e9c20)
0x00007f537f1e9c20:   0000000000000006 00007f5390470ec0
0x00007f537f1e9c30:   0000000000000000 0000000000000010
0x00007f537f1e9c40:   00007f53862f0378 00007f5390475a10
0x00007f537f1e9c50:   00007f537f1e9cec 00007f5385d6873a
0x00007f537f1e9c60:   00007f53862f035a 00007f5385fd23b0
0x00007f537f1e9c70:   00007f5300000000 0000000000000000
0x00007f537f1e9c80:   0000000000000000 0000000000000000
0x00007f537f1e9c90:   000001f7000001f6 00007f53864f1348
0x00007f537f1e9ca0:   0000000000000000 0000000000000010
0x00007f537f1e9cb0:   00000000000002c5 00007f5324014e90
0x00007f537f1e9cc0:   0000000000000006 00007f53862e8351
0x00007f537f1e9cd0:   00007f537f1e9cec 0000000000000000
0x00007f537f1e9ce0:   000000017f1e9e50 0000000000000000
0x00007f537f1e9cf0:   0000000000000010 0000000000000025
0x00007f537f1e9d00:   0000014701cdac6a 00007f53862e8cdb
0x00007f537f1e9d10:   000000000000000b ffffffff7f1e9d30
0x00007f537f1e9d20:   00007f5324002d50 00007f5324001d00
0x00007f537f1e9d30:   0000000000000001 ffffffffffffffff
0x00007f537f1e9d40:   0000000000000000 0000028024001cc0
0x00007f537f1e9d50:   0000000000000000 00007f5324001cd8
0x00007f537f1e9d60:   0000000000000000 00007f53240121e8
0x00007f537f1e9d70:   00007f5324001cc0 00007f53859317ec
0x00007f537f1e9d80:   0000000053b6bbd2 000000000000673d
0x00007f537f1e9d90:   00007f5324001b30 00007f537f1e9e50
0x00007f537f1e9da0:   00007f5324014e90 0000000000000020
0x00007f537f1e9db0:   0000000000000020 00007f5324014cb8
0x00007f537f1e9dc0:   0000000000000008 00007f5385b458c3
0x00007f537f1e9dd0:   0000000000000060 00007f53240008c0
0x00007f537f1e9de0:   00007f5324014cc4 00007f532400fe80
0x00007f537f1e9df0:   00007f53862e8700 00007f53240008c0
0x00007f537f1e9e00:   0000000000000003 00007f53240008c0
0x00007f537f1e9e10:   00007f532400fe80 0000000000000000 

Instructions: (pc=0x00007f5385d68201)
0x00007f5385d681e1:   0f b7 b6 8e 00 00 00 66 39 f2 0f 8d 47 02 00 00
0x00007f5385d681f1:   48 8b 43 18 48 0f bf ca 83 c2 01 bf 70 02 00 00
0x00007f5385d68201:   48 89 2c c8 83 83 88 00 00 00 01 66 89 93 8c 00
0x00007f5385d68211:   00 00 c6 83 1d 01 00 00 01 e8 01 38 ff ff 49 89 

Register to memory mapping:

RAX=0x00007f521803f010 is an unknown value
RBX=0x00007f5390470ec0 is an unknown value
RCX=0xffffffffffff8000 is an unknown value
RDX=0x0000000000008001 is an unknown value
RSP=0x00007f537f1e9c20 is pointing into the stack for thread: 0x00007f5324012000
RBP=0x00007f5390475a10 is an unknown value
RSI=0x000000000000800c is an unknown value
RDI=0x0000000000000270 is an unknown value
R8 =0x0000000000000000 is an unknown value
R9 =0x0000000000000000 is an unknown value
R10=0x00000000000001f8 is an unknown value
R11=0x0000000000000065 is an unknown value
R12=0x00007f53862f0378: <offset 0xb378> in /tmp/libJNativeHook_8893875262769125346.so at 0x00007f53862e5000
R13=0x00007f53862f0378: <offset 0xb378> in /tmp/libJNativeHook_8893875262769125346.so at 0x00007f53862e5000
R14=0x00007f5390475a10 is an unknown value
R15=0x00007f53862f0378: <offset 0xb378> in /tmp/libJNativeHook_8893875262769125346.so at 0x00007f53862e5000


Stack: [0x00007f537e9ea000,0x00007f537f1eb000],  sp=0x00007f537f1e9c20,  free space=8191k
Native frames: (J=compiled Java code, j=interpreted, Vv=VM code, C=native code)
C  [libXt.so.6+0x1e201]  XtDestroyWidget+0x571


---------------  P R O C E S S  ---------------

Java Threads: ( => current thread )
  0x00007f5324015000 JavaThread "JNativeHook Native Dispatch" [_thread_blocked, id=32085, stack(0x00007f53866f3000,0x00007f53868f4000)]
  0x00007f539000a000 JavaThread "DestroyJavaVM" [_thread_blocked, id=32061, stack(0x00007f539779d000,0x00007f539799e000)]
=>0x00007f5324012000 JavaThread "JNativeHook Native Hook" [_thread_in_native, id=32084, stack(0x00007f537e9ea000,0x00007f537f1eb000)]
  0x00007f5390348800 JavaThread "Thread-4" daemon [_thread_blocked, id=32083, stack(0x00007f537f1eb000,0x00007f537f3ec000)]
  0x00007f539035b000 JavaThread "AWT-EventQueue-0" [_thread_blocked, id=32081, stack(0x00007f537f5ed000,0x00007f537f7ee000)]
  0x00007f5390359800 JavaThread "AWT-Shutdown" [_thread_blocked, id=32080, stack(0x00007f537f7ee000,0x00007f537f9ef000)]
  0x00007f539027e000 JavaThread "AWT-XAWT" daemon [_thread_in_native, id=32079, stack(0x00007f537f9ef000,0x00007f537fbf0000)]
  0x00007f53903b3000 JavaThread "Java2D Disposer" daemon [_thread_blocked, id=32078, stack(0x00007f53841a3000,0x00007f53843a4000)]
  0x00007f539009b000 JavaThread "Service Thread" daemon [_thread_blocked, id=32074, stack(0x00007f5387118000,0x00007f5387319000)]
  0x00007f5390099000 JavaThread "C2 CompilerThread1" daemon [_thread_blocked, id=32073, stack(0x00007f5387319000,0x00007f538741a000)]
  0x00007f5390096000 JavaThread "C2 CompilerThread0" daemon [_thread_blocked, id=32072, stack(0x00007f538741a000,0x00007f538751b000)]
  0x00007f5390094800 JavaThread "Signal Dispatcher" daemon [_thread_blocked, id=32071, stack(0x00007f538751b000,0x00007f538771c000)]
  0x00007f5390074800 JavaThread "Finalizer" daemon [_thread_blocked, id=32070, stack(0x00007f5387dff000,0x00007f5388000000)]
  0x00007f5390072800 JavaThread "Reference Handler" daemon [_thread_blocked, id=32069, stack(0x00007f538c0b0000,0x00007f538c2b1000)]

Other Threads:
  0x00007f539006e000 VMThread [stack: 0x00007f538c2b1000,0x00007f538c3b2000] [id=32068]
  0x00007f53900a6000 WatcherThread [stack: 0x00007f5387017000,0x00007f5387118000] [id=32075]

VM state:not at safepoint (normal execution)

VM Mutex/Monitor currently owned by a thread: None

Heap
 PSYoungGen      total 35840K, used 23553K [0x00000000f5900000, 0x00000000f8e00000, 0x0000000100000000)
  eden space 30720K, 60% used [0x00000000f5900000,0x00000000f6b06ff0,0x00000000f7700000)
  from space 5120K, 99% used [0x00000000f7780000,0x00000000f7c79518,0x00000000f7c80000)
  to   space 11776K, 0% used [0x00000000f8280000,0x00000000f8280000,0x00000000f8e00000)
 ParOldGen       total 82432K, used 12504K [0x00000000e0c00000, 0x00000000e5c80000, 0x00000000f5900000)
  object space 82432K, 15% used [0x00000000e0c00000,0x00000000e1836378,0x00000000e5c80000)
 PSPermGen       total 30720K, used 30536K [0x00000000dba00000, 0x00000000dd800000, 0x00000000e0c00000)
  object space 30720K, 99% used [0x00000000dba00000,0x00000000dd7d21a8,0x00000000dd800000)

Card table byte_map: [0x00007f53965e1000,0x00007f5396705000] byte_map_base: 0x00007f5395f04000

Polling page: 0x00007f5399725000

Code Cache  [0x00007f538d000000, 0x00007f538d270000, 0x00007f5390000000)
 total_blobs=1201 nmethods=558 adapters=597 free_code_cache=47336Kb largest_free_block=48406784

Compilation events (10 events):
Event: 11550.024 Thread 0x00007f5390096000  622             org.jruby.ast.executable.RuntimeCache::getCacheEntry (7 bytes)
Event: 11550.026 Thread 0x00007f5390096000 nmethod 622 0x00007f538d0bb6d0 code [0x00007f538d0bb820, 0x00007f538d0bb8b8]
Event: 11573.152 Thread 0x00007f5390099000  623             org.jnativehook.keyboard.NativeKeyEvent::<init> (63 bytes)
Event: 11573.153 Thread 0x00007f5390099000 nmethod 623 0x00007f538d0f5150 code [0x00007f538d0f52a0, 0x00007f538d0f5358]
Event: 11615.311 Thread 0x00007f5390096000  624   !         org.jruby.internal.runtime.methods.JittedMethod::call (142 bytes)
Event: 11615.327 Thread 0x00007f5390096000 nmethod 624 0x00007f538d0c71d0 code [0x00007f538d0c73c0, 0x00007f538d0c78f0]
Event: 12918.929 Thread 0x00007f5390099000  625             org.jruby.java.proxies.JavaProxy::<init> (7 bytes)
Event: 12918.932 Thread 0x00007f5390099000 nmethod 625 0x00007f538d0f4d90 code [0x00007f538d0f4ee0, 0x00007f538d0f4fb8]
Event: 13495.038 Thread 0x00007f5390096000  626             java.lang.Long::getChars (221 bytes)
Event: 13495.056 Thread 0x00007f5390096000 nmethod 626 0x00007f538d0bf3d0 code [0x00007f538d0bf560, 0x00007f538d0bfed8]

GC Heap History (10 events):
Event: 4.317 GC heap before
{Heap before GC invocations=1 (full 0):
 PSYoungGen      total 36352K, used 31232K [0x00000000f5900000, 0x00000000f8180000, 0x0000000100000000)
  eden space 31232K, 100% used [0x00000000f5900000,0x00000000f7780000,0x00000000f7780000)
  from space 5120K, 0% used [0x00000000f7c80000,0x00000000f7c80000,0x00000000f8180000)
  to   space 5120K, 0% used [0x00000000f7780000,0x00000000f7780000,0x00000000f7c80000)
 ParOldGen       total 82432K, used 0K [0x00000000e0c00000, 0x00000000e5c80000, 0x00000000f5900000)
  object space 82432K, 0% used [0x00000000e0c00000,0x00000000e0c00000,0x00000000e5c80000)
 PSPermGen       total 25600K, used 25467K [0x00000000dba00000, 0x00000000dd300000, 0x00000000e0c00000)
  object space 25600K, 99% used [0x00000000dba00000,0x00000000dd2dec88,0x00000000dd300000)
Event: 4.342 GC heap after
Heap after GC invocations=1 (full 0):
 PSYoungGen      total 36352K, used 5093K [0x00000000f5900000, 0x00000000f8180000, 0x0000000100000000)
  eden space 31232K, 0% used [0x00000000f5900000,0x00000000f5900000,0x00000000f7780000)
  from space 5120K, 99% used [0x00000000f7780000,0x00000000f7c79538,0x00000000f7c80000)
  to   space 5120K, 0% used [0x00000000f7c80000,0x00000000f7c80000,0x00000000f8180000)
 ParOldGen       total 82432K, used 3809K [0x00000000e0c00000, 0x00000000e5c80000, 0x00000000f5900000)
  object space 82432K, 4% used [0x00000000e0c00000,0x00000000e0fb84a0,0x00000000e5c80000)
 PSPermGen       total 25600K, used 25467K [0x00000000dba00000, 0x00000000dd300000, 0x00000000e0c00000)
  object space 25600K, 99% used [0x00000000dba00000,0x00000000dd2dec88,0x00000000dd300000)
}
Event: 19.622 GC heap before
{Heap before GC invocations=2 (full 0):
 PSYoungGen      total 36352K, used 36325K [0x00000000f5900000, 0x00000000f8180000, 0x0000000100000000)
  eden space 31232K, 100% used [0x00000000f5900000,0x00000000f7780000,0x00000000f7780000)
  from space 5120K, 99% used [0x00000000f7780000,0x00000000f7c79538,0x00000000f7c80000)
  to   space 5120K, 0% used [0x00000000f7c80000,0x00000000f7c80000,0x00000000f8180000)
 ParOldGen       total 82432K, used 3809K [0x00000000e0c00000, 0x00000000e5c80000, 0x00000000f5900000)
  object space 82432K, 4% used [0x00000000e0c00000,0x00000000e0fb84a0,0x00000000e5c80000)
 PSPermGen       total 30720K, used 30364K [0x00000000dba00000, 0x00000000dd800000, 0x00000000e0c00000)
  object space 30720K, 98% used [0x00000000dba00000,0x00000000dd7a7140,0x00000000dd800000)
Event: 19.649 GC heap after
Heap after GC invocations=2 (full 0):
 PSYoungGen      total 36352K, used 5109K [0x00000000f5900000, 0x00000000f8180000, 0x0000000100000000)
  eden space 31232K, 0% used [0x00000000f5900000,0x00000000f5900000,0x00000000f7780000)
  from space 5120K, 99% used [0x00000000f7c80000,0x00000000f817d528,0x00000000f8180000)
  to   space 5120K, 0% used [0x00000000f7780000,0x00000000f7780000,0x00000000f7c80000)
 ParOldGen       total 82432K, used 8867K [0x00000000e0c00000, 0x00000000e5c80000, 0x00000000f5900000)
  object space 82432K, 10% used [0x00000000e0c00000,0x00000000e14a8e38,0x00000000e5c80000)
 PSPermGen       total 30720K, used 30364K [0x00000000dba00000, 0x00000000dd800000, 0x00000000e0c00000)
  object space 30720K, 98% used [0x00000000dba00000,0x00000000dd7a7140,0x00000000dd800000)
}
Event: 34.946 GC heap before
{Heap before GC invocations=3 (full 0):
 PSYoungGen      total 36352K, used 36341K [0x00000000f5900000, 0x00000000f8180000, 0x0000000100000000)
  eden space 31232K, 100% used [0x00000000f5900000,0x00000000f7780000,0x00000000f7780000)
  from space 5120K, 99% used [0x00000000f7c80000,0x00000000f817d528,0x00000000f8180000)
  to   space 5120K, 0% used [0x00000000f7780000,0x00000000f7780000,0x00000000f7c80000)
 ParOldGen       total 82432K, used 8867K [0x00000000e0c00000, 0x00000000e5c80000, 0x00000000f5900000)
  object space 82432K, 10% used [0x00000000e0c00000,0x00000000e14a8e38,0x00000000e5c80000)
 PSPermGen       total 30720K, used 30394K [0x00000000dba00000, 0x00000000dd800000, 0x00000000e0c00000)
  object space 30720K, 98% used [0x00000000dba00000,0x00000000dd7ae930,0x00000000dd800000)
Event: 34.963 GC heap after
Heap after GC invocations=3 (full 0):
 PSYoungGen      total 36352K, used 5095K [0x00000000f5900000, 0x00000000f8180000, 0x0000000100000000)
  eden space 31232K, 0% used [0x00000000f5900000,0x00000000f5900000,0x00000000f7780000)
  from space 5120K, 99% used [0x00000000f7780000,0x00000000f7c79d48,0x00000000f7c80000)
  to   space 5120K, 0% used [0x00000000f7c80000,0x00000000f7c80000,0x00000000f8180000)
 ParOldGen       total 82432K, used 11524K [0x00000000e0c00000, 0x00000000e5c80000, 0x00000000f5900000)
  object space 82432K, 13% used [0x00000000e0c00000,0x00000000e1741328,0x00000000e5c80000)
 PSPermGen       total 30720K, used 30394K [0x00000000dba00000, 0x00000000dd800000, 0x00000000e0c00000)
  object space 30720K, 98% used [0x00000000dba00000,0x00000000dd7ae930,0x00000000dd800000)
}
Event: 3048.502 GC heap before
{Heap before GC invocations=4 (full 0):
 PSYoungGen      total 36352K, used 36327K [0x00000000f5900000, 0x00000000f8180000, 0x0000000100000000)
  eden space 31232K, 100% used [0x00000000f5900000,0x00000000f7780000,0x00000000f7780000)
  from space 5120K, 99% used [0x00000000f7780000,0x00000000f7c79d48,0x00000000f7c80000)
  to   space 5120K, 0% used [0x00000000f7c80000,0x00000000f7c80000,0x00000000f8180000)
 ParOldGen       total 82432K, used 11524K [0x00000000e0c00000, 0x00000000e5c80000, 0x00000000f5900000)
  object space 82432K, 13% used [0x00000000e0c00000,0x00000000e1741328,0x00000000e5c80000)
 PSPermGen       total 30720K, used 30496K [0x00000000dba00000, 0x00000000dd800000, 0x00000000e0c00000)
  object space 30720K, 99% used [0x00000000dba00000,0x00000000dd7c80d8,0x00000000dd800000)
Event: 3048.519 GC heap after
Heap after GC invocations=4 (full 0):
 PSYoungGen      total 36352K, used 5111K [0x00000000f5900000, 0x00000000f8180000, 0x0000000100000000)
  eden space 31232K, 0% used [0x00000000f5900000,0x00000000f5900000,0x00000000f7780000)
  from space 5120K, 99% used [0x00000000f7c80000,0x00000000f817dd58,0x00000000f8180000)
  to   space 5120K, 0% used [0x00000000f7780000,0x00000000f7780000,0x00000000f7c80000)
 ParOldGen       total 82432K, used 11636K [0x00000000e0c00000, 0x00000000e5c80000, 0x00000000f5900000)
  object space 82432K, 14% used [0x00000000e0c00000,0x00000000e175d328,0x00000000e5c80000)
 PSPermGen       total 30720K, used 30496K [0x00000000dba00000, 0x00000000dd800000, 0x00000000e0c00000)
  object space 30720K, 99% used [0x00000000dba00000,0x00000000dd7c80d8,0x00000000dd800000)
}
Event: 10121.924 GC heap before
{Heap before GC invocations=5 (full 0):
 PSYoungGen      total 36352K, used 36343K [0x00000000f5900000, 0x00000000f8180000, 0x0000000100000000)
  eden space 31232K, 100% used [0x00000000f5900000,0x00000000f7780000,0x00000000f7780000)
  from space 5120K, 99% used [0x00000000f7c80000,0x00000000f817dd58,0x00000000f8180000)
  to   space 5120K, 0% used [0x00000000f7780000,0x00000000f7780000,0x00000000f7c80000)
 ParOldGen       total 82432K, used 11636K [0x00000000e0c00000, 0x00000000e5c80000, 0x00000000f5900000)
  object space 82432K, 14% used [0x00000000e0c00000,0x00000000e175d328,0x00000000e5c80000)
 PSPermGen       total 30720K, used 30517K [0x00000000dba00000, 0x00000000dd800000, 0x00000000e0c00000)
  object space 30720K, 99% used [0x00000000dba00000,0x00000000dd7cd7e0,0x00000000dd800000)
Event: 10121.947 GC heap after
Heap after GC invocations=5 (full 0):
 PSYoungGen      total 35840K, used 5093K [0x00000000f5900000, 0x00000000f8e00000, 0x0000000100000000)
  eden space 30720K, 0% used [0x00000000f5900000,0x00000000f5900000,0x00000000f7700000)
  from space 5120K, 99% used [0x00000000f7780000,0x00000000f7c79518,0x00000000f7c80000)
  to   space 11776K, 0% used [0x00000000f8280000,0x00000000f8280000,0x00000000f8e00000)
 ParOldGen       total 82432K, used 12504K [0x00000000e0c00000, 0x00000000e5c80000, 0x00000000f5900000)
  object space 82432K, 15% used [0x00000000e0c00000,0x00000000e1836378,0x00000000e5c80000)
 PSPermGen       total 30720K, used 30517K [0x00000000dba00000, 0x00000000dd800000, 0x00000000e0c00000)
  object space 30720K, 99% used [0x00000000dba00000,0x00000000dd7cd7e0,0x00000000dd800000)
}

Deoptimization events (10 events):
Event: 1485.755 Thread 0x00007f5324015000 Uncommon trap: reason=array_check action=maybe_recompile pc=0x00007f538d0bcfe8 method=javax.swing.event.EventListenerList.getListeners(Ljava/lang/Class;)[Ljava/util/EventListener; @ 63
Event: 1485.899 Thread 0x00007f5324015000 Uncommon trap: reason=array_check action=maybe_recompile pc=0x00007f538d0bcfe8 method=javax.swing.event.EventListenerList.getListeners(Ljava/lang/Class;)[Ljava/util/EventListener; @ 63
Event: 1633.400 Thread 0x00007f5324015000 Uncommon trap: reason=null_check action=make_not_entrant pc=0x00007f538d09e3b0 method=java.lang.reflect.Array.newInstance(Ljava/lang/Class;I)Ljava/lang/Object; @ 2
Event: 6448.762 Thread 0x00007f539027e000 Uncommon trap: reason=null_check action=make_not_entrant pc=0x00007f538d0ecbcc method=sun.awt.X11.XToolkit.windowToXWindow(J)Lsun/awt/X11/XBaseWindow; @ 16
Event: 7333.076 Thread 0x00007f539027e000 Uncommon trap: reason=null_check action=make_not_entrant pc=0x00007f538d1bc9d4 method=sun.awt.X11.XToolkit.dispatchEvent(Lsun/awt/X11/XEvent;)V @ 99
Event: 10156.251 Thread 0x00007f5324015000 Uncommon trap: reason=unreached action=reinterpret pc=0x00007f538d0f7438 method=org.jruby.javasupport.util.ObjectProxyCache$Segment.expunge()V @ 19
Event: 13257.895 Thread 0x00007f5328041800 Uncommon trap: reason=class_check action=maybe_recompile pc=0x00007f538d0e752c method=org.jruby.RubyClass.allocate()Lorg/jruby/runtime/builtin/IRubyObject; @ 47
Event: 13257.898 Thread 0x00007f5328041800 Uncommon trap: reason=class_check action=maybe_recompile pc=0x00007f538d0e752c method=org.jruby.RubyClass.allocate()Lorg/jruby/runtime/builtin/IRubyObject; @ 47
Event: 13257.898 Thread 0x00007f5328041800 Uncommon trap: reason=class_check action=maybe_recompile pc=0x00007f538d0e752c method=org.jruby.RubyClass.allocate()Lorg/jruby/runtime/builtin/IRubyObject; @ 47
Event: 13260.900 Thread 0x00007f5328041800 Uncommon trap: reason=class_check action=maybe_recompile pc=0x00007f538d0e752c method=org.jruby.RubyClass.allocate()Lorg/jruby/runtime/builtin/IRubyObject; @ 47

Internal exceptions (10 events):
Event: 1368.004 Thread 0x00007f5328041800 Implicit null exception at 0x00007f538d08989d to 0x00007f538d089965
Event: 1599.281 Thread 0x00007f5324015000 Threw 0x00000000f733a6c0 at /HUDSON/workspace/7u-2-build-linux-amd64/jdk7u60/1081/hotspot/src/share/vm/prims/jvm.cpp:1244
Event: 1599.281 Thread 0x00007f5324015000 Threw 0x00000000f733b910 at /HUDSON/workspace/7u-2-build-linux-amd64/jdk7u60/1081/hotspot/src/share/vm/prims/jvm.cpp:1244
Event: 1599.368 Thread 0x00007f5324015000 Threw 0x00000000f7357730 at /HUDSON/workspace/7u-2-build-linux-amd64/jdk7u60/1081/hotspot/src/share/vm/prims/jvm.cpp:1244
Event: 1599.368 Thread 0x00007f5324015000 Threw 0x00000000f73588e0 at /HUDSON/workspace/7u-2-build-linux-amd64/jdk7u60/1081/hotspot/src/share/vm/prims/jvm.cpp:1244
Event: 1633.400 Thread 0x00007f5324015000 Implicit null exception at 0x00007f538d09df8b to 0x00007f538d09e399
Event: 2309.240 Thread 0x00007f5324015000 Threw 0x00000000f7455140 at /HUDSON/workspace/7u-2-build-linux-amd64/jdk7u60/1081/hotspot/src/share/vm/prims/jvm.cpp:1244
Event: 2309.240 Thread 0x00007f5324015000 Threw 0x00000000f7456290 at /HUDSON/workspace/7u-2-build-linux-amd64/jdk7u60/1081/hotspot/src/share/vm/prims/jvm.cpp:1244
Event: 6448.762 Thread 0x00007f539027e000 Implicit null exception at 0x00007f538d0ea280 to 0x00007f538d0ecbb9
Event: 7333.076 Thread 0x00007f539027e000 Implicit null exception at 0x00007f538d1ba85f to 0x00007f538d1bc9c9

Events (10 events):
Event: 13257.898 Thread 0x00007f5328041800 DEOPT UNPACKING pc=0x00007f538d039045 sp=0x00007f537f5ea500 mode 2
Event: 13257.898 Thread 0x00007f5328041800 Uncommon trap: trap_request=0xffffffde fr.pc=0x00007f538d0e752c
Event: 13257.898 Thread 0x00007f5328041800 DEOPT PACKING pc=0x00007f538d0e752c sp=0x00007f537f5ea540
Event: 13257.898 Thread 0x00007f5328041800 DEOPT UNPACKING pc=0x00007f538d039045 sp=0x00007f537f5ea500 mode 2
Event: 13257.899 Executing VM operation: RevokeBias
Event: 13257.900 Executing VM operation: RevokeBias done
Event: 13260.900 Thread 0x00007f5328041800 Uncommon trap: trap_request=0xffffffde fr.pc=0x00007f538d0e752c
Event: 13260.900 Thread 0x00007f5328041800 DEOPT PACKING pc=0x00007f538d0e752c sp=0x00007f537f5ea540
Event: 13260.900 Thread 0x00007f5328041800 DEOPT UNPACKING pc=0x00007f538d039045 sp=0x00007f537f5ea500 mode 2
Event: 13627.118 Thread 0x00007f5328041800 Thread exited: 0x00007f5328041800


Dynamic libraries:
00400000-00401000 r-xp 00000000 08:01 17564501                           /usr/lib/jvm/jre1.7.0_60/bin/java
00600000-00601000 rw-p 00000000 08:01 17564501                           /usr/lib/jvm/jre1.7.0_60/bin/java
0127e000-0129f000 rw-p 00000000 00:00 0                                  [heap]
dba00000-dd800000 rw-p 00000000 00:00 0 
dd800000-e0c00000 rw-p 00000000 00:00 0 
e0c00000-e5c80000 rw-p 00000000 00:00 0 
e5c80000-f5900000 rw-p 00000000 00:00 0 
f5900000-f8e00000 rw-p 00000000 00:00 0 
f8e00000-100000000 rw-p 00000000 00:00 0 
7f521803f000-7f5318000000 rw-p 00000000 00:00 0 
7f5318000000-7f531ab74000 rw-p 00000000 00:00 0 
7f531ab74000-7f531c000000 ---p 00000000 00:00 0 
7f5320000000-7f5320021000 rw-p 00000000 00:00 0 
7f5320021000-7f5324000000 ---p 00000000 00:00 0 
7f5324000000-7f5328000000 rw-p 00000000 00:00 0 
7f5328000000-7f532804d000 rw-p 00000000 00:00 0 
7f532804d000-7f532c000000 ---p 00000000 00:00 0 
7f532c000000-7f532c094000 rw-p 00000000 00:00 0 
7f532c094000-7f5330000000 ---p 00000000 00:00 0 
7f5330000000-7f533002b000 rw-p 00000000 00:00 0 
7f533002b000-7f5334000000 ---p 00000000 00:00 0 
7f5334000000-7f5334021000 rw-p 00000000 00:00 0 
7f5334021000-7f5338000000 ---p 00000000 00:00 0 
7f5338000000-7f5338021000 rw-p 00000000 00:00 0 
7f5338021000-7f533c000000 ---p 00000000 00:00 0 
7f533c000000-7f533c021000 rw-p 00000000 00:00 0 
7f533c021000-7f5340000000 ---p 00000000 00:00 0 
7f5340000000-7f5340021000 rw-p 00000000 00:00 0 
7f5340021000-7f5344000000 ---p 00000000 00:00 0 
7f5344000000-7f534402b000 rw-p 00000000 00:00 0 
7f534402b000-7f5348000000 ---p 00000000 00:00 0 
7f5348000000-7f5348c68000 rw-p 00000000 00:00 0 
7f5348c68000-7f534c000000 ---p 00000000 00:00 0 
7f534c000000-7f534c021000 rw-p 00000000 00:00 0 
7f534c021000-7f5350000000 ---p 00000000 00:00 0 
7f5350000000-7f5350021000 rw-p 00000000 00:00 0 
7f5350021000-7f5354000000 ---p 00000000 00:00 0 
7f5354000000-7f5354ae2000 rw-p 00000000 00:00 0 
7f5354ae2000-7f5358000000 ---p 00000000 00:00 0 
7f5358000000-7f5358021000 rw-p 00000000 00:00 0 
7f5358021000-7f535c000000 ---p 00000000 00:00 0 
7f535c000000-7f535c021000 rw-p 00000000 00:00 0 
7f535c021000-7f5360000000 ---p 00000000 00:00 0 
7f5360000000-7f5360021000 rw-p 00000000 00:00 0 
7f5360021000-7f5364000000 ---p 00000000 00:00 0 
7f5364000000-7f5364021000 rw-p 00000000 00:00 0 
7f5364021000-7f5368000000 ---p 00000000 00:00 0 
7f5368000000-7f5368021000 rw-p 00000000 00:00 0 
7f5368021000-7f536c000000 ---p 00000000 00:00 0 
7f5370000000-7f5370021000 rw-p 00000000 00:00 0 
7f5370021000-7f5374000000 ---p 00000000 00:00 0 
7f5378000000-7f5378021000 rw-p 00000000 00:00 0 
7f5378021000-7f537c000000 ---p 00000000 00:00 0 
7f537e2dc000-7f537e344000 r-xp 00000000 08:01 12323810                   /usr/lib/jvm/jre1.7.0_60/lib/amd64/libt2k.so
7f537e344000-7f537e544000 ---p 00068000 08:01 12323810                   /usr/lib/jvm/jre1.7.0_60/lib/amd64/libt2k.so
7f537e544000-7f537e54b000 rw-p 00068000 08:01 12323810                   /usr/lib/jvm/jre1.7.0_60/lib/amd64/libt2k.so
7f537e54b000-7f537e55b000 rw-p 00000000 00:00 0 
7f537e55b000-7f537e570000 r-xp 00000000 08:01 4198066                    /lib/x86_64-linux-gnu/libgcc_s.so.1
7f537e570000-7f537e76f000 ---p 00015000 08:01 4198066                    /lib/x86_64-linux-gnu/libgcc_s.so.1
7f537e76f000-7f537e770000 r--p 00014000 08:01 4198066                    /lib/x86_64-linux-gnu/libgcc_s.so.1
7f537e770000-7f537e771000 rw-p 00015000 08:01 4198066                    /lib/x86_64-linux-gnu/libgcc_s.so.1
7f537e771000-7f537e7d6000 r-xp 00000000 08:01 12323790                   /usr/lib/jvm/jre1.7.0_60/lib/amd64/libfontmanager.so
7f537e7d6000-7f537e9d5000 ---p 00065000 08:01 12323790                   /usr/lib/jvm/jre1.7.0_60/lib/amd64/libfontmanager.so
7f537e9d5000-7f537e9d9000 rw-p 00064000 08:01 12323790                   /usr/lib/jvm/jre1.7.0_60/lib/amd64/libfontmanager.so
7f537e9d9000-7f537e9ea000 rw-p 00000000 00:00 0 
7f537e9ea000-7f537e9ed000 ---p 00000000 00:00 0 
7f537e9ed000-7f537f1eb000 rw-p 00000000 00:00 0                          [stack:32084]
7f537f1eb000-7f537f1ee000 ---p 00000000 00:00 0 
7f537f1ee000-7f537f3ec000 rw-p 00000000 00:00 0                          [stack:32083]
7f537f3ec000-7f537f3ef000 ---p 00000000 00:00 0 
7f537f3ef000-7f537f5ed000 rw-p 00000000 00:00 0 
7f537f5ed000-7f537f5f0000 ---p 00000000 00:00 0 
7f537f5f0000-7f537f7ee000 rw-p 00000000 00:00 0                          [stack:32081]
7f537f7ee000-7f537f7f1000 ---p 00000000 00:00 0 
7f537f7f1000-7f537f9ef000 rw-p 00000000 00:00 0                          [stack:32080]
7f537f9ef000-7f537f9f2000 ---p 00000000 00:00 0 
7f537f9f2000-7f537fbf0000 rw-p 00000000 00:00 0                          [stack:32079]
7f537fbf0000-7f537fbf5000 r-xp 00000000 08:01 11671515                   /usr/lib/x86_64-linux-gnu/libXfixes.so.3.1.0
7f537fbf5000-7f537fdf4000 ---p 00005000 08:01 11671515                   /usr/lib/x86_64-linux-gnu/libXfixes.so.3.1.0
7f537fdf4000-7f537fdf5000 r--p 00004000 08:01 11671515                   /usr/lib/x86_64-linux-gnu/libXfixes.so.3.1.0
7f537fdf5000-7f537fdf6000 rw-p 00005000 08:01 11671515                   /usr/lib/x86_64-linux-gnu/libXfixes.so.3.1.0
7f537fdf6000-7f537fdff000 r-xp 00000000 08:01 11672490                   /usr/lib/x86_64-linux-gnu/libXcursor.so.1.0.2
7f537fdff000-7f537fffe000 ---p 00009000 08:01 11672490                   /usr/lib/x86_64-linux-gnu/libXcursor.so.1.0.2
7f537fffe000-7f537ffff000 r--p 00008000 08:01 11672490                   /usr/lib/x86_64-linux-gnu/libXcursor.so.1.0.2
7f537ffff000-7f5380000000 rw-p 00009000 08:01 11672490                   /usr/lib/x86_64-linux-gnu/libXcursor.so.1.0.2
7f5380000000-7f5380021000 rw-p 00000000 00:00 0 
7f5380021000-7f5384000000 ---p 00000000 00:00 0 
7f53841a3000-7f53841a6000 ---p 00000000 00:00 0 
7f53841a6000-7f53843a4000 rw-p 00000000 00:00 0                          [stack:32078]
7f53843a4000-7f53843b3000 r-xp 00000000 08:01 11671521                   /usr/lib/x86_64-linux-gnu/libXi.so.6.1.0
7f53843b3000-7f53845b2000 ---p 0000f000 08:01 11671521                   /usr/lib/x86_64-linux-gnu/libXi.so.6.1.0
7f53845b2000-7f53845b3000 r--p 0000e000 08:01 11671521                   /usr/lib/x86_64-linux-gnu/libXi.so.6.1.0
7f53845b3000-7f53845b4000 rw-p 0000f000 08:01 11671521                   /usr/lib/x86_64-linux-gnu/libXi.so.6.1.0
7f53845b4000-7f53845bd000 r-xp 00000000 08:01 11672518                   /usr/lib/x86_64-linux-gnu/libXrender.so.1.3.0
7f53845bd000-7f53847bc000 ---p 00009000 08:01 11672518                   /usr/lib/x86_64-linux-gnu/libXrender.so.1.3.0
7f53847bc000-7f53847bd000 r--p 00008000 08:01 11672518                   /usr/lib/x86_64-linux-gnu/libXrender.so.1.3.0
7f53847bd000-7f53847be000 rw-p 00009000 08:01 11672518                   /usr/lib/x86_64-linux-gnu/libXrender.so.1.3.0
7f53847be000-7f538480e000 r-xp 00000000 08:01 12323809                   /usr/lib/jvm/jre1.7.0_60/lib/amd64/xawt/libmawt.so
7f538480e000-7f5384a0e000 ---p 00050000 08:01 12323809                   /usr/lib/jvm/jre1.7.0_60/lib/amd64/xawt/libmawt.so
7f5384a0e000-7f5384a12000 rw-p 00050000 08:01 12323809                   /usr/lib/jvm/jre1.7.0_60/lib/amd64/xawt/libmawt.so
7f5384a12000-7f5384a13000 rw-p 00000000 00:00 0 
7f5384a13000-7f5384ab5000 r-xp 00000000 08:01 12323789                   /usr/lib/jvm/jre1.7.0_60/lib/amd64/libawt.so
7f5384ab5000-7f5384cb5000 ---p 000a2000 08:01 12323789                   /usr/lib/jvm/jre1.7.0_60/lib/amd64/libawt.so
7f5384cb5000-7f5384cc1000 rw-p 000a2000 08:01 12323789                   /usr/lib/jvm/jre1.7.0_60/lib/amd64/libawt.so
7f5384cc1000-7f5384ce5000 rw-p 00000000 00:00 0 
7f5384ce5000-7f5384ce9000 r-xp 00000000 08:01 4197989                    /lib/x86_64-linux-gnu/libuuid.so.1.3.0
7f5384ce9000-7f5384ee8000 ---p 00004000 08:01 4197989                    /lib/x86_64-linux-gnu/libuuid.so.1.3.0
7f5384ee8000-7f5384ee9000 r--p 00003000 08:01 4197989                    /lib/x86_64-linux-gnu/libuuid.so.1.3.0
7f5384ee9000-7f5384eea000 rw-p 00004000 08:01 4197989                    /lib/x86_64-linux-gnu/libuuid.so.1.3.0
7f5384eea000-7f5384eef000 r-xp 00000000 08:01 11672494                   /usr/lib/x86_64-linux-gnu/libXdmcp.so.6.0.0
7f5384eef000-7f53850ee000 ---p 00005000 08:01 11672494                   /usr/lib/x86_64-linux-gnu/libXdmcp.so.6.0.0
7f53850ee000-7f53850ef000 r--p 00004000 08:01 11672494                   /usr/lib/x86_64-linux-gnu/libXdmcp.so.6.0.0
7f53850ef000-7f53850f0000 rw-p 00005000 08:01 11672494                   /usr/lib/x86_64-linux-gnu/libXdmcp.so.6.0.0
7f53850f0000-7f53850f2000 r-xp 00000000 08:01 11672483                   /usr/lib/x86_64-linux-gnu/libXau.so.6.0.0
7f53850f2000-7f53852f1000 ---p 00002000 08:01 11672483                   /usr/lib/x86_64-linux-gnu/libXau.so.6.0.0
7f53852f1000-7f53852f2000 r--p 00001000 08:01 11672483                   /usr/lib/x86_64-linux-gnu/libXau.so.6.0.0
7f53852f2000-7f53852f3000 rw-p 00002000 08:01 11672483                   /usr/lib/x86_64-linux-gnu/libXau.so.6.0.0
7f53852f3000-7f5385303000 r-xp 00000000 08:01 11672496                   /usr/lib/x86_64-linux-gnu/libXext.so.6.4.0
7f5385303000-7f5385502000 ---p 00010000 08:01 11672496                   /usr/lib/x86_64-linux-gnu/libXext.so.6.4.0
7f5385502000-7f5385503000 r--p 0000f000 08:01 11672496                   /usr/lib/x86_64-linux-gnu/libXext.so.6.4.0
7f5385503000-7f5385504000 rw-p 00010000 08:01 11672496                   /usr/lib/x86_64-linux-gnu/libXext.so.6.4.0
7f5385504000-7f538551a000 r-xp 00000000 08:01 11672436                   /usr/lib/x86_64-linux-gnu/libICE.so.6.3.0
7f538551a000-7f5385719000 ---p 00016000 08:01 11672436                   /usr/lib/x86_64-linux-gnu/libICE.so.6.3.0
7f5385719000-7f538571a000 r--p 00015000 08:01 11672436                   /usr/lib/x86_64-linux-gnu/libICE.so.6.3.0
7f538571a000-7f538571b000 rw-p 00016000 08:01 11672436                   /usr/lib/x86_64-linux-gnu/libICE.so.6.3.0
7f538571b000-7f538571e000 rw-p 00000000 00:00 0 
7f538571e000-7f5385725000 r-xp 00000000 08:01 11672477                   /usr/lib/x86_64-linux-gnu/libSM.so.6.0.1
7f5385725000-7f5385924000 ---p 00007000 08:01 11672477                   /usr/lib/x86_64-linux-gnu/libSM.so.6.0.1
7f5385924000-7f5385925000 r--p 00006000 08:01 11672477                   /usr/lib/x86_64-linux-gnu/libSM.so.6.0.1
7f5385925000-7f5385926000 rw-p 00007000 08:01 11672477                   /usr/lib/x86_64-linux-gnu/libSM.so.6.0.1
7f5385926000-7f5385943000 r-xp 00000000 08:01 11673090                   /usr/lib/x86_64-linux-gnu/libxcb.so.1.1.0
7f5385943000-7f5385b42000 ---p 0001d000 08:01 11673090                   /usr/lib/x86_64-linux-gnu/libxcb.so.1.1.0
7f5385b42000-7f5385b43000 r--p 0001c000 08:01 11673090                   /usr/lib/x86_64-linux-gnu/libxcb.so.1.1.0
7f5385b43000-7f5385b44000 rw-p 0001d000 08:01 11673090                   /usr/lib/x86_64-linux-gnu/libxcb.so.1.1.0
7f5385b44000-7f5385b49000 r-xp 00000000 08:01 11672522                   /usr/lib/x86_64-linux-gnu/libXtst.so.6.1.0
7f5385b49000-7f5385d48000 ---p 00005000 08:01 11672522                   /usr/lib/x86_64-linux-gnu/libXtst.so.6.1.0
7f5385d48000-7f5385d49000 r--p 00004000 08:01 11672522                   /usr/lib/x86_64-linux-gnu/libXtst.so.6.1.0
7f5385d49000-7f5385d4a000 rw-p 00005000 08:01 11672522                   /usr/lib/x86_64-linux-gnu/libXtst.so.6.1.0
7f5385d4a000-7f5385da9000 r-xp 00000000 08:01 11672520                   /usr/lib/x86_64-linux-gnu/libXt.so.6.0.0
7f5385da9000-7f5385fa9000 ---p 0005f000 08:01 11672520                   /usr/lib/x86_64-linux-gnu/libXt.so.6.0.0
7f5385fa9000-7f5385faa000 r--p 0005f000 08:01 11672520                   /usr/lib/x86_64-linux-gnu/libXt.so.6.0.0
7f5385faa000-7f5385faf000 rw-p 00060000 08:01 11672520                   /usr/lib/x86_64-linux-gnu/libXt.so.6.0.0
7f5385faf000-7f5385fb0000 rw-p 00000000 00:00 0 
7f5385fb0000-7f53860e0000 r-xp 00000000 08:01 11667031                   /usr/lib/x86_64-linux-gnu/libX11.so.6.3.0
7f53860e0000-7f53862e0000 ---p 00130000 08:01 11667031                   /usr/lib/x86_64-linux-gnu/libX11.so.6.3.0
7f53862e0000-7f53862e1000 r--p 00130000 08:01 11667031                   /usr/lib/x86_64-linux-gnu/libX11.so.6.3.0
7f53862e1000-7f53862e5000 rw-p 00131000 08:01 11667031                   /usr/lib/x86_64-linux-gnu/libX11.so.6.3.0
7f53862e5000-7f53862f1000 r-xp 00000000 08:01 18617966                   /tmp/libJNativeHook_8893875262769125346.so
7f53862f1000-7f53864f0000 ---p 0000c000 08:01 18617966                   /tmp/libJNativeHook_8893875262769125346.so
7f53864f0000-7f53864f1000 r--p 0000b000 08:01 18617966                   /tmp/libJNativeHook_8893875262769125346.so
7f53864f1000-7f53864f2000 rw-p 0000c000 08:01 18617966                   /tmp/libJNativeHook_8893875262769125346.so
7f53864f2000-7f53864f5000 ---p 00000000 00:00 0 
7f53864f5000-7f53866f3000 rw-p 00000000 00:00 0 
7f53866f3000-7f53866f6000 ---p 00000000 00:00 0 
7f53866f6000-7f53868f4000 rw-p 00000000 00:00 0                          [stack:32085]
7f53868f4000-7f5386906000 r-xp 00000000 08:01 20983419                   /home/vmocuk/.rvm/rubies/jruby-1.7.10/lib/jni/x86_64-Linux/libjffi-1.2.so
7f5386906000-7f5386b05000 ---p 00012000 08:01 20983419                   /home/vmocuk/.rvm/rubies/jruby-1.7.10/lib/jni/x86_64-Linux/libjffi-1.2.so
7f5386b05000-7f5386b06000 rw-p 00011000 08:01 20983419                   /home/vmocuk/.rvm/rubies/jruby-1.7.10/lib/jni/x86_64-Linux/libjffi-1.2.so
7f5386b06000-7f5386b16000 r-xp 00000000 08:01 12323824                   /usr/lib/jvm/jre1.7.0_60/lib/amd64/libnio.so
7f5386b16000-7f5386d16000 ---p 00010000 08:01 12323824                   /usr/lib/jvm/jre1.7.0_60/lib/amd64/libnio.so
7f5386d16000-7f5386d17000 rw-p 00010000 08:01 12323824                   /usr/lib/jvm/jre1.7.0_60/lib/amd64/libnio.so
7f5386d17000-7f5386d2d000 r-xp 00000000 08:01 12323786                   /usr/lib/jvm/jre1.7.0_60/lib/amd64/libnet.so
7f5386d2d000-7f5386f2d000 ---p 00016000 08:01 12323786                   /usr/lib/jvm/jre1.7.0_60/lib/amd64/libnet.so
7f5386f2d000-7f5386f2e000 rw-p 00016000 08:01 12323786                   /usr/lib/jvm/jre1.7.0_60/lib/amd64/libnet.so
7f5386f2e000-7f5387017000 r--s 00bb9000 08:01 20192340                   /home/vmocuk/.rvm/rubies/jruby-1.7.10/lib/jruby.jar
7f5387017000-7f5387018000 ---p 00000000 00:00 0 
7f5387018000-7f5387118000 rw-p 00000000 00:00 0                          [stack:32075]
7f5387118000-7f538711b000 ---p 00000000 00:00 0 
7f538711b000-7f5387319000 rw-p 00000000 00:00 0                          [stack:32074]
7f5387319000-7f538731c000 ---p 00000000 00:00 0 
7f538731c000-7f538741a000 rw-p 00000000 00:00 0                          [stack:32073]
7f538741a000-7f538741d000 ---p 00000000 00:00 0 
7f538741d000-7f538751b000 rw-p 00000000 00:00 0                          [stack:32072]
7f538751b000-7f538751e000 ---p 00000000 00:00 0 
7f538751e000-7f538771c000 rw-p 00000000 00:00 0                          [stack:32071]
7f538771c000-7f5387dff000 r--p 00000000 08:01 11671840                   /usr/lib/locale/locale-archive
7f5387dff000-7f5387e02000 ---p 00000000 00:00 0 
7f5387e02000-7f5388000000 rw-p 00000000 00:00 0                          [stack:32070]
7f5388000000-7f5388021000 rw-p 00000000 00:00 0 
7f5388021000-7f538c000000 ---p 00000000 00:00 0 
7f538c056000-7f538c0b0000 rw-p 00000000 00:00 0 
7f538c0b0000-7f538c0b3000 ---p 00000000 00:00 0 
7f538c0b3000-7f538c2b1000 rw-p 00000000 00:00 0                          [stack:32069]
7f538c2b1000-7f538c2b2000 ---p 00000000 00:00 0 
7f538c2b2000-7f538d000000 rw-p 00000000 00:00 0                          [stack:32068]
7f538d000000-7f538d270000 rwxp 00000000 00:00 0 
7f538d270000-7f5390506000 rw-p 00000000 00:00 0 
7f5390506000-7f5394000000 ---p 00000000 00:00 0 
7f5394010000-7f5394011000 rw-p 00000000 00:00 0 
7f5394011000-7f539401a000 r--s 00251000 08:01 12192924                   /usr/lib/jvm/jre1.7.0_60/lib/resources.jar
7f539401a000-7f539401d000 r--s 000f5000 08:01 12190357                   /usr/lib/jvm/jre1.7.0_60/lib/ext/localedata.jar
7f539401d000-7f539401f000 r--s 00024000 08:01 21630799                   /home/vmocuk/projects/robot/JNativeHook.jar
7f539401f000-7f5394020000 r-xp 00000000 00:00 0 
7f5394020000-7f53949f8000 rw-p 00000000 00:00 0 
7f53949f8000-7f5394bb7000 r--s 031c1000 08:01 12192935                   /usr/lib/jvm/jre1.7.0_60/lib/rt.jar
7f5394bb7000-7f5395fdb000 rw-p 00000000 00:00 0 
7f5395fdb000-7f5395fdc000 ---p 00000000 00:00 0 
7f5395fdc000-7f53960dc000 rw-p 00000000 00:00 0                          [stack:32067]
7f53960dc000-7f53960dd000 ---p 00000000 00:00 0 
7f53960dd000-7f53961dd000 rw-p 00000000 00:00 0                          [stack:32066]
7f53961dd000-7f53961de000 ---p 00000000 00:00 0 
7f53961de000-7f53962de000 rw-p 00000000 00:00 0                          [stack:32065]
7f53962de000-7f53962df000 ---p 00000000 00:00 0 
7f53962df000-7f53963df000 rw-p 00000000 00:00 0                          [stack:32064]
7f53963df000-7f53963e0000 ---p 00000000 00:00 0 
7f53963e0000-7f53964e0000 rw-p 00000000 00:00 0                          [stack:32063]
7f53964e0000-7f53964e1000 ---p 00000000 00:00 0 
7f53964e1000-7f53965f0000 rw-p 00000000 00:00 0                          [stack:32062]
7f53965f0000-7f539660a000 rw-p 00000000 00:00 0 
7f539660a000-7f5396633000 rw-p 00000000 00:00 0 
7f5396633000-7f53966b0000 rw-p 00000000 00:00 0 
7f53966b0000-7f53966cb000 rw-p 00000000 00:00 0 
7f53966cb000-7f5396704000 rw-p 00000000 00:00 0 
7f5396704000-7f5396705000 rw-p 00000000 00:00 0 
7f5396705000-7f539671f000 r-xp 00000000 08:01 12323838                   /usr/lib/jvm/jre1.7.0_60/lib/amd64/libzip.so
7f539671f000-7f539691f000 ---p 0001a000 08:01 12323838                   /usr/lib/jvm/jre1.7.0_60/lib/amd64/libzip.so
7f539691f000-7f5396920000 rw-p 0001a000 08:01 12323838                   /usr/lib/jvm/jre1.7.0_60/lib/amd64/libzip.so
7f5396920000-7f539692c000 r-xp 00000000 08:01 4194419                    /lib/x86_64-linux-gnu/libnss_files-2.15.so
7f539692c000-7f5396b2b000 ---p 0000c000 08:01 4194419                    /lib/x86_64-linux-gnu/libnss_files-2.15.so
7f5396b2b000-7f5396b2c000 r--p 0000b000 08:01 4194419                    /lib/x86_64-linux-gnu/libnss_files-2.15.so
7f5396b2c000-7f5396b2d000 rw-p 0000c000 08:01 4194419                    /lib/x86_64-linux-gnu/libnss_files-2.15.so
7f5396b2d000-7f5396b37000 r-xp 00000000 08:01 4194423                    /lib/x86_64-linux-gnu/libnss_nis-2.15.so
7f5396b37000-7f5396d37000 ---p 0000a000 08:01 4194423                    /lib/x86_64-linux-gnu/libnss_nis-2.15.so
7f5396d37000-7f5396d38000 r--p 0000a000 08:01 4194423                    /lib/x86_64-linux-gnu/libnss_nis-2.15.so
7f5396d38000-7f5396d39000 rw-p 0000b000 08:01 4194423                    /lib/x86_64-linux-gnu/libnss_nis-2.15.so
7f5396d39000-7f5396d50000 r-xp 00000000 08:01 4198254                    /lib/x86_64-linux-gnu/libnsl-2.15.so
7f5396d50000-7f5396f4f000 ---p 00017000 08:01 4198254                    /lib/x86_64-linux-gnu/libnsl-2.15.so
7f5396f4f000-7f5396f50000 r--p 00016000 08:01 4198254                    /lib/x86_64-linux-gnu/libnsl-2.15.so
7f5396f50000-7f5396f51000 rw-p 00017000 08:01 4198254                    /lib/x86_64-linux-gnu/libnsl-2.15.so
7f5396f51000-7f5396f53000 rw-p 00000000 00:00 0 
7f5396f53000-7f5396f5b000 r-xp 00000000 08:01 4194417                    /lib/x86_64-linux-gnu/libnss_compat-2.15.so
7f5396f5b000-7f539715a000 ---p 00008000 08:01 4194417                    /lib/x86_64-linux-gnu/libnss_compat-2.15.so
7f539715a000-7f539715b000 r--p 00007000 08:01 4194417                    /lib/x86_64-linux-gnu/libnss_compat-2.15.so
7f539715b000-7f539715c000 rw-p 00008000 08:01 4194417                    /lib/x86_64-linux-gnu/libnss_compat-2.15.so
7f539715c000-7f5397185000 r-xp 00000000 08:01 12323821                   /usr/lib/jvm/jre1.7.0_60/lib/amd64/libjava.so
7f5397185000-7f5397385000 ---p 00029000 08:01 12323821                   /usr/lib/jvm/jre1.7.0_60/lib/amd64/libjava.so
7f5397385000-7f5397387000 rw-p 00029000 08:01 12323821                   /usr/lib/jvm/jre1.7.0_60/lib/amd64/libjava.so
7f5397387000-7f5397394000 r-xp 00000000 08:01 12323785                   /usr/lib/jvm/jre1.7.0_60/lib/amd64/libverify.so
7f5397394000-7f5397593000 ---p 0000d000 08:01 12323785                   /usr/lib/jvm/jre1.7.0_60/lib/amd64/libverify.so
7f5397593000-7f5397595000 rw-p 0000c000 08:01 12323785                   /usr/lib/jvm/jre1.7.0_60/lib/amd64/libverify.so
7f5397595000-7f539759c000 r-xp 00000000 08:01 4194422                    /lib/x86_64-linux-gnu/librt-2.15.so
7f539759c000-7f539779b000 ---p 00007000 08:01 4194422                    /lib/x86_64-linux-gnu/librt-2.15.so
7f539779b000-7f539779c000 r--p 00006000 08:01 4194422                    /lib/x86_64-linux-gnu/librt-2.15.so
7f539779c000-7f539779d000 rw-p 00007000 08:01 4194422                    /lib/x86_64-linux-gnu/librt-2.15.so
7f539779d000-7f53977a0000 ---p 00000000 00:00 0 
7f53977a0000-7f539799e000 rw-p 00000000 00:00 0                          [stack:32061]
7f539799e000-7f5397a99000 r-xp 00000000 08:01 4194426                    /lib/x86_64-linux-gnu/libm-2.15.so
7f5397a99000-7f5397c98000 ---p 000fb000 08:01 4194426                    /lib/x86_64-linux-gnu/libm-2.15.so
7f5397c98000-7f5397c99000 r--p 000fa000 08:01 4194426                    /lib/x86_64-linux-gnu/libm-2.15.so
7f5397c99000-7f5397c9a000 rw-p 000fb000 08:01 4194426                    /lib/x86_64-linux-gnu/libm-2.15.so
7f5397c9a000-7f539880a000 r-xp 00000000 08:01 12323798                   /usr/lib/jvm/jre1.7.0_60/lib/amd64/server/libjvm.so
7f539880a000-7f5398a09000 ---p 00b70000 08:01 12323798                   /usr/lib/jvm/jre1.7.0_60/lib/amd64/server/libjvm.so
7f5398a09000-7f5398acd000 rw-p 00b6f000 08:01 12323798                   /usr/lib/jvm/jre1.7.0_60/lib/amd64/server/libjvm.so
7f5398acd000-7f5398b0e000 rw-p 00000000 00:00 0 
7f5398b0e000-7f5398cc3000 r-xp 00000000 08:01 4194315                    /lib/x86_64-linux-gnu/libc-2.15.so
7f5398cc3000-7f5398ec3000 ---p 001b5000 08:01 4194315                    /lib/x86_64-linux-gnu/libc-2.15.so
7f5398ec3000-7f5398ec7000 r--p 001b5000 08:01 4194315                    /lib/x86_64-linux-gnu/libc-2.15.so
7f5398ec7000-7f5398ec9000 rw-p 001b9000 08:01 4194315                    /lib/x86_64-linux-gnu/libc-2.15.so
7f5398ec9000-7f5398ece000 rw-p 00000000 00:00 0 
7f5398ece000-7f5398ed0000 r-xp 00000000 08:01 4194430                    /lib/x86_64-linux-gnu/libdl-2.15.so
7f5398ed0000-7f53990d0000 ---p 00002000 08:01 4194430                    /lib/x86_64-linux-gnu/libdl-2.15.so
7f53990d0000-7f53990d1000 r--p 00002000 08:01 4194430                    /lib/x86_64-linux-gnu/libdl-2.15.so
7f53990d1000-7f53990d2000 rw-p 00003000 08:01 4194430                    /lib/x86_64-linux-gnu/libdl-2.15.so
7f53990d2000-7f53990e8000 r-xp 00000000 08:01 12323813                   /usr/lib/jvm/jre1.7.0_60/lib/amd64/jli/libjli.so
7f53990e8000-7f53992e8000 ---p 00016000 08:01 12323813                   /usr/lib/jvm/jre1.7.0_60/lib/amd64/jli/libjli.so
7f53992e8000-7f53992e9000 rw-p 00016000 08:01 12323813                   /usr/lib/jvm/jre1.7.0_60/lib/amd64/jli/libjli.so
7f53992e9000-7f5399301000 r-xp 00000000 08:01 4194424                    /lib/x86_64-linux-gnu/libpthread-2.15.so
7f5399301000-7f5399500000 ---p 00018000 08:01 4194424                    /lib/x86_64-linux-gnu/libpthread-2.15.so
7f5399500000-7f5399501000 r--p 00017000 08:01 4194424                    /lib/x86_64-linux-gnu/libpthread-2.15.so
7f5399501000-7f5399502000 rw-p 00018000 08:01 4194424                    /lib/x86_64-linux-gnu/libpthread-2.15.so
7f5399502000-7f5399506000 rw-p 00000000 00:00 0 
7f5399506000-7f5399528000 r-xp 00000000 08:01 4194427                    /lib/x86_64-linux-gnu/ld-2.15.so
7f5399528000-7f5399580000 rw-p 00000000 00:00 0 
7f5399580000-7f539959a000 rw-p 00000000 00:00 0 
7f539959a000-7f53995c3000 rw-p 00000000 00:00 0 
7f53995c3000-7f5399641000 rw-p 00000000 00:00 0 
7f5399641000-7f539964b000 rw-p 00000000 00:00 0 
7f539964b000-7f5399701000 rw-p 00000000 00:00 0 
7f5399701000-7f5399705000 rw-p 00000000 00:00 0 
7f5399705000-7f539970c000 r--s 00000000 08:01 11935201                   /usr/lib/x86_64-linux-gnu/gconv/gconv-modules.cache
7f539970c000-7f5399710000 r--s 0007d000 08:01 12192943                   /usr/lib/jvm/jre1.7.0_60/lib/jsse.jar
7f5399710000-7f539971c000 rw-p 00000000 00:00 0 
7f539971c000-7f5399724000 rw-s 00000000 08:01 18617965                   /tmp/hsperfdata_vmocuk/32060
7f5399724000-7f5399725000 rw-p 00000000 00:00 0 
7f5399725000-7f5399726000 r--p 00000000 00:00 0 
7f5399726000-7f5399728000 rw-p 00000000 00:00 0 
7f5399728000-7f5399729000 r--p 00022000 08:01 4194427                    /lib/x86_64-linux-gnu/ld-2.15.so
7f5399729000-7f539972b000 rw-p 00023000 08:01 4194427                    /lib/x86_64-linux-gnu/ld-2.15.so
7fffe2e7b000-7fffe2e9d000 rw-p 00000000 00:00 0                          [stack]
7fffe2ec0000-7fffe2ec2000 r-xp 00000000 00:00 0                          [vdso]
ffffffffff600000-ffffffffff601000 r-xp 00000000 00:00 0                  [vsyscall]

VM Arguments:
jvm_args: -Djdk.home= -Djruby.home=/home/vmocuk/.rvm/rubies/jruby-1.7.10 -Djruby.script=jruby -Djruby.shell=/bin/sh -Djffi.boot.library.path=/home/vmocuk/.rvm/rubies/jruby-1.7.10/lib/jni:/home/vmocuk/.rvm/rubies/jruby-1.7.10/lib/jni/x86_64-Linux:/home/vmocuk/.rvm/rubies/jruby-1.7.10/lib/jni/i386-Linux:/home/vmocuk/.rvm/rubies/jruby-1.7.10/lib/jni/arm-Linux -Xmx500m -Xss2048k -Xbootclasspath/a:/home/vmocuk/.rvm/rubies/jruby-1.7.10/lib/jruby.jar 
java_command: org/jruby/Main main.rb
Launcher Type: SUN_STANDARD

Environment Variables:
JAVA_HOME=/usr/lib/jvm/jre1.7.0_60
PATH=/home/vmocuk/.rvm/gems/jruby-1.7.10/bin:/home/vmocuk/.rvm/gems/jruby-1.7.10@global/bin:/home/vmocuk/.rvm/rubies/jruby-1.7.10/bin:/home/vmocuk/.rvm/bin:/usr/lib/lightdm/lightdm:/usr/local/sbin:/usr/local/bin:/usr/sbin:/usr/bin:/sbin:/bin:/usr/games:/usr/lib/jvm/jre1.7.0_60:/usr/lib/jvm/jre1.7.0_60
SHELL=/bin/bash
DISPLAY=:0.0

Signal Handlers:
SIGSEGV: [libjvm.so+0x99f0f0], sa_mask[0]=0x7ffbfeff, sa_flags=0x10000004
SIGBUS: [libjvm.so+0x99f0f0], sa_mask[0]=0x7ffbfeff, sa_flags=0x10000004
SIGFPE: [libjvm.so+0x81a6d0], sa_mask[0]=0x7ffbfeff, sa_flags=0x10000004
SIGPIPE: [libjvm.so+0x81a6d0], sa_mask[0]=0x7ffbfeff, sa_flags=0x10000004
SIGXFSZ: [libjvm.so+0x81a6d0], sa_mask[0]=0x7ffbfeff, sa_flags=0x10000004
SIGILL: [libjvm.so+0x81a6d0], sa_mask[0]=0x7ffbfeff, sa_flags=0x10000004
SIGUSR1: SIG_DFL, sa_mask[0]=0x00000000, sa_flags=0x00000000
SIGUSR2: [libjvm.so+0x81bed0], sa_mask[0]=0x00000000, sa_flags=0x10000004
SIGHUP: [libjvm.so+0x81cfd0], sa_mask[0]=0x7ffbfeff, sa_flags=0x10000004
SIGINT: [libjvm.so+0x81cfd0], sa_mask[0]=0x7ffbfeff, sa_flags=0x10000004
SIGTERM: [libjvm.so+0x81cfd0], sa_mask[0]=0x7ffbfeff, sa_flags=0x10000004
SIGQUIT: [libjvm.so+0x81cfd0], sa_mask[0]=0x7ffbfeff, sa_flags=0x10000004


---------------  S Y S T E M  ---------------

OS:wheezy/sid

uname:Linux 3.8.0-42-generic #62~precise1-Ubuntu SMP Wed Jun 4 22:04:18 UTC 2014 x86_64
libc:glibc 2.15 NPTL 2.15 
rlimit: STACK 8192k, CORE 0k, NPROC 61142, NOFILE 4096, AS infinity
load average:0.59 0.66 0.80

/proc/meminfo:
MemTotal:        7918268 kB
MemFree:          127396 kB
Buffers:           86604 kB
Cached:           957044 kB
SwapCached:         5880 kB
Active:          4984436 kB
Inactive:        1662096 kB
Active(anon):    4564284 kB
Inactive(anon):  1132992 kB
Active(file):     420152 kB
Inactive(file):   529104 kB
Unevictable:         188 kB
Mlocked:             188 kB
SwapTotal:       8122364 kB
SwapFree:        8098440 kB
Dirty:              1772 kB
Writeback:             0 kB
AnonPages:       5597852 kB
Mapped:           366192 kB
Shmem:             94320 kB
Slab:             280368 kB
SReclaimable:     219688 kB
SUnreclaim:        60680 kB
KernelStack:        9608 kB
PageTables:       109752 kB
NFS_Unstable:          0 kB
Bounce:                0 kB
WritebackTmp:          0 kB
CommitLimit:    12081496 kB
Committed_AS:   26521100 kB
VmallocTotal:   34359738367 kB
VmallocUsed:      298152 kB
VmallocChunk:   34359350888 kB
HardwareCorrupted:     0 kB
AnonHugePages:         0 kB
HugePages_Total:       0
HugePages_Free:        0
HugePages_Rsvd:        0
HugePages_Surp:        0
Hugepagesize:       2048 kB
DirectMap4k:       90560 kB
DirectMap2M:     6985728 kB
DirectMap1G:     1048576 kB


CPU:total 6 (6 cores per cpu, 1 threads per core) family 16 model 10 stepping 0, cmov, cx8, fxsr, mmx, sse, sse2, sse3, popcnt, mmxext, 3dnowpref, lzcnt, sse4a, tsc, tscinvbit, tscinv

/proc/cpuinfo:
processor	: 0
vendor_id	: AuthenticAMD
cpu family	: 16
model		: 10
model name	: AMD Phenom(tm) II X6 1055T Processor
stepping	: 0
microcode	: 0x10000bf
cpu MHz		: 800.000
cache size	: 512 KB
physical id	: 0
siblings	: 6
core id		: 0
cpu cores	: 6
apicid		: 0
initial apicid	: 0
fpu		: yes
fpu_exception	: yes
cpuid level	: 6
wp		: yes
flags		: fpu vme de pse tsc msr pae mce cx8 apic sep mtrr pge mca cmov pat pse36 clflush mmx fxsr sse sse2 ht syscall nx mmxext fxsr_opt pdpe1gb rdtscp lm 3dnowext 3dnow constant_tsc rep_good nopl nonstop_tsc extd_apicid aperfmperf pni monitor cx16 popcnt lahf_lm cmp_legacy svm extapic cr8_legacy abm sse4a misalignsse 3dnowprefetch osvw ibs skinit wdt cpb hw_pstate npt lbrv svm_lock nrip_save pausefilter
bogomips	: 5625.39
TLB size	: 1024 4K pages
clflush size	: 64
cache_alignment	: 64
address sizes	: 48 bits physical, 48 bits virtual
power management: ts ttp tm stc 100mhzsteps hwpstate cpb

processor	: 1
vendor_id	: AuthenticAMD
cpu family	: 16
model		: 10
model name	: AMD Phenom(tm) II X6 1055T Processor
stepping	: 0
microcode	: 0x10000bf
cpu MHz		: 800.000
cache size	: 512 KB
physical id	: 0
siblings	: 6
core id		: 1
cpu cores	: 6
apicid		: 1
initial apicid	: 1
fpu		: yes
fpu_exception	: yes
cpuid level	: 6
wp		: yes
flags		: fpu vme de pse tsc msr pae mce cx8 apic sep mtrr pge mca cmov pat pse36 clflush mmx fxsr sse sse2 ht syscall nx mmxext fxsr_opt pdpe1gb rdtscp lm 3dnowext 3dnow constant_tsc rep_good nopl nonstop_tsc extd_apicid aperfmperf pni monitor cx16 popcnt lahf_lm cmp_legacy svm extapic cr8_legacy abm sse4a misalignsse 3dnowprefetch osvw ibs skinit wdt cpb hw_pstate npt lbrv svm_lock nrip_save pausefilter
bogomips	: 5625.39
TLB size	: 1024 4K pages
clflush size	: 64
cache_alignment	: 64
address sizes	: 48 bits physical, 48 bits virtual
power management: ts ttp tm stc 100mhzsteps hwpstate cpb

processor	: 2
vendor_id	: AuthenticAMD
cpu family	: 16
model		: 10
model name	: AMD Phenom(tm) II X6 1055T Processor
stepping	: 0
microcode	: 0x10000bf
cpu MHz		: 800.000
cache size	: 512 KB
physical id	: 0
siblings	: 6
core id		: 2
cpu cores	: 6
apicid		: 2
initial apicid	: 2
fpu		: yes
fpu_exception	: yes
cpuid level	: 6
wp		: yes
flags		: fpu vme de pse tsc msr pae mce cx8 apic sep mtrr pge mca cmov pat pse36 clflush mmx fxsr sse sse2 ht syscall nx mmxext fxsr_opt pdpe1gb rdtscp lm 3dnowext 3dnow constant_tsc rep_good nopl nonstop_tsc extd_apicid aperfmperf pni monitor cx16 popcnt lahf_lm cmp_legacy svm extapic cr8_legacy abm sse4a misalignsse 3dnowprefetch osvw ibs skinit wdt cpb hw_pstate npt lbrv svm_lock nrip_save pausefilter
bogomips	: 5625.39
TLB size	: 1024 4K pages
clflush size	: 64
cache_alignment	: 64
address sizes	: 48 bits physical, 48 bits virtual
power management: ts ttp tm stc 100mhzsteps hwpstate cpb

processor	: 3
vendor_id	: AuthenticAMD
cpu family	: 16
model		: 10
model name	: AMD Phenom(tm) II X6 1055T Processor
stepping	: 0
microcode	: 0x10000bf
cpu MHz		: 800.000
cache size	: 512 KB
physical id	: 0
siblings	: 6
core id		: 3
cpu cores	: 6
apicid		: 3
initial apicid	: 3
fpu		: yes
fpu_exception	: yes
cpuid level	: 6
wp		: yes
flags		: fpu vme de pse tsc msr pae mce cx8 apic sep mtrr pge mca cmov pat pse36 clflush mmx fxsr sse sse2 ht syscall nx mmxext fxsr_opt pdpe1gb rdtscp lm 3dnowext 3dnow constant_tsc rep_good nopl nonstop_tsc extd_apicid aperfmperf pni monitor cx16 popcnt lahf_lm cmp_legacy svm extapic cr8_legacy abm sse4a misalignsse 3dnowprefetch osvw ibs skinit wdt cpb hw_pstate npt lbrv svm_lock nrip_save pausefilter
bogomips	: 5625.39
TLB size	: 1024 4K pages
clflush size	: 64
cache_alignment	: 64
address sizes	: 48 bits physical, 48 bits virtual
power management: ts ttp tm stc 100mhzsteps hwpstate cpb

processor	: 4
vendor_id	: AuthenticAMD
cpu family	: 16
model		: 10
model name	: AMD Phenom(tm) II X6 1055T Processor
stepping	: 0
microcode	: 0x10000bf
cpu MHz		: 800.000
cache size	: 512 KB
physical id	: 0
siblings	: 6
core id		: 4
cpu cores	: 6
apicid		: 4
initial apicid	: 4
fpu		: yes
fpu_exception	: yes
cpuid level	: 6
wp		: yes
flags		: fpu vme de pse tsc msr pae mce cx8 apic sep mtrr pge mca cmov pat pse36 clflush mmx fxsr sse sse2 ht syscall nx mmxext fxsr_opt pdpe1gb rdtscp lm 3dnowext 3dnow constant_tsc rep_good nopl nonstop_tsc extd_apicid aperfmperf pni monitor cx16 popcnt lahf_lm cmp_legacy svm extapic cr8_legacy abm sse4a misalignsse 3dnowprefetch osvw ibs skinit wdt cpb hw_pstate npt lbrv svm_lock nrip_save pausefilter
bogomips	: 5625.39
TLB size	: 1024 4K pages
clflush size	: 64
cache_alignment	: 64
address sizes	: 48 bits physical, 48 bits virtual
power management: ts ttp tm stc 100mhzsteps hwpstate cpb

processor	: 5
vendor_id	: AuthenticAMD
cpu family	: 16
model		: 10
model name	: AMD Phenom(tm) II X6 1055T Processor
stepping	: 0
microcode	: 0x10000bf
cpu MHz		: 800.000
cache size	: 512 KB
physical id	: 0
siblings	: 6
core id		: 5
cpu cores	: 6
apicid		: 5
initial apicid	: 5
fpu		: yes
fpu_exception	: yes
cpuid level	: 6
wp		: yes
flags		: fpu vme de pse tsc msr pae mce cx8 apic sep mtrr pge mca cmov pat pse36 clflush mmx fxsr sse sse2 ht syscall nx mmxext fxsr_opt pdpe1gb rdtscp lm 3dnowext 3dnow constant_tsc rep_good nopl nonstop_tsc extd_apicid aperfmperf pni monitor cx16 popcnt lahf_lm cmp_legacy svm extapic cr8_legacy abm sse4a misalignsse 3dnowprefetch osvw ibs skinit wdt cpb hw_pstate npt lbrv svm_lock nrip_save pausefilter
bogomips	: 5625.39
TLB size	: 1024 4K pages
clflush size	: 64
cache_alignment	: 64
address sizes	: 48 bits physical, 48 bits virtual
power management: ts ttp tm stc 100mhzsteps hwpstate cpb



Memory: 4k page, physical 7918268k(127396k free), swap 8122364k(8098440k free)

vm_info: Java HotSpot(TM) 64-Bit Server VM (24.60-b09) for linux-amd64 JRE (1.7.0_60-b19), built on May  7 2014 13:18:30 by "java_re" with gcc 4.3.0 20080428 (Red Hat 4.3.0-8)

time: Fri Jul  4 17:36:02 2014
elapsed time: 14222 seconds

