#
# A fatal error has been detected by the Java Runtime Environment:
#
#  SIGSEGV (0xb) at pc=0x00007f781c30f201, pid=14786, tid=140153735915264
#
# JRE version: Java(TM) SE Runtime Environment (7.0_60-b19) (build 1.7.0_60-b19)
# Java VM: Java HotSpot(TM) 64-Bit Server VM (24.60-b09 mixed mode linux-amd64 compressed oops)
# Problematic frame:
# C  [libXt.so.6+0x1e201]  XtDestroyWidget+0x571
#
# Failed to write core dump. Core dumps have been disabled. To enable core dumping, try "ulimit -c unlimited" before starting Java again
#
# If you would like to submit a bug report, please visit:
#   http://bugreport.sun.com/bugreport/crash.jsp
# The crash happened outside the Java Virtual Machine in native code.
# See problematic frame for where to report the bug.
#

---------------  T H R E A D  ---------------

Current thread (0x00007f77bc012000):  JavaThread "JNativeHook Native Hook" [_thread_in_native, id=14809, stack(0x00007f781524a000,0x00007f7815a4b000)]

siginfo:si_signo=SIGSEGV: si_errno=0, si_code=1 (SEGV_MAPERR), si_addr=0x00007f76affff010

Registers:
RAX=0x00007f76b003f010, RBX=0x00007f782841b6c0, RCX=0xffffffffffff8000, RDX=0x0000000000008001
RSP=0x00007f7815a49c20, RBP=0x00007f7828420220, RSI=0x000000000000800c, RDI=0x0000000000000270
R8 =0x0000000000000000, R9 =0x0000000000000000, R10=0x00000000000001f8, R11=0x0000000000000065
R12=0x00007f781c8b9378, R13=0x00007f781c8b9378, R14=0x00007f7828420220, R15=0x00007f781c8b9378
RIP=0x00007f781c30f201, EFLAGS=0x0000000000010202, CSGSFS=0x0000000000000033, ERR=0x0000000000000006
  TRAPNO=0x000000000000000e

Top of Stack: (sp=0x00007f7815a49c20)
0x00007f7815a49c20:   0000000000000006 00007f782841b6c0
0x00007f7815a49c30:   0000000000000000 0000000000000010
0x00007f7815a49c40:   00007f781c8b9378 00007f7828420220
0x00007f7815a49c50:   00007f7815a49cec 00007f781c30f73a
0x00007f7815a49c60:   00007f781c8b935a 00007f781c5793b0
0x00007f7815a49c70:   00007f7700000000 0000000000000000
0x00007f7815a49c80:   0000000000000000 0000000000000000
0x00007f7815a49c90:   000001f7000001f6 00007f781caba348
0x00007f7815a49ca0:   0000000000000000 0000000000000010
0x00007f7815a49cb0:   00000000000001f0 00007f77bc015550
0x00007f7815a49cc0:   0000000000000006 00007f781c8b1351
0x00007f7815a49cd0:   00007f7815a49cec 0000000000000000
0x00007f7815a49ce0:   0000000115a49e50 0000000000000000
0x00007f7815a49cf0:   0000000000000010 00000000000000c8
0x00007f7815a49d00:   0000014716be45d7 00007f781c8b1cdb
0x00007f7815a49d10:   000000000000000b ffffffff15a49d30
0x00007f7815a49d20:   00007f77bc002d50 00007f77bc001d00
0x00007f7815a49d30:   0000000000000001 ffffffffffffffff
0x00007f7815a49d40:   0000000000000000 00000165bc001cc0
0x00007f7815a49d50:   0000000000000000 00007f77bc001cd8
0x00007f7815a49d60:   0000000000000000 00007f77bc0121e8
0x00007f7815a49d70:   00007f77bc001cc0 00007f7817ded7ec
0x00007f7815a49d80:   0000000053bc1822 0000000000040504
0x00007f7815a49d90:   00007f77bc001b30 00007f7815a49e50
0x00007f7815a49da0:   00007f77bc015550 0000000000000020
0x00007f7815a49db0:   0000000000000020 00007f77bc015188
0x00007f7815a49dc0:   0000000000000008 00007f781c0ec8c3
0x00007f7815a49dd0:   0000000000000080 00007f77bc0008c0
0x00007f7815a49de0:   00007f77bc015194 00007f77bc00fe80
0x00007f7815a49df0:   00007f781c8b1700 00007f77bc0008c0
0x00007f7815a49e00:   0000000000000003 00007f77bc0008c0
0x00007f7815a49e10:   00007f77bc00fe80 0000000000000000 

Instructions: (pc=0x00007f781c30f201)
0x00007f781c30f1e1:   0f b7 b6 8e 00 00 00 66 39 f2 0f 8d 47 02 00 00
0x00007f781c30f1f1:   48 8b 43 18 48 0f bf ca 83 c2 01 bf 70 02 00 00
0x00007f781c30f201:   48 89 2c c8 83 83 88 00 00 00 01 66 89 93 8c 00
0x00007f781c30f211:   00 00 c6 83 1d 01 00 00 01 e8 01 38 ff ff 49 89 

Register to memory mapping:

RAX=0x00007f76b003f010 is an unknown value
RBX=0x00007f782841b6c0 is an unknown value
RCX=0xffffffffffff8000 is an unknown value
RDX=0x0000000000008001 is an unknown value
RSP=0x00007f7815a49c20 is pointing into the stack for thread: 0x00007f77bc012000
RBP=0x00007f7828420220 is an unknown value
RSI=0x000000000000800c is an unknown value
RDI=0x0000000000000270 is an unknown value
R8 =0x0000000000000000 is an unknown value
R9 =0x0000000000000000 is an unknown value
R10=0x00000000000001f8 is an unknown value
R11=0x0000000000000065 is an unknown value
R12=0x00007f781c8b9378: <offset 0xb378> in /tmp/libJNativeHook_6262500698745180406.so at 0x00007f781c8ae000
R13=0x00007f781c8b9378: <offset 0xb378> in /tmp/libJNativeHook_6262500698745180406.so at 0x00007f781c8ae000
R14=0x00007f7828420220 is an unknown value
R15=0x00007f781c8b9378: <offset 0xb378> in /tmp/libJNativeHook_6262500698745180406.so at 0x00007f781c8ae000


Stack: [0x00007f781524a000,0x00007f7815a4b000],  sp=0x00007f7815a49c20,  free space=8191k
Native frames: (J=compiled Java code, j=interpreted, Vv=VM code, C=native code)
C  [libXt.so.6+0x1e201]  XtDestroyWidget+0x571


---------------  P R O C E S S  ---------------

Java Threads: ( => current thread )
  0x00007f77bc026000 JavaThread "JNativeHook Native Dispatch" [_thread_blocked, id=14811, stack(0x00007f781ccbc000,0x00007f781cebd000)]
  0x00007f782800a000 JavaThread "DestroyJavaVM" [_thread_blocked, id=14787, stack(0x00007f782dd28000,0x00007f782df29000)]
=>0x00007f77bc012000 JavaThread "JNativeHook Native Hook" [_thread_in_native, id=14809, stack(0x00007f781524a000,0x00007f7815a4b000)]
  0x00007f78281a0800 JavaThread "Thread-4" daemon [_thread_blocked, id=14808, stack(0x00007f7815a4b000,0x00007f7815c4c000)]
  0x00007f78284cb800 JavaThread "AWT-EventQueue-0" [_thread_blocked, id=14807, stack(0x00007f7815c4c000,0x00007f7815e4d000)]
  0x00007f78284ca000 JavaThread "AWT-Shutdown" [_thread_blocked, id=14806, stack(0x00007f7815e4d000,0x00007f781604e000)]
  0x00007f78284a9800 JavaThread "AWT-XAWT" daemon [_thread_in_native, id=14805, stack(0x00007f781604e000,0x00007f781624f000)]
  0x00007f782849a800 JavaThread "Java2D Disposer" daemon [_thread_blocked, id=14804, stack(0x00007f781665f000,0x00007f7816860000)]
  0x00007f782809b000 JavaThread "Service Thread" daemon [_thread_blocked, id=14800, stack(0x00007f781d6e1000,0x00007f781d8e2000)]
  0x00007f7828099000 JavaThread "C2 CompilerThread1" daemon [_thread_blocked, id=14799, stack(0x00007f781d8e2000,0x00007f781d9e3000)]
  0x00007f7828096000 JavaThread "C2 CompilerThread0" daemon [_thread_blocked, id=14798, stack(0x00007f781d9e3000,0x00007f781dae4000)]
  0x00007f7828094800 JavaThread "Signal Dispatcher" daemon [_thread_blocked, id=14797, stack(0x00007f781dae4000,0x00007f781dce5000)]
  0x00007f7828074800 JavaThread "Finalizer" daemon [_thread_blocked, id=14796, stack(0x00007f781e3c8000,0x00007f781e5c9000)]
  0x00007f7828072800 JavaThread "Reference Handler" daemon [_thread_blocked, id=14795, stack(0x00007f781e5c9000,0x00007f781e7ca000)]

Other Threads:
  0x00007f782806e000 VMThread [stack: 0x00007f781e7ca000,0x00007f781e8cb000] [id=14794]
  0x00007f78280a6000 WatcherThread [stack: 0x00007f781d5e0000,0x00007f781d6e1000] [id=14801]

VM state:not at safepoint (normal execution)

VM Mutex/Monitor currently owned by a thread: None

Heap
 PSYoungGen      total 36352K, used 33944K [0x00000000f5900000, 0x00000000f8180000, 0x0000000100000000)
  eden space 31232K, 92% used [0x00000000f5900000,0x00000000f752cea8,0x00000000f7780000)
  from space 5120K, 99% used [0x00000000f7c80000,0x00000000f8179518,0x00000000f8180000)
  to   space 5120K, 0% used [0x00000000f7780000,0x00000000f7780000,0x00000000f7c80000)
 ParOldGen       total 82432K, used 7942K [0x00000000e0c00000, 0x00000000e5c80000, 0x00000000f5900000)
  object space 82432K, 9% used [0x00000000e0c00000,0x00000000e13c19e0,0x00000000e5c80000)
 PSPermGen       total 30720K, used 30382K [0x00000000dba00000, 0x00000000dd800000, 0x00000000e0c00000)
  object space 30720K, 98% used [0x00000000dba00000,0x00000000dd7abb60,0x00000000dd800000)

Card table byte_map: [0x00007f782cb6c000,0x00007f782cc90000] byte_map_base: 0x00007f782c48f000

Polling page: 0x00007f782fcb0000

Code Cache  [0x00007f7825000000, 0x00007f7825270000, 0x00007f7828000000)
 total_blobs=1081 nmethods=438 adapters=597 free_code_cache=47654Kb largest_free_block=48542592

Compilation events (10 events):
Event: 16254.809 Thread 0x00007f7828096000  472             org.jruby.runtime.Helpers::checkArgumentCount (42 bytes)
Event: 16254.809 Thread 0x00007f7828099000  471             org.jruby.runtime.Helpers::checkArgumentCount (9 bytes)
Event: 16254.811 Thread 0x00007f7828096000 nmethod 472 0x00007f78251a4110 code [0x00007f78251a4260, 0x00007f78251a4328]
Event: 16254.812 Thread 0x00007f7828099000 nmethod 471 0x00007f782513f610 code [0x00007f782513f760, 0x00007f782513f828]
Event: 16584.365 Thread 0x00007f7828099000  473             java.nio.CharBuffer::hasArray (20 bytes)
Event: 16584.367 Thread 0x00007f7828099000 nmethod 473 0x00007f7825145850 code [0x00007f7825145980, 0x00007f78251459f8]
Event: 17805.210 Thread 0x00007f7828096000  474             java.nio.Buffer::checkBounds (25 bytes)
Event: 17805.226 Thread 0x00007f7828096000 nmethod 474 0x00007f78250aef90 code [0x00007f78250af0c0, 0x00007f78250af118]
Event: 18197.093 Thread 0x00007f7828099000  475             java.nio.charset.CoderResult::isOverflow (14 bytes)
Event: 18197.093 Thread 0x00007f7828099000 nmethod 475 0x00007f78250aecd0 code [0x00007f78250aee00, 0x00007f78250aee58]

GC Heap History (4 events):
Event: 4.172 GC heap before
{Heap before GC invocations=1 (full 0):
 PSYoungGen      total 36352K, used 31232K [0x00000000f5900000, 0x00000000f8180000, 0x0000000100000000)
  eden space 31232K, 100% used [0x00000000f5900000,0x00000000f7780000,0x00000000f7780000)
  from space 5120K, 0% used [0x00000000f7c80000,0x00000000f7c80000,0x00000000f8180000)
  to   space 5120K, 0% used [0x00000000f7780000,0x00000000f7780000,0x00000000f7c80000)
 ParOldGen       total 82432K, used 0K [0x00000000e0c00000, 0x00000000e5c80000, 0x00000000f5900000)
  object space 82432K, 0% used [0x00000000e0c00000,0x00000000e0c00000,0x00000000e5c80000)
 PSPermGen       total 25600K, used 25467K [0x00000000dba00000, 0x00000000dd300000, 0x00000000e0c00000)
  object space 25600K, 99% used [0x00000000dba00000,0x00000000dd2dec40,0x00000000dd300000)
Event: 4.194 GC heap after
Heap after GC invocations=1 (full 0):
 PSYoungGen      total 36352K, used 5093K [0x00000000f5900000, 0x00000000f8180000, 0x0000000100000000)
  eden space 31232K, 0% used [0x00000000f5900000,0x00000000f5900000,0x00000000f7780000)
  from space 5120K, 99% used [0x00000000f7780000,0x00000000f7c79538,0x00000000f7c80000)
  to   space 5120K, 0% used [0x00000000f7c80000,0x00000000f7c80000,0x00000000f8180000)
 ParOldGen       total 82432K, used 3808K [0x00000000e0c00000, 0x00000000e5c80000, 0x00000000f5900000)
  object space 82432K, 4% used [0x00000000e0c00000,0x00000000e0fb80f0,0x00000000e5c80000)
 PSPermGen       total 25600K, used 25467K [0x00000000dba00000, 0x00000000dd300000, 0x00000000e0c00000)
  object space 25600K, 99% used [0x00000000dba00000,0x00000000dd2dec40,0x00000000dd300000)
}
Event: 11317.946 GC heap before
{Heap before GC invocations=2 (full 0):
 PSYoungGen      total 36352K, used 36325K [0x00000000f5900000, 0x00000000f8180000, 0x0000000100000000)
  eden space 31232K, 100% used [0x00000000f5900000,0x00000000f7780000,0x00000000f7780000)
  from space 5120K, 99% used [0x00000000f7780000,0x00000000f7c79538,0x00000000f7c80000)
  to   space 5120K, 0% used [0x00000000f7c80000,0x00000000f7c80000,0x00000000f8180000)
 ParOldGen       total 82432K, used 3808K [0x00000000e0c00000, 0x00000000e5c80000, 0x00000000f5900000)
  object space 82432K, 4% used [0x00000000e0c00000,0x00000000e0fb80f0,0x00000000e5c80000)
 PSPermGen       total 30720K, used 30372K [0x00000000dba00000, 0x00000000dd800000, 0x00000000e0c00000)
  object space 30720K, 98% used [0x00000000dba00000,0x00000000dd7a93f0,0x00000000dd800000)
Event: 11317.972 GC heap after
Heap after GC invocations=2 (full 0):
 PSYoungGen      total 36352K, used 5093K [0x00000000f5900000, 0x00000000f8180000, 0x0000000100000000)
  eden space 31232K, 0% used [0x00000000f5900000,0x00000000f5900000,0x00000000f7780000)
  from space 5120K, 99% used [0x00000000f7c80000,0x00000000f8179518,0x00000000f8180000)
  to   space 5120K, 0% used [0x00000000f7780000,0x00000000f7780000,0x00000000f7c80000)
 ParOldGen       total 82432K, used 7942K [0x00000000e0c00000, 0x00000000e5c80000, 0x00000000f5900000)
  object space 82432K, 9% used [0x00000000e0c00000,0x00000000e13c19e0,0x00000000e5c80000)
 PSPermGen       total 30720K, used 30372K [0x00000000dba00000, 0x00000000dd800000, 0x00000000e0c00000)
  object space 30720K, 98% used [0x00000000dba00000,0x00000000dd7a93f0,0x00000000dd800000)
}

Deoptimization events (10 events):
Event: 8.843 Thread 0x00007f78284cb800 Uncommon trap: reason=unreached action=reinterpret pc=0x00007f7825127db8 method=java.lang.ThreadLocal$ThreadLocalMap.getEntry(Ljava/lang/ThreadLocal;)Ljava/lang/ThreadLocal$ThreadLocalMap$Entry; @ 29
Event: 8.843 Thread 0x00007f78284cb800 Uncommon trap: reason=unreached action=reinterpret pc=0x00007f782512f9c8 method=java.lang.ThreadLocal$ThreadLocalMap.getEntry(Ljava/lang/ThreadLocal;)Ljava/lang/ThreadLocal$ThreadLocalMap$Entry; @ 29
Event: 8.843 Thread 0x00007f78284cb800 Uncommon trap: reason=unreached action=reinterpret pc=0x00007f782512f61c method=java.lang.ThreadLocal$ThreadLocalMap.getEntry(Ljava/lang/ThreadLocal;)Ljava/lang/ThreadLocal$ThreadLocalMap$Entry; @ 29
Event: 10.079 Thread 0x00007f78284cb800 Uncommon trap: reason=null_check action=make_not_entrant pc=0x00007f7825132770 method=org.jruby.internal.runtime.ThreadService.getCurrentContext()Lorg/jruby/runtime/ThreadContext; @ 15
Event: 943.047 Thread 0x00007f77bc026000 Uncommon trap: reason=array_check action=maybe_recompile pc=0x00007f7825197fa8 method=javax.swing.event.EventListenerList.getListeners(Ljava/lang/Class;)[Ljava/util/EventListener; @ 63
Event: 943.174 Thread 0x00007f77bc026000 Uncommon trap: reason=array_check action=maybe_recompile pc=0x00007f7825197fa8 method=javax.swing.event.EventListenerList.getListeners(Ljava/lang/Class;)[Ljava/util/EventListener; @ 63
Event: 947.454 Thread 0x00007f77bc026000 Uncommon trap: reason=array_check action=maybe_recompile pc=0x00007f7825197fa8 method=javax.swing.event.EventListenerList.getListeners(Ljava/lang/Class;)[Ljava/util/EventListener; @ 63
Event: 947.455 Thread 0x00007f77bc026000 Uncommon trap: reason=array_check action=maybe_recompile pc=0x00007f7825197fa8 method=javax.swing.event.EventListenerList.getListeners(Ljava/lang/Class;)[Ljava/util/EventListener; @ 63
Event: 10132.581 Thread 0x00007f78284a9800 Uncommon trap: reason=null_check action=make_not_entrant pc=0x00007f78251a8fd0 method=sun.awt.X11.XToolkit.windowToXWindow(J)Lsun/awt/X11/XBaseWindow; @ 16
Event: 11031.876 Thread 0x00007f78284a9800 Uncommon trap: reason=null_check action=make_not_entrant pc=0x00007f78251b059c method=sun.awt.X11.XToolkit.dispatchEvent(Lsun/awt/X11/XEvent;)V @ 99

Internal exceptions (10 events):
Event: 157.218 Thread 0x00007f77c4027800 Threw 0x00000000f6416890 at /HUDSON/workspace/7u-2-build-linux-amd64/jdk7u60/1081/hotspot/src/share/vm/prims/jvm.cpp:1244
Event: 157.219 Thread 0x00007f77c4027800 Threw 0x00000000f6417bc8 at /HUDSON/workspace/7u-2-build-linux-amd64/jdk7u60/1081/hotspot/src/share/vm/prims/jvm.cpp:1244
Event: 834.483 Thread 0x00007f77bc026000 Threw 0x00000000f62809a0 at /HUDSON/workspace/7u-2-build-linux-amd64/jdk7u60/1081/hotspot/src/share/vm/prims/jvm.cpp:1244
Event: 834.483 Thread 0x00007f77bc026000 Threw 0x00000000f6281bf0 at /HUDSON/workspace/7u-2-build-linux-amd64/jdk7u60/1081/hotspot/src/share/vm/prims/jvm.cpp:1244
Event: 834.564 Thread 0x00007f77bc026000 Threw 0x00000000f661ba78 at /HUDSON/workspace/7u-2-build-linux-amd64/jdk7u60/1081/hotspot/src/share/vm/prims/jvm.cpp:1244
Event: 834.564 Thread 0x00007f77bc026000 Threw 0x00000000f661cc28 at /HUDSON/workspace/7u-2-build-linux-amd64/jdk7u60/1081/hotspot/src/share/vm/prims/jvm.cpp:1244
Event: 1348.682 Thread 0x00007f77bc026000 Threw 0x00000000f6816968 at /HUDSON/workspace/7u-2-build-linux-amd64/jdk7u60/1081/hotspot/src/share/vm/prims/jvm.cpp:1244
Event: 1348.682 Thread 0x00007f77bc026000 Threw 0x00000000f6817ab8 at /HUDSON/workspace/7u-2-build-linux-amd64/jdk7u60/1081/hotspot/src/share/vm/prims/jvm.cpp:1244
Event: 10132.581 Thread 0x00007f78284a9800 Implicit null exception at 0x00007f78251a6f29 to 0x00007f78251a8fbd
Event: 11031.876 Thread 0x00007f78284a9800 Implicit null exception at 0x00007f78251aeb2b to 0x00007f78251b0591

Events (10 events):
Event: 13459.819 Thread 0x00007f7828099000 flushing nmethod 0x00007f78250acb10
Event: 13459.819 Thread 0x00007f7828099000 flushing nmethod 0x00007f78250aecd0
Event: 13459.819 Thread 0x00007f7828099000 flushing nmethod 0x00007f78250b5910
Event: 13459.819 Thread 0x00007f7828099000 flushing nmethod 0x00007f78250bb850
Event: 13544.464 Thread 0x00007f7828096000 flushing nmethod 0x00007f78250ceed0
Event: 13544.464 Thread 0x00007f7828096000 flushing nmethod 0x00007f78250db890
Event: 13544.464 Thread 0x00007f7828096000 flushing nmethod 0x00007f78250e2190
Event: 13618.070 Thread 0x00007f7828099000 flushing nmethod 0x00007f78250f53d0
Event: 13618.070 Thread 0x00007f7828099000 flushing nmethod 0x00007f7825106c10
Event: 14315.149 Thread 0x00007f7828096000 flushing nmethod 0x00007f782513f610


Dynamic libraries:
00400000-00401000 r-xp 00000000 08:01 17564501                           /usr/lib/jvm/jre1.7.0_60/bin/java
00600000-00601000 rw-p 00000000 08:01 17564501                           /usr/lib/jvm/jre1.7.0_60/bin/java
020d1000-020f2000 rw-p 00000000 00:00 0                                  [heap]
dba00000-dd800000 rw-p 00000000 00:00 0 
dd800000-e0c00000 rw-p 00000000 00:00 0 
e0c00000-e5c80000 rw-p 00000000 00:00 0 
e5c80000-f5900000 rw-p 00000000 00:00 0 
f5900000-f8180000 rw-p 00000000 00:00 0 
f8180000-100000000 rw-p 00000000 00:00 0 
7f76b003f000-7f77b0000000 rw-p 00000000 00:00 0 
7f77b0000000-7f77b0021000 rw-p 00000000 00:00 0 
7f77b0021000-7f77b4000000 ---p 00000000 00:00 0 
7f77b4000000-7f77b6b76000 rw-p 00000000 00:00 0 
7f77b6b76000-7f77b8000000 ---p 00000000 00:00 0 
7f77b8000000-7f77b8021000 rw-p 00000000 00:00 0 
7f77b8021000-7f77bc000000 ---p 00000000 00:00 0 
7f77bc000000-7f77c0000000 rw-p 00000000 00:00 0 
7f77c0000000-7f77c0021000 rw-p 00000000 00:00 0 
7f77c0021000-7f77c4000000 ---p 00000000 00:00 0 
7f77c4000000-7f77c4053000 rw-p 00000000 00:00 0 
7f77c4053000-7f77c8000000 ---p 00000000 00:00 0 
7f77c8000000-7f77c8021000 rw-p 00000000 00:00 0 
7f77c8021000-7f77cc000000 ---p 00000000 00:00 0 
7f77cc000000-7f77cc02e000 rw-p 00000000 00:00 0 
7f77cc02e000-7f77d0000000 ---p 00000000 00:00 0 
7f77d0000000-7f77d0029000 rw-p 00000000 00:00 0 
7f77d0029000-7f77d4000000 ---p 00000000 00:00 0 
7f77d4000000-7f77d4021000 rw-p 00000000 00:00 0 
7f77d4021000-7f77d8000000 ---p 00000000 00:00 0 
7f77d8000000-7f77d8021000 rw-p 00000000 00:00 0 
7f77d8021000-7f77dc000000 ---p 00000000 00:00 0 
7f77dc000000-7f77dc021000 rw-p 00000000 00:00 0 
7f77dc021000-7f77e0000000 ---p 00000000 00:00 0 
7f77e0000000-7f77e0ab8000 rw-p 00000000 00:00 0 
7f77e0ab8000-7f77e4000000 ---p 00000000 00:00 0 
7f77e4000000-7f77e4d18000 rw-p 00000000 00:00 0 
7f77e4d18000-7f77e8000000 ---p 00000000 00:00 0 
7f77e8000000-7f77e8021000 rw-p 00000000 00:00 0 
7f77e8021000-7f77ec000000 ---p 00000000 00:00 0 
7f77ec000000-7f77ec021000 rw-p 00000000 00:00 0 
7f77ec021000-7f77f0000000 ---p 00000000 00:00 0 
7f77f0000000-7f77f0021000 rw-p 00000000 00:00 0 
7f77f0021000-7f77f4000000 ---p 00000000 00:00 0 
7f77f4000000-7f77f4021000 rw-p 00000000 00:00 0 
7f77f4021000-7f77f8000000 ---p 00000000 00:00 0 
7f77f8000000-7f77f8021000 rw-p 00000000 00:00 0 
7f77f8021000-7f77fc000000 ---p 00000000 00:00 0 
7f7800000000-7f7800021000 rw-p 00000000 00:00 0 
7f7800021000-7f7804000000 ---p 00000000 00:00 0 
7f7808000000-7f7808021000 rw-p 00000000 00:00 0 
7f7808021000-7f780c000000 ---p 00000000 00:00 0 
7f7810000000-7f7810021000 rw-p 00000000 00:00 0 
7f7810021000-7f7814000000 ---p 00000000 00:00 0 
7f781493b000-7f78149a3000 r-xp 00000000 08:01 12323810                   /usr/lib/jvm/jre1.7.0_60/lib/amd64/libt2k.so
7f78149a3000-7f7814ba3000 ---p 00068000 08:01 12323810                   /usr/lib/jvm/jre1.7.0_60/lib/amd64/libt2k.so
7f7814ba3000-7f7814baa000 rw-p 00068000 08:01 12323810                   /usr/lib/jvm/jre1.7.0_60/lib/amd64/libt2k.so
7f7814baa000-7f7814bba000 rw-p 00000000 00:00 0 
7f7814bba000-7f7814bcf000 r-xp 00000000 08:01 4198066                    /lib/x86_64-linux-gnu/libgcc_s.so.1
7f7814bcf000-7f7814dce000 ---p 00015000 08:01 4198066                    /lib/x86_64-linux-gnu/libgcc_s.so.1
7f7814dce000-7f7814dcf000 r--p 00014000 08:01 4198066                    /lib/x86_64-linux-gnu/libgcc_s.so.1
7f7814dcf000-7f7814dd0000 rw-p 00015000 08:01 4198066                    /lib/x86_64-linux-gnu/libgcc_s.so.1
7f7814dd0000-7f7814e35000 r-xp 00000000 08:01 12323790                   /usr/lib/jvm/jre1.7.0_60/lib/amd64/libfontmanager.so
7f7814e35000-7f7815034000 ---p 00065000 08:01 12323790                   /usr/lib/jvm/jre1.7.0_60/lib/amd64/libfontmanager.so
7f7815034000-7f7815038000 rw-p 00064000 08:01 12323790                   /usr/lib/jvm/jre1.7.0_60/lib/amd64/libfontmanager.so
7f7815038000-7f7815049000 rw-p 00000000 00:00 0 
7f7815049000-7f781504c000 ---p 00000000 00:00 0 
7f781504c000-7f781524a000 rw-p 00000000 00:00 0 
7f781524a000-7f781524d000 ---p 00000000 00:00 0 
7f781524d000-7f7815a4b000 rw-p 00000000 00:00 0                          [stack:14809]
7f7815a4b000-7f7815a4e000 ---p 00000000 00:00 0 
7f7815a4e000-7f7815c4c000 rw-p 00000000 00:00 0                          [stack:14808]
7f7815c4c000-7f7815c4f000 ---p 00000000 00:00 0 
7f7815c4f000-7f7815e4d000 rw-p 00000000 00:00 0                          [stack:14807]
7f7815e4d000-7f7815e50000 ---p 00000000 00:00 0 
7f7815e50000-7f781604e000 rw-p 00000000 00:00 0                          [stack:14806]
7f781604e000-7f7816051000 ---p 00000000 00:00 0 
7f7816051000-7f781624f000 rw-p 00000000 00:00 0                          [stack:14805]
7f781624f000-7f7816254000 r-xp 00000000 08:01 11671515                   /usr/lib/x86_64-linux-gnu/libXfixes.so.3.1.0
7f7816254000-7f7816453000 ---p 00005000 08:01 11671515                   /usr/lib/x86_64-linux-gnu/libXfixes.so.3.1.0
7f7816453000-7f7816454000 r--p 00004000 08:01 11671515                   /usr/lib/x86_64-linux-gnu/libXfixes.so.3.1.0
7f7816454000-7f7816455000 rw-p 00005000 08:01 11671515                   /usr/lib/x86_64-linux-gnu/libXfixes.so.3.1.0
7f7816455000-7f781645e000 r-xp 00000000 08:01 11672490                   /usr/lib/x86_64-linux-gnu/libXcursor.so.1.0.2
7f781645e000-7f781665d000 ---p 00009000 08:01 11672490                   /usr/lib/x86_64-linux-gnu/libXcursor.so.1.0.2
7f781665d000-7f781665e000 r--p 00008000 08:01 11672490                   /usr/lib/x86_64-linux-gnu/libXcursor.so.1.0.2
7f781665e000-7f781665f000 rw-p 00009000 08:01 11672490                   /usr/lib/x86_64-linux-gnu/libXcursor.so.1.0.2
7f781665f000-7f7816662000 ---p 00000000 00:00 0 
7f7816662000-7f7816860000 rw-p 00000000 00:00 0                          [stack:14804]
7f7816860000-7f781686f000 r-xp 00000000 08:01 11671521                   /usr/lib/x86_64-linux-gnu/libXi.so.6.1.0
7f781686f000-7f7816a6e000 ---p 0000f000 08:01 11671521                   /usr/lib/x86_64-linux-gnu/libXi.so.6.1.0
7f7816a6e000-7f7816a6f000 r--p 0000e000 08:01 11671521                   /usr/lib/x86_64-linux-gnu/libXi.so.6.1.0
7f7816a6f000-7f7816a70000 rw-p 0000f000 08:01 11671521                   /usr/lib/x86_64-linux-gnu/libXi.so.6.1.0
7f7816a70000-7f7816a79000 r-xp 00000000 08:01 11672518                   /usr/lib/x86_64-linux-gnu/libXrender.so.1.3.0
7f7816a79000-7f7816c78000 ---p 00009000 08:01 11672518                   /usr/lib/x86_64-linux-gnu/libXrender.so.1.3.0
7f7816c78000-7f7816c79000 r--p 00008000 08:01 11672518                   /usr/lib/x86_64-linux-gnu/libXrender.so.1.3.0
7f7816c79000-7f7816c7a000 rw-p 00009000 08:01 11672518                   /usr/lib/x86_64-linux-gnu/libXrender.so.1.3.0
7f7816c7a000-7f7816cca000 r-xp 00000000 08:01 12323809                   /usr/lib/jvm/jre1.7.0_60/lib/amd64/xawt/libmawt.so
7f7816cca000-7f7816eca000 ---p 00050000 08:01 12323809                   /usr/lib/jvm/jre1.7.0_60/lib/amd64/xawt/libmawt.so
7f7816eca000-7f7816ece000 rw-p 00050000 08:01 12323809                   /usr/lib/jvm/jre1.7.0_60/lib/amd64/xawt/libmawt.so
7f7816ece000-7f7816ecf000 rw-p 00000000 00:00 0 
7f7816ecf000-7f7816f71000 r-xp 00000000 08:01 12323789                   /usr/lib/jvm/jre1.7.0_60/lib/amd64/libawt.so
7f7816f71000-7f7817171000 ---p 000a2000 08:01 12323789                   /usr/lib/jvm/jre1.7.0_60/lib/amd64/libawt.so
7f7817171000-7f781717d000 rw-p 000a2000 08:01 12323789                   /usr/lib/jvm/jre1.7.0_60/lib/amd64/libawt.so
7f781717d000-7f78171a1000 rw-p 00000000 00:00 0 
7f78171a1000-7f78171a5000 r-xp 00000000 08:01 4197989                    /lib/x86_64-linux-gnu/libuuid.so.1.3.0
7f78171a5000-7f78173a4000 ---p 00004000 08:01 4197989                    /lib/x86_64-linux-gnu/libuuid.so.1.3.0
7f78173a4000-7f78173a5000 r--p 00003000 08:01 4197989                    /lib/x86_64-linux-gnu/libuuid.so.1.3.0
7f78173a5000-7f78173a6000 rw-p 00004000 08:01 4197989                    /lib/x86_64-linux-gnu/libuuid.so.1.3.0
7f78173a6000-7f78173ab000 r-xp 00000000 08:01 11672494                   /usr/lib/x86_64-linux-gnu/libXdmcp.so.6.0.0
7f78173ab000-7f78175aa000 ---p 00005000 08:01 11672494                   /usr/lib/x86_64-linux-gnu/libXdmcp.so.6.0.0
7f78175aa000-7f78175ab000 r--p 00004000 08:01 11672494                   /usr/lib/x86_64-linux-gnu/libXdmcp.so.6.0.0
7f78175ab000-7f78175ac000 rw-p 00005000 08:01 11672494                   /usr/lib/x86_64-linux-gnu/libXdmcp.so.6.0.0
7f78175ac000-7f78175ae000 r-xp 00000000 08:01 11672483                   /usr/lib/x86_64-linux-gnu/libXau.so.6.0.0
7f78175ae000-7f78177ad000 ---p 00002000 08:01 11672483                   /usr/lib/x86_64-linux-gnu/libXau.so.6.0.0
7f78177ad000-7f78177ae000 r--p 00001000 08:01 11672483                   /usr/lib/x86_64-linux-gnu/libXau.so.6.0.0
7f78177ae000-7f78177af000 rw-p 00002000 08:01 11672483                   /usr/lib/x86_64-linux-gnu/libXau.so.6.0.0
7f78177af000-7f78177bf000 r-xp 00000000 08:01 11672496                   /usr/lib/x86_64-linux-gnu/libXext.so.6.4.0
7f78177bf000-7f78179be000 ---p 00010000 08:01 11672496                   /usr/lib/x86_64-linux-gnu/libXext.so.6.4.0
7f78179be000-7f78179bf000 r--p 0000f000 08:01 11672496                   /usr/lib/x86_64-linux-gnu/libXext.so.6.4.0
7f78179bf000-7f78179c0000 rw-p 00010000 08:01 11672496                   /usr/lib/x86_64-linux-gnu/libXext.so.6.4.0
7f78179c0000-7f78179d6000 r-xp 00000000 08:01 11672436                   /usr/lib/x86_64-linux-gnu/libICE.so.6.3.0
7f78179d6000-7f7817bd5000 ---p 00016000 08:01 11672436                   /usr/lib/x86_64-linux-gnu/libICE.so.6.3.0
7f7817bd5000-7f7817bd6000 r--p 00015000 08:01 11672436                   /usr/lib/x86_64-linux-gnu/libICE.so.6.3.0
7f7817bd6000-7f7817bd7000 rw-p 00016000 08:01 11672436                   /usr/lib/x86_64-linux-gnu/libICE.so.6.3.0
7f7817bd7000-7f7817bda000 rw-p 00000000 00:00 0 
7f7817bda000-7f7817be1000 r-xp 00000000 08:01 11672477                   /usr/lib/x86_64-linux-gnu/libSM.so.6.0.1
7f7817be1000-7f7817de0000 ---p 00007000 08:01 11672477                   /usr/lib/x86_64-linux-gnu/libSM.so.6.0.1
7f7817de0000-7f7817de1000 r--p 00006000 08:01 11672477                   /usr/lib/x86_64-linux-gnu/libSM.so.6.0.1
7f7817de1000-7f7817de2000 rw-p 00007000 08:01 11672477                   /usr/lib/x86_64-linux-gnu/libSM.so.6.0.1
7f7817de2000-7f7817dff000 r-xp 00000000 08:01 11673090                   /usr/lib/x86_64-linux-gnu/libxcb.so.1.1.0
7f7817dff000-7f7817ffe000 ---p 0001d000 08:01 11673090                   /usr/lib/x86_64-linux-gnu/libxcb.so.1.1.0
7f7817ffe000-7f7817fff000 r--p 0001c000 08:01 11673090                   /usr/lib/x86_64-linux-gnu/libxcb.so.1.1.0
7f7817fff000-7f7818000000 rw-p 0001d000 08:01 11673090                   /usr/lib/x86_64-linux-gnu/libxcb.so.1.1.0
7f7818000000-7f7818021000 rw-p 00000000 00:00 0 
7f7818021000-7f781c000000 ---p 00000000 00:00 0 
7f781c0eb000-7f781c0f0000 r-xp 00000000 08:01 11672522                   /usr/lib/x86_64-linux-gnu/libXtst.so.6.1.0
7f781c0f0000-7f781c2ef000 ---p 00005000 08:01 11672522                   /usr/lib/x86_64-linux-gnu/libXtst.so.6.1.0
7f781c2ef000-7f781c2f0000 r--p 00004000 08:01 11672522                   /usr/lib/x86_64-linux-gnu/libXtst.so.6.1.0
7f781c2f0000-7f781c2f1000 rw-p 00005000 08:01 11672522                   /usr/lib/x86_64-linux-gnu/libXtst.so.6.1.0
7f781c2f1000-7f781c350000 r-xp 00000000 08:01 11672520                   /usr/lib/x86_64-linux-gnu/libXt.so.6.0.0
7f781c350000-7f781c550000 ---p 0005f000 08:01 11672520                   /usr/lib/x86_64-linux-gnu/libXt.so.6.0.0
7f781c550000-7f781c551000 r--p 0005f000 08:01 11672520                   /usr/lib/x86_64-linux-gnu/libXt.so.6.0.0
7f781c551000-7f781c556000 rw-p 00060000 08:01 11672520                   /usr/lib/x86_64-linux-gnu/libXt.so.6.0.0
7f781c556000-7f781c557000 rw-p 00000000 00:00 0 
7f781c557000-7f781c687000 r-xp 00000000 08:01 11667031                   /usr/lib/x86_64-linux-gnu/libX11.so.6.3.0
7f781c687000-7f781c887000 ---p 00130000 08:01 11667031                   /usr/lib/x86_64-linux-gnu/libX11.so.6.3.0
7f781c887000-7f781c888000 r--p 00130000 08:01 11667031                   /usr/lib/x86_64-linux-gnu/libX11.so.6.3.0
7f781c888000-7f781c88c000 rw-p 00131000 08:01 11667031                   /usr/lib/x86_64-linux-gnu/libX11.so.6.3.0
7f781c8ae000-7f781c8ba000 r-xp 00000000 08:01 18617884                   /tmp/libJNativeHook_6262500698745180406.so
7f781c8ba000-7f781cab9000 ---p 0000c000 08:01 18617884                   /tmp/libJNativeHook_6262500698745180406.so
7f781cab9000-7f781caba000 r--p 0000b000 08:01 18617884                   /tmp/libJNativeHook_6262500698745180406.so
7f781caba000-7f781cabb000 rw-p 0000c000 08:01 18617884                   /tmp/libJNativeHook_6262500698745180406.so
7f781cabb000-7f781cabe000 ---p 00000000 00:00 0 
7f781cabe000-7f781ccbc000 rw-p 00000000 00:00 0 
7f781ccbc000-7f781ccbf000 ---p 00000000 00:00 0 
7f781ccbf000-7f781cebd000 rw-p 00000000 00:00 0                          [stack:14811]
7f781cebd000-7f781cecf000 r-xp 00000000 08:01 20983419                   /home/vmocuk/.rvm/rubies/jruby-1.7.10/lib/jni/x86_64-Linux/libjffi-1.2.so
7f781cecf000-7f781d0ce000 ---p 00012000 08:01 20983419                   /home/vmocuk/.rvm/rubies/jruby-1.7.10/lib/jni/x86_64-Linux/libjffi-1.2.so
7f781d0ce000-7f781d0cf000 rw-p 00011000 08:01 20983419                   /home/vmocuk/.rvm/rubies/jruby-1.7.10/lib/jni/x86_64-Linux/libjffi-1.2.so
7f781d0cf000-7f781d0df000 r-xp 00000000 08:01 12323824                   /usr/lib/jvm/jre1.7.0_60/lib/amd64/libnio.so
7f781d0df000-7f781d2df000 ---p 00010000 08:01 12323824                   /usr/lib/jvm/jre1.7.0_60/lib/amd64/libnio.so
7f781d2df000-7f781d2e0000 rw-p 00010000 08:01 12323824                   /usr/lib/jvm/jre1.7.0_60/lib/amd64/libnio.so
7f781d2e0000-7f781d2f6000 r-xp 00000000 08:01 12323786                   /usr/lib/jvm/jre1.7.0_60/lib/amd64/libnet.so
7f781d2f6000-7f781d4f6000 ---p 00016000 08:01 12323786                   /usr/lib/jvm/jre1.7.0_60/lib/amd64/libnet.so
7f781d4f6000-7f781d4f7000 rw-p 00016000 08:01 12323786                   /usr/lib/jvm/jre1.7.0_60/lib/amd64/libnet.so
7f781d4f7000-7f781d5e0000 r--s 00bb9000 08:01 20192340                   /home/vmocuk/.rvm/rubies/jruby-1.7.10/lib/jruby.jar
7f781d5e0000-7f781d5e1000 ---p 00000000 00:00 0 
7f781d5e1000-7f781d6e1000 rw-p 00000000 00:00 0                          [stack:14801]
7f781d6e1000-7f781d6e4000 ---p 00000000 00:00 0 
7f781d6e4000-7f781d8e2000 rw-p 00000000 00:00 0                          [stack:14800]
7f781d8e2000-7f781d8e5000 ---p 00000000 00:00 0 
7f781d8e5000-7f781d9e3000 rw-p 00000000 00:00 0                          [stack:14799]
7f781d9e3000-7f781d9e6000 ---p 00000000 00:00 0 
7f781d9e6000-7f781dae4000 rw-p 00000000 00:00 0                          [stack:14798]
7f781dae4000-7f781dae7000 ---p 00000000 00:00 0 
7f781dae7000-7f781dce5000 rw-p 00000000 00:00 0                          [stack:14797]
7f781dce5000-7f781e3c8000 r--p 00000000 08:01 11671840                   /usr/lib/locale/locale-archive
7f781e3c8000-7f781e3cb000 ---p 00000000 00:00 0 
7f781e3cb000-7f781e5c9000 rw-p 00000000 00:00 0                          [stack:14796]
7f781e5c9000-7f781e5cc000 ---p 00000000 00:00 0 
7f781e5cc000-7f781e7ca000 rw-p 00000000 00:00 0                          [stack:14795]
7f781e7ca000-7f781e7cb000 ---p 00000000 00:00 0 
7f781e7cb000-7f7820000000 rw-p 00000000 00:00 0                          [stack:14794]
7f7820000000-7f7820021000 rw-p 00000000 00:00 0 
7f7820021000-7f7824000000 ---p 00000000 00:00 0 
7f7824013000-7f7825000000 rw-p 00000000 00:00 0 
7f7825000000-7f7825270000 rwxp 00000000 00:00 0 
7f7825270000-7f7828533000 rw-p 00000000 00:00 0 
7f7828533000-7f782c000000 ---p 00000000 00:00 0 
7f782c004000-7f782c1b3000 rw-p 00000000 00:00 0 
7f782c1b3000-7f782c372000 r--s 031c1000 08:01 12192935                   /usr/lib/jvm/jre1.7.0_60/lib/rt.jar
7f782c372000-7f782c566000 rw-p 00000000 00:00 0 
7f782c566000-7f782c567000 ---p 00000000 00:00 0 
7f782c567000-7f782c667000 rw-p 00000000 00:00 0                          [stack:14793]
7f782c667000-7f782c668000 ---p 00000000 00:00 0 
7f782c668000-7f782c768000 rw-p 00000000 00:00 0                          [stack:14792]
7f782c768000-7f782c769000 ---p 00000000 00:00 0 
7f782c769000-7f782c869000 rw-p 00000000 00:00 0                          [stack:14791]
7f782c869000-7f782c86a000 ---p 00000000 00:00 0 
7f782c86a000-7f782c96a000 rw-p 00000000 00:00 0                          [stack:14790]
7f782c96a000-7f782c96b000 ---p 00000000 00:00 0 
7f782c96b000-7f782ca6b000 rw-p 00000000 00:00 0                          [stack:14789]
7f782ca6b000-7f782ca6c000 ---p 00000000 00:00 0 
7f782ca6c000-7f782cb7b000 rw-p 00000000 00:00 0                          [stack:14788]
7f782cb7b000-7f782cb95000 rw-p 00000000 00:00 0 
7f782cb95000-7f782cbbe000 rw-p 00000000 00:00 0 
7f782cbbe000-7f782cc3b000 rw-p 00000000 00:00 0 
7f782cc3b000-7f782cc50000 rw-p 00000000 00:00 0 
7f782cc50000-7f782cc8f000 rw-p 00000000 00:00 0 
7f782cc8f000-7f782cc90000 rw-p 00000000 00:00 0 
7f782cc90000-7f782ccaa000 r-xp 00000000 08:01 12323838                   /usr/lib/jvm/jre1.7.0_60/lib/amd64/libzip.so
7f782ccaa000-7f782ceaa000 ---p 0001a000 08:01 12323838                   /usr/lib/jvm/jre1.7.0_60/lib/amd64/libzip.so
7f782ceaa000-7f782ceab000 rw-p 0001a000 08:01 12323838                   /usr/lib/jvm/jre1.7.0_60/lib/amd64/libzip.so
7f782ceab000-7f782ceb7000 r-xp 00000000 08:01 4194419                    /lib/x86_64-linux-gnu/libnss_files-2.15.so
7f782ceb7000-7f782d0b6000 ---p 0000c000 08:01 4194419                    /lib/x86_64-linux-gnu/libnss_files-2.15.so
7f782d0b6000-7f782d0b7000 r--p 0000b000 08:01 4194419                    /lib/x86_64-linux-gnu/libnss_files-2.15.so
7f782d0b7000-7f782d0b8000 rw-p 0000c000 08:01 4194419                    /lib/x86_64-linux-gnu/libnss_files-2.15.so
7f782d0b8000-7f782d0c2000 r-xp 00000000 08:01 4194423                    /lib/x86_64-linux-gnu/libnss_nis-2.15.so
7f782d0c2000-7f782d2c2000 ---p 0000a000 08:01 4194423                    /lib/x86_64-linux-gnu/libnss_nis-2.15.so
7f782d2c2000-7f782d2c3000 r--p 0000a000 08:01 4194423                    /lib/x86_64-linux-gnu/libnss_nis-2.15.so
7f782d2c3000-7f782d2c4000 rw-p 0000b000 08:01 4194423                    /lib/x86_64-linux-gnu/libnss_nis-2.15.so
7f782d2c4000-7f782d2db000 r-xp 00000000 08:01 4198254                    /lib/x86_64-linux-gnu/libnsl-2.15.so
7f782d2db000-7f782d4da000 ---p 00017000 08:01 4198254                    /lib/x86_64-linux-gnu/libnsl-2.15.so
7f782d4da000-7f782d4db000 r--p 00016000 08:01 4198254                    /lib/x86_64-linux-gnu/libnsl-2.15.so
7f782d4db000-7f782d4dc000 rw-p 00017000 08:01 4198254                    /lib/x86_64-linux-gnu/libnsl-2.15.so
7f782d4dc000-7f782d4de000 rw-p 00000000 00:00 0 
7f782d4de000-7f782d4e6000 r-xp 00000000 08:01 4194417                    /lib/x86_64-linux-gnu/libnss_compat-2.15.so
7f782d4e6000-7f782d6e5000 ---p 00008000 08:01 4194417                    /lib/x86_64-linux-gnu/libnss_compat-2.15.so
7f782d6e5000-7f782d6e6000 r--p 00007000 08:01 4194417                    /lib/x86_64-linux-gnu/libnss_compat-2.15.so
7f782d6e6000-7f782d6e7000 rw-p 00008000 08:01 4194417                    /lib/x86_64-linux-gnu/libnss_compat-2.15.so
7f782d6e7000-7f782d710000 r-xp 00000000 08:01 12323821                   /usr/lib/jvm/jre1.7.0_60/lib/amd64/libjava.so
7f782d710000-7f782d910000 ---p 00029000 08:01 12323821                   /usr/lib/jvm/jre1.7.0_60/lib/amd64/libjava.so
7f782d910000-7f782d912000 rw-p 00029000 08:01 12323821                   /usr/lib/jvm/jre1.7.0_60/lib/amd64/libjava.so
7f782d912000-7f782d91f000 r-xp 00000000 08:01 12323785                   /usr/lib/jvm/jre1.7.0_60/lib/amd64/libverify.so
7f782d91f000-7f782db1e000 ---p 0000d000 08:01 12323785                   /usr/lib/jvm/jre1.7.0_60/lib/amd64/libverify.so
7f782db1e000-7f782db20000 rw-p 0000c000 08:01 12323785                   /usr/lib/jvm/jre1.7.0_60/lib/amd64/libverify.so
7f782db20000-7f782db27000 r-xp 00000000 08:01 4194422                    /lib/x86_64-linux-gnu/librt-2.15.so
7f782db27000-7f782dd26000 ---p 00007000 08:01 4194422                    /lib/x86_64-linux-gnu/librt-2.15.so
7f782dd26000-7f782dd27000 r--p 00006000 08:01 4194422                    /lib/x86_64-linux-gnu/librt-2.15.so
7f782dd27000-7f782dd28000 rw-p 00007000 08:01 4194422                    /lib/x86_64-linux-gnu/librt-2.15.so
7f782dd28000-7f782dd2b000 ---p 00000000 00:00 0 
7f782dd2b000-7f782df29000 rw-p 00000000 00:00 0                          [stack:14787]
7f782df29000-7f782e024000 r-xp 00000000 08:01 4194426                    /lib/x86_64-linux-gnu/libm-2.15.so
7f782e024000-7f782e223000 ---p 000fb000 08:01 4194426                    /lib/x86_64-linux-gnu/libm-2.15.so
7f782e223000-7f782e224000 r--p 000fa000 08:01 4194426                    /lib/x86_64-linux-gnu/libm-2.15.so
7f782e224000-7f782e225000 rw-p 000fb000 08:01 4194426                    /lib/x86_64-linux-gnu/libm-2.15.so
7f782e225000-7f782ed95000 r-xp 00000000 08:01 12323798                   /usr/lib/jvm/jre1.7.0_60/lib/amd64/server/libjvm.so
7f782ed95000-7f782ef94000 ---p 00b70000 08:01 12323798                   /usr/lib/jvm/jre1.7.0_60/lib/amd64/server/libjvm.so
7f782ef94000-7f782f058000 rw-p 00b6f000 08:01 12323798                   /usr/lib/jvm/jre1.7.0_60/lib/amd64/server/libjvm.so
7f782f058000-7f782f099000 rw-p 00000000 00:00 0 
7f782f099000-7f782f24e000 r-xp 00000000 08:01 4194315                    /lib/x86_64-linux-gnu/libc-2.15.so
7f782f24e000-7f782f44e000 ---p 001b5000 08:01 4194315                    /lib/x86_64-linux-gnu/libc-2.15.so
7f782f44e000-7f782f452000 r--p 001b5000 08:01 4194315                    /lib/x86_64-linux-gnu/libc-2.15.so
7f782f452000-7f782f454000 rw-p 001b9000 08:01 4194315                    /lib/x86_64-linux-gnu/libc-2.15.so
7f782f454000-7f782f459000 rw-p 00000000 00:00 0 
7f782f459000-7f782f45b000 r-xp 00000000 08:01 4194430                    /lib/x86_64-linux-gnu/libdl-2.15.so
7f782f45b000-7f782f65b000 ---p 00002000 08:01 4194430                    /lib/x86_64-linux-gnu/libdl-2.15.so
7f782f65b000-7f782f65c000 r--p 00002000 08:01 4194430                    /lib/x86_64-linux-gnu/libdl-2.15.so
7f782f65c000-7f782f65d000 rw-p 00003000 08:01 4194430                    /lib/x86_64-linux-gnu/libdl-2.15.so
7f782f65d000-7f782f673000 r-xp 00000000 08:01 12323813                   /usr/lib/jvm/jre1.7.0_60/lib/amd64/jli/libjli.so
7f782f673000-7f782f873000 ---p 00016000 08:01 12323813                   /usr/lib/jvm/jre1.7.0_60/lib/amd64/jli/libjli.so
7f782f873000-7f782f874000 rw-p 00016000 08:01 12323813                   /usr/lib/jvm/jre1.7.0_60/lib/amd64/jli/libjli.so
7f782f874000-7f782f88c000 r-xp 00000000 08:01 4194424                    /lib/x86_64-linux-gnu/libpthread-2.15.so
7f782f88c000-7f782fa8b000 ---p 00018000 08:01 4194424                    /lib/x86_64-linux-gnu/libpthread-2.15.so
7f782fa8b000-7f782fa8c000 r--p 00017000 08:01 4194424                    /lib/x86_64-linux-gnu/libpthread-2.15.so
7f782fa8c000-7f782fa8d000 rw-p 00018000 08:01 4194424                    /lib/x86_64-linux-gnu/libpthread-2.15.so
7f782fa8d000-7f782fa91000 rw-p 00000000 00:00 0 
7f782fa91000-7f782fab3000 r-xp 00000000 08:01 4194427                    /lib/x86_64-linux-gnu/ld-2.15.so
7f782fac4000-7f782fac5000 rw-p 00000000 00:00 0 
7f782fac5000-7f782face000 r--s 00251000 08:01 12192924                   /usr/lib/jvm/jre1.7.0_60/lib/resources.jar
7f782face000-7f782fad1000 r--s 000f5000 08:01 12190357                   /usr/lib/jvm/jre1.7.0_60/lib/ext/localedata.jar
7f782fad1000-7f782fad3000 r--s 00024000 08:01 21630799                   /home/vmocuk/projects/robot/JNativeHook.jar
7f782fad3000-7f782fb0a000 rw-p 00000000 00:00 0 
7f782fb0a000-7f782fb24000 rw-p 00000000 00:00 0 
7f782fb24000-7f782fb4d000 rw-p 00000000 00:00 0 
7f782fb4d000-7f782fbcb000 rw-p 00000000 00:00 0 
7f782fbcb000-7f782fbd5000 rw-p 00000000 00:00 0 
7f782fbd5000-7f782fc8b000 rw-p 00000000 00:00 0 
7f782fc8b000-7f782fc8f000 rw-p 00000000 00:00 0 
7f782fc8f000-7f782fc90000 r-xp 00000000 00:00 0 
7f782fc90000-7f782fc97000 r--s 00000000 08:01 11935201                   /usr/lib/x86_64-linux-gnu/gconv/gconv-modules.cache
7f782fc97000-7f782fc9b000 r--s 0007d000 08:01 12192943                   /usr/lib/jvm/jre1.7.0_60/lib/jsse.jar
7f782fc9b000-7f782fca7000 rw-p 00000000 00:00 0 
7f782fca7000-7f782fcaf000 rw-s 00000000 08:01 18617883                   /tmp/hsperfdata_vmocuk/14786
7f782fcaf000-7f782fcb0000 rw-p 00000000 00:00 0 
7f782fcb0000-7f782fcb1000 r--p 00000000 00:00 0 
7f782fcb1000-7f782fcb3000 rw-p 00000000 00:00 0 
7f782fcb3000-7f782fcb4000 r--p 00022000 08:01 4194427                    /lib/x86_64-linux-gnu/ld-2.15.so
7f782fcb4000-7f782fcb6000 rw-p 00023000 08:01 4194427                    /lib/x86_64-linux-gnu/ld-2.15.so
7fff38ae9000-7fff38b0b000 rw-p 00000000 00:00 0                          [stack]
7fff38bfe000-7fff38c00000 r-xp 00000000 00:00 0                          [vdso]
ffffffffff600000-ffffffffff601000 r-xp 00000000 00:00 0                  [vsyscall]

VM Arguments:
jvm_args: -Djdk.home= -Djruby.home=/home/vmocuk/.rvm/rubies/jruby-1.7.10 -Djruby.script=jruby -Djruby.shell=/bin/sh -Djffi.boot.library.path=/home/vmocuk/.rvm/rubies/jruby-1.7.10/lib/jni:/home/vmocuk/.rvm/rubies/jruby-1.7.10/lib/jni/x86_64-Linux:/home/vmocuk/.rvm/rubies/jruby-1.7.10/lib/jni/i386-Linux:/home/vmocuk/.rvm/rubies/jruby-1.7.10/lib/jni/arm-Linux -Xmx500m -Xss2048k -Xbootclasspath/a:/home/vmocuk/.rvm/rubies/jruby-1.7.10/lib/jruby.jar 
java_command: org/jruby/Main main.rb
Launcher Type: SUN_STANDARD

Environment Variables:
JAVA_HOME=/usr/lib/jvm/jre1.7.0_60
PATH=/home/vmocuk/.rvm/gems/jruby-1.7.10/bin:/home/vmocuk/.rvm/gems/jruby-1.7.10@global/bin:/home/vmocuk/.rvm/rubies/jruby-1.7.10/bin:/home/vmocuk/.rvm/bin:/usr/lib/lightdm/lightdm:/usr/local/sbin:/usr/local/bin:/usr/sbin:/usr/bin:/sbin:/bin:/usr/games:/usr/lib/jvm/jre1.7.0_60
SHELL=/bin/bash
DISPLAY=:0

Signal Handlers:
SIGSEGV: [libjvm.so+0x99f0f0], sa_mask[0]=0x7ffbfeff, sa_flags=0x10000004
SIGBUS: [libjvm.so+0x99f0f0], sa_mask[0]=0x7ffbfeff, sa_flags=0x10000004
SIGFPE: [libjvm.so+0x81a6d0], sa_mask[0]=0x7ffbfeff, sa_flags=0x10000004
SIGPIPE: [libjvm.so+0x81a6d0], sa_mask[0]=0x7ffbfeff, sa_flags=0x10000004
SIGXFSZ: [libjvm.so+0x81a6d0], sa_mask[0]=0x7ffbfeff, sa_flags=0x10000004
SIGILL: [libjvm.so+0x81a6d0], sa_mask[0]=0x7ffbfeff, sa_flags=0x10000004
SIGUSR1: SIG_DFL, sa_mask[0]=0x00000000, sa_flags=0x00000000
SIGUSR2: [libjvm.so+0x81bed0], sa_mask[0]=0x00000000, sa_flags=0x10000004
SIGHUP: [libjvm.so+0x81cfd0], sa_mask[0]=0x7ffbfeff, sa_flags=0x10000004
SIGINT: [libjvm.so+0x81cfd0], sa_mask[0]=0x7ffbfeff, sa_flags=0x10000004
SIGTERM: [libjvm.so+0x81cfd0], sa_mask[0]=0x7ffbfeff, sa_flags=0x10000004
SIGQUIT: [libjvm.so+0x81cfd0], sa_mask[0]=0x7ffbfeff, sa_flags=0x10000004


---------------  S Y S T E M  ---------------

OS:wheezy/sid

uname:Linux 3.8.0-42-generic #63~precise1-Ubuntu SMP Fri Jul 4 21:16:26 UTC 2014 x86_64
libc:glibc 2.15 NPTL 2.15 
rlimit: STACK 8192k, CORE 0k, NPROC 61147, NOFILE 4096, AS infinity
load average:2.48 2.74 2.65

/proc/meminfo:
MemTotal:        7918268 kB
MemFree:          829840 kB
Buffers:           20908 kB
Cached:           555936 kB
SwapCached:        22688 kB
Active:          4745368 kB
Inactive:        1493024 kB
Active(anon):    4568148 kB
Inactive(anon):  1186256 kB
Active(file):     177220 kB
Inactive(file):   306768 kB
Unevictable:         136 kB
Mlocked:             136 kB
SwapTotal:       8122364 kB
SwapFree:        7981248 kB
Dirty:               744 kB
Writeback:             0 kB
AnonPages:       5639768 kB
Mapped:           241200 kB
Shmem:             92592 kB
Slab:             236872 kB
SReclaimable:     179560 kB
SUnreclaim:        57312 kB
KernelStack:        9768 kB
PageTables:       107408 kB
NFS_Unstable:          0 kB
Bounce:                0 kB
WritebackTmp:          0 kB
CommitLimit:    12081496 kB
Committed_AS:   26924328 kB
VmallocTotal:   34359738367 kB
VmallocUsed:      297136 kB
VmallocChunk:   34359382120 kB
HardwareCorrupted:     0 kB
AnonHugePages:         0 kB
HugePages_Total:       0
HugePages_Free:        0
HugePages_Rsvd:        0
HugePages_Surp:        0
Hugepagesize:       2048 kB
DirectMap4k:       74176 kB
DirectMap2M:     1759232 kB
DirectMap1G:     6291456 kB


CPU:total 6 (6 cores per cpu, 1 threads per core) family 16 model 10 stepping 0, cmov, cx8, fxsr, mmx, sse, sse2, sse3, popcnt, mmxext, 3dnowpref, lzcnt, sse4a, tsc, tscinvbit, tscinv

/proc/cpuinfo:
processor	: 0
vendor_id	: AuthenticAMD
cpu family	: 16
model		: 10
model name	: AMD Phenom(tm) II X6 1055T Processor
stepping	: 0
microcode	: 0x10000bf
cpu MHz		: 2800.000
cache size	: 512 KB
physical id	: 0
siblings	: 6
core id		: 0
cpu cores	: 6
apicid		: 0
initial apicid	: 0
fpu		: yes
fpu_exception	: yes
cpuid level	: 6
wp		: yes
flags		: fpu vme de pse tsc msr pae mce cx8 apic sep mtrr pge mca cmov pat pse36 clflush mmx fxsr sse sse2 ht syscall nx mmxext fxsr_opt pdpe1gb rdtscp lm 3dnowext 3dnow constant_tsc rep_good nopl nonstop_tsc extd_apicid aperfmperf pni monitor cx16 popcnt lahf_lm cmp_legacy svm extapic cr8_legacy abm sse4a misalignsse 3dnowprefetch osvw ibs skinit wdt cpb hw_pstate npt lbrv svm_lock nrip_save pausefilter
bogomips	: 5625.67
TLB size	: 1024 4K pages
clflush size	: 64
cache_alignment	: 64
address sizes	: 48 bits physical, 48 bits virtual
power management: ts ttp tm stc 100mhzsteps hwpstate cpb

processor	: 1
vendor_id	: AuthenticAMD
cpu family	: 16
model		: 10
model name	: AMD Phenom(tm) II X6 1055T Processor
stepping	: 0
microcode	: 0x10000bf
cpu MHz		: 800.000
cache size	: 512 KB
physical id	: 0
siblings	: 6
core id		: 1
cpu cores	: 6
apicid		: 1
initial apicid	: 1
fpu		: yes
fpu_exception	: yes
cpuid level	: 6
wp		: yes
flags		: fpu vme de pse tsc msr pae mce cx8 apic sep mtrr pge mca cmov pat pse36 clflush mmx fxsr sse sse2 ht syscall nx mmxext fxsr_opt pdpe1gb rdtscp lm 3dnowext 3dnow constant_tsc rep_good nopl nonstop_tsc extd_apicid aperfmperf pni monitor cx16 popcnt lahf_lm cmp_legacy svm extapic cr8_legacy abm sse4a misalignsse 3dnowprefetch osvw ibs skinit wdt cpb hw_pstate npt lbrv svm_lock nrip_save pausefilter
bogomips	: 5625.67
TLB size	: 1024 4K pages
clflush size	: 64
cache_alignment	: 64
address sizes	: 48 bits physical, 48 bits virtual
power management: ts ttp tm stc 100mhzsteps hwpstate cpb

processor	: 2
vendor_id	: AuthenticAMD
cpu family	: 16
model		: 10
model name	: AMD Phenom(tm) II X6 1055T Processor
stepping	: 0
microcode	: 0x10000bf
cpu MHz		: 800.000
cache size	: 512 KB
physical id	: 0
siblings	: 6
core id		: 2
cpu cores	: 6
apicid		: 2
initial apicid	: 2
fpu		: yes
fpu_exception	: yes
cpuid level	: 6
wp		: yes
flags		: fpu vme de pse tsc msr pae mce cx8 apic sep mtrr pge mca cmov pat pse36 clflush mmx fxsr sse sse2 ht syscall nx mmxext fxsr_opt pdpe1gb rdtscp lm 3dnowext 3dnow constant_tsc rep_good nopl nonstop_tsc extd_apicid aperfmperf pni monitor cx16 popcnt lahf_lm cmp_legacy svm extapic cr8_legacy abm sse4a misalignsse 3dnowprefetch osvw ibs skinit wdt cpb hw_pstate npt lbrv svm_lock nrip_save pausefilter
bogomips	: 5625.67
TLB size	: 1024 4K pages
clflush size	: 64
cache_alignment	: 64
address sizes	: 48 bits physical, 48 bits virtual
power management: ts ttp tm stc 100mhzsteps hwpstate cpb

processor	: 3
vendor_id	: AuthenticAMD
cpu family	: 16
model		: 10
model name	: AMD Phenom(tm) II X6 1055T Processor
stepping	: 0
microcode	: 0x10000bf
cpu MHz		: 800.000
cache size	: 512 KB
physical id	: 0
siblings	: 6
core id		: 3
cpu cores	: 6
apicid		: 3
initial apicid	: 3
fpu		: yes
fpu_exception	: yes
cpuid level	: 6
wp		: yes
flags		: fpu vme de pse tsc msr pae mce cx8 apic sep mtrr pge mca cmov pat pse36 clflush mmx fxsr sse sse2 ht syscall nx mmxext fxsr_opt pdpe1gb rdtscp lm 3dnowext 3dnow constant_tsc rep_good nopl nonstop_tsc extd_apicid aperfmperf pni monitor cx16 popcnt lahf_lm cmp_legacy svm extapic cr8_legacy abm sse4a misalignsse 3dnowprefetch osvw ibs skinit wdt cpb hw_pstate npt lbrv svm_lock nrip_save pausefilter
bogomips	: 5625.67
TLB size	: 1024 4K pages
clflush size	: 64
cache_alignment	: 64
address sizes	: 48 bits physical, 48 bits virtual
power management: ts ttp tm stc 100mhzsteps hwpstate cpb

processor	: 4
vendor_id	: AuthenticAMD
cpu family	: 16
model		: 10
model name	: AMD Phenom(tm) II X6 1055T Processor
stepping	: 0
microcode	: 0x10000bf
cpu MHz		: 800.000
cache size	: 512 KB
physical id	: 0
siblings	: 6
core id		: 4
cpu cores	: 6
apicid		: 4
initial apicid	: 4
fpu		: yes
fpu_exception	: yes
cpuid level	: 6
wp		: yes
flags		: fpu vme de pse tsc msr pae mce cx8 apic sep mtrr pge mca cmov pat pse36 clflush mmx fxsr sse sse2 ht syscall nx mmxext fxsr_opt pdpe1gb rdtscp lm 3dnowext 3dnow constant_tsc rep_good nopl nonstop_tsc extd_apicid aperfmperf pni monitor cx16 popcnt lahf_lm cmp_legacy svm extapic cr8_legacy abm sse4a misalignsse 3dnowprefetch osvw ibs skinit wdt cpb hw_pstate npt lbrv svm_lock nrip_save pausefilter
bogomips	: 5625.67
TLB size	: 1024 4K pages
clflush size	: 64
cache_alignment	: 64
address sizes	: 48 bits physical, 48 bits virtual
power management: ts ttp tm stc 100mhzsteps hwpstate cpb

processor	: 5
vendor_id	: AuthenticAMD
cpu family	: 16
model		: 10
model name	: AMD Phenom(tm) II X6 1055T Processor
stepping	: 0
microcode	: 0x10000bf
cpu MHz		: 800.000
cache size	: 512 KB
physical id	: 0
siblings	: 6
core id		: 5
cpu cores	: 6
apicid		: 5
initial apicid	: 5
fpu		: yes
fpu_exception	: yes
cpuid level	: 6
wp		: yes
flags		: fpu vme de pse tsc msr pae mce cx8 apic sep mtrr pge mca cmov pat pse36 clflush mmx fxsr sse sse2 ht syscall nx mmxext fxsr_opt pdpe1gb rdtscp lm 3dnowext 3dnow constant_tsc rep_good nopl nonstop_tsc extd_apicid aperfmperf pni monitor cx16 popcnt lahf_lm cmp_legacy svm extapic cr8_legacy abm sse4a misalignsse 3dnowprefetch osvw ibs skinit wdt cpb hw_pstate npt lbrv svm_lock nrip_save pausefilter
bogomips	: 5625.67
TLB size	: 1024 4K pages
clflush size	: 64
cache_alignment	: 64
address sizes	: 48 bits physical, 48 bits virtual
power management: ts ttp tm stc 100mhzsteps hwpstate cpb



Memory: 4k page, physical 7918268k(829840k free), swap 8122364k(7981248k free)

vm_info: Java HotSpot(TM) 64-Bit Server VM (24.60-b09) for linux-amd64 JRE (1.7.0_60-b19), built on May  7 2014 13:18:30 by "java_re" with gcc 4.3.0 20080428 (Red Hat 4.3.0-8)

time: Tue Jul  8 19:11:14 2014
elapsed time: 18467 seconds

